*** 10/23/2019 10:23:02 AM VAdvantage Log  ***
----------->     (WARNING)  GridTable.GetField: Not found: 'Created'
----------->     (WARNING)  GridTable.GetField: Not found: 'CreatedBy'
----------->     (WARNING)  GridTable.GetField: Not found: 'Updated'
----------->     (WARNING)  GridTable.GetField: Not found: 'UpdatedBy'
----------->     (WARNING)  GridTable.GetField: Not found: 'Created'
----------->     (WARNING)  GridTable.GetField: Not found: 'CreatedBy'
----------->     (WARNING)  GridTable.GetField: Not found: 'Updated'
----------->     (WARNING)  GridTable.GetField: Not found: 'UpdatedBy'
----------->     (WARNING)  GridTable.GetField: Not found: 'Created'
----------->     (WARNING)  GridTable.GetField: Not found: 'CreatedBy'
----------->     (WARNING)  GridTable.GetField: Not found: 'Updated'
----------->     (WARNING)  GridTable.GetField: Not found: 'UpdatedBy'
----------->     (WARNING)  GridTable.GetField: Not found: 'Created'
----------->     (WARNING)  GridTable.GetField: Not found: 'CreatedBy'
----------->     (WARNING)  GridTable.GetField: Not found: 'Updated'
----------->     (WARNING)  GridTable.GetField: Not found: 'UpdatedBy'
10:23:02.232    (INFO)     Trx.Start: **** ConnSH637074229825253829System.Random
10:23:02.232    (INFO)     Trx.Commit: **C** ConnSH637074229825253829System.Random
10:23:09.239    (INFO)     Trx.Start: **** ConnSH637074229891172169System.Random
10:23:09.239    (INFO)     Trx.Commit: **C** ConnSH637074229891172169System.Random
===========>     (SEVERE)   OracleHelper.ExecuteReader: ORA-00903: invalid table name [Query DR] SELECT DISTINCT  C_ACCTSCHEMA_ID FROM ( UNION SELECT  CA.C_ACCTSCHEMA_ID  FROM C_AcctSchema CA INNER JOIN C_AcctSchema_Element ASE ON (CA.C_AcctSchema_ID = ASE.C_AcctSchema_ID AND ElementType = 'AC')   
                        WHERE ASE.C_Element_ID = 1000021 AND ASE.IsActive = 'Y' AND CA.C_ACCTSCHEMA_ID in (SELECT C_AcctSchema1_ID FROM AD_ClientInfo WHERE AD_Client_ID=11))
===========>     (SEVERE)   OracleHelper.ExecuteReader: ORA-00903: invalid table name [Query DR] SELECT DISTINCT  C_ACCTSCHEMA_ID FROM ( UNION SELECT  CA.C_ACCTSCHEMA_ID  FROM C_AcctSchema CA INNER JOIN C_AcctSchema_Element ASE ON (CA.C_AcctSchema_ID = ASE.C_AcctSchema_ID AND ElementType = 'AC')   
                        WHERE ASE.C_Element_ID = 1000021 AND ASE.IsActive = 'Y' AND CA.C_ACCTSCHEMA_ID in (SELECT C_AcctSchema1_ID FROM AD_ClientInfo WHERE AD_Client_ID=11))
10:26:48.264    (INFO)     MDocBaseType.GetAccountingInstance: .ctor: Constructor check 
10:26:51.265    (INFO)     MDocBaseType.GetAccountingInstance: MJournal[1000759,trtrtr,DR=100,CR=100]: Constructor invoke check 
10:26:51.265    (INFO)     Doc_GLJournal.Post: Locked: GL_Journal_ID=1000759
10:26:57.265    (INFO)     Trx.Start: **** PostGLJ1000759
10:26:57.265    (INFO)     MAcctSchema.CheckCosting: AcctSchema[101-IdeaInc. US/A/US Dollar]
10:26:57.265    (INFO)     MChangeLog.FillChangeLog: #9
10:26:57.265    (INFO)     Trx.Start: **** ConnSH637074232174501336System.Random
10:26:57.265    (INFO)     Trx.Commit: **C** ConnSH637074232174501336System.Random
10:26:57.265    (INFO)     CacheMgt.Reset: C_AcctSchema: #2 (4)
10:26:57.265    (INFO)     Doc_GLJournal.DeleteAcct: #=2
10:26:57.265    (INFO)     Doc_GLJournal.Post: (0) MJournal[1000759,trtrtr,DR=100,CR=100]
10:26:57.265    (INFO)     Doc_GLJournal.PostLogic: (0) MJournal[1000759,trtrtr,DR=100,CR=100]
10:27:18.271    (INFO)     Doc_GLJournal.Post: (1) MJournal[1000759,trtrtr,DR=100,CR=100]
10:27:18.271    (INFO)     Doc_GLJournal.PostLogic: (1) MJournal[1000759,trtrtr,DR=100,CR=100]
10:27:18.271    (INFO)     MConversionRate.GetRate: Not found - CurFrom=100, CurTo=114, 10/23/2019 12:00:00 AM, Type=114, Client=11, Org=1000037
10:28:45.284    (INFO)     Doc_GLJournal.Post: (2) MJournal[1000759,trtrtr,DR=100,CR=100]
10:28:46.284    (INFO)     Doc_GLJournal.PostLogic: (2) MJournal[1000759,trtrtr,DR=100,CR=100]
10:28:47.284    (INFO)     MConversionRate.GetRate: Not found - CurFrom=100, CurTo=102, 10/23/2019 12:00:00 AM, Type=114, Client=11, Org=1000037
----------->     (WARNING)  Fact.IsAcctBalanced: NO - Diff=190.0 - Fact[MJournal[1000759,trtrtr,DR=100,CR=100],AcctSchema[1000006-Ideas German/ EU],PostType=A]
===========>     (SEVERE)   Doc_GLJournal.Post:  => Object reference not set to an instance of an object.
