*** 11/13/2019 10:06:44 AM VAdvantage Log  ***
10:06:44.644    (INFO)     Trx.Start: **** ConnSH637092364044762486System.Random
10:06:44.644    (INFO)     Trx.Commit: **C** ConnSH637092364044762486System.Random
10:06:44.644    (INFO)     MChangeLog.FillChangeLog: #9
10:06:44.644    (INFO)     CacheReset.DoIt: 
10:06:44.644    (INFO)     Env.Reset: finalCall=False
10:06:44.644    (INFO)     CacheMgt.Reset: #16 (7876)
10:06:44.644    (INFO)     MRole.Get: AD_Role_ID=0, AD_User_ID=0, reload=True
10:06:44.644    (INFO)     MRole.Get: MRole[0,System Administrator,UserLevel=S  ,AD_Client_ID=0,AD_Org_ID=0]
10:06:45.645    (INFO)     MRole.Get: AD_Role_ID=102, AD_User_ID=101, reload=True
10:06:45.645    (INFO)     MRole.Get: MRole[102,IdeasInc Admin,UserLevel= CO,AD_Client_ID IN (0,11),]
10:06:45.645    (INFO)     MChangeLog.FillChangeLog: #9
10:06:45.645    (INFO)     CacheMgt.Reset: AD_Process: #1 (1)
10:06:45.645    (INFO)     Trx.Start: **** ConnSH637092364052044012System.Random
10:06:45.645    (INFO)     Trx.Commit: **C** ConnSH637092364052044012System.Random
10:06:45.645    (INFO)     Trx.Start: **** ConnSH637092364053331035System.Random
10:06:45.645    (INFO)     Trx.Commit: **C** ConnSH637092364053331035System.Random
10:06:46.646    (INFO)     Msg.InitMsg: Records=5823 - en_US
10:06:46.646    (INFO)     Trx.Start: **** ConnSH637092364061303591System.Random
10:06:46.646    (INFO)     Trx.Commit: **C** ConnSH637092364061303591System.Random
10:06:46.646    (INFO)     Trx.Start: **** ConnSH637092364062766091System.Random
10:06:46.646    (INFO)     Trx.Commit: **C** ConnSH637092364062766091System.Random
10:06:48.648    (INFO)     Trx.Start: **** ConnSH637092364085217126System.Random
10:06:48.648    (INFO)     Trx.Commit: **C** ConnSH637092364085217126System.Random
10:06:48.648    (INFO)     Trx.Start: **** ConnSH637092364086786435System.Random
10:06:48.648    (INFO)     Trx.Commit: **C** ConnSH637092364086786435System.Random
10:06:48.648    (INFO)     CacheReset.DoIt: 
10:06:48.648    (INFO)     Env.Reset: finalCall=False
10:06:48.648    (INFO)     CacheMgt.Reset: #11 (5922)
10:06:48.648    (INFO)     MRole.Get: AD_Role_ID=0, AD_User_ID=0, reload=True
10:06:48.648    (INFO)     MRole.Get: MRole[0,System Administrator,UserLevel=S  ,AD_Client_ID=0,AD_Org_ID=0]
10:06:48.648    (INFO)     MRole.Get: AD_Role_ID=102, AD_User_ID=101, reload=True
10:06:48.648    (INFO)     MRole.Get: MRole[102,IdeasInc Admin,UserLevel= CO,AD_Client_ID IN (0,11),]
10:06:48.648    (INFO)     MChangeLog.FillChangeLog: #9
10:06:49.649    (INFO)     CacheMgt.Reset: AD_Process: #1 (1)
10:06:49.649    (INFO)     Trx.Start: **** ConnSH637092364091220437System.Random
10:06:49.649    (INFO)     Trx.Commit: **C** ConnSH637092364091220437System.Random
10:06:49.649    (INFO)     Trx.Start: **** ConnSH637092364092078217System.Random
10:06:49.649    (INFO)     Trx.Commit: **C** ConnSH637092364092078217System.Random
10:06:49.649    (INFO)     Msg.InitMsg: Records=5823 - en_US
10:06:49.649    (INFO)     Trx.Start: **** ConnSH637092364099283449System.Random
10:06:49.649    (INFO)     Trx.Commit: **C** ConnSH637092364099283449System.Random
10:06:49.649    (INFO)     Trx.Start: **** ConnSH637092364099956607System.Random
10:06:50.650    (INFO)     Trx.Commit: **C** ConnSH637092364099956607System.Random
----------->     (WARNING)  GridTable.GetField: Not found: 'Created'
----------->     (WARNING)  GridTable.GetField: Not found: 'CreatedBy'
----------->     (WARNING)  GridTable.GetField: Not found: 'Updated'
----------->     (WARNING)  GridTable.GetField: Not found: 'UpdatedBy'
----------->     (WARNING)  GridTable.GetField: Not found: 'Created'
----------->     (WARNING)  GridTable.GetField: Not found: 'CreatedBy'
----------->     (WARNING)  GridTable.GetField: Not found: 'Updated'
----------->     (WARNING)  GridTable.GetField: Not found: 'UpdatedBy'
----------->     (WARNING)  GridTable.GetField: Not found: 'Created'
----------->     (WARNING)  GridTable.GetField: Not found: 'CreatedBy'
----------->     (WARNING)  GridTable.GetField: Not found: 'Updated'
----------->     (WARNING)  GridTable.GetField: Not found: 'UpdatedBy'
10:06:58.658    (INFO)     Trx.Start: **** ConnSH637092364188389511System.Random
10:06:58.658    (INFO)     Trx.Commit: **C** ConnSH637092364188389511System.Random
10:06:58.658    (INFO)     Trx.Start: **** ConnSH637092364189619712System.Random
10:06:59.659    (INFO)     Trx.Commit: **C** ConnSH637092364189619712System.Random
10:06:59.659    (INFO)     Trx.Start: **** ConnSH637092364195915962System.Random
10:06:59.659    (INFO)     Trx.Commit: **C** ConnSH637092364195915962System.Random
10:06:59.659    (INFO)     Trx.Start: **** ConnSH637092364196756057System.Random
10:06:59.659    (INFO)     Trx.Commit: **C** ConnSH637092364196756057System.Random
10:10:20.102    (INFO)     Trx.Start: **** ConnSH637092366202642345System.Random
10:10:20.102    (INFO)     Trx.Commit: **C** ConnSH637092366202642345System.Random
10:10:20.102    (INFO)     CacheReset.DoIt: 
10:10:20.102    (INFO)     Env.Reset: finalCall=False
10:10:20.102    (INFO)     CacheMgt.Reset: #15 (7598)
10:10:20.102    (INFO)     MRole.Get: AD_Role_ID=0, AD_User_ID=0, reload=True
10:10:20.102    (INFO)     MRole.Get: MRole[0,System Administrator,UserLevel=S  ,AD_Client_ID=0,AD_Org_ID=0]
10:10:21.102    (INFO)     MRole.Get: AD_Role_ID=102, AD_User_ID=101, reload=True
10:10:21.102    (INFO)     MRole.Get: MRole[102,IdeasInc Admin,UserLevel= CO,AD_Client_ID IN (0,11),]
10:10:21.102    (INFO)     MChangeLog.FillChangeLog: #9
10:10:21.102    (INFO)     CacheMgt.Reset: AD_Process: #1 (1)
10:10:21.102    (INFO)     Trx.Start: **** ConnSH637092366218362909System.Random
10:10:21.102    (INFO)     Trx.Commit: **C** ConnSH637092366218362909System.Random
10:10:21.102    (INFO)     Trx.Start: **** ConnSH637092366219563706System.Random
10:10:22.102    (INFO)     Trx.Commit: **C** ConnSH637092366219563706System.Random
10:10:26.102    (INFO)     Msg.InitMsg: Records=5823 - en_US
10:10:26.102    (INFO)     Trx.Start: **** ConnSH637092366261395181System.Random
10:10:26.102    (INFO)     Trx.Commit: **C** ConnSH637092366261395181System.Random
10:10:26.102    (INFO)     Trx.Start: **** ConnSH637092366262575164System.Random
10:10:26.102    (INFO)     Trx.Commit: **C** ConnSH637092366262575164System.Random
10:10:27.102    (INFO)     MSession.Logout: 06:33:29.554
===========>     (SEVERE)   LDAP.Validate: Error in LDAP for user IdeasIncAdmin : The server is not operational.

10:10:49.104    (INFO)     MRole.Get: AD_Role_ID=102, AD_User_ID=101, reload=True
10:10:49.104    (INFO)     MRole.Get: MRole[102,IdeasInc Admin,UserLevel= CO,AD_Client_ID IN (0,11),]
10:10:49.104    (INFO)     MTree.Load: AD_Tree_ID=121, AD_User_ID=101, Editable=False, OnClient=True
===========>     (SEVERE)   MTree.LoadNodes: Nodes w/o parent - adding to root - System.Collections.Generic.List`1[VAdvantage.Classes.VTreeNode]
10:10:50.105    (INFO)     Trx.Start: **** ConnSH637092366506451231System.Random
10:10:50.105    (INFO)     Trx.Commit: **C** ConnSH637092366506451231System.Random
----------->     (WARNING)  AccessSqlParser.GetTableInfo: More than one FROM clause - SELECT AppointmentsInfo.Appointmentsinfo_id AS ID,AppointmentsInfo.AD_Client_ID,AppointmentsInfo.AD_Org_ID  FROM AppointmentsInfo JOIN AD_User ON AD_User.AD_User_ID =AppointmentsInfo.CreatedBy WHERE AppointmentsInfo.IsRead='N' AND AppointmentsInfo.istask ='N'  AND AppointmentsInfo.AD_User_ID  = 101  UNION SELECT AppointmentsInfo.Appointmentsinfo_id AS ID, AppointmentsInfo.AD_Client_ID,AppointmentsInfo.AD_Org_ID FROM AppointmentsInfo  JOIN AD_User ON AD_User.AD_User_ID = AppointmentsInfo.CreatedBy  WHERE (AppointmentsInfo.IsRead ='Y'   AND AppointmentsInfo.AD_User_ID = 101 )  AND AppointmentsInfo.istask ='N'  AND AppointmentsInfo.startDate BETWEEN to_date('11/12/19','mm/dd/yy') and to_date('11/20/19 23.59','mm/dd/yy HH24:MI')   OR  to_date('11/13/19','mm/dd/yy')  BETWEEN  AppointmentsInfo.startDate  AND AppointmentsInfo.endDate  AND  AppointmentsInfo.CreatedBy  !=101 AND AppointmentsInfo.AD_User_ID  = 101)
----------->     (WARNING)  AccessSqlParser.GetTableInfo: Could not remove ON AppointmentsInfo JOIN AD_User ON AD_User.AD_User_ID =AppointmentsInfo.CreatedBy
10:11:27.112    (INFO)     Trx.Start: **** ConnSH637092366873424611System.Random
10:11:27.112    (INFO)     Trx.Commit: **C** ConnSH637092366873424611System.Random
10:11:27.112    (INFO)     CacheReset.DoIt: 
10:11:27.112    (INFO)     Env.Reset: finalCall=False
10:11:27.112    (INFO)     CacheMgt.Reset: #17 (7882)
10:11:27.112    (INFO)     MRole.Get: AD_Role_ID=0, AD_User_ID=0, reload=True
10:11:27.112    (INFO)     MRole.Get: MRole[0,System Administrator,UserLevel=S  ,AD_Client_ID=0,AD_Org_ID=0]
10:11:28.112    (INFO)     MRole.Get: AD_Role_ID=102, AD_User_ID=101, reload=True
10:11:28.112    (INFO)     MRole.Get: MRole[102,IdeasInc Admin,UserLevel= CO,AD_Client_ID IN (0,11),]
10:11:28.112    (INFO)     MChangeLog.FillChangeLog: #9
10:11:28.112    (INFO)     CacheMgt.Reset: AD_Process: #1 (1)
10:11:28.112    (INFO)     Trx.Start: **** ConnSH637092366889143032System.Random
10:11:29.112    (INFO)     Trx.Commit: **C** ConnSH637092366889143032System.Random
10:11:29.112    (INFO)     Trx.Start: **** ConnSH637092366890372896System.Random
10:11:29.112    (INFO)     Trx.Commit: **C** ConnSH637092366890372896System.Random
----------->     (WARNING)  GridTable.GetField: Not found: 'Created'
----------->     (WARNING)  GridTable.GetField: Not found: 'CreatedBy'
----------->     (WARNING)  GridTable.GetField: Not found: 'Updated'
----------->     (WARNING)  GridTable.GetField: Not found: 'UpdatedBy'
----------->     (WARNING)  GridTable.GetField: Not found: 'Created'
----------->     (WARNING)  GridTable.GetField: Not found: 'CreatedBy'
----------->     (WARNING)  GridTable.GetField: Not found: 'Updated'
----------->     (WARNING)  GridTable.GetField: Not found: 'UpdatedBy'
----------->     (WARNING)  GridTable.GetField: Not found: 'Created'
----------->     (WARNING)  GridTable.GetField: Not found: 'CreatedBy'
----------->     (WARNING)  GridTable.GetField: Not found: 'Updated'
----------->     (WARNING)  GridTable.GetField: Not found: 'UpdatedBy'
10:11:32.113    (INFO)     Trx.Start: **** ConnSH637092366924124528System.Random
10:11:32.113    (INFO)     Trx.Commit: **C** ConnSH637092366924124528System.Random
10:11:32.113    (INFO)     Trx.Start: **** ConnSH637092366925595733System.Random
10:11:32.113    (INFO)     Trx.Commit: **C** ConnSH637092366925595733System.Random
10:11:33.113    (INFO)     Trx.Start: **** ConnSH637092366931024072System.Random
10:11:33.113    (INFO)     Msg.InitMsg: Records=5823 - en_US
10:11:33.113    (INFO)     Trx.Commit: **C** ConnSH637092366931024072System.Random
10:11:33.113    (INFO)     Trx.Start: **** ConnSH637092366932144168System.Random
10:11:33.113    (INFO)     Trx.Commit: **C** ConnSH637092366932144168System.Random
10:11:33.113    (INFO)     Trx.Start: **** ConnSH637092366933084337System.Random
10:11:33.113    (INFO)     Trx.Commit: **C** ConnSH637092366933084337System.Random
10:11:33.113    (INFO)     Trx.Start: **** ConnSH637092366934035561System.Random
10:11:33.113    (INFO)     Trx.Commit: **C** ConnSH637092366934035561System.Random
10:11:45.114    (INFO)     MTable.GetPO: Using GenericPO for C_TaxCategory_Version
10:11:45.114    (INFO)     Trx.Start: **** ConnSH637092367052755289System.Random
10:11:45.114    (INFO)     Trx.Commit: **C** ConnSH637092367052755289System.Random
10:11:45.114    (INFO)     Trx.Start: **** ConnSH637092367054436512System.Random
10:11:45.114    (INFO)     Trx.Commit: **C** ConnSH637092367054436512System.Random
===========>     (SEVERE)   DB.ExecuteQuery:  => ORA-00942: table or view does not exist
----------->     (WARNING)  DB.ExecuteQuery: DBExecuteError - ORA-00942: table or view does not exist
10:11:46.114    (INFO)     Trx.Start: **** ConnSH637092367062419042System.Random
10:11:46.114    (INFO)     Trx.Commit: **C** ConnSH637092367062419042System.Random
10:11:54.115    (INFO)     MTable.GetPO: Using GenericPO for C_TaxCategory_Version
10:11:55.115    (INFO)     Trx.Start: **** POdel
===========>     (SEVERE)   OracleHelper.ExecuteNonQuery: ORA-00942: table or view does not exist [Query NQTrx]DELETE FROM C_TaxCategory_Version_Trl WHERE C_TaxCategory_Version_ID=1000301
===========>     (SEVERE)   DB.ExecuteQuery: POdel => ORA-00942: table or view does not exist
----------->     (WARNING)  DB.ExecuteQuery: DBExecuteError - ORA-00942: table or view does not exist
10:11:55.115    (INFO)     Trx.Commit: **C** POdel
10:11:55.115    (INFO)     GenericPO.DeleteRecord: True
10:12:31.123    (INFO)     MSession.Logout: 06:31:59.757
