*** 10/31/2019 12:34:52 PM VAdvantage Log  ***
12:34:52.345    (INFO)     Trx.Start: **** ConnSH637081220921291559System.Random
12:34:52.345    (INFO)     Trx.Commit: **C** ConnSH637081220921291559System.Random
12:34:52.345    (INFO)     MChangeLog.FillChangeLog: #9
12:34:52.345    (INFO)     CacheReset.DoIt: 
12:34:52.345    (INFO)     Env.Reset: finalCall=False
12:34:52.345    (INFO)     CacheMgt.Reset: #16 (7870)
12:34:52.345    (INFO)     MRole.Get: AD_Role_ID=0, AD_User_ID=0, reload=True
12:34:52.345    (INFO)     MRole.Get: MRole[0,System Administrator,UserLevel=S  ,AD_Client_ID=0,AD_Org_ID=0]
12:34:52.345    (INFO)     MRole.Get: AD_Role_ID=102, AD_User_ID=101, reload=True
12:34:52.345    (INFO)     MRole.Get: MRole[102,IdeasInc Admin,UserLevel= CO,AD_Client_ID IN (0,11),]
12:34:52.345    (INFO)     MChangeLog.FillChangeLog: #9
12:34:52.345    (INFO)     CacheMgt.Reset: AD_Process: #1 (1)
12:34:52.345    (INFO)     Trx.Start: **** ConnSH637081220926907810System.Random
12:34:52.345    (INFO)     Trx.Commit: **C** ConnSH637081220926907810System.Random
12:34:52.345    (INFO)     Trx.Start: **** ConnSH637081220927647747System.Random
12:34:52.345    (INFO)     Trx.Commit: **C** ConnSH637081220927647747System.Random
12:34:53.345    (INFO)     Msg.InitMsg: Records=5818 - en_US
12:34:53.345    (INFO)     Trx.Start: **** ConnSH637081220934974175System.Random
12:34:53.345    (INFO)     Trx.Commit: **C** ConnSH637081220934974175System.Random
12:34:53.345    (INFO)     Trx.Start: **** ConnSH637081220935674296System.Random
12:34:53.345    (INFO)     Trx.Commit: **C** ConnSH637081220935674296System.Random
----------->     (WARNING)  GridTable.GetField: Not found: 'Created'
----------->     (WARNING)  GridTable.GetField: Not found: 'CreatedBy'
----------->     (WARNING)  GridTable.GetField: Not found: 'Updated'
----------->     (WARNING)  GridTable.GetField: Not found: 'UpdatedBy'
12:34:55.345    (INFO)     Trx.Start: **** ConnSH637081220957457053System.Random
12:34:55.345    (INFO)     Trx.Commit: **C** ConnSH637081220957457053System.Random
12:34:55.345    (INFO)     Trx.Start: **** ConnSH637081220958356990System.Random
12:34:55.345    (INFO)     Trx.Commit: **C** ConnSH637081220958356990System.Random
12:34:58.345    (INFO)     Trx.Start: **** ConnSH637081220984036934System.Random
