*** 11/27/2019 4:09:55 PM VAdvantage Log  ***
04:09:55.955    (INFO)     Trx.Start: **** ConnSH637104677949981883System.Random
04:09:55.955    (INFO)     Trx.Commit: **C** ConnSH637104677949981883System.Random
04:09:55.955    (INFO)     MChangeLog.FillChangeLog: #9
04:09:55.955    (INFO)     CacheReset.DoIt: 
04:09:55.955    (INFO)     Env.Reset: finalCall=False
04:09:55.955    (INFO)     CacheMgt.Reset: #16 (7891)
04:09:55.955    (INFO)     MRole.Get: AD_Role_ID=0, AD_User_ID=0, reload=True
04:09:55.955    (INFO)     MRole.Get: MRole[0,System Administrator,UserLevel=S  ,AD_Client_ID=0,AD_Org_ID=0]
04:09:55.955    (INFO)     MRole.Get: AD_Role_ID=102, AD_User_ID=101, reload=True
04:09:55.955    (INFO)     MRole.Get: MRole[102,IdeasInc Admin,UserLevel= CO,AD_Client_ID IN (0,11),]
04:09:55.955    (INFO)     MChangeLog.FillChangeLog: #9
04:09:55.955    (INFO)     CacheMgt.Reset: AD_Process: #1 (1)
04:09:55.955    (INFO)     Trx.Start: **** ConnSH637104677956050324System.Random
04:09:55.955    (INFO)     Trx.Commit: **C** ConnSH637104677956050324System.Random
04:09:55.955    (INFO)     Trx.Start: **** ConnSH637104677958446278System.Random
04:09:56.956    (INFO)     Trx.Commit: **C** ConnSH637104677958446278System.Random
04:09:56.956    (INFO)     Msg.InitMsg: Records=5823 - en_US
04:09:56.956    (INFO)     Trx.Start: **** ConnSH637104677967694749System.Random
04:09:56.956    (INFO)     Trx.Commit: **C** ConnSH637104677967694749System.Random
04:09:56.956    (INFO)     Trx.Start: **** ConnSH637104677968754738System.Random
04:09:56.956    (INFO)     Trx.Commit: **C** ConnSH637104677968754738System.Random
----------->     (WARNING)  GridTable.GetField: Not found: 'Created'
----------->     (WARNING)  GridTable.GetField: Not found: 'CreatedBy'
----------->     (WARNING)  GridTable.GetField: Not found: 'Updated'
----------->     (WARNING)  GridTable.GetField: Not found: 'UpdatedBy'
----------->     (WARNING)  GridTable.GetField: Not found: 'Created'
----------->     (WARNING)  GridTable.GetField: Not found: 'CreatedBy'
----------->     (WARNING)  GridTable.GetField: Not found: 'Updated'
----------->     (WARNING)  GridTable.GetField: Not found: 'UpdatedBy'
----------->     (WARNING)  GridTable.GetField: Not found: 'Created'
----------->     (WARNING)  GridTable.GetField: Not found: 'CreatedBy'
----------->     (WARNING)  GridTable.GetField: Not found: 'Updated'
----------->     (WARNING)  GridTable.GetField: Not found: 'UpdatedBy'
04:09:59.959    (INFO)     Trx.Start: **** ConnSH637104677993907542System.Random
04:09:59.959    (INFO)     Trx.Commit: **C** ConnSH637104677993907542System.Random
04:09:59.959    (INFO)     Trx.Start: **** ConnSH637104677995117529System.Random
04:09:59.959    (INFO)     Trx.Commit: **C** ConnSH637104677995117529System.Random
04:10:00.100    (INFO)     Trx.Start: **** ConnSH637104678001419149System.Random
04:10:00.100    (INFO)     Trx.Commit: **C** ConnSH637104678001419149System.Random
04:10:00.100    (INFO)     Trx.Start: **** ConnSH637104678002684648System.Random
04:10:00.100    (INFO)     Trx.Commit: **C** ConnSH637104678002684648System.Random
04:10:06.106    (INFO)     Trx.Start: **** GridDel637104678043910894
04:10:06.106    (INFO)     MTaxCategory.DeleteRecord: True
04:10:06.106    (INFO)     Trx.Commit: **C** GridDel637104678043910894
04:10:22.102    (INFO)     MTable.GetPO: Using GenericPO for C_TaxCategory_Ver
04:10:22.102    (INFO)     Trx.Start: **** ConnSH637104678227295990System.Random
04:10:22.102    (INFO)     Trx.Commit: **C** ConnSH637104678227295990System.Random
04:10:22.102    (INFO)     Trx.Start: **** ConnSH637104678228595988System.Random
04:10:22.102    (INFO)     Trx.Commit: **C** ConnSH637104678228595988System.Random
===========>     (SEVERE)   DB.ExecuteQuery:  => ORA-00942: table or view does not exist
----------->     (WARNING)  DB.ExecuteQuery: DBExecuteError - ORA-00942: table or view does not exist
