*** 11/6/2019 6:24:09 PM VAdvantage Log  ***
06:24:09.249    (INFO)     Trx.Start: **** ConnSH637086614495233131System.Random
06:24:09.249    (INFO)     Trx.Commit: **C** ConnSH637086614495233131System.Random
06:24:09.249    (INFO)     MChangeLog.FillChangeLog: #9
06:24:10.241    (INFO)     CacheReset.DoIt: 
06:24:10.241    (INFO)     Env.Reset: finalCall=False
06:24:10.241    (INFO)     CacheMgt.Reset: #16 (7872)
06:24:10.241    (INFO)     MRole.Get: AD_Role_ID=0, AD_User_ID=0, reload=True
06:24:10.241    (INFO)     MRole.Get: MRole[0,System Administrator,UserLevel=S  ,AD_Client_ID=0,AD_Org_ID=0]
06:24:10.241    (INFO)     MRole.Get: AD_Role_ID=102, AD_User_ID=101, reload=True
06:24:10.241    (INFO)     MRole.Get: MRole[102,IdeasInc Admin,UserLevel= CO,AD_Client_ID IN (0,11),]
06:24:10.241    (INFO)     MChangeLog.FillChangeLog: #9
06:24:11.241    (INFO)     CacheMgt.Reset: AD_Process: #1 (1)
06:24:11.241    (INFO)     Trx.Start: **** ConnSH637086614514975501System.Random
06:24:11.241    (INFO)     Trx.Commit: **C** ConnSH637086614514975501System.Random
06:24:11.241    (INFO)     Trx.Start: **** ConnSH637086614516937658System.Random
06:24:11.241    (INFO)     Trx.Commit: **C** ConnSH637086614516937658System.Random
----------->     (WARNING)  GridTable.GetField: Not found: 'Created'
----------->     (WARNING)  GridTable.GetField: Not found: 'CreatedBy'
----------->     (WARNING)  GridTable.GetField: Not found: 'Updated'
----------->     (WARNING)  GridTable.GetField: Not found: 'UpdatedBy'
06:24:22.242    (INFO)     Trx.Start: **** ConnSH637086614625962480System.Random
06:24:22.242    (INFO)     Trx.Commit: **C** ConnSH637086614625962480System.Random
06:24:22.242    (INFO)     Trx.Start: **** ConnSH637086614627844335System.Random
06:24:22.242    (INFO)     Trx.Commit: **C** ConnSH637086614627844335System.Random
06:24:24.242    (INFO)     Msg.InitMsg: Records=5818 - en_US
06:24:24.242    (INFO)     Trx.Start: **** ConnSH637086614644412050System.Random
06:24:24.242    (INFO)     Trx.Commit: **C** ConnSH637086614644412050System.Random
06:24:24.242    (INFO)     Trx.Start: **** ConnSH637086614646382351System.Random
06:24:24.242    (INFO)     Trx.Commit: **C** ConnSH637086614646382351System.Random
06:24:40.244    (INFO)     Trx.Start: **** ConnSH637086614806959415System.Random
06:24:40.244    (INFO)     Trx.Commit: **C** ConnSH637086614806959415System.Random
06:24:40.244    (INFO)     Trx.Start: **** ConnSH637086614808489856System.Random
06:24:40.244    (INFO)     Trx.Commit: **C** ConnSH637086614808489856System.Random
----------->     (WARNING)  GridTable.GetField: Not found: 'Created'
----------->     (WARNING)  GridTable.GetField: Not found: 'CreatedBy'
----------->     (WARNING)  GridTable.GetField: Not found: 'Updated'
----------->     (WARNING)  GridTable.GetField: Not found: 'UpdatedBy'
----------->     (WARNING)  GridTable.GetField: Not found: 'Created'
----------->     (WARNING)  GridTable.GetField: Not found: 'CreatedBy'
----------->     (WARNING)  GridTable.GetField: Not found: 'Updated'
----------->     (WARNING)  GridTable.GetField: Not found: 'UpdatedBy'
----------->     (WARNING)  GridTable.GetField: Not found: 'Created'
----------->     (WARNING)  GridTable.GetField: Not found: 'CreatedBy'
----------->     (WARNING)  GridTable.GetField: Not found: 'Updated'
----------->     (WARNING)  GridTable.GetField: Not found: 'UpdatedBy'
