*** 10/7/2019 11:20:18 AM VAdvantage Log  ***
----------->     (WARNING)  GridTable.GetField: Not found: 'Created'
----------->     (WARNING)  GridTable.GetField: Not found: 'CreatedBy'
----------->     (WARNING)  GridTable.GetField: Not found: 'Updated'
----------->     (WARNING)  GridTable.GetField: Not found: 'UpdatedBy'
===========>     (SEVERE)   OracleHelper.ExecuteDataset: ORA-00942: table or view does not exist [Query D] => SELECT vadms_windowdoclink_id, record_id FROM VADMS_WindowDocLink wdl JOIN vadms_document doc ON wdl.VADMS_Document_ID  =doc.VADMS_Document_ID WHERE doc.vadms_docstatus!='DD' AND AD_Table_ID =224
----------->     (WARNING)  GridTable.GetField: Not found: 'Created'
----------->     (WARNING)  GridTable.GetField: Not found: 'CreatedBy'
----------->     (WARNING)  GridTable.GetField: Not found: 'Updated'
----------->     (WARNING)  GridTable.GetField: Not found: 'UpdatedBy'
===========>     (SEVERE)   OracleHelper.ExecuteDataset: ORA-00942: table or view does not exist [Query D] => SELECT vadms_windowdoclink_id, record_id FROM VADMS_WindowDocLink wdl JOIN vadms_document doc ON wdl.VADMS_Document_ID  =doc.VADMS_Document_ID WHERE doc.vadms_docstatus!='DD' AND AD_Table_ID =226
----------->     (WARNING)  GridTable.GetField: Not found: 'Created'
----------->     (WARNING)  GridTable.GetField: Not found: 'CreatedBy'
----------->     (WARNING)  GridTable.GetField: Not found: 'Updated'
----------->     (WARNING)  GridTable.GetField: Not found: 'UpdatedBy'
===========>     (SEVERE)   OracleHelper.ExecuteDataset: ORA-00942: table or view does not exist [Query D] => SELECT vadms_windowdoclink_id, record_id FROM VADMS_WindowDocLink wdl JOIN vadms_document doc ON wdl.VADMS_Document_ID  =doc.VADMS_Document_ID WHERE doc.vadms_docstatus!='DD' AND AD_Table_ID =1000666
11:20:18.201    (INFO)     Trx.Start: **** ConnSH637060440186178827System.Random
11:20:18.201    (INFO)     Trx.Commit: **C** ConnSH637060440186178827System.Random
11:20:21.202    (INFO)     Trx.Start: **** ConnSH637060440210949839System.Random
11:20:21.202    (INFO)     Trx.Commit: **C** ConnSH637060440210949839System.Random
11:20:23.202    (INFO)     Trx.Start: **** ConnSH637060440230179462System.Random
11:20:23.202    (INFO)     Trx.Commit: **C** ConnSH637060440230179462System.Random
11:20:34.203    (INFO)     MDocBaseType.GetAccountingInstance: .ctor: Constructor check 
11:20:34.203    (INFO)     MDocBaseType.GetAccountingInstance: MJournal[1000442,Dimension Test ,DR=1000,CR=1000]: Constructor invoke check 
11:20:34.203    (INFO)     Doc_GLJournal.Post: Locked: GL_Journal_ID=1000442
11:20:34.203    (INFO)     Trx.Start: **** PostGLJ1000442
11:20:35.203    (INFO)     Doc_GLJournal.DeleteAcct: #=4
11:20:35.203    (INFO)     Doc_GLJournal.Post: (0) MJournal[1000442,Dimension Test ,DR=1000,CR=1000]
11:20:35.203    (INFO)     Doc_GLJournal.PostLogic: (0) MJournal[1000442,Dimension Test ,DR=1000,CR=1000]
11:20:46.204    (INFO)     Doc_GLJournal.PostCommit: Sta=Y DT=GLJ ID=1000442
11:20:46.204    (INFO)     Trx.Start: **** ConnSH637060440466233502System.Random
11:20:46.204    (INFO)     Trx.Commit: **C** ConnSH637060440466233502System.Random
11:20:46.204    (INFO)     MChangeLog.FillChangeLog: #9
11:20:46.204    (INFO)     Trx.Start: **** ConnSH637060440467113444System.Random
11:20:46.204    (INFO)     Trx.Commit: **C** ConnSH637060440467113444System.Random
11:20:46.204    (INFO)     Trx.Start: **** ConnSH637060440467463424System.Random
11:20:46.204    (INFO)     Trx.Commit: **C** ConnSH637060440467463424System.Random
11:20:46.204    (INFO)     Trx.Start: **** ConnSH637060440467713406System.Random
11:20:46.204    (INFO)     Trx.Commit: **C** ConnSH637060440467713406System.Random
11:20:46.204    (INFO)     Trx.Commit: **C** PostGLJ1000442
11:33:16.331    (INFO)     Trx.Start: **** ConnSH637060447962158323System.Random
11:33:16.331    (INFO)     Trx.Commit: **C** ConnSH637060447962158323System.Random
11:33:21.332    (INFO)     Trx.Start: **** ConnSH637060448012558950System.Random
11:33:21.332    (INFO)     Trx.Commit: **C** ConnSH637060448012558950System.Random
11:33:23.332    (INFO)     Trx.Start: **** ConnSH637060448034377054System.Random
11:33:23.332    (INFO)     Trx.Commit: **C** ConnSH637060448034377054System.Random
11:33:27.332    (INFO)     Trx.Start: **** ConnSH637060448075555777System.Random
11:33:27.332    (INFO)     Trx.Commit: **C** ConnSH637060448075555777System.Random
11:33:27.332    (INFO)     Trx.Start: **** ConnSH637060448076888344System.Random
11:33:27.332    (INFO)     Trx.Commit: **C** ConnSH637060448076888344System.Random
11:33:31.333    (INFO)     Trx.Start: **** ConnSH637060448119889746System.Random
11:33:32.333    (INFO)     Trx.Commit: **C** ConnSH637060448119889746System.Random
11:34:26.342    (INFO)     Trx.Start: **** ConnSH637060448663767510System.Random
11:34:26.342    (INFO)     Trx.Commit: **C** ConnSH637060448663767510System.Random
11:34:30.343    (INFO)     Trx.Start: **** ConnSH637060448708709776System.Random
11:34:30.343    (INFO)     Trx.Commit: **C** ConnSH637060448708709776System.Random
11:34:30.343    (INFO)     Trx.Start: **** ConnSH637060448709610822System.Random
11:34:30.343    (INFO)     Trx.Commit: **C** ConnSH637060448709610822System.Random
11:34:41.344    (INFO)     Trx.Start: **** ConnSH637060448811424033System.Random
11:34:41.344    (INFO)     Trx.Commit: **C** ConnSH637060448811424033System.Random
11:34:41.344    (INFO)     Trx.Start: **** ConnSH637060448812664345System.Random
11:34:41.344    (INFO)     Trx.Commit: **C** ConnSH637060448812664345System.Random
----------->     (WARNING)  MJournal.GetActions: Column not found - C_DocTypeTarget_ID
11:35:09.359    (INFO)     Trx.Start: **** ConnSH637060449094682473System.Random
11:35:09.359    (INFO)     Trx.Commit: **C** ConnSH637060449094682473System.Random
11:35:10.351    (INFO)     Trx.Start: **** ConnSH637060449100135861System.Random
11:35:10.351    (INFO)     Trx.Commit: **C** ConnSH637060449100135861System.Random
11:35:10.351    (INFO)     Trx.Start: **** ConnSH637060449103083235System.Random
11:35:10.351    (INFO)     Trx.Commit: **C** ConnSH637060449103083235System.Random
11:35:10.351    (INFO)     Trx.Start: **** ConnSH637060449104043437System.Random
11:35:10.351    (INFO)     Trx.Commit: **C** ConnSH637060449104043437System.Random
11:35:10.351    (INFO)     MWFActivity.Run: MWFActivity[1233237,Node=(Start),State=ON,AD_User_ID=1005338,10/7/2019 6:05:10 AM]
11:35:10.351    (INFO)     MWFProcess.CheckActivities: MWFProcess[1080202, AD_Workflow_ID=121, WFState=OR]
11:35:10.351    (INFO)     MWFActivity.PerformWork: MWFNode[203-(Start),Action=Sleep:WaitTime=0] [VAdvantage.DataBase.Trx]
11:35:10.351    (INFO)     MWFProcess.CheckActivities: MWFProcess[1080202, AD_Workflow_ID=121, WFState=OR]
11:35:10.351    (INFO)     Trx.Start: **** ConnSH637060449107743251System.Random
11:35:10.351    (INFO)     Trx.Commit: **C** ConnSH637060449107743251System.Random
11:35:10.351    (INFO)     Trx.Start: **** ConnSH637060449107963414System.Random
11:35:10.351    (INFO)     Trx.Commit: **C** ConnSH637060449107963414System.Random
11:35:10.351    (INFO)     MWFActivity.Run: MWFActivity[1233238,Node=(DocPrepare),State=ON,AD_User_ID=1005338,10/7/2019 6:05:10 AM]
11:35:10.351    (INFO)     MWFProcess.CheckActivities: MWFProcess[1080202, AD_Workflow_ID=121, WFState=OR]
11:35:10.351    (INFO)     MWFActivity.PerformWork: MWFNode[205-(DocPrepare),Action=DocumentAction=PR] [VAdvantage.DataBase.Trx]
11:35:10.351    (INFO)     Trx.Start: **** WF_1570428310830
11:35:10.351    (INFO)     MJournal.PrepareIt: MJournal[1000443,user dimension 2,DR=1000,CR=1000]
11:35:11.351    (INFO)     Trx.Commit: **C** WF_1570428310830
11:35:11.351    (INFO)     MWFProcess.CheckActivities: MWFProcess[1080202, AD_Workflow_ID=121, WFState=OR]
11:35:11.351    (INFO)     Trx.Start: **** ConnSH637060449113374996System.Random
11:35:11.351    (INFO)     Trx.Commit: **C** ConnSH637060449113374996System.Random
11:35:11.351    (INFO)     Trx.Start: **** ConnSH637060449113635940System.Random
11:35:11.351    (INFO)     Trx.Commit: **C** ConnSH637060449113635940System.Random
11:35:11.351    (INFO)     MWFActivity.Run: MWFActivity[1233239,Node=(DocComplete),State=ON,AD_User_ID=1005338,10/7/2019 6:05:11 AM]
11:35:11.351    (INFO)     MWFProcess.CheckActivities: MWFProcess[1080202, AD_Workflow_ID=121, WFState=OR]
11:35:11.351    (INFO)     MWFActivity.PerformWork: MWFNode[206-(DocComplete),Action=DocumentAction=CO] [VAdvantage.DataBase.Trx]
11:35:11.351    (INFO)     Trx.Start: **** WF_1570428311441
11:35:11.351    (INFO)     MJournal.PrepareIt: MJournal[1000443,user dimension 2,DR=1000,CR=1000]
11:35:11.351    (INFO)     MJournal.CompleteIt: MJournal[1000443,user dimension 2,DR=1000,CR=1000]
11:35:11.351    (INFO)     Trx.Commit: **C** WF_1570428311441
11:35:11.351    (INFO)     MWFProcess.CheckActivities: MWFProcess[1080202, AD_Workflow_ID=121, WFState=OR]
11:35:26.352    (INFO)     Trx.Start: **** ConnSH637060449263504056System.Random
11:35:26.352    (INFO)     Trx.Commit: **C** ConnSH637060449263504056System.Random
11:35:32.353    (INFO)     MDocBaseType.GetAccountingInstance: .ctor: Constructor check 
11:35:32.353    (INFO)     MDocBaseType.GetAccountingInstance: MJournal[1000443,user dimension 2,DR=1000,CR=1000]: Constructor invoke check 
11:35:32.353    (INFO)     Doc_GLJournal.Post: Locked: GL_Journal_ID=1000443
11:35:32.353    (INFO)     Trx.Start: **** PostGLJ1000443
11:35:32.353    (INFO)     Doc_GLJournal.DeleteAcct: #=3
11:35:32.353    (INFO)     Doc_GLJournal.Post: (0) MJournal[1000443,user dimension 2,DR=1000,CR=1000]
11:35:32.353    (INFO)     Doc_GLJournal.PostLogic: (0) MJournal[1000443,user dimension 2,DR=1000,CR=1000]
11:35:32.353    (INFO)     Doc_GLJournal.PostCommit: Sta=Y DT=GLJ ID=1000443
11:35:32.353    (INFO)     Trx.Start: **** ConnSH637060449328324572System.Random
11:35:32.353    (INFO)     Trx.Commit: **C** ConnSH637060449328324572System.Random
11:35:32.353    (INFO)     Trx.Start: **** ConnSH637060449329104582System.Random
11:35:32.353    (INFO)     Trx.Commit: **C** ConnSH637060449329104582System.Random
11:35:32.353    (INFO)     Trx.Start: **** ConnSH637060449329455374System.Random
11:35:32.353    (INFO)     Trx.Commit: **C** ConnSH637060449329455374System.Random
11:35:32.353    (INFO)     Trx.Commit: **C** PostGLJ1000443
11:42:20.422    (INFO)     MDocBaseType.GetAccountingInstance: .ctor: Constructor check 
11:42:20.422    (INFO)     MDocBaseType.GetAccountingInstance: MJournal[1000443,user dimension 2,DR=1000,CR=1000]: Constructor invoke check 
11:42:20.422    (INFO)     Doc_GLJournal.Post: Locked: GL_Journal_ID=1000443
11:42:20.422    (INFO)     Trx.Start: **** PostGLJ1000443
11:42:20.422    (INFO)     Doc_GLJournal.DeleteAcct: #=3
11:42:20.422    (INFO)     Doc_GLJournal.Post: (0) MJournal[1000443,user dimension 2,DR=1000,CR=1000]
11:42:20.422    (INFO)     Doc_GLJournal.PostLogic: (0) MJournal[1000443,user dimension 2,DR=1000,CR=1000]
11:42:20.422    (INFO)     Doc_GLJournal.PostCommit: Sta=Y DT=GLJ ID=1000443
11:42:20.422    (INFO)     Trx.Start: **** ConnSH637060453407233476System.Random
11:42:20.422    (INFO)     Trx.Commit: **C** ConnSH637060453407233476System.Random
11:42:20.422    (INFO)     Trx.Start: **** ConnSH637060453408896095System.Random
11:42:20.422    (INFO)     Trx.Commit: **C** ConnSH637060453408896095System.Random
11:42:20.422    (INFO)     Trx.Start: **** ConnSH637060453409214577System.Random
11:42:20.422    (INFO)     Trx.Commit: **C** ConnSH637060453409214577System.Random
11:42:20.422    (INFO)     Trx.Commit: **C** PostGLJ1000443
11:43:40.434    (INFO)     MSession.Logout: 06:55:03.495
11:43:42.434    (INFO)     MRole.Get: AD_Role_ID=1000118, AD_User_ID=1005338, reload=True
11:43:42.434    (INFO)     MRole.Get: MRole[1000118,Vienna Group Admin,UserLevel= CO,AD_Client_ID IN(0,1000005),AD_Org_ID IN(0,1000008,1000009,1000017,1000018,1000019,1000020,1000021)]
11:43:42.434    (INFO)     MTree.Load: AD_Tree_ID=10, AD_User_ID=1005338, Editable=False, OnClient=True
===========>     (SEVERE)   MTree.LoadNodes: Nodes w/o parent - adding to root - System.Collections.Generic.List`1[VAdvantage.Classes.VTreeNode]
11:43:42.434    (INFO)     Trx.Start: **** ConnSH637060454225985550System.Random
11:43:42.434    (INFO)     Trx.Commit: **C** ConnSH637060454225985550System.Random
----------->     (WARNING)  AccessSqlParser.GetTableInfo: More than one FROM clause - SELECT AppointmentsInfo.Appointmentsinfo_id AS ID,AppointmentsInfo.AD_Client_ID,AppointmentsInfo.AD_Org_ID  FROM AppointmentsInfo JOIN AD_User ON AD_User.AD_User_ID =AppointmentsInfo.CreatedBy WHERE AppointmentsInfo.IsRead='N' AND AppointmentsInfo.istask ='N'  AND AppointmentsInfo.AD_User_ID  = 1005338  UNION SELECT AppointmentsInfo.Appointmentsinfo_id AS ID, AppointmentsInfo.AD_Client_ID,AppointmentsInfo.AD_Org_ID FROM AppointmentsInfo  JOIN AD_User ON AD_User.AD_User_ID = AppointmentsInfo.CreatedBy  WHERE (AppointmentsInfo.IsRead ='Y'   AND AppointmentsInfo.AD_User_ID = 1005338 )  AND AppointmentsInfo.istask ='N'  AND AppointmentsInfo.startDate BETWEEN to_date('10/06/19','mm/dd/yy') and to_date('10/14/19 23.59','mm/dd/yy HH24:MI')   OR  to_date('10/07/19','mm/dd/yy')  BETWEEN  AppointmentsInfo.startDate  AND AppointmentsInfo.endDate  AND  AppointmentsInfo.CreatedBy  !=1005338 AND AppointmentsInfo.AD_User_ID  = 1005338)
----------->     (WARNING)  AccessSqlParser.GetTableInfo: Could not remove ON AppointmentsInfo JOIN AD_User ON AD_User.AD_User_ID =AppointmentsInfo.CreatedBy
11:43:48.434    (INFO)     Trx.Start: **** ConnSH637060454282226266System.Random
11:43:48.434    (INFO)     Trx.Commit: **C** ConnSH637060454282226266System.Random
11:43:48.434    (INFO)     CacheReset.DoIt: 
11:43:48.434    (INFO)     Env.Reset: finalCall=False
11:43:48.434    (INFO)     CacheMgt.Reset: #30 (6105)
11:43:48.434    (INFO)     MRole.Get: AD_Role_ID=0, AD_User_ID=0, reload=True
11:43:48.434    (INFO)     MRole.Get: MRole[0,System Administrator,UserLevel=S  ,AD_Client_ID=0,AD_Org_ID=0]
11:43:48.434    (INFO)     MRole.Get: AD_Role_ID=1000118, AD_User_ID=1005338, reload=True
11:43:48.434    (INFO)     MRole.Get: MRole[1000118,Vienna Group Admin,UserLevel= CO,AD_Client_ID IN(0,1000005),AD_Org_ID IN(0,1000008,1000009,1000017,1000018,1000019,1000020,1000021)]
11:43:48.434    (INFO)     MChangeLog.FillChangeLog: #9
11:43:48.434    (INFO)     CacheMgt.Reset: AD_Process: #1 (1)
----------->     (WARNING)  GridTable.GetField: Not found: 'Created'
----------->     (WARNING)  GridTable.GetField: Not found: 'CreatedBy'
----------->     (WARNING)  GridTable.GetField: Not found: 'Updated'
----------->     (WARNING)  GridTable.GetField: Not found: 'UpdatedBy'
===========>     (SEVERE)   OracleHelper.ExecuteDataset: ORA-00942: table or view does not exist [Query D] => SELECT vadms_windowdoclink_id, record_id FROM VADMS_WindowDocLink wdl JOIN vadms_document doc ON wdl.VADMS_Document_ID  =doc.VADMS_Document_ID WHERE doc.vadms_docstatus!='DD' AND AD_Table_ID =224
----------->     (WARNING)  GridTable.GetField: Not found: 'Created'
----------->     (WARNING)  GridTable.GetField: Not found: 'CreatedBy'
----------->     (WARNING)  GridTable.GetField: Not found: 'Updated'
----------->     (WARNING)  GridTable.GetField: Not found: 'UpdatedBy'
===========>     (SEVERE)   OracleHelper.ExecuteDataset: ORA-00942: table or view does not exist [Query D] => SELECT vadms_windowdoclink_id, record_id FROM VADMS_WindowDocLink wdl JOIN vadms_document doc ON wdl.VADMS_Document_ID  =doc.VADMS_Document_ID WHERE doc.vadms_docstatus!='DD' AND AD_Table_ID =226
----------->     (WARNING)  GridTable.GetField: Not found: 'Created'
----------->     (WARNING)  GridTable.GetField: Not found: 'CreatedBy'
----------->     (WARNING)  GridTable.GetField: Not found: 'Updated'
----------->     (WARNING)  GridTable.GetField: Not found: 'UpdatedBy'
===========>     (SEVERE)   OracleHelper.ExecuteDataset: ORA-00942: table or view does not exist [Query D] => SELECT vadms_windowdoclink_id, record_id FROM VADMS_WindowDocLink wdl JOIN vadms_document doc ON wdl.VADMS_Document_ID  =doc.VADMS_Document_ID WHERE doc.vadms_docstatus!='DD' AND AD_Table_ID =1000666
11:43:56.435    (INFO)     Trx.Start: **** ConnSH637060454362994488System.Random
11:43:56.435    (INFO)     Trx.Commit: **C** ConnSH637060454362994488System.Random
11:43:56.435    (INFO)     Trx.Start: **** ConnSH637060454363580745System.Random
11:43:56.435    (INFO)     Trx.Commit: **C** ConnSH637060454363580745System.Random
11:43:58.435    (INFO)     Trx.Start: **** ConnSH637060454389775354System.Random
11:43:59.435    (INFO)     Trx.Commit: **C** ConnSH637060454389775354System.Random
11:43:59.435    (INFO)     Trx.Start: **** ConnSH637060454390575189System.Random
11:43:59.435    (INFO)     Trx.Commit: **C** ConnSH637060454390575189System.Random
11:46:17.461    (INFO)     Msg.InitMsg: Records=3692 - en_US
11:53:48.534    (INFO)     MDocBaseType.GetAccountingInstance: .ctor: Constructor check 
11:53:48.534    (INFO)     MDocBaseType.GetAccountingInstance: MJournal[1000443,user dimension 2,DR=1000,CR=1000]: Constructor invoke check 
11:53:48.534    (INFO)     Doc_GLJournal.Post: Locked: GL_Journal_ID=1000443
11:53:48.534    (INFO)     Trx.Start: **** PostGLJ1000443
11:53:49.534    (INFO)     Doc_GLJournal.DeleteAcct: #=3
11:53:49.534    (INFO)     Doc_GLJournal.Post: (0) MJournal[1000443,user dimension 2,DR=1000,CR=1000]
11:53:49.534    (INFO)     Doc_GLJournal.PostLogic: (0) MJournal[1000443,user dimension 2,DR=1000,CR=1000]
11:53:49.534    (INFO)     Doc_GLJournal.PostCommit: Sta=Y DT=GLJ ID=1000443
11:53:49.534    (INFO)     Trx.Start: **** ConnSH637060460291265942System.Random
11:53:49.534    (INFO)     Trx.Commit: **C** ConnSH637060460291265942System.Random
11:53:49.534    (INFO)     Trx.Start: **** ConnSH637060460291542876System.Random
11:53:49.534    (INFO)     Trx.Commit: **C** ConnSH637060460291542876System.Random
11:53:49.534    (INFO)     Trx.Start: **** ConnSH637060460291803387System.Random
11:53:49.534    (INFO)     Trx.Commit: **C** ConnSH637060460291803387System.Random
11:53:49.534    (INFO)     Trx.Commit: **C** PostGLJ1000443
12:06:00.600    (INFO)     Trx.Start: **** ConnSH637060467607571500System.Random
12:06:00.600    (INFO)     Trx.Commit: **C** ConnSH637060467607571500System.Random
12:06:04.640    (INFO)     Trx.Start: **** ConnSH637060467648250874System.Random
12:06:04.640    (INFO)     Trx.Commit: **C** ConnSH637060467648250874System.Random
12:06:11.611    (INFO)     Trx.Start: **** ConnSH637060467714860601System.Random
12:06:11.611    (INFO)     Trx.Commit: **C** ConnSH637060467714860601System.Random
12:06:42.642    (INFO)     MDocBaseType.GetAccountingInstance: .ctor: Constructor check 
12:06:42.642    (INFO)     MDocBaseType.GetAccountingInstance: MJournal[1000443,user dimension 2,DR=1000,CR=1000]: Constructor invoke check 
12:06:42.642    (INFO)     Doc_GLJournal.Post: Locked: GL_Journal_ID=1000443
12:06:42.642    (INFO)     Trx.Start: **** PostGLJ1000443
12:10:33.103    (INFO)     Doc_GLJournal.DeleteAcct: #=3
12:10:41.104    (INFO)     Doc_GLJournal.Post: (0) MJournal[1000443,user dimension 2,DR=1000,CR=1000]
12:10:43.104    (INFO)     Doc_GLJournal.PostLogic: (0) MJournal[1000443,user dimension 2,DR=1000,CR=1000]
12:16:29.162    (INFO)     Doc_GLJournal.PostCommit: Sta=Y DT=GLJ ID=1000443
12:16:29.162    (INFO)     Trx.Start: **** ConnSH637060473890732178System.Random
12:16:29.162    (INFO)     Trx.Commit: **C** ConnSH637060473890732178System.Random
12:16:29.162    (INFO)     Trx.Start: **** ConnSH637060473891482414System.Random
12:16:29.162    (INFO)     Trx.Commit: **C** ConnSH637060473891482414System.Random
12:16:29.162    (INFO)     Trx.Start: **** ConnSH637060473891812944System.Random
12:16:29.162    (INFO)     Trx.Commit: **C** ConnSH637060473891812944System.Random
12:16:29.162    (INFO)     Trx.Commit: **C** PostGLJ1000443
12:17:56.175    (INFO)     MSession.Logout: 06:04:59.632
