*** 10/29/2019 6:12:09 PM VAdvantage Log  ***
----------->     (WARNING)  GridTable.GetField: Not found: 'Created'
----------->     (WARNING)  GridTable.GetField: Not found: 'CreatedBy'
----------->     (WARNING)  GridTable.GetField: Not found: 'Updated'
----------->     (WARNING)  GridTable.GetField: Not found: 'UpdatedBy'
06:12:09.129    (INFO)     Trx.Start: **** ConnSH637079695299733485System.Random
06:12:10.121    (INFO)     Trx.Commit: **C** ConnSH637079695299733485System.Random
06:12:13.121    (INFO)     Trx.Start: **** ConnSH637079695330069087System.Random
06:12:13.121    (INFO)     Trx.Commit: **C** ConnSH637079695330069087System.Random
06:12:34.123    (INFO)     MChangeLog.FillChangeLog: #9
06:12:34.123    (INFO)     Trx.Start: **** ConnSH637079695546328011System.Random
06:12:34.123    (INFO)     Trx.Commit: **C** ConnSH637079695546328011System.Random
06:12:41.124    (INFO)     Trx.Start: **** ConnSH637079695613792907System.Random
06:12:41.124    (INFO)     Trx.Commit: **C** ConnSH637079695613792907System.Random
06:12:49.124    (INFO)     MTable.GetPO: Using GenericPO for Test_Version
06:12:58.125    (INFO)     Trx.Start: **** ConnSH637079695782778447System.Random
06:12:58.125    (INFO)     Trx.Commit: **C** ConnSH637079695782778447System.Random
06:12:58.125    (INFO)     Trx.Start: **** ConnSH637079695783518234System.Random
06:12:58.125    (INFO)     Trx.Commit: **C** ConnSH637079695783518234System.Random
===========>     (SEVERE)   OracleHelper.ExecuteReader: ORA-00904: "TEST_VERSION_ID": invalid identifier [Query DR] SELECT AD_Client_ID, AD_Org_ID, Name, Description, Help, IsActive, T_Integer, T_Number, C_Currency_ID, T_Amount, C_UOM_ID, T_Qty, T_Date, T_DateTime, C_Payment_ID, Account_Acct, M_Locator_ID, C_BPartner_ID, C_Location_ID, M_Product_ID, BinaryData, CharacterData, C_GenAttributeSet_ID, Processing, Processed, FileName, AD_FilePath, FormGroup, VersionNo, Export_ID, Test_ID, C_GenAttributeSetInstance_ID, Created, CreatedBy, Updated, UpdatedBy FROM Test WHERE Test_Version_ID=1000001
===========>     (SEVERE)   OracleHelper.ExecuteReader: ORA-00904: "TEST_VERSION_ID": invalid identifier [Query DR] SELECT AD_Client_ID, AD_Org_ID, Name, Description, Help, IsActive, T_Integer, T_Number, C_Currency_ID, T_Amount, C_UOM_ID, T_Qty, T_Date, T_DateTime, C_Payment_ID, Account_Acct, M_Locator_ID, C_BPartner_ID, C_Location_ID, M_Product_ID, BinaryData, CharacterData, C_GenAttributeSet_ID, Processing, Processed, FileName, AD_FilePath, FormGroup, VersionNo, Export_ID, Test_ID, C_GenAttributeSetInstance_ID, Created, CreatedBy, Updated, UpdatedBy FROM Test WHERE Test_Version_ID=1000001
06:16:00.160    (INFO)     MSession.Logout: 06:34:09.35
===========>     (SEVERE)   LDAP.Validate: Error in LDAP for user IdeasIncAdmin : The server is not operational.

===========>     (SEVERE)   LDAP.Validate: Error in LDAP for user IdeasIncAdmin : The server is not operational.

06:16:51.165    (INFO)     MRole.Get: AD_Role_ID=102, AD_User_ID=101, reload=True
06:16:51.165    (INFO)     MRole.Get: MRole[102,IdeasInc Admin,UserLevel= CO,AD_Client_ID IN (0,11),]
06:16:51.165    (INFO)     MTree.Load: AD_Tree_ID=121, AD_User_ID=101, Editable=False, OnClient=True
===========>     (SEVERE)   MTree.LoadNodes: Nodes w/o parent - adding to root - System.Collections.Generic.List`1[VAdvantage.Classes.VTreeNode]
06:16:51.165    (INFO)     Trx.Start: **** ConnSH637079698117723321System.Random
06:16:51.165    (INFO)     Trx.Commit: **C** ConnSH637079698117723321System.Random
----------->     (WARNING)  AccessSqlParser.GetTableInfo: More than one FROM clause - SELECT AppointmentsInfo.Appointmentsinfo_id AS ID,AppointmentsInfo.AD_Client_ID,AppointmentsInfo.AD_Org_ID  FROM AppointmentsInfo JOIN AD_User ON AD_User.AD_User_ID =AppointmentsInfo.CreatedBy WHERE AppointmentsInfo.IsRead='N' AND AppointmentsInfo.istask ='N'  AND AppointmentsInfo.AD_User_ID  = 101  UNION SELECT AppointmentsInfo.Appointmentsinfo_id AS ID, AppointmentsInfo.AD_Client_ID,AppointmentsInfo.AD_Org_ID FROM AppointmentsInfo  JOIN AD_User ON AD_User.AD_User_ID = AppointmentsInfo.CreatedBy  WHERE (AppointmentsInfo.IsRead ='Y'   AND AppointmentsInfo.AD_User_ID = 101 )  AND AppointmentsInfo.istask ='N'  AND AppointmentsInfo.startDate BETWEEN to_date('10/28/19','mm/dd/yy') and to_date('11/05/19 23.59','mm/dd/yy HH24:MI')   OR  to_date('10/29/19','mm/dd/yy')  BETWEEN  AppointmentsInfo.startDate  AND AppointmentsInfo.endDate  AND  AppointmentsInfo.CreatedBy  !=101 AND AppointmentsInfo.AD_User_ID  = 101)
----------->     (WARNING)  AccessSqlParser.GetTableInfo: Could not remove ON AppointmentsInfo JOIN AD_User ON AD_User.AD_User_ID =AppointmentsInfo.CreatedBy
06:16:57.165    (INFO)     AEnv.GetMWindowVO: Cached=VAdvantage.Controller.GridWindowVO
----------->     (WARNING)  GridTable.GetField: Not found: 'Created'
----------->     (WARNING)  GridTable.GetField: Not found: 'CreatedBy'
----------->     (WARNING)  GridTable.GetField: Not found: 'Updated'
----------->     (WARNING)  GridTable.GetField: Not found: 'UpdatedBy'
06:16:57.165    (INFO)     Trx.Start: **** ConnSH637079698175781994System.Random
06:16:57.165    (INFO)     Trx.Commit: **C** ConnSH637079698175781994System.Random
06:16:58.165    (INFO)     Trx.Start: **** ConnSH637079698180270725System.Random
06:16:58.165    (INFO)     Trx.Commit: **C** ConnSH637079698180270725System.Random
