*** 10/4/2019 4:34:42 PM VAdvantage Log  ***
----------->     (WARNING)  GridTable.GetField: Not found: 'Created'
----------->     (WARNING)  GridTable.GetField: Not found: 'CreatedBy'
----------->     (WARNING)  GridTable.GetField: Not found: 'Updated'
----------->     (WARNING)  GridTable.GetField: Not found: 'UpdatedBy'
===========>     (SEVERE)   OracleHelper.ExecuteDataset: ORA-00942: table or view does not exist [Query D] => SELECT vadms_windowdoclink_id, record_id FROM VADMS_WindowDocLink wdl JOIN vadms_document doc ON wdl.VADMS_Document_ID  =doc.VADMS_Document_ID WHERE doc.vadms_docstatus!='DD' AND AD_Table_ID =224
----------->     (WARNING)  GridTable.GetField: Not found: 'Created'
----------->     (WARNING)  GridTable.GetField: Not found: 'CreatedBy'
----------->     (WARNING)  GridTable.GetField: Not found: 'Updated'
----------->     (WARNING)  GridTable.GetField: Not found: 'UpdatedBy'
===========>     (SEVERE)   OracleHelper.ExecuteDataset: ORA-00942: table or view does not exist [Query D] => SELECT vadms_windowdoclink_id, record_id FROM VADMS_WindowDocLink wdl JOIN vadms_document doc ON wdl.VADMS_Document_ID  =doc.VADMS_Document_ID WHERE doc.vadms_docstatus!='DD' AND AD_Table_ID =226
----------->     (WARNING)  GridTable.GetField: Not found: 'Created'
----------->     (WARNING)  GridTable.GetField: Not found: 'CreatedBy'
----------->     (WARNING)  GridTable.GetField: Not found: 'Updated'
----------->     (WARNING)  GridTable.GetField: Not found: 'UpdatedBy'
===========>     (SEVERE)   OracleHelper.ExecuteDataset: ORA-00942: table or view does not exist [Query D] => SELECT vadms_windowdoclink_id, record_id FROM VADMS_WindowDocLink wdl JOIN vadms_document doc ON wdl.VADMS_Document_ID  =doc.VADMS_Document_ID WHERE doc.vadms_docstatus!='DD' AND AD_Table_ID =1000666
04:34:43.344    (INFO)     Trx.Start: **** ConnSH637058036831368355System.Random
04:34:43.344    (INFO)     Trx.Commit: **C** ConnSH637058036831368355System.Random
04:34:45.344    (INFO)     Trx.Start: **** ConnSH637058036856752932System.Random
04:34:45.344    (INFO)     Trx.Commit: **C** ConnSH637058036856752932System.Random
04:35:00.350    (INFO)     Trx.Start: **** ConnSH637058037003385060System.Random
04:35:00.350    (INFO)     Trx.Commit: **C** ConnSH637058037003385060System.Random
04:35:04.354    (INFO)     Trx.Start: **** ConnSH637058037046505387System.Random
04:35:04.354    (INFO)     Trx.Commit: **C** ConnSH637058037046505387System.Random
04:35:06.356    (INFO)     Trx.Start: **** ConnSH637058037063709523System.Random
04:35:06.356    (INFO)     Trx.Commit: **C** ConnSH637058037063709523System.Random
04:35:58.355    (INFO)     Trx.Start: **** ConnSH637058037585817276System.Random
04:35:58.355    (INFO)     Trx.Commit: **C** ConnSH637058037585817276System.Random
04:41:59.415    (INFO)     MRole.Get: AD_Role_ID=1000118, AD_User_ID=1005338, reload=True
04:41:59.415    (INFO)     MRole.Get: MRole[1000118,Vienna Group Admin,UserLevel= CO,AD_Client_ID IN(0,1000005),AD_Org_ID IN(0,1000008,1000009,1000017,1000018,1000019,1000020,1000021)]
04:41:59.415    (INFO)     MTree.Load: AD_Tree_ID=10, AD_User_ID=1005338, Editable=False, OnClient=True
===========>     (SEVERE)   MTree.LoadNodes: Nodes w/o parent - adding to root - System.Collections.Generic.List`1[VAdvantage.Classes.VTreeNode]
04:41:59.415    (INFO)     Trx.Start: **** ConnSH637058041199881934System.Random
04:42:00.420    (INFO)     Trx.Commit: **C** ConnSH637058041199881934System.Random
----------->     (WARNING)  AccessSqlParser.GetTableInfo: More than one FROM clause - SELECT AppointmentsInfo.Appointmentsinfo_id AS ID,AppointmentsInfo.AD_Client_ID,AppointmentsInfo.AD_Org_ID  FROM AppointmentsInfo JOIN AD_User ON AD_User.AD_User_ID =AppointmentsInfo.CreatedBy WHERE AppointmentsInfo.IsRead='N' AND AppointmentsInfo.istask ='N'  AND AppointmentsInfo.AD_User_ID  = 1005338  UNION SELECT AppointmentsInfo.Appointmentsinfo_id AS ID, AppointmentsInfo.AD_Client_ID,AppointmentsInfo.AD_Org_ID FROM AppointmentsInfo  JOIN AD_User ON AD_User.AD_User_ID = AppointmentsInfo.CreatedBy  WHERE (AppointmentsInfo.IsRead ='Y'   AND AppointmentsInfo.AD_User_ID = 1005338 )  AND AppointmentsInfo.istask ='N'  AND AppointmentsInfo.startDate BETWEEN to_date('10/03/19','mm/dd/yy') and to_date('10/11/19 23.59','mm/dd/yy HH24:MI')   OR  to_date('10/04/19','mm/dd/yy')  BETWEEN  AppointmentsInfo.startDate  AND AppointmentsInfo.endDate  AND  AppointmentsInfo.CreatedBy  !=1005338 AND AppointmentsInfo.AD_User_ID  = 1005338)
----------->     (WARNING)  AccessSqlParser.GetTableInfo: Could not remove ON AppointmentsInfo JOIN AD_User ON AD_User.AD_User_ID =AppointmentsInfo.CreatedBy
04:42:24.422    (INFO)     AEnv.GetMWindowVO: Cached=VAdvantage.Controller.GridWindowVO
----------->     (WARNING)  GridTable.GetField: Not found: 'Created'
----------->     (WARNING)  GridTable.GetField: Not found: 'CreatedBy'
----------->     (WARNING)  GridTable.GetField: Not found: 'Updated'
----------->     (WARNING)  GridTable.GetField: Not found: 'UpdatedBy'
===========>     (SEVERE)   OracleHelper.ExecuteDataset: ORA-00942: table or view does not exist [Query D] => SELECT vadms_windowdoclink_id, record_id FROM VADMS_WindowDocLink wdl JOIN vadms_document doc ON wdl.VADMS_Document_ID  =doc.VADMS_Document_ID WHERE doc.vadms_docstatus!='DD' AND AD_Table_ID =224
----------->     (WARNING)  GridTable.GetField: Not found: 'Created'
----------->     (WARNING)  GridTable.GetField: Not found: 'CreatedBy'
----------->     (WARNING)  GridTable.GetField: Not found: 'Updated'
----------->     (WARNING)  GridTable.GetField: Not found: 'UpdatedBy'
===========>     (SEVERE)   OracleHelper.ExecuteDataset: ORA-00942: table or view does not exist [Query D] => SELECT vadms_windowdoclink_id, record_id FROM VADMS_WindowDocLink wdl JOIN vadms_document doc ON wdl.VADMS_Document_ID  =doc.VADMS_Document_ID WHERE doc.vadms_docstatus!='DD' AND AD_Table_ID =226
----------->     (WARNING)  GridTable.GetField: Not found: 'Created'
----------->     (WARNING)  GridTable.GetField: Not found: 'CreatedBy'
----------->     (WARNING)  GridTable.GetField: Not found: 'Updated'
----------->     (WARNING)  GridTable.GetField: Not found: 'UpdatedBy'
===========>     (SEVERE)   OracleHelper.ExecuteDataset: ORA-00942: table or view does not exist [Query D] => SELECT vadms_windowdoclink_id, record_id FROM VADMS_WindowDocLink wdl JOIN vadms_document doc ON wdl.VADMS_Document_ID  =doc.VADMS_Document_ID WHERE doc.vadms_docstatus!='DD' AND AD_Table_ID =1000666
04:42:24.422    (INFO)     Trx.Start: **** ConnSH637058041441972913System.Random
04:42:24.422    (INFO)     Trx.Commit: **C** ConnSH637058041441972913System.Random
04:42:25.422    (INFO)     Trx.Start: **** ConnSH637058041459505355System.Random
04:42:25.422    (INFO)     Trx.Commit: **C** ConnSH637058041459505355System.Random
04:42:27.422    (INFO)     Trx.Start: **** ConnSH637058041472545457System.Random
04:42:27.422    (INFO)     Trx.Commit: **C** ConnSH637058041472545457System.Random
04:42:30.423    (INFO)     Trx.Start: **** ConnSH637058041505071892System.Random
04:42:30.423    (INFO)     Trx.Commit: **C** ConnSH637058041505071892System.Random
04:42:32.423    (INFO)     Trx.Start: **** ConnSH637058041521534257System.Random
04:42:32.423    (INFO)     Trx.Commit: **C** ConnSH637058041521534257System.Random
04:42:53.425    (INFO)     Trx.Start: **** ConnSH637058041731137452System.Random
04:42:53.425    (INFO)     Trx.Commit: **C** ConnSH637058041731137452System.Random
04:43:00.430    (INFO)     MSession.Logout: 06:39:37.213
04:44:16.441    (INFO)     MRole.Get: AD_Role_ID=1000118, AD_User_ID=1005338, reload=True
04:44:16.441    (INFO)     MRole.Get: MRole[1000118,Vienna Group Admin,UserLevel= CO,AD_Client_ID IN(0,1000005),AD_Org_ID IN(0,1000008,1000009,1000017,1000018,1000019,1000020,1000021)]
04:44:16.441    (INFO)     MTree.Load: AD_Tree_ID=10, AD_User_ID=1005338, Editable=False, OnClient=True
===========>     (SEVERE)   MTree.LoadNodes: Nodes w/o parent - adding to root - System.Collections.Generic.List`1[VAdvantage.Classes.VTreeNode]
04:44:16.441    (INFO)     Trx.Start: **** ConnSH637058042565367011System.Random
04:44:16.441    (INFO)     Trx.Commit: **C** ConnSH637058042565367011System.Random
----------->     (WARNING)  AccessSqlParser.GetTableInfo: More than one FROM clause - SELECT AppointmentsInfo.Appointmentsinfo_id AS ID,AppointmentsInfo.AD_Client_ID,AppointmentsInfo.AD_Org_ID  FROM AppointmentsInfo JOIN AD_User ON AD_User.AD_User_ID =AppointmentsInfo.CreatedBy WHERE AppointmentsInfo.IsRead='N' AND AppointmentsInfo.istask ='N'  AND AppointmentsInfo.AD_User_ID  = 1005338  UNION SELECT AppointmentsInfo.Appointmentsinfo_id AS ID, AppointmentsInfo.AD_Client_ID,AppointmentsInfo.AD_Org_ID FROM AppointmentsInfo  JOIN AD_User ON AD_User.AD_User_ID = AppointmentsInfo.CreatedBy  WHERE (AppointmentsInfo.IsRead ='Y'   AND AppointmentsInfo.AD_User_ID = 1005338 )  AND AppointmentsInfo.istask ='N'  AND AppointmentsInfo.startDate BETWEEN to_date('10/03/19','mm/dd/yy') and to_date('10/11/19 23.59','mm/dd/yy HH24:MI')   OR  to_date('10/04/19','mm/dd/yy')  BETWEEN  AppointmentsInfo.startDate  AND AppointmentsInfo.endDate  AND  AppointmentsInfo.CreatedBy  !=1005338 AND AppointmentsInfo.AD_User_ID  = 1005338)
----------->     (WARNING)  AccessSqlParser.GetTableInfo: Could not remove ON AppointmentsInfo JOIN AD_User ON AD_User.AD_User_ID =AppointmentsInfo.CreatedBy
04:44:35.443    (INFO)     AEnv.GetMWindowVO: Cached=VAdvantage.Controller.GridWindowVO
----------->     (WARNING)  GridTable.GetField: Not found: 'Created'
----------->     (WARNING)  GridTable.GetField: Not found: 'CreatedBy'
----------->     (WARNING)  GridTable.GetField: Not found: 'Updated'
----------->     (WARNING)  GridTable.GetField: Not found: 'UpdatedBy'
===========>     (SEVERE)   OracleHelper.ExecuteDataset: ORA-00942: table or view does not exist [Query D] => SELECT vadms_windowdoclink_id, record_id FROM VADMS_WindowDocLink wdl JOIN vadms_document doc ON wdl.VADMS_Document_ID  =doc.VADMS_Document_ID WHERE doc.vadms_docstatus!='DD' AND AD_Table_ID =224
----------->     (WARNING)  GridTable.GetField: Not found: 'Created'
----------->     (WARNING)  GridTable.GetField: Not found: 'CreatedBy'
----------->     (WARNING)  GridTable.GetField: Not found: 'Updated'
----------->     (WARNING)  GridTable.GetField: Not found: 'UpdatedBy'
===========>     (SEVERE)   OracleHelper.ExecuteDataset: ORA-00942: table or view does not exist [Query D] => SELECT vadms_windowdoclink_id, record_id FROM VADMS_WindowDocLink wdl JOIN vadms_document doc ON wdl.VADMS_Document_ID  =doc.VADMS_Document_ID WHERE doc.vadms_docstatus!='DD' AND AD_Table_ID =226
----------->     (WARNING)  GridTable.GetField: Not found: 'Created'
----------->     (WARNING)  GridTable.GetField: Not found: 'CreatedBy'
----------->     (WARNING)  GridTable.GetField: Not found: 'Updated'
----------->     (WARNING)  GridTable.GetField: Not found: 'UpdatedBy'
===========>     (SEVERE)   OracleHelper.ExecuteDataset: ORA-00942: table or view does not exist [Query D] => SELECT vadms_windowdoclink_id, record_id FROM VADMS_WindowDocLink wdl JOIN vadms_document doc ON wdl.VADMS_Document_ID  =doc.VADMS_Document_ID WHERE doc.vadms_docstatus!='DD' AND AD_Table_ID =1000666
04:44:35.443    (INFO)     Trx.Start: **** ConnSH637058042753218695System.Random
04:44:35.443    (INFO)     Trx.Commit: **C** ConnSH637058042753218695System.Random
04:44:36.443    (INFO)     Trx.Start: **** ConnSH637058042769910097System.Random
04:44:37.443    (INFO)     Trx.Commit: **C** ConnSH637058042769910097System.Random
04:44:38.443    (INFO)     Trx.Start: **** ConnSH637058042782089179System.Random
04:44:38.443    (INFO)     Trx.Commit: **C** ConnSH637058042782089179System.Random
04:44:39.443    (INFO)     Trx.Start: **** ConnSH637058042796968287System.Random
04:44:39.443    (INFO)     Trx.Commit: **C** ConnSH637058042796968287System.Random
04:44:40.444    (INFO)     MSession.Logout: 06:33:41.220
04:44:41.444    (INFO)     Trx.Start: **** ConnSH637058042810683027System.Random
04:44:41.444    (INFO)     Trx.Commit: **C** ConnSH637058042810683027System.Random
04:44:46.444    (INFO)     Trx.Start: **** ConnSH637058042868510215System.Random
04:44:46.444    (INFO)     Trx.Commit: **C** ConnSH637058042868510215System.Random
04:44:47.444    (INFO)     Trx.Start: **** ConnSH637058042879840275System.Random
04:44:47.444    (INFO)     Trx.Commit: **C** ConnSH637058042879840275System.Random
04:46:21.462    (INFO)     MRole.Get: AD_Role_ID=1000118, AD_User_ID=1005338, reload=True
04:46:22.462    (INFO)     MRole.Get: MRole[1000118,Vienna Group Admin,UserLevel= CO,AD_Client_ID IN(0,1000005),AD_Org_ID IN(0,1000008,1000009,1000017,1000018,1000019,1000020,1000021)]
04:46:22.462    (INFO)     MTree.Load: AD_Tree_ID=10, AD_User_ID=1005338, Editable=False, OnClient=True
===========>     (SEVERE)   MTree.LoadNodes: Nodes w/o parent - adding to root - System.Collections.Generic.List`1[VAdvantage.Classes.VTreeNode]
04:46:22.462    (INFO)     Trx.Start: **** ConnSH637058043824660216System.Random
04:46:22.462    (INFO)     Trx.Commit: **C** ConnSH637058043824660216System.Random
----------->     (WARNING)  AccessSqlParser.GetTableInfo: More than one FROM clause - SELECT AppointmentsInfo.Appointmentsinfo_id AS ID,AppointmentsInfo.AD_Client_ID,AppointmentsInfo.AD_Org_ID  FROM AppointmentsInfo JOIN AD_User ON AD_User.AD_User_ID =AppointmentsInfo.CreatedBy WHERE AppointmentsInfo.IsRead='N' AND AppointmentsInfo.istask ='N'  AND AppointmentsInfo.AD_User_ID  = 1005338  UNION SELECT AppointmentsInfo.Appointmentsinfo_id AS ID, AppointmentsInfo.AD_Client_ID,AppointmentsInfo.AD_Org_ID FROM AppointmentsInfo  JOIN AD_User ON AD_User.AD_User_ID = AppointmentsInfo.CreatedBy  WHERE (AppointmentsInfo.IsRead ='Y'   AND AppointmentsInfo.AD_User_ID = 1005338 )  AND AppointmentsInfo.istask ='N'  AND AppointmentsInfo.startDate BETWEEN to_date('10/03/19','mm/dd/yy') and to_date('10/11/19 23.59','mm/dd/yy HH24:MI')   OR  to_date('10/04/19','mm/dd/yy')  BETWEEN  AppointmentsInfo.startDate  AND AppointmentsInfo.endDate  AND  AppointmentsInfo.CreatedBy  !=1005338 AND AppointmentsInfo.AD_User_ID  = 1005338)
----------->     (WARNING)  AccessSqlParser.GetTableInfo: Could not remove ON AppointmentsInfo JOIN AD_User ON AD_User.AD_User_ID =AppointmentsInfo.CreatedBy
04:46:30.463    (INFO)     AEnv.GetMWindowVO: Cached=VAdvantage.Controller.GridWindowVO
----------->     (WARNING)  GridTable.GetField: Not found: 'Created'
----------->     (WARNING)  GridTable.GetField: Not found: 'CreatedBy'
----------->     (WARNING)  GridTable.GetField: Not found: 'Updated'
----------->     (WARNING)  GridTable.GetField: Not found: 'UpdatedBy'
===========>     (SEVERE)   OracleHelper.ExecuteDataset: ORA-00942: table or view does not exist [Query D] => SELECT vadms_windowdoclink_id, record_id FROM VADMS_WindowDocLink wdl JOIN vadms_document doc ON wdl.VADMS_Document_ID  =doc.VADMS_Document_ID WHERE doc.vadms_docstatus!='DD' AND AD_Table_ID =224
----------->     (WARNING)  GridTable.GetField: Not found: 'Created'
----------->     (WARNING)  GridTable.GetField: Not found: 'CreatedBy'
----------->     (WARNING)  GridTable.GetField: Not found: 'Updated'
----------->     (WARNING)  GridTable.GetField: Not found: 'UpdatedBy'
===========>     (SEVERE)   OracleHelper.ExecuteDataset: ORA-00942: table or view does not exist [Query D] => SELECT vadms_windowdoclink_id, record_id FROM VADMS_WindowDocLink wdl JOIN vadms_document doc ON wdl.VADMS_Document_ID  =doc.VADMS_Document_ID WHERE doc.vadms_docstatus!='DD' AND AD_Table_ID =226
----------->     (WARNING)  GridTable.GetField: Not found: 'Created'
----------->     (WARNING)  GridTable.GetField: Not found: 'CreatedBy'
----------->     (WARNING)  GridTable.GetField: Not found: 'Updated'
----------->     (WARNING)  GridTable.GetField: Not found: 'UpdatedBy'
===========>     (SEVERE)   OracleHelper.ExecuteDataset: ORA-00942: table or view does not exist [Query D] => SELECT vadms_windowdoclink_id, record_id FROM VADMS_WindowDocLink wdl JOIN vadms_document doc ON wdl.VADMS_Document_ID  =doc.VADMS_Document_ID WHERE doc.vadms_docstatus!='DD' AND AD_Table_ID =1000666
04:46:31.463    (INFO)     Trx.Start: **** ConnSH637058043910388960System.Random
04:46:31.463    (INFO)     Trx.Commit: **C** ConnSH637058043910388960System.Random
04:46:32.463    (INFO)     Trx.Start: **** ConnSH637058043927552879System.Random
04:46:32.463    (INFO)     Trx.Commit: **C** ConnSH637058043927552879System.Random
04:46:34.463    (INFO)     Trx.Start: **** ConnSH637058043940841923System.Random
04:46:34.463    (INFO)     Trx.Commit: **C** ConnSH637058043940841923System.Random
04:46:38.463    (INFO)     Trx.Start: **** ConnSH637058043988364208System.Random
04:46:38.463    (INFO)     Trx.Commit: **C** ConnSH637058043988364208System.Random
04:46:41.464    (INFO)     Trx.Start: **** ConnSH637058044010154327System.Random
04:46:41.464    (INFO)     Trx.Commit: **C** ConnSH637058044010154327System.Random
04:46:46.464    (INFO)     Trx.Start: **** ConnSH637058044062340130System.Random
04:46:46.464    (INFO)     Trx.Commit: **C** ConnSH637058044062340130System.Random
04:46:49.464    (INFO)     Trx.Start: **** ConnSH637058044093693874System.Random
04:46:49.464    (INFO)     Trx.Commit: **C** ConnSH637058044093693874System.Random
04:46:50.465    (INFO)     Trx.Start: **** ConnSH637058044102131178System.Random
04:46:50.465    (INFO)     Trx.Commit: **C** ConnSH637058044102131178System.Random
04:47:12.471    (INFO)     Trx.Start: **** ConnSH637058044324155808System.Random
04:47:12.471    (INFO)     Trx.Commit: **C** ConnSH637058044324155808System.Random
04:47:20.472    (INFO)     MSession.Logout: 06:33:04.247
04:49:33.493    (INFO)     MRole.Get: AD_Role_ID=1000118, AD_User_ID=1005338, reload=True
04:49:33.493    (INFO)     MRole.Get: MRole[1000118,Vienna Group Admin,UserLevel= CO,AD_Client_ID IN(0,1000005),AD_Org_ID IN(0,1000008,1000009,1000017,1000018,1000019,1000020,1000021)]
04:49:33.493    (INFO)     MTree.Load: AD_Tree_ID=10, AD_User_ID=1005338, Editable=False, OnClient=True
===========>     (SEVERE)   MTree.LoadNodes: Nodes w/o parent - adding to root - System.Collections.Generic.List`1[VAdvantage.Classes.VTreeNode]
04:49:33.493    (INFO)     Trx.Start: **** ConnSH637058045735987925System.Random
04:49:33.493    (INFO)     Trx.Commit: **C** ConnSH637058045735987925System.Random
----------->     (WARNING)  AccessSqlParser.GetTableInfo: More than one FROM clause - SELECT AppointmentsInfo.Appointmentsinfo_id AS ID,AppointmentsInfo.AD_Client_ID,AppointmentsInfo.AD_Org_ID  FROM AppointmentsInfo JOIN AD_User ON AD_User.AD_User_ID =AppointmentsInfo.CreatedBy WHERE AppointmentsInfo.IsRead='N' AND AppointmentsInfo.istask ='N'  AND AppointmentsInfo.AD_User_ID  = 1005338  UNION SELECT AppointmentsInfo.Appointmentsinfo_id AS ID, AppointmentsInfo.AD_Client_ID,AppointmentsInfo.AD_Org_ID FROM AppointmentsInfo  JOIN AD_User ON AD_User.AD_User_ID = AppointmentsInfo.CreatedBy  WHERE (AppointmentsInfo.IsRead ='Y'   AND AppointmentsInfo.AD_User_ID = 1005338 )  AND AppointmentsInfo.istask ='N'  AND AppointmentsInfo.startDate BETWEEN to_date('10/03/19','mm/dd/yy') and to_date('10/11/19 23.59','mm/dd/yy HH24:MI')   OR  to_date('10/04/19','mm/dd/yy')  BETWEEN  AppointmentsInfo.startDate  AND AppointmentsInfo.endDate  AND  AppointmentsInfo.CreatedBy  !=1005338 AND AppointmentsInfo.AD_User_ID  = 1005338)
----------->     (WARNING)  AccessSqlParser.GetTableInfo: Could not remove ON AppointmentsInfo JOIN AD_User ON AD_User.AD_User_ID =AppointmentsInfo.CreatedBy
04:50:00.500    (INFO)     MSession.Logout: 06:34:38.274
05:02:07.270    (INFO)     AEnv.GetMWindowVO: Cached=VAdvantage.Controller.GridWindowVO
----------->     (WARNING)  GridTable.GetField: Not found: 'Created'
----------->     (WARNING)  GridTable.GetField: Not found: 'CreatedBy'
----------->     (WARNING)  GridTable.GetField: Not found: 'Updated'
----------->     (WARNING)  GridTable.GetField: Not found: 'UpdatedBy'
===========>     (SEVERE)   OracleHelper.ExecuteDataset: ORA-00942: table or view does not exist [Query D] => SELECT vadms_windowdoclink_id, record_id FROM VADMS_WindowDocLink wdl JOIN vadms_document doc ON wdl.VADMS_Document_ID  =doc.VADMS_Document_ID WHERE doc.vadms_docstatus!='DD' AND AD_Table_ID =224
----------->     (WARNING)  GridTable.GetField: Not found: 'Created'
----------->     (WARNING)  GridTable.GetField: Not found: 'CreatedBy'
----------->     (WARNING)  GridTable.GetField: Not found: 'Updated'
----------->     (WARNING)  GridTable.GetField: Not found: 'UpdatedBy'
===========>     (SEVERE)   OracleHelper.ExecuteDataset: ORA-00942: table or view does not exist [Query D] => SELECT vadms_windowdoclink_id, record_id FROM VADMS_WindowDocLink wdl JOIN vadms_document doc ON wdl.VADMS_Document_ID  =doc.VADMS_Document_ID WHERE doc.vadms_docstatus!='DD' AND AD_Table_ID =226
----------->     (WARNING)  GridTable.GetField: Not found: 'Created'
----------->     (WARNING)  GridTable.GetField: Not found: 'CreatedBy'
----------->     (WARNING)  GridTable.GetField: Not found: 'Updated'
----------->     (WARNING)  GridTable.GetField: Not found: 'UpdatedBy'
===========>     (SEVERE)   OracleHelper.ExecuteDataset: ORA-00942: table or view does not exist [Query D] => SELECT vadms_windowdoclink_id, record_id FROM VADMS_WindowDocLink wdl JOIN vadms_document doc ON wdl.VADMS_Document_ID  =doc.VADMS_Document_ID WHERE doc.vadms_docstatus!='DD' AND AD_Table_ID =1000666
05:02:07.270    (INFO)     Trx.Start: **** ConnSH637058053272000230System.Random
05:02:07.270    (INFO)     Trx.Commit: **C** ConnSH637058053272000230System.Random
05:02:08.280    (INFO)     Trx.Start: **** ConnSH637058053288441702System.Random
05:02:08.280    (INFO)     Trx.Commit: **C** ConnSH637058053288441702System.Random
05:02:10.210    (INFO)     Trx.Start: **** ConnSH637058053305116923System.Random
05:02:10.210    (INFO)     Trx.Commit: **C** ConnSH637058053305116923System.Random
05:02:16.216    (INFO)     Trx.Start: **** ConnSH637058053368908580System.Random
05:02:16.216    (INFO)     Trx.Commit: **C** ConnSH637058053368908580System.Random
05:02:19.219    (INFO)     Trx.Start: **** ConnSH637058053393220852System.Random
05:02:19.219    (INFO)     Trx.Commit: **C** ConnSH637058053393220852System.Random
05:02:32.232    (INFO)     Trx.Start: **** ConnSH637058053523315355System.Random
05:02:32.232    (INFO)     Trx.Commit: **C** ConnSH637058053523315355System.Random
*** 10/4/2019 6:43:21 PM VAdvantage Log ***
