*** 12/10/2019 5:00:22 PM VAdvantage Log  ***
----------->     (WARNING)  GridTable.GetField: Not found: 'Created'
----------->     (WARNING)  GridTable.GetField: Not found: 'CreatedBy'
----------->     (WARNING)  GridTable.GetField: Not found: 'Updated'
----------->     (WARNING)  GridTable.GetField: Not found: 'UpdatedBy'
----------->     (WARNING)  GridTable.GetField: Not found: 'Created'
----------->     (WARNING)  GridTable.GetField: Not found: 'CreatedBy'
----------->     (WARNING)  GridTable.GetField: Not found: 'Updated'
----------->     (WARNING)  GridTable.GetField: Not found: 'UpdatedBy'
----------->     (WARNING)  GridTable.GetField: Not found: 'Created'
----------->     (WARNING)  GridTable.GetField: Not found: 'CreatedBy'
----------->     (WARNING)  GridTable.GetField: Not found: 'Updated'
----------->     (WARNING)  GridTable.GetField: Not found: 'UpdatedBy'
----------->     (WARNING)  GridTable.GetField: Not found: 'Created'
----------->     (WARNING)  GridTable.GetField: Not found: 'CreatedBy'
----------->     (WARNING)  GridTable.GetField: Not found: 'Updated'
----------->     (WARNING)  GridTable.GetField: Not found: 'UpdatedBy'
----------->     (WARNING)  GridTable.GetField: Not found: 'Created'
----------->     (WARNING)  GridTable.GetField: Not found: 'CreatedBy'
----------->     (WARNING)  GridTable.GetField: Not found: 'Updated'
----------->     (WARNING)  GridTable.GetField: Not found: 'UpdatedBy'
----------->     (WARNING)  GridTable.GetField: Not found: 'Created'
----------->     (WARNING)  GridTable.GetField: Not found: 'CreatedBy'
----------->     (WARNING)  GridTable.GetField: Not found: 'Updated'
----------->     (WARNING)  GridTable.GetField: Not found: 'UpdatedBy'
----------->     (WARNING)  GridTable.GetField: Not found: 'Created'
----------->     (WARNING)  GridTable.GetField: Not found: 'CreatedBy'
----------->     (WARNING)  GridTable.GetField: Not found: 'Updated'
----------->     (WARNING)  GridTable.GetField: Not found: 'UpdatedBy'
----------->     (WARNING)  GridTable.GetField: Not found: 'Created'
----------->     (WARNING)  GridTable.GetField: Not found: 'CreatedBy'
----------->     (WARNING)  GridTable.GetField: Not found: 'Updated'
----------->     (WARNING)  GridTable.GetField: Not found: 'UpdatedBy'
05:00:22.022    (INFO)     Trx.Start: **** ConnSH637115940228535183System.Random
05:00:22.022    (INFO)     Trx.Commit: **C** ConnSH637115940228535183System.Random
05:00:24.024    (INFO)     Trx.Start: **** ConnSH637115940246554354System.Random
05:00:24.024    (INFO)     Trx.Commit: **C** ConnSH637115940246554354System.Random
05:00:29.029    (INFO)     Trx.Start: **** ConnSH637115940292992207System.Random
05:00:29.029    (INFO)     Trx.Commit: **C** ConnSH637115940292992207System.Random
05:00:29.029    (INFO)     MChangeLog.FillChangeLog: #9
05:00:29.029    (INFO)     CacheMgt.Reset: AD_Process: #1 (1)
05:00:39.039    (INFO)     Trx.Start: **** ConnSH637115940390837891System.Random
05:00:39.039    (INFO)     Trx.Commit: **C** ConnSH637115940390837891System.Random
05:00:40.040    (INFO)     Trx.Start: **** ConnSH637115940407177238System.Random
05:00:40.040    (INFO)     Trx.Commit: **C** ConnSH637115940407177238System.Random
05:00:40.040    (INFO)     CacheMgt.Reset: AD_Process: #1 (1)
05:00:46.046    (INFO)     Trx.Start: **** ConnSH637115940461664840System.Random
05:00:46.046    (INFO)     Trx.Commit: **C** ConnSH637115940461664840System.Random
05:00:46.046    (INFO)     CacheMgt.Reset: AD_Process: #1 (1)
===========>     (SEVERE)   LDAP.Validate: Error in LDAP for user SuperUser : The server is not operational.

05:14:21.142    (INFO)     MRole.Get: AD_Role_ID=0, AD_User_ID=100, reload=True
05:14:21.142    (INFO)     MRole.Get: MRole[0,System Administrator,UserLevel=S  ,AD_Client_ID=0,AD_Org_ID=0]
05:14:21.142    (INFO)     MTree.Load: AD_Tree_ID=121, AD_User_ID=100, Editable=False, OnClient=True
===========>     (SEVERE)   MTree.LoadNodes: Nodes w/o parent - adding to root - System.Collections.Generic.List`1[VAdvantage.Classes.VTreeNode]
05:14:22.142    (INFO)     Trx.Start: **** ConnSH637115948621470855System.Random
05:14:22.142    (INFO)     Trx.Commit: **C** ConnSH637115948621470855System.Random
----------->     (WARNING)  AccessSqlParser.GetTableInfo: More than one FROM clause - SELECT AppointmentsInfo.Appointmentsinfo_id AS ID,AppointmentsInfo.AD_Client_ID,AppointmentsInfo.AD_Org_ID  FROM AppointmentsInfo JOIN AD_User ON AD_User.AD_User_ID =AppointmentsInfo.CreatedBy WHERE AppointmentsInfo.IsRead='N' AND AppointmentsInfo.istask ='N'  AND AppointmentsInfo.AD_User_ID  = 100  UNION SELECT AppointmentsInfo.Appointmentsinfo_id AS ID, AppointmentsInfo.AD_Client_ID,AppointmentsInfo.AD_Org_ID FROM AppointmentsInfo  JOIN AD_User ON AD_User.AD_User_ID = AppointmentsInfo.CreatedBy  WHERE (AppointmentsInfo.IsRead ='Y'   AND AppointmentsInfo.AD_User_ID = 100 )  AND AppointmentsInfo.istask ='N'  AND AppointmentsInfo.startDate BETWEEN to_date('12/09/19','mm/dd/yy') and to_date('12/17/19 23.59','mm/dd/yy HH24:MI')   OR  to_date('12/10/19','mm/dd/yy')  BETWEEN  AppointmentsInfo.startDate  AND AppointmentsInfo.endDate  AND  AppointmentsInfo.CreatedBy  !=100 AND AppointmentsInfo.AD_User_ID  = 100)
----------->     (WARNING)  AccessSqlParser.GetTableInfo: Could not remove ON AppointmentsInfo JOIN AD_User ON AD_User.AD_User_ID =AppointmentsInfo.CreatedBy
05:14:23.142    (INFO)     AEnv.GetMWindowVO: Cached=
----------->     (WARNING)  GridTable.GetField: Not found: 'Created'
----------->     (WARNING)  GridTable.GetField: Not found: 'CreatedBy'
----------->     (WARNING)  GridTable.GetField: Not found: 'Updated'
----------->     (WARNING)  GridTable.GetField: Not found: 'UpdatedBy'
----------->     (WARNING)  GridTable.GetField: Not found: 'Created'
----------->     (WARNING)  GridTable.GetField: Not found: 'CreatedBy'
----------->     (WARNING)  GridTable.GetField: Not found: 'Updated'
----------->     (WARNING)  GridTable.GetField: Not found: 'UpdatedBy'
----------->     (WARNING)  GridTable.GetField: Not found: 'Created'
----------->     (WARNING)  GridTable.GetField: Not found: 'CreatedBy'
----------->     (WARNING)  GridTable.GetField: Not found: 'Updated'
----------->     (WARNING)  GridTable.GetField: Not found: 'UpdatedBy'
----------->     (WARNING)  GridTable.GetField: Not found: 'Created'
----------->     (WARNING)  GridTable.GetField: Not found: 'CreatedBy'
----------->     (WARNING)  GridTable.GetField: Not found: 'Updated'
----------->     (WARNING)  GridTable.GetField: Not found: 'UpdatedBy'
----------->     (WARNING)  GridTable.GetField: Not found: 'Created'
----------->     (WARNING)  GridTable.GetField: Not found: 'CreatedBy'
----------->     (WARNING)  GridTable.GetField: Not found: 'Updated'
----------->     (WARNING)  GridTable.GetField: Not found: 'UpdatedBy'
----------->     (WARNING)  GridTable.GetField: Not found: 'Created'
----------->     (WARNING)  GridTable.GetField: Not found: 'CreatedBy'
----------->     (WARNING)  GridTable.GetField: Not found: 'Updated'
----------->     (WARNING)  GridTable.GetField: Not found: 'UpdatedBy'
----------->     (WARNING)  GridTable.GetField: Not found: 'Created'
----------->     (WARNING)  GridTable.GetField: Not found: 'CreatedBy'
----------->     (WARNING)  GridTable.GetField: Not found: 'Updated'
----------->     (WARNING)  GridTable.GetField: Not found: 'UpdatedBy'
----------->     (WARNING)  GridTable.GetField: Not found: 'Created'
----------->     (WARNING)  GridTable.GetField: Not found: 'CreatedBy'
----------->     (WARNING)  GridTable.GetField: Not found: 'Updated'
----------->     (WARNING)  GridTable.GetField: Not found: 'UpdatedBy'
05:14:24.142    (INFO)     Trx.Start: **** ConnSH637115948642060420System.Random
05:14:24.142    (INFO)     Trx.Commit: **C** ConnSH637115948642060420System.Random
05:14:26.142    (INFO)     Trx.Start: **** ConnSH637115948661073874System.Random
05:14:26.142    (INFO)     Trx.Commit: **C** ConnSH637115948661073874System.Random
05:14:47.144    (INFO)     Trx.Start: **** ConnSH637115948877681049System.Random
05:14:47.144    (INFO)     Trx.Commit: **C** ConnSH637115948877681049System.Random
05:14:48.144    (INFO)     CacheMgt.Reset: AD_Process: #1 (1)
05:14:54.145    (INFO)     Trx.Start: **** ConnSH637115948942634041System.Random
05:14:54.145    (INFO)     Trx.Commit: **C** ConnSH637115948942634041System.Random
05:14:56.145    (INFO)     Trx.Start: **** ConnSH637115948963634678System.Random
05:14:56.145    (INFO)     Trx.Commit: **C** ConnSH637115948963634678System.Random
05:14:56.145    (INFO)     CacheMgt.Reset: AD_Process: #1 (1)
05:15:02.152    (INFO)     Trx.Start: **** ConnSH637115949029222436System.Random
05:15:03.153    (INFO)     Trx.Commit: **C** ConnSH637115949029222436System.Random
05:15:03.153    (INFO)     CacheMgt.Reset: AD_Process: #1 (1)
05:15:08.158    (INFO)     Trx.Start: **** ConnSH637115949084577272System.Random
05:15:08.158    (INFO)     Trx.Commit: **C** ConnSH637115949084577272System.Random
05:15:08.158    (INFO)     CacheMgt.Reset: AD_Process: #1 (1)
05:15:26.152    (INFO)     Trx.Start: **** ConnSH637115949260560167System.Random
05:15:26.152    (INFO)     Trx.Commit: **C** ConnSH637115949260560167System.Random
05:15:26.152    (INFO)     CacheMgt.Reset: AD_Process: #1 (1)
05:15:55.155    (INFO)     Trx.Start: **** ConnSH637115949558791168System.Random
05:15:55.155    (INFO)     Trx.Commit: **C** ConnSH637115949558791168System.Random
05:15:56.155    (INFO)     CacheMgt.Reset: AD_Process: #1 (1)
*** 12/10/2019 6:14:22 PM VAdvantage Log ***
