*** 11/18/2019 10:40:15 AM VAdvantage Log  ***
10:40:15.401    (INFO)     Trx.Start: **** ConnSH637096704158051431System.Random
10:40:15.401    (INFO)     Trx.Commit: **C** ConnSH637096704158051431System.Random
10:40:15.401    (INFO)     MChangeLog.FillChangeLog: #9
10:40:16.401    (INFO)     CacheReset.DoIt: 
10:40:16.401    (INFO)     Env.Reset: finalCall=False
10:40:16.401    (INFO)     CacheMgt.Reset: #16 (7878)
10:40:16.401    (INFO)     MRole.Get: AD_Role_ID=0, AD_User_ID=0, reload=True
10:40:16.401    (INFO)     MRole.Get: MRole[0,System Administrator,UserLevel=S  ,AD_Client_ID=0,AD_Org_ID=0]
10:40:16.401    (INFO)     MRole.Get: AD_Role_ID=102, AD_User_ID=101, reload=True
10:40:16.401    (INFO)     MRole.Get: MRole[102,IdeasInc Admin,UserLevel= CO,AD_Client_ID IN (0,11),]
10:40:16.401    (INFO)     MChangeLog.FillChangeLog: #9
10:40:16.401    (INFO)     CacheMgt.Reset: AD_Process: #1 (1)
10:40:16.401    (INFO)     Trx.Start: **** ConnSH637096704163472434System.Random
10:40:16.401    (INFO)     Trx.Commit: **C** ConnSH637096704163472434System.Random
10:40:16.401    (INFO)     Trx.Start: **** ConnSH637096704164231855System.Random
10:40:16.401    (INFO)     Trx.Commit: **C** ConnSH637096704164231855System.Random
10:40:17.401    (INFO)     Msg.InitMsg: Records=5823 - en_US
10:40:17.401    (INFO)     Trx.Start: **** ConnSH637096704171311217System.Random
10:40:17.401    (INFO)     Trx.Commit: **C** ConnSH637096704171311217System.Random
10:40:17.401    (INFO)     Trx.Start: **** ConnSH637096704172009931System.Random
10:40:17.401    (INFO)     Trx.Commit: **C** ConnSH637096704172009931System.Random
----------->     (WARNING)  GridTable.GetField: Not found: 'Created'
----------->     (WARNING)  GridTable.GetField: Not found: 'CreatedBy'
----------->     (WARNING)  GridTable.GetField: Not found: 'Updated'
----------->     (WARNING)  GridTable.GetField: Not found: 'UpdatedBy'
----------->     (WARNING)  GridTable.GetField: Not found: 'Created'
----------->     (WARNING)  GridTable.GetField: Not found: 'CreatedBy'
----------->     (WARNING)  GridTable.GetField: Not found: 'Updated'
----------->     (WARNING)  GridTable.GetField: Not found: 'UpdatedBy'
----------->     (WARNING)  GridTable.GetField: Not found: 'Created'
----------->     (WARNING)  GridTable.GetField: Not found: 'CreatedBy'
----------->     (WARNING)  GridTable.GetField: Not found: 'Updated'
----------->     (WARNING)  GridTable.GetField: Not found: 'UpdatedBy'
10:40:56.405    (INFO)     Trx.Start: **** ConnSH637096704568037413System.Random
10:40:56.405    (INFO)     Trx.Commit: **C** ConnSH637096704568037413System.Random
10:40:56.405    (INFO)     Trx.Start: **** ConnSH637096704568864696System.Random
10:40:56.405    (INFO)     Trx.Commit: **C** ConnSH637096704568864696System.Random
10:40:57.405    (INFO)     Trx.Start: **** ConnSH637096704574340274System.Random
10:40:57.405    (INFO)     Trx.Commit: **C** ConnSH637096704574340274System.Random
10:40:57.405    (INFO)     Trx.Start: **** ConnSH637096704575946918System.Random
10:40:57.405    (INFO)     Trx.Commit: **C** ConnSH637096704575946918System.Random
----------->     (WARNING)  GridTable.GetField: Not found: 'Created'
----------->     (WARNING)  GridTable.GetField: Not found: 'CreatedBy'
----------->     (WARNING)  GridTable.GetField: Not found: 'Updated'
----------->     (WARNING)  GridTable.GetField: Not found: 'UpdatedBy'
10:42:29.422    (INFO)     Trx.Start: **** ConnSH637096705494111258System.Random
10:42:29.422    (INFO)     Trx.Commit: **C** ConnSH637096705494111258System.Random
10:42:38.423    (INFO)     Trx.Start: **** ConnSH637096705580861698System.Random
10:42:38.423    (INFO)     Trx.Commit: **C** ConnSH637096705580861698System.Random
*** 11/18/2019 12:13:03 PM VAdvantage Log ***
