*** 11/26/2019 3:32:25 PM VAdvantage Log  ***
03:32:25.322    (INFO)     Trx.Start: **** ConnSH637103791454644405System.Random
03:32:25.322    (INFO)     Trx.Commit: **C** ConnSH637103791454644405System.Random
03:32:25.322    (INFO)     MChangeLog.FillChangeLog: #9
03:32:25.322    (INFO)     CacheReset.DoIt: 
03:32:25.322    (INFO)     Env.Reset: finalCall=False
03:32:25.322    (INFO)     CacheMgt.Reset: #16 (7884)
03:32:25.322    (INFO)     MRole.Get: AD_Role_ID=0, AD_User_ID=0, reload=True
03:32:25.322    (INFO)     MRole.Get: MRole[0,System Administrator,UserLevel=S  ,AD_Client_ID=0,AD_Org_ID=0]
03:32:25.322    (INFO)     MRole.Get: AD_Role_ID=102, AD_User_ID=101, reload=True
03:32:26.322    (INFO)     MRole.Get: MRole[102,IdeasInc Admin,UserLevel= CO,AD_Client_ID IN (0,11),]
03:32:26.322    (INFO)     MChangeLog.FillChangeLog: #9
03:32:26.322    (INFO)     CacheMgt.Reset: AD_Process: #1 (1)
03:32:26.322    (INFO)     Trx.Start: **** ConnSH637103791461977781System.Random
03:32:26.322    (INFO)     Trx.Commit: **C** ConnSH637103791461977781System.Random
03:32:26.322    (INFO)     Trx.Start: **** ConnSH637103791462632491System.Random
03:32:26.322    (INFO)     Trx.Commit: **C** ConnSH637103791462632491System.Random
03:32:26.322    (INFO)     Msg.InitMsg: Records=5823 - en_US
03:32:26.322    (INFO)     Trx.Start: **** ConnSH637103791469523354System.Random
03:32:27.322    (INFO)     Trx.Commit: **C** ConnSH637103791469523354System.Random
03:32:27.322    (INFO)     Trx.Start: **** ConnSH637103791470162523System.Random
03:32:27.322    (INFO)     Trx.Commit: **C** ConnSH637103791470162523System.Random
===========>     (SEVERE)   VLookUpInfo.GetLookup_DisplayColumn: No Identifier records found: C_CONSOLIDATIONREFERENCE
===========>     (SEVERE)   VLookUpInfo.GetLookup_DisplayColumn: No Identifier records found: VA204_RewardCardM
----------->     (WARNING)  AccessSqlParser.GetTableInfo: More than one FROM clause - SELECT VA204_RewardCardM.VA204_RewardCardM_ID,NULL,NULL,VA204_RewardCardM.IsActive FROM VA204_RewardCardM WHERE VA204_RewardCardM.VA204_RewardCardM_ID NOT IN( SELECT VA204_RewardCardM_ID 
  FROM C_BPartner
  WHERE VA204_RewardCardM_ID IS NOT NULL)
----------->     (WARNING)  AccessSqlParser.GetTableInfo: More than one FROM clause - SELECT VA204_RewardCardM.VA204_RewardCardM_ID,NULL,NULL,VA204_RewardCardM.IsActive FROM VA204_RewardCardM WHERE VA204_RewardCardM.VA204_RewardCardM_ID NOT IN( SELECT VA204_RewardCardM_ID 
  FROM C_BPartner
  WHERE VA204_RewardCardM_ID IS NOT NULL)
----------->     (WARNING)  GridTable.GetField: Not found: 'Created'
----------->     (WARNING)  GridTable.GetField: Not found: 'CreatedBy'
----------->     (WARNING)  GridTable.GetField: Not found: 'Updated'
----------->     (WARNING)  GridTable.GetField: Not found: 'UpdatedBy'
----------->     (WARNING)  GridTable.GetField: Not found: 'Created'
----------->     (WARNING)  GridTable.GetField: Not found: 'CreatedBy'
----------->     (WARNING)  GridTable.GetField: Not found: 'Updated'
----------->     (WARNING)  GridTable.GetField: Not found: 'UpdatedBy'
----------->     (WARNING)  GridTable.GetField: Not found: 'Created'
----------->     (WARNING)  GridTable.GetField: Not found: 'CreatedBy'
----------->     (WARNING)  GridTable.GetField: Not found: 'Updated'
----------->     (WARNING)  GridTable.GetField: Not found: 'UpdatedBy'
----------->     (WARNING)  GridTable.GetField: Not found: 'Created'
----------->     (WARNING)  GridTable.GetField: Not found: 'CreatedBy'
----------->     (WARNING)  GridTable.GetField: Not found: 'Updated'
----------->     (WARNING)  GridTable.GetField: Not found: 'UpdatedBy'
----------->     (WARNING)  GridTable.GetField: Not found: 'Created'
----------->     (WARNING)  GridTable.GetField: Not found: 'CreatedBy'
----------->     (WARNING)  GridTable.GetField: Not found: 'Updated'
----------->     (WARNING)  GridTable.GetField: Not found: 'UpdatedBy'
----------->     (WARNING)  GridTable.GetField: Not found: 'Created'
----------->     (WARNING)  GridTable.GetField: Not found: 'CreatedBy'
----------->     (WARNING)  GridTable.GetField: Not found: 'Updated'
----------->     (WARNING)  GridTable.GetField: Not found: 'UpdatedBy'
----------->     (WARNING)  GridTable.GetField: Not found: 'Created'
----------->     (WARNING)  GridTable.GetField: Not found: 'CreatedBy'
----------->     (WARNING)  GridTable.GetField: Not found: 'Updated'
----------->     (WARNING)  GridTable.GetField: Not found: 'UpdatedBy'
----------->     (WARNING)  GridTable.GetField: Not found: 'Created'
----------->     (WARNING)  GridTable.GetField: Not found: 'CreatedBy'
----------->     (WARNING)  GridTable.GetField: Not found: 'Updated'
----------->     (WARNING)  GridTable.GetField: Not found: 'UpdatedBy'
----------->     (WARNING)  GridTable.GetField: Not found: 'Created'
----------->     (WARNING)  GridTable.GetField: Not found: 'CreatedBy'
----------->     (WARNING)  GridTable.GetField: Not found: 'Updated'
----------->     (WARNING)  GridTable.GetField: Not found: 'UpdatedBy'
----------->     (WARNING)  GridTable.GetField: Not found: 'Created'
----------->     (WARNING)  GridTable.GetField: Not found: 'CreatedBy'
----------->     (WARNING)  GridTable.GetField: Not found: 'Updated'
----------->     (WARNING)  GridTable.GetField: Not found: 'UpdatedBy'
----------->     (WARNING)  GridTable.GetField: Not found: 'Created'
----------->     (WARNING)  GridTable.GetField: Not found: 'CreatedBy'
----------->     (WARNING)  GridTable.GetField: Not found: 'Updated'
----------->     (WARNING)  GridTable.GetField: Not found: 'UpdatedBy'
----------->     (WARNING)  GridTable.GetField: Not found: 'Created'
----------->     (WARNING)  GridTable.GetField: Not found: 'CreatedBy'
----------->     (WARNING)  GridTable.GetField: Not found: 'Updated'
----------->     (WARNING)  GridTable.GetField: Not found: 'UpdatedBy'
----------->     (WARNING)  GridTable.GetField: Not found: 'Created'
----------->     (WARNING)  GridTable.GetField: Not found: 'CreatedBy'
----------->     (WARNING)  GridTable.GetField: Not found: 'Updated'
----------->     (WARNING)  GridTable.GetField: Not found: 'UpdatedBy'
03:32:36.323    (INFO)     Trx.Start: **** ConnSH637103791564694857System.Random
03:32:36.323    (INFO)     Trx.Commit: **C** ConnSH637103791564694857System.Random
03:32:36.323    (INFO)     Trx.Start: **** ConnSH637103791565885698System.Random
03:32:36.323    (INFO)     Trx.Commit: **C** ConnSH637103791565885698System.Random
===========>     (SEVERE)   DB_Oracle.ExecuteDatasetPaging: ORA-00918: column ambiguously defined [Query NQTrx]select * FROM (SELECT t.*, rownum AS row_num FROM (SELECT C_CONSOLIDATIONREFERENCE.C_CONSOLIDATIONREFERENCE_ID,NULL,NULL,C_CONSOLIDATIONREFERENCE.IsActive FROM C_CONSOLIDATIONREFERENCE WHERE C_CONSOLIDATIONREFERENCE.AD_Client_ID IN (0,11) ORDER BY 3) t ) WHERE row_num BETWEEN (((1 - 1) * 1000) + 1) AND ((1 * 1000))
===========>     (SEVERE)   DB_Oracle.ExecuteDatasetPaging: ORA-00942: table or view does not exist [Query NQTrx]select * FROM (SELECT t.*, rownum AS row_num FROM (SELECT VA204_RewardCardM.VA204_RewardCardM_ID,NULL,NULL,VA204_RewardCardM.IsActive FROM VA204_RewardCardM WHERE VA204_RewardCardM.VA204_RewardCardM_ID NOT IN( SELECT VA204_RewardCardM_ID 
  FROM C_BPartner
  WHERE VA204_RewardCardM_ID IS NOT NULL) AND VA204_RewardCardM.AD_Client_ID IN (0,11) ORDER BY 3) t ) WHERE row_num BETWEEN (((1 - 1) * 1000) + 1) AND ((1 * 1000))
03:32:40.324    (INFO)     Trx.Start: **** ConnSH637103791603588527System.Random
03:32:40.324    (INFO)     Trx.Commit: **C** ConnSH637103791603588527System.Random
03:32:40.324    (INFO)     Trx.Start: **** ConnSH637103791604298494System.Random
03:32:40.324    (INFO)     Trx.Commit: **C** ConnSH637103791604298494System.Random
===========>     (SEVERE)   VLookUpInfo.GetLookup_DisplayColumn: No Identifier records found: C_CONSOLIDATIONREFERENCE
===========>     (SEVERE)   VLookUpInfo.GetLookup_DisplayColumn: No Identifier records found: VA204_RewardCardM
----------->     (WARNING)  AccessSqlParser.GetTableInfo: More than one FROM clause - SELECT VA204_RewardCardM.VA204_RewardCardM_ID,NULL,NULL,VA204_RewardCardM.IsActive FROM VA204_RewardCardM WHERE VA204_RewardCardM.VA204_RewardCardM_ID NOT IN( SELECT VA204_RewardCardM_ID 
  FROM C_BPartner
  WHERE VA204_RewardCardM_ID IS NOT NULL)
----------->     (WARNING)  AccessSqlParser.GetTableInfo: More than one FROM clause - SELECT VA204_RewardCardM.VA204_RewardCardM_ID,NULL,NULL,VA204_RewardCardM.IsActive FROM VA204_RewardCardM WHERE VA204_RewardCardM.VA204_RewardCardM_ID NOT IN( SELECT VA204_RewardCardM_ID 
  FROM C_BPartner
  WHERE VA204_RewardCardM_ID IS NOT NULL)
----------->     (WARNING)  AccessSqlParser.GetTableInfo: Could not remove ON AD_User usr, C_BPartner bp ON usr.C_BPartner_ID=bp.C_BPartner_ID
----------->     (WARNING)  AccessSqlParser.GetTableInfo: Could not remove ON AD_User usr, C_BPartner bp ON usr.C_BPartner_ID=bp.C_BPartner_ID
===========>     (SEVERE)   VLookUpInfo.GetLookup_DisplayColumn: No Identifier records found: VAPOS_RewardCardM
===========>     (SEVERE)   VLookUpInfo.GetLookup_DisplayColumn: No Identifier records found: VAWMS_C_ConsolidationRef
===========>     (SEVERE)   OracleHelper.ExecuteDataset: ORA-00972: identifier is too long [Query D] =>SELECT AD_Client_ID,AD_Language,AD_OrgBP_ID,AD_Org_ID,AcqusitionCost,ActualLifeTimeValue,BPCODE,BPartner_Parent_ID,C_BP_Group_ID,C_BP_Size_ID,C_BP_Status_ID,C_BPartner_ID,C_BPartner_Ver_ID,C_CONSOLIDATIONREFERENCE_ID,C_Campaign_ID,C_Country_ID,C_DocType_ID,C_Dunning_ID,C_Greeting_ID,C_IndustryCode_ID,C_InvoiceSchedule_ID,C_JobCategory_ID,C_Job_ID,C_PaymentTerm_ID,CreateProject,CreateTargetList,Created,CreatedBy,CreditStatusSettingOn,CreditValidation,DUNS,DeliveryRule,DeliveryViaRule,Description,DocumentCopies,DocumentNo,EMPLOYEE_FILTER,EMPLOYEE_GRADE,EMPLOYEE_STATUS,EMail,Enroll_ID,Export_ID,Fax,FirstSale,FlatDiscount,FreightCostRule,Gender,GenerateAccount,InvoiceRule,Invoice_PrintFormat_ID,IsActive,IsAllowBlanketPO,IsAllowBlanketSO,IsCustomer,IsDiscountPrinted,IsEmployee,IsOneTime,IsProspect,IsSalesRep,IsSummary,IsTaxExempt,IsVendor,IsVersionApproved,LastGmailUpdated,LastLocalUpdated,M_DiscountSchema_ID,M_PriceList_ID,M_ReturnPolicy_ID,MaritalStatus,Mobile,NAICS,Name,Name2,Nationality,NumberEmployees,POReference,PO_DiscountSchema_ID,PO_PaymentTerm_ID,PO_PriceList_ID,PO_ReturnPolicy_ID,PaymentRule,PaymentRulePO,Pic,PotentialLifeTimeValue,Processed,ProcessedVersion,Processing,ProspectTargetList,Rating,RecordVersion,ReferenceNo,SALARYPROCESS,SOCreditStatus,SO_CreditLimit,SO_CreditUsed,SO_Description,SalesRep_ID,SalesVolume,SendEMail,ShareOfCustomer,ShelfLifeMinPct,SubscribeInterestArea,TaxID,TotalOpenBalance,UNIQUEEMPCODE,URL,Updated,UpdatedBy,VA008_IsReferCode,VA008_IsValidated,VA008_QualityRating,VA009_BPMandate_ID,VA009_IsBPMandate,VA009_PO_PaymentMethod_ID,VA009_PaymentMethod_ID,VA204_RewardCardM_ID,VAHRUAE_AD_User_ID,VAHRUAE_AccrualRule_ID,VAHRUAE_AddToEmployeeRoster,VAHRUAE_AdvanceAmount,VAHRUAE_AdvanceFrequency,VAHRUAE_BLOOD_GROUP,VAHRUAE_BP_Group,VAHRUAE_Birthday,VAHRUAE_DATE_JOINING,VAHRUAE_DateRelieved,VAHRUAE_DepartmentMaster_ID,VAHRUAE_FatherName,VAHRUAE_FrequencyType,VAHRUAE_GOSIRule_ID,VAHRUAE_HR_AttendanceRule_ID,VAHRUAE_HR_Employee,VAHRUAE_HR_Penality_ID,VAHRUAE_IndeminityRule_ID,VAHRUAE_IsEligibleForAdvance,VAHRUAE_LeaveSalaryRule_ID,VAHRUAE_LegalAgeToWork,VAHRUAE_MotherName,VAHRUAE_Nationality_ID,VAHRUAE_Probation,VAHRUAE_ProbationEnd,VAHRUAE_RelivingReason,VAHRUAE_Remarks,VAHRUAE_SalaryType,VAHRUAE_ShiftCompensation,VAPOS_RewardCardM_ID,VATAX_TaxType_ID,VAWMS_C_ConsolidationRef_ID,VSS_DEPARTMENTMASTER_ID,Value,VersionValidFrom,  (SELECT NVL(AD_Client.Name,'')  FROM AD_Client WHERE AD_Client.AD_Client_ID=C_BPartner_Ver.AD_Client_ID) AS AD_Client_ID_TXT,  (SELECT NVL(AD_Org.Name,'')  FROM AD_Org WHERE AD_Org.AD_Org_ID=C_BPartner_Ver.AD_Org_ID) AS AD_Org_ID_TXT,  (SELECT NVL(C_BP_Group.Name,'')  FROM C_BP_Group WHERE C_BP_Group.C_BP_Group_ID=C_BPartner_Ver.C_BP_Group_ID) AS C_BP_Group_ID_TXT,  (SELECT NVL(C_BP_Size.Name,'')  FROM C_BP_Size WHERE C_BP_Size.C_BP_Size_ID=C_BPartner_Ver.C_BP_Size_ID) AS C_BP_Size_ID_TXT,  (SELECT NVL(C_BP_Status.Name,'')  FROM C_BP_Status WHERE C_BP_Status.C_BP_Status_ID=C_BPartner_Ver.C_BP_Status_ID) AS C_BP_Status_ID_TXT,  (SELECT NVL(C_Campaign.Name,'')  FROM C_Campaign WHERE C_Campaign.C_Campaign_ID=C_BPartner_Ver.C_Campaign_ID) AS C_Campaign_ID_TXT,  (SELECT NVL(C_Country.Name,'')  FROM C_Country WHERE C_Country.C_Country_ID=C_BPartner_Ver.C_Country_ID) AS C_Country_ID_TXT,  (SELECT NVL(C_DocType.Name,'')  FROM C_DocType WHERE C_DocType.C_DocType_ID=C_BPartner_Ver.C_DocType_ID) AS C_DocType_ID_TXT,  (SELECT NVL(C_Dunning.Name,'')  FROM C_Dunning WHERE C_Dunning.C_Dunning_ID=C_BPartner_Ver.C_Dunning_ID) AS C_Dunning_ID_TXT,  (SELECT NVL(C_Greeting.Name,'')  FROM C_Greeting WHERE C_Greeting.C_Greeting_ID=C_BPartner_Ver.C_Greeting_ID) AS C_Greeting_ID_TXT,  (SELECT NVL(C_IndustryCode.Name,'')  FROM C_IndustryCode WHERE C_IndustryCode.C_IndustryCode_ID=C_BPartner_Ver.C_IndustryCode_ID) AS C_IndustryCode_ID_TXT,  (SELECT NVL(C_InvoiceSchedule.Name,'')  FROM C_InvoiceSchedule WHERE C_InvoiceSchedule.C_InvoiceSchedule_ID=C_BPartner_Ver.C_InvoiceSchedule_ID) AS C_InvoiceSchedule_ID_TXT,  (SELECT NVL(C_JobCategory.Name,'')  FROM C_JobCategory WHERE C_JobCategory.C_JobCategory_ID=C_BPartner_Ver.C_JobCategory_ID) AS C_JobCategory_ID_TXT,  (SELECT NVL(C_Job.Name,'')  FROM C_Job WHERE C_Job.C_Job_ID=C_BPartner_Ver.C_Job_ID) AS C_Job_ID_TXT,  (SELECT NVL(C_PaymentTerm.Name,'')  FROM C_PaymentTerm WHERE C_PaymentTerm.C_PaymentTerm_ID=C_BPartner_Ver.C_PaymentTerm_ID) AS C_PaymentTerm_ID_TXT,  (SELECT AD_User.Name  FROM AD_User WHERE AD_User.Name IS NOT NULL  AND AD_User.AD_User_ID=C_BPartner_Ver.CreatedBy) AS CreatedBy_TXT,  (SELECT AD_Ref_List.Name  FROM AD_Ref_List WHERE AD_Ref_List.AD_Reference_ID=1000251 AND AD_Ref_List.Value=C_BPartner_Ver.CreditStatusSettingOn) AS CreditStatusSettingOn_TXT,  (SELECT AD_Ref_List.Name  FROM AD_Ref_List WHERE AD_Ref_List.AD_Reference_ID=1000252 AND AD_Ref_List.Value=C_BPartner_Ver.CreditValidation) AS CreditValidation_TXT,  (SELECT AD_Ref_List.Name  FROM AD_Ref_List WHERE AD_Ref_List.AD_Reference_ID=151 AND AD_Ref_List.Value=C_BPartner_Ver.DeliveryRule) AS DeliveryRule_TXT,  (SELECT AD_Ref_List.Name  FROM AD_Ref_List WHERE AD_Ref_List.AD_Reference_ID=152 AND AD_Ref_List.Value=C_BPartner_Ver.DeliveryViaRule) AS DeliveryViaRule_TXT,  (SELECT AD_Ref_List.Name  FROM AD_Ref_List WHERE AD_Ref_List.AD_Reference_ID=1000009 AND AD_Ref_List.Value=C_BPartner_Ver.EMPLOYEE_STATUS) AS EMPLOYEE_STATUS_TXT,  (SELECT AD_Ref_List.Name  FROM AD_Ref_List WHERE AD_Ref_List.AD_Reference_ID=153 AND AD_Ref_List.Value=C_BPartner_Ver.FreightCostRule) AS FreightCostRule_TXT,  (SELECT AD_Ref_List.Name  FROM AD_Ref_List WHERE AD_Ref_List.AD_Reference_ID=1000020 AND AD_Ref_List.Value=C_BPartner_Ver.Gender) AS Gender_TXT,  (SELECT AD_Ref_List.Name  FROM AD_Ref_List WHERE AD_Ref_List.AD_Reference_ID=150 AND AD_Ref_List.Value=C_BPartner_Ver.InvoiceRule) AS InvoiceRule_TXT,  (SELECT AD_PrintFormat.Name  FROM AD_PrintFormat WHERE AD_PrintFormat.Name IS NOT NULL  AND AD_PrintFormat.AD_Table_ID=516 or AD_Table_ID=1000297 AND AD_PrintFormat.AD_PrintFormat_ID=C_BPartner_Ver.Invoice_PrintFormat_ID) AS Invoice_PrintFormat_ID_TXT,  (SELECT M_DiscountSchema.Name  FROM M_DiscountSchema WHERE M_DiscountSchema.Name IS NOT NULL  AND M_DiscountSchema.DiscountType<>'P' AND M_DiscountSchema.M_DiscountSchema_ID=C_BPartner_Ver.M_DiscountSchema_ID) AS M_DiscountSchema_ID_TXT,  (SELECT NVL(M_PriceList.Name,'')  FROM M_PriceList WHERE M_PriceList.M_PriceList_ID=C_BPartner_Ver.M_PriceList_ID) AS M_PriceList_ID_TXT,  (SELECT NVL(M_ReturnPolicy.Name,'')  FROM M_ReturnPolicy WHERE M_ReturnPolicy.M_ReturnPolicy_ID=C_BPartner_Ver.M_ReturnPolicy_ID) AS M_ReturnPolicy_ID_TXT,  (SELECT AD_Ref_List.Name  FROM AD_Ref_List WHERE AD_Ref_List.AD_Reference_ID=1000021 AND AD_Ref_List.Value=C_BPartner_Ver.MaritalStatus) AS MaritalStatus_TXT,  (SELECT M_DiscountSchema.Name  FROM M_DiscountSchema WHERE M_DiscountSchema.Name IS NOT NULL  AND M_DiscountSchema.DiscountType<>'P' AND M_DiscountSchema.M_DiscountSchema_ID=C_BPartner_Ver.PO_DiscountSchema_ID) AS PO_DiscountSchema_ID_TXT,  (SELECT C_PaymentTerm.Name  FROM C_PaymentTerm WHERE C_PaymentTerm.Name IS NOT NULL  AND C_PaymentTerm.C_PaymentTerm_ID=C_BPartner_Ver.PO_PaymentTerm_ID) AS PO_PaymentTerm_ID_TXT,  (SELECT M_PriceList.Name  FROM M_PriceList WHERE M_PriceList.Name IS NOT NULL  AND M_PriceList.M_PriceList_ID=C_BPartner_Ver.PO_PriceList_ID) AS PO_PriceList_ID_TXT,  (SELECT M_ReturnPolicy.Name  FROM M_ReturnPolicy WHERE M_ReturnPolicy.Name IS NOT NULL  AND M_ReturnPolicy.M_ReturnPolicy_ID=C_BPartner_Ver.PO_ReturnPolicy_ID) AS PO_ReturnPolicy_ID_TXT,  (SELECT AD_Ref_List.Name  FROM AD_Ref_List WHERE AD_Ref_List.AD_Reference_ID=195 AND AD_Ref_List.Value=C_BPartner_Ver.PaymentRule) AS PaymentRule_TXT,  (SELECT AD_Ref_List.Name  FROM AD_Ref_List WHERE AD_Ref_List.AD_Reference_ID=195 AND AD_Ref_List.Value=C_BPartner_Ver.PaymentRulePO) AS PaymentRulePO_TXT,  (SELECT AD_Ref_List.Name  FROM AD_Ref_List WHERE AD_Ref_List.AD_Reference_ID=419 AND AD_Ref_List.Value=C_BPartner_Ver.Rating) AS Rating_TXT,  (SELECT AD_Ref_List.Name  FROM AD_Ref_List WHERE AD_Ref_List.AD_Reference_ID=1000010 AND AD_Ref_List.Value=C_BPartner_Ver.SALARYPROCESS) AS SALARYPROCESS_TXT,  (SELECT AD_Ref_List.Name  FROM AD_Ref_List WHERE AD_Ref_List.AD_Reference_ID=289 AND AD_Ref_List.Value=C_BPartner_Ver.SOCreditStatus) AS SOCreditStatus_TXT,  (SELECT AD_User.Name  FROM AD_User WHERE AD_User.Name IS NOT NULL  AND EXISTS (SELECT * FROM C_BPartner bp WHERE AD_User.C_BPartner_ID=bp.C_BPartner_ID AND bp.IsSalesRep='Y')
 AND AD_User.AD_User_ID=C_BPartner_Ver.SalesRep_ID) AS SalesRep_ID_TXT,  (SELECT AD_User.Name  FROM AD_User WHERE AD_User.Name IS NOT NULL  AND AD_User.AD_User_ID=C_BPartner_Ver.UpdatedBy) AS UpdatedBy_TXT,  (SELECT NVL(VA009_BPMandate.Value,'')  FROM VA009_BPMandate WHERE VA009_BPMandate.VA009_BPMandate_ID=C_BPartner_Ver.VA009_BPMandate_ID) AS VA009_BPMandate_ID_TXT,  (SELECT VA009_PaymentMethod.VA009_Name  FROM VA009_PaymentMethod WHERE VA009_PaymentMethod.VA009_Name IS NOT NULL  AND VA009_PaymentMethod.VA009_PaymentMethod_ID=C_BPartner_Ver.VA009_PO_PaymentMethod_ID) AS VA009_PO_PaymentMethod_ID_TXT,  (SELECT NVL(VA009_PaymentMethod.VA009_Name,'')  FROM VA009_PaymentMethod WHERE VA009_PaymentMethod.VA009_PaymentMethod_ID=C_BPartner_Ver.VA009_PaymentMethod_ID) AS VA009_PaymentMethod_ID_TXT,  (SELECT AD_User.Name  FROM AD_User WHERE AD_User.Name IS NOT NULL  AND AD_User.AD_User_ID=C_BPartner_Ver.VAHRUAE_AD_User_ID) AS VAHRUAE_AD_User_ID_TXT,  (SELECT NVL(VAHRUAE_AccrualRule.Name,'')  FROM VAHRUAE_AccrualRule WHERE VAHRUAE_AccrualRule.VAHRUAE_AccrualRule_ID=C_BPartner_Ver.VAHRUAE_AccrualRule_ID) AS VAHRUAE_AccrualRule_ID_TXT,  (SELECT AD_Ref_List.Name  FROM AD_Ref_List WHERE AD_Ref_List.AD_Reference_ID=1000276 AND AD_Ref_List.Value=C_BPartner_Ver.VAHRUAE_BLOOD_GROUP) AS VAHRUAE_BLOOD_GROUP_TXT,  (SELECT C_BP_Group.Name  FROM C_BP_Group WHERE C_BP_Group.Name IS NOT NULL  AND C_BP_Group.C_BP_Group_ID=C_BPartner_Ver.VAHRUAE_BP_Group) AS VAHRUAE_BP_Group_TXT,  (SELECT NVL(VAHRUAE_DepartmentMaster.VAHRUAE_Name,'')  FROM VAHRUAE_DepartmentMaster WHERE VAHRUAE_DepartmentMaster.VAHRUAE_DepartmentMaster_ID=C_BPartner_Ver.VAHRUAE_DepartmentMaster_ID) AS VAHRUAE_DepartmentMaster_ID_TXT,  (SELECT AD_Ref_List.Name  FROM AD_Ref_List WHERE AD_Ref_List.AD_Reference_ID=1000277 AND AD_Ref_List.Value=C_BPartner_Ver.VAHRUAE_FrequencyType) AS VAHRUAE_FrequencyType_TXT,  (SELECT VAHRUAE_GOSIRule.VAHRUAE_Name  FROM VAHRUAE_GOSIRule WHERE VAHRUAE_GOSIRule.VAHRUAE_Name IS NOT NULL  AND VAHRUAE_GOSIRule.VAHRUAE_GOSIRule_ID=C_BPartner_Ver.VAHRUAE_GOSIRule_ID) AS VAHRUAE_GOSIRule_ID_TXT,  (SELECT NVL(VAHRUAE_HR_AttendanceRule.VAHRUAE_Name,'')  FROM VAHRUAE_HR_AttendanceRule WHERE VAHRUAE_HR_AttendanceRule.VAHRUAE_HR_AttendanceRule_ID=C_BPartner_Ver.VAHRUAE_HR_AttendanceRule_ID) AS VAHRUAE_HR_AttendanceRule_ID_TXT,  (SELECT C_BPartner.Name  FROM C_BPartner WHERE C_BPartner.Name IS NOT NULL  AND C_BPartner.IsEmployee='Y' AND C_BPartner.C_BPartner_ID=C_BPartner_Ver.VAHRUAE_HR_Employee) AS VAHRUAE_HR_Employee_TXT,  (SELECT NVL(VAHRUAE_HR_Penality.VAHRUAE_Name,'')  FROM VAHRUAE_HR_Penality WHERE VAHRUAE_HR_Penality.VAHRUAE_HR_Penality_ID=C_BPartner_Ver.VAHRUAE_HR_Penality_ID) AS VAHRUAE_HR_Penality_ID_TXT,  (SELECT VAHRUAE_IndeminityRule.VAHRUAE_Name  FROM VAHRUAE_IndeminityRule WHERE VAHRUAE_IndeminityRule.VAHRUAE_Name IS NOT NULL  AND VAHRUAE_IndeminityRule.VAHRUAE_IndeminityRule_ID=C_BPartner_Ver.VAHRUAE_IndeminityRule_ID) AS VAHRUAE_IndeminityRule_ID_TXT,  (SELECT NVL(VAHRUAE_LeaveSalaryRule.VAHRUAE_Name,'')  FROM VAHRUAE_LeaveSalaryRule WHERE VAHRUAE_LeaveSalaryRule.VAHRUAE_LeaveSalaryRule_ID=C_BPartner_Ver.VAHRUAE_LeaveSalaryRule_ID) AS VAHRUAE_LeaveSalaryRule_ID_TXT,  (SELECT NVL(VAHRUAE_Nationality.VAHRUAE_Name,'')  FROM VAHRUAE_Nationality WHERE VAHRUAE_Nationality.VAHRUAE_Nationality_ID=C_BPartner_Ver.VAHRUAE_Nationality_ID) AS VAHRUAE_Nationality_ID_TXT,  (SELECT AD_Ref_List.Name  FROM AD_Ref_List WHERE AD_Ref_List.AD_Reference_ID=1000430 AND AD_Ref_List.Value=C_BPartner_Ver.VAHRUAE_Probation) AS VAHRUAE_Probation_TXT,  (SELECT AD_Ref_List.Name  FROM AD_Ref_List WHERE AD_Ref_List.AD_Reference_ID=1000280 AND AD_Ref_List.Value=C_BPartner_Ver.VAHRUAE_SalaryType) AS VAHRUAE_SalaryType_TXT,  (SELECT NVL(VATAX_TaxType.VATAX_Name,'')  FROM VATAX_TaxType WHERE VATAX_TaxType.VATAX_TaxType_ID=C_BPartner_Ver.VATAX_TaxType_ID) AS VATAX_TaxType_ID_TXT,  (SELECT NVL(VSS_DEPARTMENTMASTER.Name,'')  FROM VSS_DEPARTMENTMASTER WHERE VSS_DEPARTMENTMASTER.VSS_DEPARTMENTMASTER_ID=C_BPartner_Ver.VSS_DEPARTMENTMASTER_ID) AS VSS_DEPARTMENTMASTER_ID_TXT FROM C_BPartner_Ver WHERE AD_Client_ID IN (0,11) AND C_BPartner_Ver_ID NOT IN ( SELECT Record_ID FROM AD_Private_Access WHERE AD_Table_ID = 1001200 AND AD_User_ID <> 101 AND IsActive = 'Y' ) AND C_BPartner_Ver.ProcessedVersion = 'N'  ORDER BY C_BPartner_Ver.VERSIONVALIDFROM DESC
03:32:48.324    (INFO)     MTable.GetPO: Using GenericPO for C_BPartner_Ver
03:32:48.324    (INFO)     Trx.Start: **** ConnSH637103791683313032System.Random
03:32:48.324    (INFO)     Trx.Commit: **C** ConnSH637103791683313032System.Random
===========>     (SEVERE)   MSequence.GetDocumentNo: C_DocType_ID=0
03:32:48.324    (INFO)     Trx.Start: **** ConnDH637103791684533693System.Random
03:32:48.324    (INFO)     Trx.ExecuteDataSet: Trx Dataset ConnDH637103791684533693System.Random 43
03:32:48.324    (INFO)     Trx.ExecuteQuery: Trx non-query ConnDH637103791684533693System.Random 43
03:32:48.324    (INFO)     Trx.Commit: **C** ConnDH637103791684533693System.Random
03:32:48.324    (INFO)     Trx.Start: **** ConnSH637103791684792750System.Random
03:32:48.324    (INFO)     Trx.Commit: **C** ConnSH637103791684792750System.Random
03:32:49.324    (INFO)     Trx.Start: **** ConnSH637103791691565142System.Random
03:32:49.324    (INFO)     Trx.Commit: **C** ConnSH637103791691565142System.Random
===========>     (SEVERE)   VLookUpInfo.GetLookup_DisplayColumn: No Identifier records found: C_CONSOLIDATIONREFERENCE
===========>     (SEVERE)   VLookUpInfo.GetLookup_DisplayColumn: No Identifier records found: VA204_RewardCardM
----------->     (WARNING)  AccessSqlParser.GetTableInfo: More than one FROM clause - SELECT VA204_RewardCardM.VA204_RewardCardM_ID,NULL,NULL,VA204_RewardCardM.IsActive FROM VA204_RewardCardM WHERE VA204_RewardCardM.VA204_RewardCardM_ID NOT IN( SELECT VA204_RewardCardM_ID 
  FROM C_BPartner
  WHERE VA204_RewardCardM_ID IS NOT NULL)
----------->     (WARNING)  AccessSqlParser.GetTableInfo: More than one FROM clause - SELECT VA204_RewardCardM.VA204_RewardCardM_ID,NULL,NULL,VA204_RewardCardM.IsActive FROM VA204_RewardCardM WHERE VA204_RewardCardM.VA204_RewardCardM_ID NOT IN( SELECT VA204_RewardCardM_ID 
  FROM C_BPartner
  WHERE VA204_RewardCardM_ID IS NOT NULL)
----------->     (WARNING)  AccessSqlParser.GetTableInfo: Could not remove ON AD_User usr, C_BPartner bp ON usr.C_BPartner_ID=bp.C_BPartner_ID
----------->     (WARNING)  AccessSqlParser.GetTableInfo: Could not remove ON AD_User usr, C_BPartner bp ON usr.C_BPartner_ID=bp.C_BPartner_ID
===========>     (SEVERE)   VLookUpInfo.GetLookup_DisplayColumn: No Identifier records found: VAPOS_RewardCardM
===========>     (SEVERE)   VLookUpInfo.GetLookup_DisplayColumn: No Identifier records found: VAWMS_C_ConsolidationRef
===========>     (SEVERE)   OracleHelper.ExecuteDataset: ORA-00972: identifier is too long [Query D] =>SELECT AD_Client_ID,AD_Language,AD_OrgBP_ID,AD_Org_ID,AcqusitionCost,ActualLifeTimeValue,BPCODE,BPartner_Parent_ID,C_BP_Group_ID,C_BP_Size_ID,C_BP_Status_ID,C_BPartner_ID,C_BPartner_Ver_ID,C_CONSOLIDATIONREFERENCE_ID,C_Campaign_ID,C_Country_ID,C_DocType_ID,C_Dunning_ID,C_Greeting_ID,C_IndustryCode_ID,C_InvoiceSchedule_ID,C_JobCategory_ID,C_Job_ID,C_PaymentTerm_ID,CreateProject,CreateTargetList,Created,CreatedBy,CreditStatusSettingOn,CreditValidation,DUNS,DeliveryRule,DeliveryViaRule,Description,DocumentCopies,DocumentNo,EMPLOYEE_FILTER,EMPLOYEE_GRADE,EMPLOYEE_STATUS,EMail,Enroll_ID,Export_ID,Fax,FirstSale,FlatDiscount,FreightCostRule,Gender,GenerateAccount,InvoiceRule,Invoice_PrintFormat_ID,IsActive,IsAllowBlanketPO,IsAllowBlanketSO,IsCustomer,IsDiscountPrinted,IsEmployee,IsOneTime,IsProspect,IsSalesRep,IsSummary,IsTaxExempt,IsVendor,IsVersionApproved,LastGmailUpdated,LastLocalUpdated,M_DiscountSchema_ID,M_PriceList_ID,M_ReturnPolicy_ID,MaritalStatus,Mobile,NAICS,Name,Name2,Nationality,NumberEmployees,POReference,PO_DiscountSchema_ID,PO_PaymentTerm_ID,PO_PriceList_ID,PO_ReturnPolicy_ID,PaymentRule,PaymentRulePO,Pic,PotentialLifeTimeValue,Processed,ProcessedVersion,Processing,ProspectTargetList,Rating,RecordVersion,ReferenceNo,SALARYPROCESS,SOCreditStatus,SO_CreditLimit,SO_CreditUsed,SO_Description,SalesRep_ID,SalesVolume,SendEMail,ShareOfCustomer,ShelfLifeMinPct,SubscribeInterestArea,TaxID,TotalOpenBalance,UNIQUEEMPCODE,URL,Updated,UpdatedBy,VA008_IsReferCode,VA008_IsValidated,VA008_QualityRating,VA009_BPMandate_ID,VA009_IsBPMandate,VA009_PO_PaymentMethod_ID,VA009_PaymentMethod_ID,VA204_RewardCardM_ID,VAHRUAE_AD_User_ID,VAHRUAE_AccrualRule_ID,VAHRUAE_AddToEmployeeRoster,VAHRUAE_AdvanceAmount,VAHRUAE_AdvanceFrequency,VAHRUAE_BLOOD_GROUP,VAHRUAE_BP_Group,VAHRUAE_Birthday,VAHRUAE_DATE_JOINING,VAHRUAE_DateRelieved,VAHRUAE_DepartmentMaster_ID,VAHRUAE_FatherName,VAHRUAE_FrequencyType,VAHRUAE_GOSIRule_ID,VAHRUAE_HR_AttendanceRule_ID,VAHRUAE_HR_Employee,VAHRUAE_HR_Penality_ID,VAHRUAE_IndeminityRule_ID,VAHRUAE_IsEligibleForAdvance,VAHRUAE_LeaveSalaryRule_ID,VAHRUAE_LegalAgeToWork,VAHRUAE_MotherName,VAHRUAE_Nationality_ID,VAHRUAE_Probation,VAHRUAE_ProbationEnd,VAHRUAE_RelivingReason,VAHRUAE_Remarks,VAHRUAE_SalaryType,VAHRUAE_ShiftCompensation,VAPOS_RewardCardM_ID,VATAX_TaxType_ID,VAWMS_C_ConsolidationRef_ID,VSS_DEPARTMENTMASTER_ID,Value,VersionValidFrom,  (SELECT NVL(AD_Client.Name,'')  FROM AD_Client WHERE AD_Client.AD_Client_ID=C_BPartner_Ver.AD_Client_ID) AS AD_Client_ID_TXT,  (SELECT NVL(AD_Org.Name,'')  FROM AD_Org WHERE AD_Org.AD_Org_ID=C_BPartner_Ver.AD_Org_ID) AS AD_Org_ID_TXT,  (SELECT NVL(C_BP_Group.Name,'')  FROM C_BP_Group WHERE C_BP_Group.C_BP_Group_ID=C_BPartner_Ver.C_BP_Group_ID) AS C_BP_Group_ID_TXT,  (SELECT NVL(C_BP_Size.Name,'')  FROM C_BP_Size WHERE C_BP_Size.C_BP_Size_ID=C_BPartner_Ver.C_BP_Size_ID) AS C_BP_Size_ID_TXT,  (SELECT NVL(C_BP_Status.Name,'')  FROM C_BP_Status WHERE C_BP_Status.C_BP_Status_ID=C_BPartner_Ver.C_BP_Status_ID) AS C_BP_Status_ID_TXT,  (SELECT NVL(C_Campaign.Name,'')  FROM C_Campaign WHERE C_Campaign.C_Campaign_ID=C_BPartner_Ver.C_Campaign_ID) AS C_Campaign_ID_TXT,  (SELECT NVL(C_Country.Name,'')  FROM C_Country WHERE C_Country.C_Country_ID=C_BPartner_Ver.C_Country_ID) AS C_Country_ID_TXT,  (SELECT NVL(C_DocType.Name,'')  FROM C_DocType WHERE C_DocType.C_DocType_ID=C_BPartner_Ver.C_DocType_ID) AS C_DocType_ID_TXT,  (SELECT NVL(C_Dunning.Name,'')  FROM C_Dunning WHERE C_Dunning.C_Dunning_ID=C_BPartner_Ver.C_Dunning_ID) AS C_Dunning_ID_TXT,  (SELECT NVL(C_Greeting.Name,'')  FROM C_Greeting WHERE C_Greeting.C_Greeting_ID=C_BPartner_Ver.C_Greeting_ID) AS C_Greeting_ID_TXT,  (SELECT NVL(C_IndustryCode.Name,'')  FROM C_IndustryCode WHERE C_IndustryCode.C_IndustryCode_ID=C_BPartner_Ver.C_IndustryCode_ID) AS C_IndustryCode_ID_TXT,  (SELECT NVL(C_InvoiceSchedule.Name,'')  FROM C_InvoiceSchedule WHERE C_InvoiceSchedule.C_InvoiceSchedule_ID=C_BPartner_Ver.C_InvoiceSchedule_ID) AS C_InvoiceSchedule_ID_TXT,  (SELECT NVL(C_JobCategory.Name,'')  FROM C_JobCategory WHERE C_JobCategory.C_JobCategory_ID=C_BPartner_Ver.C_JobCategory_ID) AS C_JobCategory_ID_TXT,  (SELECT NVL(C_Job.Name,'')  FROM C_Job WHERE C_Job.C_Job_ID=C_BPartner_Ver.C_Job_ID) AS C_Job_ID_TXT,  (SELECT NVL(C_PaymentTerm.Name,'')  FROM C_PaymentTerm WHERE C_PaymentTerm.C_PaymentTerm_ID=C_BPartner_Ver.C_PaymentTerm_ID) AS C_PaymentTerm_ID_TXT,  (SELECT AD_User.Name  FROM AD_User WHERE AD_User.Name IS NOT NULL  AND AD_User.AD_User_ID=C_BPartner_Ver.CreatedBy) AS CreatedBy_TXT,  (SELECT AD_Ref_List.Name  FROM AD_Ref_List WHERE AD_Ref_List.AD_Reference_ID=1000251 AND AD_Ref_List.Value=C_BPartner_Ver.CreditStatusSettingOn) AS CreditStatusSettingOn_TXT,  (SELECT AD_Ref_List.Name  FROM AD_Ref_List WHERE AD_Ref_List.AD_Reference_ID=1000252 AND AD_Ref_List.Value=C_BPartner_Ver.CreditValidation) AS CreditValidation_TXT,  (SELECT AD_Ref_List.Name  FROM AD_Ref_List WHERE AD_Ref_List.AD_Reference_ID=151 AND AD_Ref_List.Value=C_BPartner_Ver.DeliveryRule) AS DeliveryRule_TXT,  (SELECT AD_Ref_List.Name  FROM AD_Ref_List WHERE AD_Ref_List.AD_Reference_ID=152 AND AD_Ref_List.Value=C_BPartner_Ver.DeliveryViaRule) AS DeliveryViaRule_TXT,  (SELECT AD_Ref_List.Name  FROM AD_Ref_List WHERE AD_Ref_List.AD_Reference_ID=1000009 AND AD_Ref_List.Value=C_BPartner_Ver.EMPLOYEE_STATUS) AS EMPLOYEE_STATUS_TXT,  (SELECT AD_Ref_List.Name  FROM AD_Ref_List WHERE AD_Ref_List.AD_Reference_ID=153 AND AD_Ref_List.Value=C_BPartner_Ver.FreightCostRule) AS FreightCostRule_TXT,  (SELECT AD_Ref_List.Name  FROM AD_Ref_List WHERE AD_Ref_List.AD_Reference_ID=1000020 AND AD_Ref_List.Value=C_BPartner_Ver.Gender) AS Gender_TXT,  (SELECT AD_Ref_List.Name  FROM AD_Ref_List WHERE AD_Ref_List.AD_Reference_ID=150 AND AD_Ref_List.Value=C_BPartner_Ver.InvoiceRule) AS InvoiceRule_TXT,  (SELECT AD_PrintFormat.Name  FROM AD_PrintFormat WHERE AD_PrintFormat.Name IS NOT NULL  AND AD_PrintFormat.AD_Table_ID=516 or AD_Table_ID=1000297 AND AD_PrintFormat.AD_PrintFormat_ID=C_BPartner_Ver.Invoice_PrintFormat_ID) AS Invoice_PrintFormat_ID_TXT,  (SELECT M_DiscountSchema.Name  FROM M_DiscountSchema WHERE M_DiscountSchema.Name IS NOT NULL  AND M_DiscountSchema.DiscountType<>'P' AND M_DiscountSchema.M_DiscountSchema_ID=C_BPartner_Ver.M_DiscountSchema_ID) AS M_DiscountSchema_ID_TXT,  (SELECT NVL(M_PriceList.Name,'')  FROM M_PriceList WHERE M_PriceList.M_PriceList_ID=C_BPartner_Ver.M_PriceList_ID) AS M_PriceList_ID_TXT,  (SELECT NVL(M_ReturnPolicy.Name,'')  FROM M_ReturnPolicy WHERE M_ReturnPolicy.M_ReturnPolicy_ID=C_BPartner_Ver.M_ReturnPolicy_ID) AS M_ReturnPolicy_ID_TXT,  (SELECT AD_Ref_List.Name  FROM AD_Ref_List WHERE AD_Ref_List.AD_Reference_ID=1000021 AND AD_Ref_List.Value=C_BPartner_Ver.MaritalStatus) AS MaritalStatus_TXT,  (SELECT M_DiscountSchema.Name  FROM M_DiscountSchema WHERE M_DiscountSchema.Name IS NOT NULL  AND M_DiscountSchema.DiscountType<>'P' AND M_DiscountSchema.M_DiscountSchema_ID=C_BPartner_Ver.PO_DiscountSchema_ID) AS PO_DiscountSchema_ID_TXT,  (SELECT C_PaymentTerm.Name  FROM C_PaymentTerm WHERE C_PaymentTerm.Name IS NOT NULL  AND C_PaymentTerm.C_PaymentTerm_ID=C_BPartner_Ver.PO_PaymentTerm_ID) AS PO_PaymentTerm_ID_TXT,  (SELECT M_PriceList.Name  FROM M_PriceList WHERE M_PriceList.Name IS NOT NULL  AND M_PriceList.M_PriceList_ID=C_BPartner_Ver.PO_PriceList_ID) AS PO_PriceList_ID_TXT,  (SELECT M_ReturnPolicy.Name  FROM M_ReturnPolicy WHERE M_ReturnPolicy.Name IS NOT NULL  AND M_ReturnPolicy.M_ReturnPolicy_ID=C_BPartner_Ver.PO_ReturnPolicy_ID) AS PO_ReturnPolicy_ID_TXT,  (SELECT AD_Ref_List.Name  FROM AD_Ref_List WHERE AD_Ref_List.AD_Reference_ID=195 AND AD_Ref_List.Value=C_BPartner_Ver.PaymentRule) AS PaymentRule_TXT,  (SELECT AD_Ref_List.Name  FROM AD_Ref_List WHERE AD_Ref_List.AD_Reference_ID=195 AND AD_Ref_List.Value=C_BPartner_Ver.PaymentRulePO) AS PaymentRulePO_TXT,  (SELECT AD_Ref_List.Name  FROM AD_Ref_List WHERE AD_Ref_List.AD_Reference_ID=419 AND AD_Ref_List.Value=C_BPartner_Ver.Rating) AS Rating_TXT,  (SELECT AD_Ref_List.Name  FROM AD_Ref_List WHERE AD_Ref_List.AD_Reference_ID=1000010 AND AD_Ref_List.Value=C_BPartner_Ver.SALARYPROCESS) AS SALARYPROCESS_TXT,  (SELECT AD_Ref_List.Name  FROM AD_Ref_List WHERE AD_Ref_List.AD_Reference_ID=289 AND AD_Ref_List.Value=C_BPartner_Ver.SOCreditStatus) AS SOCreditStatus_TXT,  (SELECT AD_User.Name  FROM AD_User WHERE AD_User.Name IS NOT NULL  AND EXISTS (SELECT * FROM C_BPartner bp WHERE AD_User.C_BPartner_ID=bp.C_BPartner_ID AND bp.IsSalesRep='Y')
 AND AD_User.AD_User_ID=C_BPartner_Ver.SalesRep_ID) AS SalesRep_ID_TXT,  (SELECT AD_User.Name  FROM AD_User WHERE AD_User.Name IS NOT NULL  AND AD_User.AD_User_ID=C_BPartner_Ver.UpdatedBy) AS UpdatedBy_TXT,  (SELECT NVL(VA009_BPMandate.Value,'')  FROM VA009_BPMandate WHERE VA009_BPMandate.VA009_BPMandate_ID=C_BPartner_Ver.VA009_BPMandate_ID) AS VA009_BPMandate_ID_TXT,  (SELECT VA009_PaymentMethod.VA009_Name  FROM VA009_PaymentMethod WHERE VA009_PaymentMethod.VA009_Name IS NOT NULL  AND VA009_PaymentMethod.VA009_PaymentMethod_ID=C_BPartner_Ver.VA009_PO_PaymentMethod_ID) AS VA009_PO_PaymentMethod_ID_TXT,  (SELECT NVL(VA009_PaymentMethod.VA009_Name,'')  FROM VA009_PaymentMethod WHERE VA009_PaymentMethod.VA009_PaymentMethod_ID=C_BPartner_Ver.VA009_PaymentMethod_ID) AS VA009_PaymentMethod_ID_TXT,  (SELECT AD_User.Name  FROM AD_User WHERE AD_User.Name IS NOT NULL  AND AD_User.AD_User_ID=C_BPartner_Ver.VAHRUAE_AD_User_ID) AS VAHRUAE_AD_User_ID_TXT,  (SELECT NVL(VAHRUAE_AccrualRule.Name,'')  FROM VAHRUAE_AccrualRule WHERE VAHRUAE_AccrualRule.VAHRUAE_AccrualRule_ID=C_BPartner_Ver.VAHRUAE_AccrualRule_ID) AS VAHRUAE_AccrualRule_ID_TXT,  (SELECT AD_Ref_List.Name  FROM AD_Ref_List WHERE AD_Ref_List.AD_Reference_ID=1000276 AND AD_Ref_List.Value=C_BPartner_Ver.VAHRUAE_BLOOD_GROUP) AS VAHRUAE_BLOOD_GROUP_TXT,  (SELECT C_BP_Group.Name  FROM C_BP_Group WHERE C_BP_Group.Name IS NOT NULL  AND C_BP_Group.C_BP_Group_ID=C_BPartner_Ver.VAHRUAE_BP_Group) AS VAHRUAE_BP_Group_TXT,  (SELECT NVL(VAHRUAE_DepartmentMaster.VAHRUAE_Name,'')  FROM VAHRUAE_DepartmentMaster WHERE VAHRUAE_DepartmentMaster.VAHRUAE_DepartmentMaster_ID=C_BPartner_Ver.VAHRUAE_DepartmentMaster_ID) AS VAHRUAE_DepartmentMaster_ID_TXT,  (SELECT AD_Ref_List.Name  FROM AD_Ref_List WHERE AD_Ref_List.AD_Reference_ID=1000277 AND AD_Ref_List.Value=C_BPartner_Ver.VAHRUAE_FrequencyType) AS VAHRUAE_FrequencyType_TXT,  (SELECT VAHRUAE_GOSIRule.VAHRUAE_Name  FROM VAHRUAE_GOSIRule WHERE VAHRUAE_GOSIRule.VAHRUAE_Name IS NOT NULL  AND VAHRUAE_GOSIRule.VAHRUAE_GOSIRule_ID=C_BPartner_Ver.VAHRUAE_GOSIRule_ID) AS VAHRUAE_GOSIRule_ID_TXT,  (SELECT NVL(VAHRUAE_HR_AttendanceRule.VAHRUAE_Name,'')  FROM VAHRUAE_HR_AttendanceRule WHERE VAHRUAE_HR_AttendanceRule.VAHRUAE_HR_AttendanceRule_ID=C_BPartner_Ver.VAHRUAE_HR_AttendanceRule_ID) AS VAHRUAE_HR_AttendanceRule_ID_TXT,  (SELECT C_BPartner.Name  FROM C_BPartner WHERE C_BPartner.Name IS NOT NULL  AND C_BPartner.IsEmployee='Y' AND C_BPartner.C_BPartner_ID=C_BPartner_Ver.VAHRUAE_HR_Employee) AS VAHRUAE_HR_Employee_TXT,  (SELECT NVL(VAHRUAE_HR_Penality.VAHRUAE_Name,'')  FROM VAHRUAE_HR_Penality WHERE VAHRUAE_HR_Penality.VAHRUAE_HR_Penality_ID=C_BPartner_Ver.VAHRUAE_HR_Penality_ID) AS VAHRUAE_HR_Penality_ID_TXT,  (SELECT VAHRUAE_IndeminityRule.VAHRUAE_Name  FROM VAHRUAE_IndeminityRule WHERE VAHRUAE_IndeminityRule.VAHRUAE_Name IS NOT NULL  AND VAHRUAE_IndeminityRule.VAHRUAE_IndeminityRule_ID=C_BPartner_Ver.VAHRUAE_IndeminityRule_ID) AS VAHRUAE_IndeminityRule_ID_TXT,  (SELECT NVL(VAHRUAE_LeaveSalaryRule.VAHRUAE_Name,'')  FROM VAHRUAE_LeaveSalaryRule WHERE VAHRUAE_LeaveSalaryRule.VAHRUAE_LeaveSalaryRule_ID=C_BPartner_Ver.VAHRUAE_LeaveSalaryRule_ID) AS VAHRUAE_LeaveSalaryRule_ID_TXT,  (SELECT NVL(VAHRUAE_Nationality.VAHRUAE_Name,'')  FROM VAHRUAE_Nationality WHERE VAHRUAE_Nationality.VAHRUAE_Nationality_ID=C_BPartner_Ver.VAHRUAE_Nationality_ID) AS VAHRUAE_Nationality_ID_TXT,  (SELECT AD_Ref_List.Name  FROM AD_Ref_List WHERE AD_Ref_List.AD_Reference_ID=1000430 AND AD_Ref_List.Value=C_BPartner_Ver.VAHRUAE_Probation) AS VAHRUAE_Probation_TXT,  (SELECT AD_Ref_List.Name  FROM AD_Ref_List WHERE AD_Ref_List.AD_Reference_ID=1000280 AND AD_Ref_List.Value=C_BPartner_Ver.VAHRUAE_SalaryType) AS VAHRUAE_SalaryType_TXT,  (SELECT NVL(VATAX_TaxType.VATAX_Name,'')  FROM VATAX_TaxType WHERE VATAX_TaxType.VATAX_TaxType_ID=C_BPartner_Ver.VATAX_TaxType_ID) AS VATAX_TaxType_ID_TXT,  (SELECT NVL(VSS_DEPARTMENTMASTER.Name,'')  FROM VSS_DEPARTMENTMASTER WHERE VSS_DEPARTMENTMASTER.VSS_DEPARTMENTMASTER_ID=C_BPartner_Ver.VSS_DEPARTMENTMASTER_ID) AS VSS_DEPARTMENTMASTER_ID_TXT FROM C_BPartner_Ver WHERE AD_Client_ID IN (0,11) AND C_BPartner_Ver_ID NOT IN ( SELECT Record_ID FROM AD_Private_Access WHERE AD_Table_ID = 1001200 AND AD_User_ID <> 101 AND IsActive = 'Y' ) AND C_BPartner_Ver.ProcessedVersion = 'N'  ORDER BY C_BPartner_Ver.VERSIONVALIDFROM DESC
----------->     (WARNING)  GridTable.GetField: Not found: 'Created'
----------->     (WARNING)  GridTable.GetField: Not found: 'CreatedBy'
----------->     (WARNING)  GridTable.GetField: Not found: 'Updated'
----------->     (WARNING)  GridTable.GetField: Not found: 'UpdatedBy'
----------->     (WARNING)  GridTable.GetField: Not found: 'Created'
----------->     (WARNING)  GridTable.GetField: Not found: 'CreatedBy'
----------->     (WARNING)  GridTable.GetField: Not found: 'Updated'
----------->     (WARNING)  GridTable.GetField: Not found: 'UpdatedBy'
----------->     (WARNING)  GridTable.GetField: Not found: 'Created'
----------->     (WARNING)  GridTable.GetField: Not found: 'CreatedBy'
----------->     (WARNING)  GridTable.GetField: Not found: 'Updated'
----------->     (WARNING)  GridTable.GetField: Not found: 'UpdatedBy'
----------->     (WARNING)  GridTable.GetField: Not found: 'Created'
----------->     (WARNING)  GridTable.GetField: Not found: 'CreatedBy'
----------->     (WARNING)  GridTable.GetField: Not found: 'Updated'
----------->     (WARNING)  GridTable.GetField: Not found: 'UpdatedBy'
----------->     (WARNING)  GridTable.GetField: Not found: 'Created'
----------->     (WARNING)  GridTable.GetField: Not found: 'CreatedBy'
----------->     (WARNING)  GridTable.GetField: Not found: 'Updated'
----------->     (WARNING)  GridTable.GetField: Not found: 'UpdatedBy'
----------->     (WARNING)  GridTable.GetField: Not found: 'Created'
----------->     (WARNING)  GridTable.GetField: Not found: 'CreatedBy'
----------->     (WARNING)  GridTable.GetField: Not found: 'Updated'
----------->     (WARNING)  GridTable.GetField: Not found: 'UpdatedBy'
----------->     (WARNING)  GridTable.GetField: Not found: 'Created'
----------->     (WARNING)  GridTable.GetField: Not found: 'CreatedBy'
----------->     (WARNING)  GridTable.GetField: Not found: 'Updated'
----------->     (WARNING)  GridTable.GetField: Not found: 'UpdatedBy'
----------->     (WARNING)  GridTable.GetField: Not found: 'Created'
----------->     (WARNING)  GridTable.GetField: Not found: 'CreatedBy'
----------->     (WARNING)  GridTable.GetField: Not found: 'Updated'
----------->     (WARNING)  GridTable.GetField: Not found: 'UpdatedBy'
----------->     (WARNING)  GridTable.GetField: Not found: 'Created'
----------->     (WARNING)  GridTable.GetField: Not found: 'CreatedBy'
----------->     (WARNING)  GridTable.GetField: Not found: 'Updated'
----------->     (WARNING)  GridTable.GetField: Not found: 'UpdatedBy'
----------->     (WARNING)  GridTable.GetField: Not found: 'Created'
----------->     (WARNING)  GridTable.GetField: Not found: 'CreatedBy'
----------->     (WARNING)  GridTable.GetField: Not found: 'Updated'
----------->     (WARNING)  GridTable.GetField: Not found: 'UpdatedBy'
----------->     (WARNING)  GridTable.GetField: Not found: 'Created'
----------->     (WARNING)  GridTable.GetField: Not found: 'CreatedBy'
----------->     (WARNING)  GridTable.GetField: Not found: 'Updated'
----------->     (WARNING)  GridTable.GetField: Not found: 'UpdatedBy'
----------->     (WARNING)  GridTable.GetField: Not found: 'Created'
----------->     (WARNING)  GridTable.GetField: Not found: 'CreatedBy'
----------->     (WARNING)  GridTable.GetField: Not found: 'Updated'
----------->     (WARNING)  GridTable.GetField: Not found: 'UpdatedBy'
----------->     (WARNING)  GridTable.GetField: Not found: 'Created'
----------->     (WARNING)  GridTable.GetField: Not found: 'CreatedBy'
----------->     (WARNING)  GridTable.GetField: Not found: 'Updated'
----------->     (WARNING)  GridTable.GetField: Not found: 'UpdatedBy'
----------->     (WARNING)  GridTable.GetField: Not found: 'Created'
----------->     (WARNING)  GridTable.GetField: Not found: 'CreatedBy'
----------->     (WARNING)  GridTable.GetField: Not found: 'Updated'
----------->     (WARNING)  GridTable.GetField: Not found: 'UpdatedBy'
----------->     (WARNING)  GridTable.GetField: Not found: 'Created'
----------->     (WARNING)  GridTable.GetField: Not found: 'CreatedBy'
----------->     (WARNING)  GridTable.GetField: Not found: 'Updated'
----------->     (WARNING)  GridTable.GetField: Not found: 'UpdatedBy'
----------->     (WARNING)  GridTable.GetField: Not found: 'Created'
----------->     (WARNING)  GridTable.GetField: Not found: 'CreatedBy'
----------->     (WARNING)  GridTable.GetField: Not found: 'Updated'
----------->     (WARNING)  GridTable.GetField: Not found: 'UpdatedBy'
----------->     (WARNING)  GridTable.GetField: Not found: 'Created'
----------->     (WARNING)  GridTable.GetField: Not found: 'CreatedBy'
----------->     (WARNING)  GridTable.GetField: Not found: 'Updated'
----------->     (WARNING)  GridTable.GetField: Not found: 'UpdatedBy'
----------->     (WARNING)  GridTable.GetField: Not found: 'Created'
----------->     (WARNING)  GridTable.GetField: Not found: 'CreatedBy'
----------->     (WARNING)  GridTable.GetField: Not found: 'Updated'
----------->     (WARNING)  GridTable.GetField: Not found: 'UpdatedBy'
----------->     (WARNING)  GridTable.GetField: Not found: 'Created'
----------->     (WARNING)  GridTable.GetField: Not found: 'CreatedBy'
----------->     (WARNING)  GridTable.GetField: Not found: 'Updated'
----------->     (WARNING)  GridTable.GetField: Not found: 'UpdatedBy'
----------->     (WARNING)  GridTable.GetField: Not found: 'Created'
----------->     (WARNING)  GridTable.GetField: Not found: 'CreatedBy'
----------->     (WARNING)  GridTable.GetField: Not found: 'Updated'
----------->     (WARNING)  GridTable.GetField: Not found: 'UpdatedBy'
----------->     (WARNING)  GridTable.GetField: Not found: 'Created'
----------->     (WARNING)  GridTable.GetField: Not found: 'CreatedBy'
----------->     (WARNING)  GridTable.GetField: Not found: 'Updated'
----------->     (WARNING)  GridTable.GetField: Not found: 'UpdatedBy'
----------->     (WARNING)  GridTable.GetField: Not found: 'Created'
----------->     (WARNING)  GridTable.GetField: Not found: 'CreatedBy'
----------->     (WARNING)  GridTable.GetField: Not found: 'Updated'
----------->     (WARNING)  GridTable.GetField: Not found: 'UpdatedBy'
----------->     (WARNING)  GridTable.GetField: Not found: 'Created'
----------->     (WARNING)  GridTable.GetField: Not found: 'CreatedBy'
----------->     (WARNING)  GridTable.GetField: Not found: 'Updated'
----------->     (WARNING)  GridTable.GetField: Not found: 'UpdatedBy'
03:33:05.335    (INFO)     Trx.Start: **** ConnSH637103791857278921System.Random
03:33:05.335    (INFO)     Trx.Commit: **C** ConnSH637103791857278921System.Random
03:33:07.337    (INFO)     Trx.Start: **** ConnSH637103791876614732System.Random
03:33:07.337    (INFO)     Trx.Commit: **C** ConnSH637103791876614732System.Random
===========>     (SEVERE)   VLookUpInfo.GetLookup_DisplayColumn: No Identifier records found: C_CONSOLIDATIONREFERENCE
===========>     (SEVERE)   VLookUpInfo.GetLookup_DisplayColumn: No Identifier records found: VA204_RewardCardM
----------->     (WARNING)  AccessSqlParser.GetTableInfo: More than one FROM clause - SELECT VA204_RewardCardM.VA204_RewardCardM_ID,NULL,NULL,VA204_RewardCardM.IsActive FROM VA204_RewardCardM WHERE VA204_RewardCardM.VA204_RewardCardM_ID NOT IN( SELECT VA204_RewardCardM_ID 
  FROM C_BPartner
  WHERE VA204_RewardCardM_ID IS NOT NULL)
----------->     (WARNING)  AccessSqlParser.GetTableInfo: More than one FROM clause - SELECT VA204_RewardCardM.VA204_RewardCardM_ID,NULL,NULL,VA204_RewardCardM.IsActive FROM VA204_RewardCardM WHERE VA204_RewardCardM.VA204_RewardCardM_ID NOT IN( SELECT VA204_RewardCardM_ID 
  FROM C_BPartner
  WHERE VA204_RewardCardM_ID IS NOT NULL)
----------->     (WARNING)  AccessSqlParser.GetTableInfo: Could not remove ON AD_User usr, C_BPartner bp ON usr.C_BPartner_ID=bp.C_BPartner_ID
----------->     (WARNING)  AccessSqlParser.GetTableInfo: Could not remove ON AD_User usr, C_BPartner bp ON usr.C_BPartner_ID=bp.C_BPartner_ID
===========>     (SEVERE)   VLookUpInfo.GetLookup_DisplayColumn: No Identifier records found: VAPOS_RewardCardM
===========>     (SEVERE)   VLookUpInfo.GetLookup_DisplayColumn: No Identifier records found: VAWMS_C_ConsolidationRef
===========>     (SEVERE)   OracleHelper.ExecuteDataset: ORA-00972: identifier is too long [Query D] =>SELECT AD_Client_ID,AD_Language,AD_OrgBP_ID,AD_Org_ID,AcqusitionCost,ActualLifeTimeValue,BPCODE,BPartner_Parent_ID,C_BP_Group_ID,C_BP_Size_ID,C_BP_Status_ID,C_BPartner_ID,C_BPartner_Ver_ID,C_CONSOLIDATIONREFERENCE_ID,C_Campaign_ID,C_Country_ID,C_DocType_ID,C_Dunning_ID,C_Greeting_ID,C_IndustryCode_ID,C_InvoiceSchedule_ID,C_JobCategory_ID,C_Job_ID,C_PaymentTerm_ID,CreateProject,CreateTargetList,Created,CreatedBy,CreditStatusSettingOn,CreditValidation,DUNS,DeliveryRule,DeliveryViaRule,Description,DocumentCopies,DocumentNo,EMPLOYEE_FILTER,EMPLOYEE_GRADE,EMPLOYEE_STATUS,EMail,Enroll_ID,Export_ID,Fax,FirstSale,FlatDiscount,FreightCostRule,Gender,GenerateAccount,InvoiceRule,Invoice_PrintFormat_ID,IsActive,IsAllowBlanketPO,IsAllowBlanketSO,IsCustomer,IsDiscountPrinted,IsEmployee,IsOneTime,IsProspect,IsSalesRep,IsSummary,IsTaxExempt,IsVendor,IsVersionApproved,LastGmailUpdated,LastLocalUpdated,M_DiscountSchema_ID,M_PriceList_ID,M_ReturnPolicy_ID,MaritalStatus,Mobile,NAICS,Name,Name2,Nationality,NumberEmployees,POReference,PO_DiscountSchema_ID,PO_PaymentTerm_ID,PO_PriceList_ID,PO_ReturnPolicy_ID,PaymentRule,PaymentRulePO,Pic,PotentialLifeTimeValue,Processed,ProcessedVersion,Processing,ProspectTargetList,Rating,RecordVersion,ReferenceNo,SALARYPROCESS,SOCreditStatus,SO_CreditLimit,SO_CreditUsed,SO_Description,SalesRep_ID,SalesVolume,SendEMail,ShareOfCustomer,ShelfLifeMinPct,SubscribeInterestArea,TaxID,TotalOpenBalance,UNIQUEEMPCODE,URL,Updated,UpdatedBy,VA008_IsReferCode,VA008_IsValidated,VA008_QualityRating,VA009_BPMandate_ID,VA009_IsBPMandate,VA009_PO_PaymentMethod_ID,VA009_PaymentMethod_ID,VA204_RewardCardM_ID,VAHRUAE_AD_User_ID,VAHRUAE_AccrualRule_ID,VAHRUAE_AddToEmployeeRoster,VAHRUAE_AdvanceAmount,VAHRUAE_AdvanceFrequency,VAHRUAE_BLOOD_GROUP,VAHRUAE_BP_Group,VAHRUAE_Birthday,VAHRUAE_DATE_JOINING,VAHRUAE_DateRelieved,VAHRUAE_DepartmentMaster_ID,VAHRUAE_FatherName,VAHRUAE_FrequencyType,VAHRUAE_GOSIRule_ID,VAHRUAE_HR_AttendanceRule_ID,VAHRUAE_HR_Employee,VAHRUAE_HR_Penality_ID,VAHRUAE_IndeminityRule_ID,VAHRUAE_IsEligibleForAdvance,VAHRUAE_LeaveSalaryRule_ID,VAHRUAE_LegalAgeToWork,VAHRUAE_MotherName,VAHRUAE_Nationality_ID,VAHRUAE_Probation,VAHRUAE_ProbationEnd,VAHRUAE_RelivingReason,VAHRUAE_Remarks,VAHRUAE_SalaryType,VAHRUAE_ShiftCompensation,VAPOS_RewardCardM_ID,VATAX_TaxType_ID,VAWMS_C_ConsolidationRef_ID,VSS_DEPARTMENTMASTER_ID,Value,VersionValidFrom,  (SELECT NVL(AD_Client.Name,'')  FROM AD_Client WHERE AD_Client.AD_Client_ID=C_BPartner_Ver.AD_Client_ID) AS AD_Client_ID_TXT,  (SELECT NVL(AD_Org.Name,'')  FROM AD_Org WHERE AD_Org.AD_Org_ID=C_BPartner_Ver.AD_Org_ID) AS AD_Org_ID_TXT,  (SELECT NVL(C_BP_Group.Name,'')  FROM C_BP_Group WHERE C_BP_Group.C_BP_Group_ID=C_BPartner_Ver.C_BP_Group_ID) AS C_BP_Group_ID_TXT,  (SELECT NVL(C_BP_Size.Name,'')  FROM C_BP_Size WHERE C_BP_Size.C_BP_Size_ID=C_BPartner_Ver.C_BP_Size_ID) AS C_BP_Size_ID_TXT,  (SELECT NVL(C_BP_Status.Name,'')  FROM C_BP_Status WHERE C_BP_Status.C_BP_Status_ID=C_BPartner_Ver.C_BP_Status_ID) AS C_BP_Status_ID_TXT,  (SELECT NVL(C_Campaign.Name,'')  FROM C_Campaign WHERE C_Campaign.C_Campaign_ID=C_BPartner_Ver.C_Campaign_ID) AS C_Campaign_ID_TXT,  (SELECT NVL(C_Country.Name,'')  FROM C_Country WHERE C_Country.C_Country_ID=C_BPartner_Ver.C_Country_ID) AS C_Country_ID_TXT,  (SELECT NVL(C_DocType.Name,'')  FROM C_DocType WHERE C_DocType.C_DocType_ID=C_BPartner_Ver.C_DocType_ID) AS C_DocType_ID_TXT,  (SELECT NVL(C_Dunning.Name,'')  FROM C_Dunning WHERE C_Dunning.C_Dunning_ID=C_BPartner_Ver.C_Dunning_ID) AS C_Dunning_ID_TXT,  (SELECT NVL(C_Greeting.Name,'')  FROM C_Greeting WHERE C_Greeting.C_Greeting_ID=C_BPartner_Ver.C_Greeting_ID) AS C_Greeting_ID_TXT,  (SELECT NVL(C_IndustryCode.Name,'')  FROM C_IndustryCode WHERE C_IndustryCode.C_IndustryCode_ID=C_BPartner_Ver.C_IndustryCode_ID) AS C_IndustryCode_ID_TXT,  (SELECT NVL(C_InvoiceSchedule.Name,'')  FROM C_InvoiceSchedule WHERE C_InvoiceSchedule.C_InvoiceSchedule_ID=C_BPartner_Ver.C_InvoiceSchedule_ID) AS C_InvoiceSchedule_ID_TXT,  (SELECT NVL(C_JobCategory.Name,'')  FROM C_JobCategory WHERE C_JobCategory.C_JobCategory_ID=C_BPartner_Ver.C_JobCategory_ID) AS C_JobCategory_ID_TXT,  (SELECT NVL(C_Job.Name,'')  FROM C_Job WHERE C_Job.C_Job_ID=C_BPartner_Ver.C_Job_ID) AS C_Job_ID_TXT,  (SELECT NVL(C_PaymentTerm.Name,'')  FROM C_PaymentTerm WHERE C_PaymentTerm.C_PaymentTerm_ID=C_BPartner_Ver.C_PaymentTerm_ID) AS C_PaymentTerm_ID_TXT,  (SELECT AD_User.Name  FROM AD_User WHERE AD_User.Name IS NOT NULL  AND AD_User.AD_User_ID=C_BPartner_Ver.CreatedBy) AS CreatedBy_TXT,  (SELECT AD_Ref_List.Name  FROM AD_Ref_List WHERE AD_Ref_List.AD_Reference_ID=1000251 AND AD_Ref_List.Value=C_BPartner_Ver.CreditStatusSettingOn) AS CreditStatusSettingOn_TXT,  (SELECT AD_Ref_List.Name  FROM AD_Ref_List WHERE AD_Ref_List.AD_Reference_ID=1000252 AND AD_Ref_List.Value=C_BPartner_Ver.CreditValidation) AS CreditValidation_TXT,  (SELECT AD_Ref_List.Name  FROM AD_Ref_List WHERE AD_Ref_List.AD_Reference_ID=151 AND AD_Ref_List.Value=C_BPartner_Ver.DeliveryRule) AS DeliveryRule_TXT,  (SELECT AD_Ref_List.Name  FROM AD_Ref_List WHERE AD_Ref_List.AD_Reference_ID=152 AND AD_Ref_List.Value=C_BPartner_Ver.DeliveryViaRule) AS DeliveryViaRule_TXT,  (SELECT AD_Ref_List.Name  FROM AD_Ref_List WHERE AD_Ref_List.AD_Reference_ID=1000009 AND AD_Ref_List.Value=C_BPartner_Ver.EMPLOYEE_STATUS) AS EMPLOYEE_STATUS_TXT,  (SELECT AD_Ref_List.Name  FROM AD_Ref_List WHERE AD_Ref_List.AD_Reference_ID=153 AND AD_Ref_List.Value=C_BPartner_Ver.FreightCostRule) AS FreightCostRule_TXT,  (SELECT AD_Ref_List.Name  FROM AD_Ref_List WHERE AD_Ref_List.AD_Reference_ID=1000020 AND AD_Ref_List.Value=C_BPartner_Ver.Gender) AS Gender_TXT,  (SELECT AD_Ref_List.Name  FROM AD_Ref_List WHERE AD_Ref_List.AD_Reference_ID=150 AND AD_Ref_List.Value=C_BPartner_Ver.InvoiceRule) AS InvoiceRule_TXT,  (SELECT AD_PrintFormat.Name  FROM AD_PrintFormat WHERE AD_PrintFormat.Name IS NOT NULL  AND AD_PrintFormat.AD_Table_ID=516 or AD_Table_ID=1000297 AND AD_PrintFormat.AD_PrintFormat_ID=C_BPartner_Ver.Invoice_PrintFormat_ID) AS Invoice_PrintFormat_ID_TXT,  (SELECT M_DiscountSchema.Name  FROM M_DiscountSchema WHERE M_DiscountSchema.Name IS NOT NULL  AND M_DiscountSchema.DiscountType<>'P' AND M_DiscountSchema.M_DiscountSchema_ID=C_BPartner_Ver.M_DiscountSchema_ID) AS M_DiscountSchema_ID_TXT,  (SELECT NVL(M_PriceList.Name,'')  FROM M_PriceList WHERE M_PriceList.M_PriceList_ID=C_BPartner_Ver.M_PriceList_ID) AS M_PriceList_ID_TXT,  (SELECT NVL(M_ReturnPolicy.Name,'')  FROM M_ReturnPolicy WHERE M_ReturnPolicy.M_ReturnPolicy_ID=C_BPartner_Ver.M_ReturnPolicy_ID) AS M_ReturnPolicy_ID_TXT,  (SELECT AD_Ref_List.Name  FROM AD_Ref_List WHERE AD_Ref_List.AD_Reference_ID=1000021 AND AD_Ref_List.Value=C_BPartner_Ver.MaritalStatus) AS MaritalStatus_TXT,  (SELECT M_DiscountSchema.Name  FROM M_DiscountSchema WHERE M_DiscountSchema.Name IS NOT NULL  AND M_DiscountSchema.DiscountType<>'P' AND M_DiscountSchema.M_DiscountSchema_ID=C_BPartner_Ver.PO_DiscountSchema_ID) AS PO_DiscountSchema_ID_TXT,  (SELECT C_PaymentTerm.Name  FROM C_PaymentTerm WHERE C_PaymentTerm.Name IS NOT NULL  AND C_PaymentTerm.C_PaymentTerm_ID=C_BPartner_Ver.PO_PaymentTerm_ID) AS PO_PaymentTerm_ID_TXT,  (SELECT M_PriceList.Name  FROM M_PriceList WHERE M_PriceList.Name IS NOT NULL  AND M_PriceList.M_PriceList_ID=C_BPartner_Ver.PO_PriceList_ID) AS PO_PriceList_ID_TXT,  (SELECT M_ReturnPolicy.Name  FROM M_ReturnPolicy WHERE M_ReturnPolicy.Name IS NOT NULL  AND M_ReturnPolicy.M_ReturnPolicy_ID=C_BPartner_Ver.PO_ReturnPolicy_ID) AS PO_ReturnPolicy_ID_TXT,  (SELECT AD_Ref_List.Name  FROM AD_Ref_List WHERE AD_Ref_List.AD_Reference_ID=195 AND AD_Ref_List.Value=C_BPartner_Ver.PaymentRule) AS PaymentRule_TXT,  (SELECT AD_Ref_List.Name  FROM AD_Ref_List WHERE AD_Ref_List.AD_Reference_ID=195 AND AD_Ref_List.Value=C_BPartner_Ver.PaymentRulePO) AS PaymentRulePO_TXT,  (SELECT AD_Ref_List.Name  FROM AD_Ref_List WHERE AD_Ref_List.AD_Reference_ID=419 AND AD_Ref_List.Value=C_BPartner_Ver.Rating) AS Rating_TXT,  (SELECT AD_Ref_List.Name  FROM AD_Ref_List WHERE AD_Ref_List.AD_Reference_ID=1000010 AND AD_Ref_List.Value=C_BPartner_Ver.SALARYPROCESS) AS SALARYPROCESS_TXT,  (SELECT AD_Ref_List.Name  FROM AD_Ref_List WHERE AD_Ref_List.AD_Reference_ID=289 AND AD_Ref_List.Value=C_BPartner_Ver.SOCreditStatus) AS SOCreditStatus_TXT,  (SELECT AD_User.Name  FROM AD_User WHERE AD_User.Name IS NOT NULL  AND EXISTS (SELECT * FROM C_BPartner bp WHERE AD_User.C_BPartner_ID=bp.C_BPartner_ID AND bp.IsSalesRep='Y')
 AND AD_User.AD_User_ID=C_BPartner_Ver.SalesRep_ID) AS SalesRep_ID_TXT,  (SELECT AD_User.Name  FROM AD_User WHERE AD_User.Name IS NOT NULL  AND AD_User.AD_User_ID=C_BPartner_Ver.UpdatedBy) AS UpdatedBy_TXT,  (SELECT NVL(VA009_BPMandate.Value,'')  FROM VA009_BPMandate WHERE VA009_BPMandate.VA009_BPMandate_ID=C_BPartner_Ver.VA009_BPMandate_ID) AS VA009_BPMandate_ID_TXT,  (SELECT VA009_PaymentMethod.VA009_Name  FROM VA009_PaymentMethod WHERE VA009_PaymentMethod.VA009_Name IS NOT NULL  AND VA009_PaymentMethod.VA009_PaymentMethod_ID=C_BPartner_Ver.VA009_PO_PaymentMethod_ID) AS VA009_PO_PaymentMethod_ID_TXT,  (SELECT NVL(VA009_PaymentMethod.VA009_Name,'')  FROM VA009_PaymentMethod WHERE VA009_PaymentMethod.VA009_PaymentMethod_ID=C_BPartner_Ver.VA009_PaymentMethod_ID) AS VA009_PaymentMethod_ID_TXT,  (SELECT AD_User.Name  FROM AD_User WHERE AD_User.Name IS NOT NULL  AND AD_User.AD_User_ID=C_BPartner_Ver.VAHRUAE_AD_User_ID) AS VAHRUAE_AD_User_ID_TXT,  (SELECT NVL(VAHRUAE_AccrualRule.Name,'')  FROM VAHRUAE_AccrualRule WHERE VAHRUAE_AccrualRule.VAHRUAE_AccrualRule_ID=C_BPartner_Ver.VAHRUAE_AccrualRule_ID) AS VAHRUAE_AccrualRule_ID_TXT,  (SELECT AD_Ref_List.Name  FROM AD_Ref_List WHERE AD_Ref_List.AD_Reference_ID=1000276 AND AD_Ref_List.Value=C_BPartner_Ver.VAHRUAE_BLOOD_GROUP) AS VAHRUAE_BLOOD_GROUP_TXT,  (SELECT C_BP_Group.Name  FROM C_BP_Group WHERE C_BP_Group.Name IS NOT NULL  AND C_BP_Group.C_BP_Group_ID=C_BPartner_Ver.VAHRUAE_BP_Group) AS VAHRUAE_BP_Group_TXT,  (SELECT NVL(VAHRUAE_DepartmentMaster.VAHRUAE_Name,'')  FROM VAHRUAE_DepartmentMaster WHERE VAHRUAE_DepartmentMaster.VAHRUAE_DepartmentMaster_ID=C_BPartner_Ver.VAHRUAE_DepartmentMaster_ID) AS VAHRUAE_DepartmentMaster_ID_TXT,  (SELECT AD_Ref_List.Name  FROM AD_Ref_List WHERE AD_Ref_List.AD_Reference_ID=1000277 AND AD_Ref_List.Value=C_BPartner_Ver.VAHRUAE_FrequencyType) AS VAHRUAE_FrequencyType_TXT,  (SELECT VAHRUAE_GOSIRule.VAHRUAE_Name  FROM VAHRUAE_GOSIRule WHERE VAHRUAE_GOSIRule.VAHRUAE_Name IS NOT NULL  AND VAHRUAE_GOSIRule.VAHRUAE_GOSIRule_ID=C_BPartner_Ver.VAHRUAE_GOSIRule_ID) AS VAHRUAE_GOSIRule_ID_TXT,  (SELECT NVL(VAHRUAE_HR_AttendanceRule.VAHRUAE_Name,'')  FROM VAHRUAE_HR_AttendanceRule WHERE VAHRUAE_HR_AttendanceRule.VAHRUAE_HR_AttendanceRule_ID=C_BPartner_Ver.VAHRUAE_HR_AttendanceRule_ID) AS VAHRUAE_HR_AttendanceRule_ID_TXT,  (SELECT C_BPartner.Name  FROM C_BPartner WHERE C_BPartner.Name IS NOT NULL  AND C_BPartner.IsEmployee='Y' AND C_BPartner.C_BPartner_ID=C_BPartner_Ver.VAHRUAE_HR_Employee) AS VAHRUAE_HR_Employee_TXT,  (SELECT NVL(VAHRUAE_HR_Penality.VAHRUAE_Name,'')  FROM VAHRUAE_HR_Penality WHERE VAHRUAE_HR_Penality.VAHRUAE_HR_Penality_ID=C_BPartner_Ver.VAHRUAE_HR_Penality_ID) AS VAHRUAE_HR_Penality_ID_TXT,  (SELECT VAHRUAE_IndeminityRule.VAHRUAE_Name  FROM VAHRUAE_IndeminityRule WHERE VAHRUAE_IndeminityRule.VAHRUAE_Name IS NOT NULL  AND VAHRUAE_IndeminityRule.VAHRUAE_IndeminityRule_ID=C_BPartner_Ver.VAHRUAE_IndeminityRule_ID) AS VAHRUAE_IndeminityRule_ID_TXT,  (SELECT NVL(VAHRUAE_LeaveSalaryRule.VAHRUAE_Name,'')  FROM VAHRUAE_LeaveSalaryRule WHERE VAHRUAE_LeaveSalaryRule.VAHRUAE_LeaveSalaryRule_ID=C_BPartner_Ver.VAHRUAE_LeaveSalaryRule_ID) AS VAHRUAE_LeaveSalaryRule_ID_TXT,  (SELECT NVL(VAHRUAE_Nationality.VAHRUAE_Name,'')  FROM VAHRUAE_Nationality WHERE VAHRUAE_Nationality.VAHRUAE_Nationality_ID=C_BPartner_Ver.VAHRUAE_Nationality_ID) AS VAHRUAE_Nationality_ID_TXT,  (SELECT AD_Ref_List.Name  FROM AD_Ref_List WHERE AD_Ref_List.AD_Reference_ID=1000430 AND AD_Ref_List.Value=C_BPartner_Ver.VAHRUAE_Probation) AS VAHRUAE_Probation_TXT,  (SELECT AD_Ref_List.Name  FROM AD_Ref_List WHERE AD_Ref_List.AD_Reference_ID=1000280 AND AD_Ref_List.Value=C_BPartner_Ver.VAHRUAE_SalaryType) AS VAHRUAE_SalaryType_TXT,  (SELECT NVL(VATAX_TaxType.VATAX_Name,'')  FROM VATAX_TaxType WHERE VATAX_TaxType.VATAX_TaxType_ID=C_BPartner_Ver.VATAX_TaxType_ID) AS VATAX_TaxType_ID_TXT,  (SELECT NVL(VSS_DEPARTMENTMASTER.Name,'')  FROM VSS_DEPARTMENTMASTER WHERE VSS_DEPARTMENTMASTER.VSS_DEPARTMENTMASTER_ID=C_BPartner_Ver.VSS_DEPARTMENTMASTER_ID) AS VSS_DEPARTMENTMASTER_ID_TXT FROM C_BPartner_Ver WHERE AD_Client_ID IN (0,11) AND C_BPartner_Ver_ID NOT IN ( SELECT Record_ID FROM AD_Private_Access WHERE AD_Table_ID = 1001200 AND AD_User_ID <> 101 AND IsActive = 'Y' ) AND C_BPartner_Ver.ProcessedVersion = 'N'  ORDER BY C_BPartner_Ver.VERSIONVALIDFROM DESC
===========>     (SEVERE)   LDAP.Validate: Error in LDAP for user IdeasIncAdmin : The server is not operational.

===========>     (SEVERE)   LDAP.Validate: Error in LDAP for user IdeasIncAdmin : The server is not operational.

03:34:33.343    (INFO)     MRole.Get: AD_Role_ID=102, AD_User_ID=101, reload=True
03:34:33.343    (INFO)     MRole.Get: MRole[102,IdeasInc Admin,UserLevel= CO,AD_Client_ID IN (0,11),]
03:34:33.343    (INFO)     MTree.Load: AD_Tree_ID=121, AD_User_ID=101, Editable=False, OnClient=True
===========>     (SEVERE)   MTree.LoadNodes: Nodes w/o parent - adding to root - System.Collections.Generic.List`1[VAdvantage.Classes.VTreeNode]
03:34:34.343    (INFO)     Trx.Start: **** ConnSH637103792745912699System.Random
03:34:34.343    (INFO)     Trx.Commit: **C** ConnSH637103792745912699System.Random
----------->     (WARNING)  AccessSqlParser.GetTableInfo: More than one FROM clause - SELECT AppointmentsInfo.Appointmentsinfo_id AS ID,AppointmentsInfo.AD_Client_ID,AppointmentsInfo.AD_Org_ID  FROM AppointmentsInfo JOIN AD_User ON AD_User.AD_User_ID =AppointmentsInfo.CreatedBy WHERE AppointmentsInfo.IsRead='N' AND AppointmentsInfo.istask ='N'  AND AppointmentsInfo.AD_User_ID  = 101  UNION SELECT AppointmentsInfo.Appointmentsinfo_id AS ID, AppointmentsInfo.AD_Client_ID,AppointmentsInfo.AD_Org_ID FROM AppointmentsInfo  JOIN AD_User ON AD_User.AD_User_ID = AppointmentsInfo.CreatedBy  WHERE (AppointmentsInfo.IsRead ='Y'   AND AppointmentsInfo.AD_User_ID = 101 )  AND AppointmentsInfo.istask ='N'  AND AppointmentsInfo.startDate BETWEEN to_date('11/25/19','mm/dd/yy') and to_date('12/03/19 23.59','mm/dd/yy HH24:MI')   OR  to_date('11/26/19','mm/dd/yy')  BETWEEN  AppointmentsInfo.startDate  AND AppointmentsInfo.endDate  AND  AppointmentsInfo.CreatedBy  !=101 AND AppointmentsInfo.AD_User_ID  = 101)
----------->     (WARNING)  AccessSqlParser.GetTableInfo: Could not remove ON AppointmentsInfo JOIN AD_User ON AD_User.AD_User_ID =AppointmentsInfo.CreatedBy
03:34:43.344    (INFO)     Trx.Start: **** ConnSH637103792838177772System.Random
03:34:43.344    (INFO)     Trx.Commit: **C** ConnSH637103792838177772System.Random
03:34:43.344    (INFO)     CacheReset.DoIt: 
03:34:43.344    (INFO)     Env.Reset: finalCall=False
03:34:43.344    (INFO)     CacheMgt.Reset: #21 (9551)
03:34:43.344    (INFO)     MRole.Get: AD_Role_ID=0, AD_User_ID=0, reload=True
03:34:43.344    (INFO)     MRole.Get: MRole[0,System Administrator,UserLevel=S  ,AD_Client_ID=0,AD_Org_ID=0]
03:34:44.344    (INFO)     MRole.Get: AD_Role_ID=102, AD_User_ID=101, reload=True
03:34:44.344    (INFO)     MRole.Get: MRole[102,IdeasInc Admin,UserLevel= CO,AD_Client_ID IN (0,11),]
03:34:44.344    (INFO)     MChangeLog.FillChangeLog: #9
03:34:44.344    (INFO)     CacheMgt.Reset: AD_Process: #1 (1)
03:34:44.344    (INFO)     Trx.Start: **** ConnSH637103792842348434System.Random
03:34:44.344    (INFO)     Trx.Commit: **C** ConnSH637103792842348434System.Random
03:34:44.344    (INFO)     Trx.Start: **** ConnSH637103792843058373System.Random
03:34:44.344    (INFO)     Trx.Commit: **C** ConnSH637103792843058373System.Random
03:34:44.344    (INFO)     Msg.InitMsg: Records=5823 - en_US
03:34:44.344    (INFO)     Trx.Start: **** ConnSH637103792849664310System.Random
03:34:45.344    (INFO)     Trx.Commit: **C** ConnSH637103792849664310System.Random
03:34:45.344    (INFO)     Trx.Start: **** ConnSH637103792850394253System.Random
03:34:45.344    (INFO)     Trx.Commit: **C** ConnSH637103792850394253System.Random
===========>     (SEVERE)   VLookUpInfo.GetLookup_DisplayColumn: No Identifier records found: C_CONSOLIDATIONREFERENCE
===========>     (SEVERE)   VLookUpInfo.GetLookup_DisplayColumn: No Identifier records found: VA204_RewardCardM
----------->     (WARNING)  AccessSqlParser.GetTableInfo: More than one FROM clause - SELECT VA204_RewardCardM.VA204_RewardCardM_ID,NULL,NULL,VA204_RewardCardM.IsActive FROM VA204_RewardCardM WHERE VA204_RewardCardM.VA204_RewardCardM_ID NOT IN( SELECT VA204_RewardCardM_ID 
  FROM C_BPartner
  WHERE VA204_RewardCardM_ID IS NOT NULL)
----------->     (WARNING)  AccessSqlParser.GetTableInfo: More than one FROM clause - SELECT VA204_RewardCardM.VA204_RewardCardM_ID,NULL,NULL,VA204_RewardCardM.IsActive FROM VA204_RewardCardM WHERE VA204_RewardCardM.VA204_RewardCardM_ID NOT IN( SELECT VA204_RewardCardM_ID 
  FROM C_BPartner
  WHERE VA204_RewardCardM_ID IS NOT NULL)
----------->     (WARNING)  GridTable.GetField: Not found: 'Created'
----------->     (WARNING)  GridTable.GetField: Not found: 'CreatedBy'
----------->     (WARNING)  GridTable.GetField: Not found: 'Updated'
----------->     (WARNING)  GridTable.GetField: Not found: 'UpdatedBy'
----------->     (WARNING)  GridTable.GetField: Not found: 'Created'
----------->     (WARNING)  GridTable.GetField: Not found: 'CreatedBy'
----------->     (WARNING)  GridTable.GetField: Not found: 'Updated'
----------->     (WARNING)  GridTable.GetField: Not found: 'UpdatedBy'
----------->     (WARNING)  GridTable.GetField: Not found: 'Created'
----------->     (WARNING)  GridTable.GetField: Not found: 'CreatedBy'
----------->     (WARNING)  GridTable.GetField: Not found: 'Updated'
----------->     (WARNING)  GridTable.GetField: Not found: 'UpdatedBy'
----------->     (WARNING)  GridTable.GetField: Not found: 'Created'
----------->     (WARNING)  GridTable.GetField: Not found: 'CreatedBy'
----------->     (WARNING)  GridTable.GetField: Not found: 'Updated'
----------->     (WARNING)  GridTable.GetField: Not found: 'UpdatedBy'
----------->     (WARNING)  GridTable.GetField: Not found: 'Created'
----------->     (WARNING)  GridTable.GetField: Not found: 'CreatedBy'
----------->     (WARNING)  GridTable.GetField: Not found: 'Updated'
----------->     (WARNING)  GridTable.GetField: Not found: 'UpdatedBy'
----------->     (WARNING)  GridTable.GetField: Not found: 'Created'
----------->     (WARNING)  GridTable.GetField: Not found: 'CreatedBy'
----------->     (WARNING)  GridTable.GetField: Not found: 'Updated'
----------->     (WARNING)  GridTable.GetField: Not found: 'UpdatedBy'
----------->     (WARNING)  GridTable.GetField: Not found: 'Created'
----------->     (WARNING)  GridTable.GetField: Not found: 'CreatedBy'
----------->     (WARNING)  GridTable.GetField: Not found: 'Updated'
----------->     (WARNING)  GridTable.GetField: Not found: 'UpdatedBy'
----------->     (WARNING)  GridTable.GetField: Not found: 'Created'
----------->     (WARNING)  GridTable.GetField: Not found: 'CreatedBy'
----------->     (WARNING)  GridTable.GetField: Not found: 'Updated'
----------->     (WARNING)  GridTable.GetField: Not found: 'UpdatedBy'
----------->     (WARNING)  GridTable.GetField: Not found: 'Created'
----------->     (WARNING)  GridTable.GetField: Not found: 'CreatedBy'
----------->     (WARNING)  GridTable.GetField: Not found: 'Updated'
----------->     (WARNING)  GridTable.GetField: Not found: 'UpdatedBy'
----------->     (WARNING)  GridTable.GetField: Not found: 'Created'
----------->     (WARNING)  GridTable.GetField: Not found: 'CreatedBy'
----------->     (WARNING)  GridTable.GetField: Not found: 'Updated'
----------->     (WARNING)  GridTable.GetField: Not found: 'UpdatedBy'
----------->     (WARNING)  GridTable.GetField: Not found: 'Created'
----------->     (WARNING)  GridTable.GetField: Not found: 'CreatedBy'
----------->     (WARNING)  GridTable.GetField: Not found: 'Updated'
----------->     (WARNING)  GridTable.GetField: Not found: 'UpdatedBy'
----------->     (WARNING)  GridTable.GetField: Not found: 'Created'
----------->     (WARNING)  GridTable.GetField: Not found: 'CreatedBy'
----------->     (WARNING)  GridTable.GetField: Not found: 'Updated'
----------->     (WARNING)  GridTable.GetField: Not found: 'UpdatedBy'
----------->     (WARNING)  GridTable.GetField: Not found: 'Created'
----------->     (WARNING)  GridTable.GetField: Not found: 'CreatedBy'
----------->     (WARNING)  GridTable.GetField: Not found: 'Updated'
----------->     (WARNING)  GridTable.GetField: Not found: 'UpdatedBy'
03:34:51.345    (INFO)     Trx.Start: **** ConnSH637103792918882456System.Random
03:34:52.345    (INFO)     Trx.Commit: **C** ConnSH637103792918882456System.Random
03:34:52.345    (INFO)     Trx.Start: **** ConnSH637103792920133321System.Random
03:34:52.345    (INFO)     Trx.Commit: **C** ConnSH637103792920133321System.Random
===========>     (SEVERE)   DB_Oracle.ExecuteDatasetPaging: ORA-00918: column ambiguously defined [Query NQTrx]select * FROM (SELECT t.*, rownum AS row_num FROM (SELECT C_CONSOLIDATIONREFERENCE.C_CONSOLIDATIONREFERENCE_ID,NULL,NULL,C_CONSOLIDATIONREFERENCE.IsActive FROM C_CONSOLIDATIONREFERENCE WHERE C_CONSOLIDATIONREFERENCE.AD_Client_ID IN (0,11) ORDER BY 3) t ) WHERE row_num BETWEEN (((1 - 1) * 1000) + 1) AND ((1 * 1000))
03:34:55.345    (INFO)     Trx.Start: **** ConnSH637103792954121614System.Random
03:34:55.345    (INFO)     Trx.Commit: **C** ConnSH637103792954121614System.Random
03:34:55.345    (INFO)     Trx.Start: **** ConnSH637103792955421521System.Random
03:34:55.345    (INFO)     Trx.Commit: **C** ConnSH637103792955421521System.Random
===========>     (SEVERE)   DB_Oracle.ExecuteDatasetPaging: ORA-00942: table or view does not exist [Query NQTrx]select * FROM (SELECT t.*, rownum AS row_num FROM (SELECT VA204_RewardCardM.VA204_RewardCardM_ID,NULL,NULL,VA204_RewardCardM.IsActive FROM VA204_RewardCardM WHERE VA204_RewardCardM.VA204_RewardCardM_ID NOT IN( SELECT VA204_RewardCardM_ID 
  FROM C_BPartner
  WHERE VA204_RewardCardM_ID IS NOT NULL) AND VA204_RewardCardM.AD_Client_ID IN (0,11) ORDER BY 3) t ) WHERE row_num BETWEEN (((1 - 1) * 1000) + 1) AND ((1 * 1000))
===========>     (SEVERE)   VLookUpInfo.GetLookup_DisplayColumn: No Identifier records found: C_CONSOLIDATIONREFERENCE
===========>     (SEVERE)   VLookUpInfo.GetLookup_DisplayColumn: No Identifier records found: VA204_RewardCardM
----------->     (WARNING)  AccessSqlParser.GetTableInfo: More than one FROM clause - SELECT VA204_RewardCardM.VA204_RewardCardM_ID,NULL,NULL,VA204_RewardCardM.IsActive FROM VA204_RewardCardM WHERE VA204_RewardCardM.VA204_RewardCardM_ID NOT IN( SELECT VA204_RewardCardM_ID 
  FROM C_BPartner
  WHERE VA204_RewardCardM_ID IS NOT NULL)
----------->     (WARNING)  AccessSqlParser.GetTableInfo: More than one FROM clause - SELECT VA204_RewardCardM.VA204_RewardCardM_ID,NULL,NULL,VA204_RewardCardM.IsActive FROM VA204_RewardCardM WHERE VA204_RewardCardM.VA204_RewardCardM_ID NOT IN( SELECT VA204_RewardCardM_ID 
  FROM C_BPartner
  WHERE VA204_RewardCardM_ID IS NOT NULL)
----------->     (WARNING)  AccessSqlParser.GetTableInfo: Could not remove ON AD_User usr, C_BPartner bp ON usr.C_BPartner_ID=bp.C_BPartner_ID
----------->     (WARNING)  AccessSqlParser.GetTableInfo: Could not remove ON AD_User usr, C_BPartner bp ON usr.C_BPartner_ID=bp.C_BPartner_ID
===========>     (SEVERE)   VLookUpInfo.GetLookup_DisplayColumn: No Identifier records found: VAPOS_RewardCardM
===========>     (SEVERE)   VLookUpInfo.GetLookup_DisplayColumn: No Identifier records found: VAWMS_C_ConsolidationRef
===========>     (SEVERE)   OracleHelper.ExecuteDataset: ORA-00972: identifier is too long [Query D] =>SELECT AD_Client_ID,AD_Language,AD_OrgBP_ID,AD_Org_ID,AcqusitionCost,ActualLifeTimeValue,BPCODE,BPartner_Parent_ID,C_BP_Group_ID,C_BP_Size_ID,C_BP_Status_ID,C_BPartner_ID,C_BPartner_Ver_ID,C_CONSOLIDATIONREFERENCE_ID,C_Campaign_ID,C_Country_ID,C_DocType_ID,C_Dunning_ID,C_Greeting_ID,C_IndustryCode_ID,C_InvoiceSchedule_ID,C_JobCategory_ID,C_Job_ID,C_PaymentTerm_ID,CreateProject,CreateTargetList,Created,CreatedBy,CreditStatusSettingOn,CreditValidation,DUNS,DeliveryRule,DeliveryViaRule,Description,DocumentCopies,DocumentNo,EMPLOYEE_FILTER,EMPLOYEE_GRADE,EMPLOYEE_STATUS,EMail,Enroll_ID,Export_ID,Fax,FirstSale,FlatDiscount,FreightCostRule,Gender,GenerateAccount,InvoiceRule,Invoice_PrintFormat_ID,IsActive,IsAllowBlanketPO,IsAllowBlanketSO,IsCustomer,IsDiscountPrinted,IsEmployee,IsOneTime,IsProspect,IsSalesRep,IsSummary,IsTaxExempt,IsVendor,IsVersionApproved,LastGmailUpdated,LastLocalUpdated,M_DiscountSchema_ID,M_PriceList_ID,M_ReturnPolicy_ID,MaritalStatus,Mobile,NAICS,Name,Name2,Nationality,NumberEmployees,POReference,PO_DiscountSchema_ID,PO_PaymentTerm_ID,PO_PriceList_ID,PO_ReturnPolicy_ID,PaymentRule,PaymentRulePO,Pic,PotentialLifeTimeValue,Processed,ProcessedVersion,Processing,ProspectTargetList,Rating,RecordVersion,ReferenceNo,SALARYPROCESS,SOCreditStatus,SO_CreditLimit,SO_CreditUsed,SO_Description,SalesRep_ID,SalesVolume,SendEMail,ShareOfCustomer,ShelfLifeMinPct,SubscribeInterestArea,TaxID,TotalOpenBalance,UNIQUEEMPCODE,URL,Updated,UpdatedBy,VA008_IsReferCode,VA008_IsValidated,VA008_QualityRating,VA009_BPMandate_ID,VA009_IsBPMandate,VA009_PO_PaymentMethod_ID,VA009_PaymentMethod_ID,VA204_RewardCardM_ID,VAHRUAE_AD_User_ID,VAHRUAE_AccrualRule_ID,VAHRUAE_AddToEmployeeRoster,VAHRUAE_AdvanceAmount,VAHRUAE_AdvanceFrequency,VAHRUAE_BLOOD_GROUP,VAHRUAE_BP_Group,VAHRUAE_Birthday,VAHRUAE_DATE_JOINING,VAHRUAE_DateRelieved,VAHRUAE_DepartmentMaster_ID,VAHRUAE_FatherName,VAHRUAE_FrequencyType,VAHRUAE_GOSIRule_ID,VAHRUAE_HR_AttendanceRule_ID,VAHRUAE_HR_Employee,VAHRUAE_HR_Penality_ID,VAHRUAE_IndeminityRule_ID,VAHRUAE_IsEligibleForAdvance,VAHRUAE_LeaveSalaryRule_ID,VAHRUAE_LegalAgeToWork,VAHRUAE_MotherName,VAHRUAE_Nationality_ID,VAHRUAE_Probation,VAHRUAE_ProbationEnd,VAHRUAE_RelivingReason,VAHRUAE_Remarks,VAHRUAE_SalaryType,VAHRUAE_ShiftCompensation,VAPOS_RewardCardM_ID,VATAX_TaxType_ID,VAWMS_C_ConsolidationRef_ID,VSS_DEPARTMENTMASTER_ID,Value,VersionValidFrom,  (SELECT NVL(AD_Client.Name,'')  FROM AD_Client WHERE AD_Client.AD_Client_ID=C_BPartner_Ver.AD_Client_ID) AS AD_Client_ID_TXT,  (SELECT NVL(AD_Org.Name,'')  FROM AD_Org WHERE AD_Org.AD_Org_ID=C_BPartner_Ver.AD_Org_ID) AS AD_Org_ID_TXT,  (SELECT NVL(C_BP_Group.Name,'')  FROM C_BP_Group WHERE C_BP_Group.C_BP_Group_ID=C_BPartner_Ver.C_BP_Group_ID) AS C_BP_Group_ID_TXT,  (SELECT NVL(C_BP_Size.Name,'')  FROM C_BP_Size WHERE C_BP_Size.C_BP_Size_ID=C_BPartner_Ver.C_BP_Size_ID) AS C_BP_Size_ID_TXT,  (SELECT NVL(C_BP_Status.Name,'')  FROM C_BP_Status WHERE C_BP_Status.C_BP_Status_ID=C_BPartner_Ver.C_BP_Status_ID) AS C_BP_Status_ID_TXT,  (SELECT NVL(C_Campaign.Name,'')  FROM C_Campaign WHERE C_Campaign.C_Campaign_ID=C_BPartner_Ver.C_Campaign_ID) AS C_Campaign_ID_TXT,  (SELECT NVL(C_Country.Name,'')  FROM C_Country WHERE C_Country.C_Country_ID=C_BPartner_Ver.C_Country_ID) AS C_Country_ID_TXT,  (SELECT NVL(C_DocType.Name,'')  FROM C_DocType WHERE C_DocType.C_DocType_ID=C_BPartner_Ver.C_DocType_ID) AS C_DocType_ID_TXT,  (SELECT NVL(C_Dunning.Name,'')  FROM C_Dunning WHERE C_Dunning.C_Dunning_ID=C_BPartner_Ver.C_Dunning_ID) AS C_Dunning_ID_TXT,  (SELECT NVL(C_Greeting.Name,'')  FROM C_Greeting WHERE C_Greeting.C_Greeting_ID=C_BPartner_Ver.C_Greeting_ID) AS C_Greeting_ID_TXT,  (SELECT NVL(C_IndustryCode.Name,'')  FROM C_IndustryCode WHERE C_IndustryCode.C_IndustryCode_ID=C_BPartner_Ver.C_IndustryCode_ID) AS C_IndustryCode_ID_TXT,  (SELECT NVL(C_InvoiceSchedule.Name,'')  FROM C_InvoiceSchedule WHERE C_InvoiceSchedule.C_InvoiceSchedule_ID=C_BPartner_Ver.C_InvoiceSchedule_ID) AS C_InvoiceSchedule_ID_TXT,  (SELECT NVL(C_JobCategory.Name,'')  FROM C_JobCategory WHERE C_JobCategory.C_JobCategory_ID=C_BPartner_Ver.C_JobCategory_ID) AS C_JobCategory_ID_TXT,  (SELECT NVL(C_Job.Name,'')  FROM C_Job WHERE C_Job.C_Job_ID=C_BPartner_Ver.C_Job_ID) AS C_Job_ID_TXT,  (SELECT NVL(C_PaymentTerm.Name,'')  FROM C_PaymentTerm WHERE C_PaymentTerm.C_PaymentTerm_ID=C_BPartner_Ver.C_PaymentTerm_ID) AS C_PaymentTerm_ID_TXT,  (SELECT AD_User.Name  FROM AD_User WHERE AD_User.Name IS NOT NULL  AND AD_User.AD_User_ID=C_BPartner_Ver.CreatedBy) AS CreatedBy_TXT,  (SELECT AD_Ref_List.Name  FROM AD_Ref_List WHERE AD_Ref_List.AD_Reference_ID=1000251 AND AD_Ref_List.Value=C_BPartner_Ver.CreditStatusSettingOn) AS CreditStatusSettingOn_TXT,  (SELECT AD_Ref_List.Name  FROM AD_Ref_List WHERE AD_Ref_List.AD_Reference_ID=1000252 AND AD_Ref_List.Value=C_BPartner_Ver.CreditValidation) AS CreditValidation_TXT,  (SELECT AD_Ref_List.Name  FROM AD_Ref_List WHERE AD_Ref_List.AD_Reference_ID=151 AND AD_Ref_List.Value=C_BPartner_Ver.DeliveryRule) AS DeliveryRule_TXT,  (SELECT AD_Ref_List.Name  FROM AD_Ref_List WHERE AD_Ref_List.AD_Reference_ID=152 AND AD_Ref_List.Value=C_BPartner_Ver.DeliveryViaRule) AS DeliveryViaRule_TXT,  (SELECT AD_Ref_List.Name  FROM AD_Ref_List WHERE AD_Ref_List.AD_Reference_ID=1000009 AND AD_Ref_List.Value=C_BPartner_Ver.EMPLOYEE_STATUS) AS EMPLOYEE_STATUS_TXT,  (SELECT AD_Ref_List.Name  FROM AD_Ref_List WHERE AD_Ref_List.AD_Reference_ID=153 AND AD_Ref_List.Value=C_BPartner_Ver.FreightCostRule) AS FreightCostRule_TXT,  (SELECT AD_Ref_List.Name  FROM AD_Ref_List WHERE AD_Ref_List.AD_Reference_ID=1000020 AND AD_Ref_List.Value=C_BPartner_Ver.Gender) AS Gender_TXT,  (SELECT AD_Ref_List.Name  FROM AD_Ref_List WHERE AD_Ref_List.AD_Reference_ID=150 AND AD_Ref_List.Value=C_BPartner_Ver.InvoiceRule) AS InvoiceRule_TXT,  (SELECT AD_PrintFormat.Name  FROM AD_PrintFormat WHERE AD_PrintFormat.Name IS NOT NULL  AND AD_PrintFormat.AD_Table_ID=516 or AD_Table_ID=1000297 AND AD_PrintFormat.AD_PrintFormat_ID=C_BPartner_Ver.Invoice_PrintFormat_ID) AS Invoice_PrintFormat_ID_TXT,  (SELECT M_DiscountSchema.Name  FROM M_DiscountSchema WHERE M_DiscountSchema.Name IS NOT NULL  AND M_DiscountSchema.DiscountType<>'P' AND M_DiscountSchema.M_DiscountSchema_ID=C_BPartner_Ver.M_DiscountSchema_ID) AS M_DiscountSchema_ID_TXT,  (SELECT NVL(M_PriceList.Name,'')  FROM M_PriceList WHERE M_PriceList.M_PriceList_ID=C_BPartner_Ver.M_PriceList_ID) AS M_PriceList_ID_TXT,  (SELECT NVL(M_ReturnPolicy.Name,'')  FROM M_ReturnPolicy WHERE M_ReturnPolicy.M_ReturnPolicy_ID=C_BPartner_Ver.M_ReturnPolicy_ID) AS M_ReturnPolicy_ID_TXT,  (SELECT AD_Ref_List.Name  FROM AD_Ref_List WHERE AD_Ref_List.AD_Reference_ID=1000021 AND AD_Ref_List.Value=C_BPartner_Ver.MaritalStatus) AS MaritalStatus_TXT,  (SELECT M_DiscountSchema.Name  FROM M_DiscountSchema WHERE M_DiscountSchema.Name IS NOT NULL  AND M_DiscountSchema.DiscountType<>'P' AND M_DiscountSchema.M_DiscountSchema_ID=C_BPartner_Ver.PO_DiscountSchema_ID) AS PO_DiscountSchema_ID_TXT,  (SELECT C_PaymentTerm.Name  FROM C_PaymentTerm WHERE C_PaymentTerm.Name IS NOT NULL  AND C_PaymentTerm.C_PaymentTerm_ID=C_BPartner_Ver.PO_PaymentTerm_ID) AS PO_PaymentTerm_ID_TXT,  (SELECT M_PriceList.Name  FROM M_PriceList WHERE M_PriceList.Name IS NOT NULL  AND M_PriceList.M_PriceList_ID=C_BPartner_Ver.PO_PriceList_ID) AS PO_PriceList_ID_TXT,  (SELECT M_ReturnPolicy.Name  FROM M_ReturnPolicy WHERE M_ReturnPolicy.Name IS NOT NULL  AND M_ReturnPolicy.M_ReturnPolicy_ID=C_BPartner_Ver.PO_ReturnPolicy_ID) AS PO_ReturnPolicy_ID_TXT,  (SELECT AD_Ref_List.Name  FROM AD_Ref_List WHERE AD_Ref_List.AD_Reference_ID=195 AND AD_Ref_List.Value=C_BPartner_Ver.PaymentRule) AS PaymentRule_TXT,  (SELECT AD_Ref_List.Name  FROM AD_Ref_List WHERE AD_Ref_List.AD_Reference_ID=195 AND AD_Ref_List.Value=C_BPartner_Ver.PaymentRulePO) AS PaymentRulePO_TXT,  (SELECT AD_Ref_List.Name  FROM AD_Ref_List WHERE AD_Ref_List.AD_Reference_ID=419 AND AD_Ref_List.Value=C_BPartner_Ver.Rating) AS Rating_TXT,  (SELECT AD_Ref_List.Name  FROM AD_Ref_List WHERE AD_Ref_List.AD_Reference_ID=1000010 AND AD_Ref_List.Value=C_BPartner_Ver.SALARYPROCESS) AS SALARYPROCESS_TXT,  (SELECT AD_Ref_List.Name  FROM AD_Ref_List WHERE AD_Ref_List.AD_Reference_ID=289 AND AD_Ref_List.Value=C_BPartner_Ver.SOCreditStatus) AS SOCreditStatus_TXT,  (SELECT AD_User.Name  FROM AD_User WHERE AD_User.Name IS NOT NULL  AND EXISTS (SELECT * FROM C_BPartner bp WHERE AD_User.C_BPartner_ID=bp.C_BPartner_ID AND bp.IsSalesRep='Y')
 AND AD_User.AD_User_ID=C_BPartner_Ver.SalesRep_ID) AS SalesRep_ID_TXT,  (SELECT AD_User.Name  FROM AD_User WHERE AD_User.Name IS NOT NULL  AND AD_User.AD_User_ID=C_BPartner_Ver.UpdatedBy) AS UpdatedBy_TXT,  (SELECT NVL(VA009_BPMandate.Value,'')  FROM VA009_BPMandate WHERE VA009_BPMandate.VA009_BPMandate_ID=C_BPartner_Ver.VA009_BPMandate_ID) AS VA009_BPMandate_ID_TXT,  (SELECT VA009_PaymentMethod.VA009_Name  FROM VA009_PaymentMethod WHERE VA009_PaymentMethod.VA009_Name IS NOT NULL  AND VA009_PaymentMethod.VA009_PaymentMethod_ID=C_BPartner_Ver.VA009_PO_PaymentMethod_ID) AS VA009_PO_PaymentMethod_ID_TXT,  (SELECT NVL(VA009_PaymentMethod.VA009_Name,'')  FROM VA009_PaymentMethod WHERE VA009_PaymentMethod.VA009_PaymentMethod_ID=C_BPartner_Ver.VA009_PaymentMethod_ID) AS VA009_PaymentMethod_ID_TXT,  (SELECT AD_User.Name  FROM AD_User WHERE AD_User.Name IS NOT NULL  AND AD_User.AD_User_ID=C_BPartner_Ver.VAHRUAE_AD_User_ID) AS VAHRUAE_AD_User_ID_TXT,  (SELECT NVL(VAHRUAE_AccrualRule.Name,'')  FROM VAHRUAE_AccrualRule WHERE VAHRUAE_AccrualRule.VAHRUAE_AccrualRule_ID=C_BPartner_Ver.VAHRUAE_AccrualRule_ID) AS VAHRUAE_AccrualRule_ID_TXT,  (SELECT AD_Ref_List.Name  FROM AD_Ref_List WHERE AD_Ref_List.AD_Reference_ID=1000276 AND AD_Ref_List.Value=C_BPartner_Ver.VAHRUAE_BLOOD_GROUP) AS VAHRUAE_BLOOD_GROUP_TXT,  (SELECT C_BP_Group.Name  FROM C_BP_Group WHERE C_BP_Group.Name IS NOT NULL  AND C_BP_Group.C_BP_Group_ID=C_BPartner_Ver.VAHRUAE_BP_Group) AS VAHRUAE_BP_Group_TXT,  (SELECT NVL(VAHRUAE_DepartmentMaster.VAHRUAE_Name,'')  FROM VAHRUAE_DepartmentMaster WHERE VAHRUAE_DepartmentMaster.VAHRUAE_DepartmentMaster_ID=C_BPartner_Ver.VAHRUAE_DepartmentMaster_ID) AS VAHRUAE_DepartmentMaster_ID_TXT,  (SELECT AD_Ref_List.Name  FROM AD_Ref_List WHERE AD_Ref_List.AD_Reference_ID=1000277 AND AD_Ref_List.Value=C_BPartner_Ver.VAHRUAE_FrequencyType) AS VAHRUAE_FrequencyType_TXT,  (SELECT VAHRUAE_GOSIRule.VAHRUAE_Name  FROM VAHRUAE_GOSIRule WHERE VAHRUAE_GOSIRule.VAHRUAE_Name IS NOT NULL  AND VAHRUAE_GOSIRule.VAHRUAE_GOSIRule_ID=C_BPartner_Ver.VAHRUAE_GOSIRule_ID) AS VAHRUAE_GOSIRule_ID_TXT,  (SELECT NVL(VAHRUAE_HR_AttendanceRule.VAHRUAE_Name,'')  FROM VAHRUAE_HR_AttendanceRule WHERE VAHRUAE_HR_AttendanceRule.VAHRUAE_HR_AttendanceRule_ID=C_BPartner_Ver.VAHRUAE_HR_AttendanceRule_ID) AS VAHRUAE_HR_AttendanceRule_ID_TXT,  (SELECT C_BPartner.Name  FROM C_BPartner WHERE C_BPartner.Name IS NOT NULL  AND C_BPartner.IsEmployee='Y' AND C_BPartner.C_BPartner_ID=C_BPartner_Ver.VAHRUAE_HR_Employee) AS VAHRUAE_HR_Employee_TXT,  (SELECT NVL(VAHRUAE_HR_Penality.VAHRUAE_Name,'')  FROM VAHRUAE_HR_Penality WHERE VAHRUAE_HR_Penality.VAHRUAE_HR_Penality_ID=C_BPartner_Ver.VAHRUAE_HR_Penality_ID) AS VAHRUAE_HR_Penality_ID_TXT,  (SELECT VAHRUAE_IndeminityRule.VAHRUAE_Name  FROM VAHRUAE_IndeminityRule WHERE VAHRUAE_IndeminityRule.VAHRUAE_Name IS NOT NULL  AND VAHRUAE_IndeminityRule.VAHRUAE_IndeminityRule_ID=C_BPartner_Ver.VAHRUAE_IndeminityRule_ID) AS VAHRUAE_IndeminityRule_ID_TXT,  (SELECT NVL(VAHRUAE_LeaveSalaryRule.VAHRUAE_Name,'')  FROM VAHRUAE_LeaveSalaryRule WHERE VAHRUAE_LeaveSalaryRule.VAHRUAE_LeaveSalaryRule_ID=C_BPartner_Ver.VAHRUAE_LeaveSalaryRule_ID) AS VAHRUAE_LeaveSalaryRule_ID_TXT,  (SELECT NVL(VAHRUAE_Nationality.VAHRUAE_Name,'')  FROM VAHRUAE_Nationality WHERE VAHRUAE_Nationality.VAHRUAE_Nationality_ID=C_BPartner_Ver.VAHRUAE_Nationality_ID) AS VAHRUAE_Nationality_ID_TXT,  (SELECT AD_Ref_List.Name  FROM AD_Ref_List WHERE AD_Ref_List.AD_Reference_ID=1000430 AND AD_Ref_List.Value=C_BPartner_Ver.VAHRUAE_Probation) AS VAHRUAE_Probation_TXT,  (SELECT AD_Ref_List.Name  FROM AD_Ref_List WHERE AD_Ref_List.AD_Reference_ID=1000280 AND AD_Ref_List.Value=C_BPartner_Ver.VAHRUAE_SalaryType) AS VAHRUAE_SalaryType_TXT,  (SELECT NVL(VATAX_TaxType.VATAX_Name,'')  FROM VATAX_TaxType WHERE VATAX_TaxType.VATAX_TaxType_ID=C_BPartner_Ver.VATAX_TaxType_ID) AS VATAX_TaxType_ID_TXT,  (SELECT NVL(VSS_DEPARTMENTMASTER.Name,'')  FROM VSS_DEPARTMENTMASTER WHERE VSS_DEPARTMENTMASTER.VSS_DEPARTMENTMASTER_ID=C_BPartner_Ver.VSS_DEPARTMENTMASTER_ID) AS VSS_DEPARTMENTMASTER_ID_TXT FROM C_BPartner_Ver WHERE AD_Client_ID IN (0,11) AND C_BPartner_Ver_ID NOT IN ( SELECT Record_ID FROM AD_Private_Access WHERE AD_Table_ID = 1001200 AND AD_User_ID <> 101 AND IsActive = 'Y' ) AND C_BPartner_Ver.ProcessedVersion = 'N'  ORDER BY C_BPartner_Ver.VERSIONVALIDFROM DESC
