*** 10/31/2019 1:33:24 PM VAdvantage Log  ***
01:33:24.332    (INFO)     Trx.Start: **** ConnSH637081256043923322System.Random
01:33:24.332    (INFO)     Trx.Commit: **C** ConnSH637081256043923322System.Random
01:33:24.332    (INFO)     MChangeLog.FillChangeLog: #9
01:33:30.333    (INFO)     Trx.Start: **** ConnSH637081256103381584System.Random
01:33:30.333    (INFO)     Trx.Commit: **C** ConnSH637081256103381584System.Random
01:33:33.333    (INFO)     FinBalance.UpdateBalance: C_AcctSchema_ID=1000007DateFrom=10/31/2019 12:00:00 AM
01:33:33.333    (INFO)     Trx.Start: **** SvrProcess
01:33:34.333    (INFO)     FinBalance.DeleteBalance: C_AcctSchema_ID=1000007,DateAcct=3/31/2018 12:00:00 AM #=55
01:33:34.333    (INFO)     FinBalance.AddLog: 0 - 3/31/2018 12:00:00 AM - 55 - Deleted
01:33:34.333    (INFO)     Trx.Commit: **C** SvrProcess
01:33:34.333    (INFO)     Trx.Start: **** SvrProcess
01:33:34.333    (INFO)     FinBalance.AddLog: 0 - 3/31/2018 12:00:00 AM - 57 - Inserts in MFactAccumulation[1000005,BalanceAccumulation=D,C_Calendar_ID=1000006]
01:33:34.333    (INFO)     Trx.Commit: **C** SvrProcess
01:33:34.333    (INFO)     FinBalance.UpdateBalance: 0 sec
01:33:34.333    (INFO)     CacheMgt.Reset: AD_Process: #1 (1)
01:33:34.333    (INFO)     ReportCtl.Start: ProcessInfo[Update Accounting Balance,Process_ID=203,AD_PInstance_ID=1169074,ClassName=VAdvantage.Report.FinBalance,Error=False,Summary=#57]
===========>     (SEVERE)   ReportCtl.StartStandardReport: No ReportEngine_N
01:33:36.333    (INFO)     Trx.Start: **** ConnSH637081256168397285System.Random
01:33:36.333    (INFO)     Trx.Commit: **C** ConnSH637081256168397285System.Random
01:33:55.335    (INFO)     FinBalance.UpdateBalance: C_AcctSchema_ID=1000007DateFrom=10/31/2019 12:00:00 AM
01:33:55.335    (INFO)     Trx.Start: **** SvrProcess
01:33:55.335    (INFO)     FinBalance.DeleteBalance: C_AcctSchema_ID=1000007,DateAcct=3/31/2018 12:00:00 AM #=57
01:33:55.335    (INFO)     FinBalance.AddLog: 0 - 3/31/2018 12:00:00 AM - 57 - Deleted
01:33:55.335    (INFO)     Trx.Commit: **C** SvrProcess
01:40:30.403    (INFO)     Trx.Start: **** SvrProcess
01:40:30.403    (INFO)     FinBalance.AddLog: 0 - 3/31/2018 12:00:00 AM - 57 - Inserts in MFactAccumulation[1000005,BalanceAccumulation=D,C_Calendar_ID=1000006]
01:40:30.403    (INFO)     Trx.Commit: **C** SvrProcess
01:40:30.403    (INFO)     FinBalance.UpdateBalance: 395 sec
01:40:31.403    (INFO)     CacheMgt.Reset: AD_Process: #1 (1)
01:40:31.403    (INFO)     ReportCtl.Start: ProcessInfo[Update Accounting Balance,Process_ID=203,AD_PInstance_ID=1169075,ClassName=VAdvantage.Report.FinBalance,Error=False,Summary=#57]
===========>     (SEVERE)   ReportCtl.StartStandardReport: No ReportEngine_N
