*** 11/18/2019 10:05:34 AM VAdvantage Log  ***
----------->     (WARNING)  GridTable.GetField: Not found: 'Created'
----------->     (WARNING)  GridTable.GetField: Not found: 'CreatedBy'
----------->     (WARNING)  GridTable.GetField: Not found: 'Updated'
----------->     (WARNING)  GridTable.GetField: Not found: 'UpdatedBy'
----------->     (WARNING)  GridTable.GetField: Not found: 'Created'
----------->     (WARNING)  GridTable.GetField: Not found: 'CreatedBy'
----------->     (WARNING)  GridTable.GetField: Not found: 'Updated'
----------->     (WARNING)  GridTable.GetField: Not found: 'UpdatedBy'
----------->     (WARNING)  GridTable.GetField: Not found: 'Created'
----------->     (WARNING)  GridTable.GetField: Not found: 'CreatedBy'
----------->     (WARNING)  GridTable.GetField: Not found: 'Updated'
----------->     (WARNING)  GridTable.GetField: Not found: 'UpdatedBy'
----------->     (WARNING)  GridTable.GetField: Not found: 'Created'
----------->     (WARNING)  GridTable.GetField: Not found: 'CreatedBy'
----------->     (WARNING)  GridTable.GetField: Not found: 'Updated'
----------->     (WARNING)  GridTable.GetField: Not found: 'UpdatedBy'
----------->     (WARNING)  GridTable.GetField: Not found: 'Created'
----------->     (WARNING)  GridTable.GetField: Not found: 'CreatedBy'
----------->     (WARNING)  GridTable.GetField: Not found: 'Updated'
----------->     (WARNING)  GridTable.GetField: Not found: 'UpdatedBy'
----------->     (WARNING)  GridTable.GetField: Not found: 'Created'
----------->     (WARNING)  GridTable.GetField: Not found: 'CreatedBy'
----------->     (WARNING)  GridTable.GetField: Not found: 'Updated'
----------->     (WARNING)  GridTable.GetField: Not found: 'UpdatedBy'
----------->     (WARNING)  GridTable.GetField: Not found: 'Created'
----------->     (WARNING)  GridTable.GetField: Not found: 'CreatedBy'
----------->     (WARNING)  GridTable.GetField: Not found: 'Updated'
----------->     (WARNING)  GridTable.GetField: Not found: 'UpdatedBy'
----------->     (WARNING)  GridTable.GetField: Not found: 'Created'
----------->     (WARNING)  GridTable.GetField: Not found: 'CreatedBy'
----------->     (WARNING)  GridTable.GetField: Not found: 'Updated'
----------->     (WARNING)  GridTable.GetField: Not found: 'UpdatedBy'
10:05:34.534    (INFO)     Trx.Start: **** ConnSH637096683346153465System.Random
10:05:34.534    (INFO)     Trx.Commit: **C** ConnSH637096683346153465System.Random
10:05:36.536    (INFO)     Trx.Start: **** ConnSH637096683364520019System.Random
10:05:36.536    (INFO)     Trx.Commit: **C** ConnSH637096683364520019System.Random
10:05:40.540    (INFO)     Trx.Start: **** ConnSH637096683407551151System.Random
10:05:40.540    (INFO)     Trx.Commit: **C** ConnSH637096683407551151System.Random
10:05:50.550    (INFO)     Trx.Start: **** ConnSH637096683507835782System.Random
10:05:50.550    (INFO)     Trx.Commit: **C** ConnSH637096683507835782System.Random
10:05:52.552    (INFO)     Trx.Start: **** ConnSH637096683525553801System.Random
10:05:52.552    (INFO)     Trx.Commit: **C** ConnSH637096683525553801System.Random
----------->     (WARNING)  GridTable.GetField: Not found: 'Created'
----------->     (WARNING)  GridTable.GetField: Not found: 'CreatedBy'
----------->     (WARNING)  GridTable.GetField: Not found: 'Updated'
----------->     (WARNING)  GridTable.GetField: Not found: 'UpdatedBy'
----------->     (WARNING)  GridTable.GetField: Not found: 'Created'
----------->     (WARNING)  GridTable.GetField: Not found: 'CreatedBy'
----------->     (WARNING)  GridTable.GetField: Not found: 'Updated'
----------->     (WARNING)  GridTable.GetField: Not found: 'UpdatedBy'
----------->     (WARNING)  GridTable.GetField: Not found: 'Created'
----------->     (WARNING)  GridTable.GetField: Not found: 'CreatedBy'
----------->     (WARNING)  GridTable.GetField: Not found: 'Updated'
----------->     (WARNING)  GridTable.GetField: Not found: 'UpdatedBy'
----------->     (WARNING)  GridTable.GetField: Not found: 'Created'
----------->     (WARNING)  GridTable.GetField: Not found: 'CreatedBy'
----------->     (WARNING)  GridTable.GetField: Not found: 'Updated'
----------->     (WARNING)  GridTable.GetField: Not found: 'UpdatedBy'
----------->     (WARNING)  GridTable.GetField: Not found: 'Created'
----------->     (WARNING)  GridTable.GetField: Not found: 'CreatedBy'
----------->     (WARNING)  GridTable.GetField: Not found: 'Updated'
----------->     (WARNING)  GridTable.GetField: Not found: 'UpdatedBy'
----------->     (WARNING)  GridTable.GetField: Not found: 'Created'
----------->     (WARNING)  GridTable.GetField: Not found: 'CreatedBy'
----------->     (WARNING)  GridTable.GetField: Not found: 'Updated'
----------->     (WARNING)  GridTable.GetField: Not found: 'UpdatedBy'
10:07:09.790    (INFO)     Trx.Start: **** ConnSH637096684296481365System.Random
10:07:09.790    (INFO)     Trx.Commit: **C** ConnSH637096684296481365System.Random
10:07:11.711    (INFO)     Trx.Start: **** ConnSH637096684312981966System.Random
10:07:11.711    (INFO)     Trx.Commit: **C** ConnSH637096684312981966System.Random
10:07:17.717    (INFO)     Trx.Start: **** ConnSH637096684374802341System.Random
10:07:17.717    (INFO)     Trx.Commit: **C** ConnSH637096684374802341System.Random
10:07:20.720    (INFO)     Trx.Start: **** ConnSH637096684402932216System.Random
10:07:20.720    (INFO)     Trx.Commit: **C** ConnSH637096684402932216System.Random
10:19:28.192    (INFO)     Trx.Start: **** ConnSH637096691682787138System.Random
10:19:28.192    (INFO)     Trx.Commit: **C** ConnSH637096691682787138System.Random
10:19:28.192    (INFO)     MChangeLog.FillChangeLog: #9
10:19:28.192    (INFO)     CacheReset.DoIt: 
10:19:28.192    (INFO)     Env.Reset: finalCall=False
10:19:28.192    (INFO)     CacheMgt.Reset: #16 (6173)
10:19:28.192    (INFO)     MRole.Get: AD_Role_ID=0, AD_User_ID=0, reload=True
10:19:28.192    (INFO)     MRole.Get: MRole[0,System Administrator,UserLevel=S  ,AD_Client_ID=0,AD_Org_ID=0]
10:19:28.192    (INFO)     MRole.Get: AD_Role_ID=0, AD_User_ID=100, reload=True
10:19:28.192    (INFO)     MRole.Get: MRole[0,System Administrator,UserLevel=S  ,AD_Client_ID=0,AD_Org_ID=0]
10:19:28.192    (INFO)     MChangeLog.FillChangeLog: #9
10:19:29.192    (INFO)     CacheMgt.Reset: AD_Process: #1 (1)
10:19:29.192    (INFO)     Trx.Start: **** ConnSH637096691691246713System.Random
10:19:29.192    (INFO)     Trx.Commit: **C** ConnSH637096691691246713System.Random
10:19:29.192    (INFO)     Msg.InitMsg: Records=5823 - en_US
10:19:29.192    (INFO)     Trx.Start: **** ConnSH637096691699057120System.Random
10:19:30.193    (INFO)     Trx.Commit: **C** ConnSH637096691699057120System.Random
10:19:48.194    (INFO)     MSession.Logout: 06:45:36.546
===========>     (SEVERE)   LDAP.Validate: Error in LDAP for user SuperUser : The server is not operational.

10:20:09.209    (INFO)     MRole.Get: AD_Role_ID=0, AD_User_ID=100, reload=True
10:20:09.209    (INFO)     MRole.Get: MRole[0,System Administrator,UserLevel=S  ,AD_Client_ID=0,AD_Org_ID=0]
10:20:09.209    (INFO)     MTree.Load: AD_Tree_ID=121, AD_User_ID=100, Editable=False, OnClient=True
===========>     (SEVERE)   MTree.LoadNodes: Nodes w/o parent - adding to root - System.Collections.Generic.List`1[VAdvantage.Classes.VTreeNode]
10:20:10.201    (INFO)     Trx.Start: **** ConnSH637096692102403059System.Random
10:20:10.201    (INFO)     Trx.Commit: **C** ConnSH637096692102403059System.Random
----------->     (WARNING)  AccessSqlParser.GetTableInfo: More than one FROM clause - SELECT AppointmentsInfo.Appointmentsinfo_id AS ID,AppointmentsInfo.AD_Client_ID,AppointmentsInfo.AD_Org_ID  FROM AppointmentsInfo JOIN AD_User ON AD_User.AD_User_ID =AppointmentsInfo.CreatedBy WHERE AppointmentsInfo.IsRead='N' AND AppointmentsInfo.istask ='N'  AND AppointmentsInfo.AD_User_ID  = 100  UNION SELECT AppointmentsInfo.Appointmentsinfo_id AS ID, AppointmentsInfo.AD_Client_ID,AppointmentsInfo.AD_Org_ID FROM AppointmentsInfo  JOIN AD_User ON AD_User.AD_User_ID = AppointmentsInfo.CreatedBy  WHERE (AppointmentsInfo.IsRead ='Y'   AND AppointmentsInfo.AD_User_ID = 100 )  AND AppointmentsInfo.istask ='N'  AND AppointmentsInfo.startDate BETWEEN to_date('11/17/19','mm/dd/yy') and to_date('11/25/19 23.59','mm/dd/yy HH24:MI')   OR  to_date('11/18/19','mm/dd/yy')  BETWEEN  AppointmentsInfo.startDate  AND AppointmentsInfo.endDate  AND  AppointmentsInfo.CreatedBy  !=100 AND AppointmentsInfo.AD_User_ID  = 100)
----------->     (WARNING)  AccessSqlParser.GetTableInfo: Could not remove ON AppointmentsInfo JOIN AD_User ON AD_User.AD_User_ID =AppointmentsInfo.CreatedBy
10:24:27.242    (INFO)     MSession.Logout: 06:34:17.354
===========>     (SEVERE)   LDAP.Validate: Error in LDAP for user IdeasIncAdmin : The server is not operational.

===========>     (SEVERE)   LDAP.Validate: Error in LDAP for user IdeasIncAdmin : The server is not operational.

10:25:15.251    (INFO)     MRole.Get: AD_Role_ID=102, AD_User_ID=101, reload=True
10:25:15.251    (INFO)     MRole.Get: MRole[102,IdeasInc Admin,UserLevel= CO,AD_Client_ID IN (0,11),]
10:25:15.251    (INFO)     MRole.Get: AD_Role_ID=102, AD_User_ID=101, reload=True
10:25:15.251    (INFO)     MRole.Get: MRole[102,IdeasInc Admin,UserLevel= CO,AD_Client_ID IN (0,11),]
10:25:15.251    (INFO)     MTree.Load: AD_Tree_ID=121, AD_User_ID=101, Editable=False, OnClient=True
===========>     (SEVERE)   MTree.LoadNodes: Nodes w/o parent - adding to root - System.Collections.Generic.List`1[VAdvantage.Classes.VTreeNode]
10:25:16.251    (INFO)     Trx.Start: **** ConnSH637096695160228896System.Random
10:25:16.251    (INFO)     Trx.Commit: **C** ConnSH637096695160228896System.Random
----------->     (WARNING)  AccessSqlParser.GetTableInfo: More than one FROM clause - SELECT AppointmentsInfo.Appointmentsinfo_id AS ID,AppointmentsInfo.AD_Client_ID,AppointmentsInfo.AD_Org_ID  FROM AppointmentsInfo JOIN AD_User ON AD_User.AD_User_ID =AppointmentsInfo.CreatedBy WHERE AppointmentsInfo.IsRead='N' AND AppointmentsInfo.istask ='N'  AND AppointmentsInfo.AD_User_ID  = 101  UNION SELECT AppointmentsInfo.Appointmentsinfo_id AS ID, AppointmentsInfo.AD_Client_ID,AppointmentsInfo.AD_Org_ID FROM AppointmentsInfo  JOIN AD_User ON AD_User.AD_User_ID = AppointmentsInfo.CreatedBy  WHERE (AppointmentsInfo.IsRead ='Y'   AND AppointmentsInfo.AD_User_ID = 101 )  AND AppointmentsInfo.istask ='N'  AND AppointmentsInfo.startDate BETWEEN to_date('11/17/19','mm/dd/yy') and to_date('11/25/19 23.59','mm/dd/yy HH24:MI')   OR  to_date('11/18/19','mm/dd/yy')  BETWEEN  AppointmentsInfo.startDate  AND AppointmentsInfo.endDate  AND  AppointmentsInfo.CreatedBy  !=101 AND AppointmentsInfo.AD_User_ID  = 101)
----------->     (WARNING)  AccessSqlParser.GetTableInfo: Could not remove ON AppointmentsInfo JOIN AD_User ON AD_User.AD_User_ID =AppointmentsInfo.CreatedBy
----------->     (WARNING)  GridTable.GetField: Not found: 'Created'
----------->     (WARNING)  GridTable.GetField: Not found: 'CreatedBy'
----------->     (WARNING)  GridTable.GetField: Not found: 'Updated'
----------->     (WARNING)  GridTable.GetField: Not found: 'UpdatedBy'
10:25:30.253    (INFO)     Trx.Start: **** ConnSH637096695301695040System.Random
10:25:30.253    (INFO)     Trx.Commit: **C** ConnSH637096695301695040System.Random
10:25:33.253    (INFO)     Trx.Start: **** ConnSH637096695331764105System.Random
10:25:33.253    (INFO)     Trx.Commit: **C** ConnSH637096695331764105System.Random
10:25:41.254    (INFO)     MSession.Logout: 06:30:26.690
----------->     (WARNING)  MSession.Get: Session Processed=X_AD_Session[1027431]
===========>     (SEVERE)   LDAP.Validate: Error in LDAP for user IdeasIncAdmin : The server is not operational.

10:26:09.269    (INFO)     MRole.Get: AD_Role_ID=102, AD_User_ID=101, reload=True
10:26:09.269    (INFO)     MRole.Get: MRole[102,IdeasInc Admin,UserLevel= CO,AD_Client_ID IN (0,11),]
10:26:09.269    (INFO)     MTree.Load: AD_Tree_ID=121, AD_User_ID=101, Editable=False, OnClient=True
===========>     (SEVERE)   MTree.LoadNodes: Nodes w/o parent - adding to root - System.Collections.Generic.List`1[VAdvantage.Classes.VTreeNode]
10:26:09.269    (INFO)     Trx.Start: **** ConnSH637096695697475007System.Random
10:26:09.269    (INFO)     Trx.Commit: **C** ConnSH637096695697475007System.Random
----------->     (WARNING)  AccessSqlParser.GetTableInfo: More than one FROM clause - SELECT AppointmentsInfo.Appointmentsinfo_id AS ID,AppointmentsInfo.AD_Client_ID,AppointmentsInfo.AD_Org_ID  FROM AppointmentsInfo JOIN AD_User ON AD_User.AD_User_ID =AppointmentsInfo.CreatedBy WHERE AppointmentsInfo.IsRead='N' AND AppointmentsInfo.istask ='N'  AND AppointmentsInfo.AD_User_ID  = 101  UNION SELECT AppointmentsInfo.Appointmentsinfo_id AS ID, AppointmentsInfo.AD_Client_ID,AppointmentsInfo.AD_Org_ID FROM AppointmentsInfo  JOIN AD_User ON AD_User.AD_User_ID = AppointmentsInfo.CreatedBy  WHERE (AppointmentsInfo.IsRead ='Y'   AND AppointmentsInfo.AD_User_ID = 101 )  AND AppointmentsInfo.istask ='N'  AND AppointmentsInfo.startDate BETWEEN to_date('11/17/19','mm/dd/yy') and to_date('11/25/19 23.59','mm/dd/yy HH24:MI')   OR  to_date('11/18/19','mm/dd/yy')  BETWEEN  AppointmentsInfo.startDate  AND AppointmentsInfo.endDate  AND  AppointmentsInfo.CreatedBy  !=101 AND AppointmentsInfo.AD_User_ID  = 101)
----------->     (WARNING)  AccessSqlParser.GetTableInfo: Could not remove ON AppointmentsInfo JOIN AD_User ON AD_User.AD_User_ID =AppointmentsInfo.CreatedBy
10:26:22.262    (INFO)     Trx.Start: **** ConnSH637096695822074606System.Random
10:26:22.262    (INFO)     Trx.Commit: **C** ConnSH637096695822074606System.Random
10:26:22.262    (INFO)     CacheReset.DoIt: 
10:26:22.262    (INFO)     Env.Reset: finalCall=False
10:26:22.262    (INFO)     CacheMgt.Reset: #20 (9479)
10:26:22.262    (INFO)     MRole.Get: AD_Role_ID=0, AD_User_ID=0, reload=True
10:26:22.262    (INFO)     MRole.Get: MRole[0,System Administrator,UserLevel=S  ,AD_Client_ID=0,AD_Org_ID=0]
10:26:22.262    (INFO)     MRole.Get: AD_Role_ID=102, AD_User_ID=101, reload=True
10:26:22.262    (INFO)     MRole.Get: MRole[102,IdeasInc Admin,UserLevel= CO,AD_Client_ID IN (0,11),]
10:26:22.262    (INFO)     MChangeLog.FillChangeLog: #9
10:26:22.262    (INFO)     CacheMgt.Reset: AD_Process: #1 (1)
10:26:22.262    (INFO)     Trx.Start: **** ConnSH637096695826553550System.Random
10:26:22.262    (INFO)     Trx.Commit: **C** ConnSH637096695826553550System.Random
10:26:22.262    (INFO)     Trx.Start: **** ConnSH637096695827261476System.Random
10:26:22.262    (INFO)     Trx.Commit: **C** ConnSH637096695827261476System.Random
10:26:23.262    (INFO)     Msg.InitMsg: Records=5823 - en_US
10:26:23.262    (INFO)     Trx.Start: **** ConnSH637096695834454624System.Random
10:26:23.262    (INFO)     Trx.Commit: **C** ConnSH637096695834454624System.Random
10:26:23.262    (INFO)     Trx.Start: **** ConnSH637096695835120826System.Random
10:26:23.262    (INFO)     Trx.Commit: **C** ConnSH637096695835120826System.Random
----------->     (WARNING)  GridTable.GetField: Not found: 'Created'
----------->     (WARNING)  GridTable.GetField: Not found: 'CreatedBy'
----------->     (WARNING)  GridTable.GetField: Not found: 'Updated'
----------->     (WARNING)  GridTable.GetField: Not found: 'UpdatedBy'
10:26:28.262    (INFO)     Trx.Start: **** ConnSH637096695882291295System.Random
10:26:28.262    (INFO)     Trx.Commit: **C** ConnSH637096695882291295System.Random
10:26:28.262    (INFO)     Trx.Start: **** ConnSH637096695883620767System.Random
