*** 10/23/2019 4:20:27 PM VAdvantage Log  ***
04:20:27.202    (INFO)     MSession.Logout: 06:32:48.129
===========>     (SEVERE)   LDAP.Validate: Error in LDAP for user IdeasIncAdmin : The server is not operational.

===========>     (SEVERE)   LDAP.Validate: Error in LDAP for user IdeasIncAdmin : The server is not operational.

04:21:18.211    (INFO)     MRole.Get: AD_Role_ID=102, AD_User_ID=101, reload=True
04:21:18.211    (INFO)     MRole.Get: MRole[102,IdeasInc Admin,UserLevel= CO,AD_Client_ID IN (0,11),]
04:21:18.211    (INFO)     MRole.Get: AD_Role_ID=102, AD_User_ID=101, reload=True
04:21:18.211    (INFO)     MRole.Get: MRole[102,IdeasInc Admin,UserLevel= CO,AD_Client_ID IN (0,11),]
04:21:18.211    (INFO)     MTree.Load: AD_Tree_ID=121, AD_User_ID=101, Editable=False, OnClient=True
===========>     (SEVERE)   MTree.LoadNodes: Nodes w/o parent - adding to root - System.Collections.Generic.List`1[VAdvantage.Classes.VTreeNode]
04:21:19.211    (INFO)     Trx.Start: **** ConnSH637074444792021060System.Random
04:21:19.211    (INFO)     Trx.Commit: **C** ConnSH637074444792021060System.Random
----------->     (WARNING)  AccessSqlParser.GetTableInfo: More than one FROM clause - SELECT AppointmentsInfo.Appointmentsinfo_id AS ID,AppointmentsInfo.AD_Client_ID,AppointmentsInfo.AD_Org_ID  FROM AppointmentsInfo JOIN AD_User ON AD_User.AD_User_ID =AppointmentsInfo.CreatedBy WHERE AppointmentsInfo.IsRead='N' AND AppointmentsInfo.istask ='N'  AND AppointmentsInfo.AD_User_ID  = 101  UNION SELECT AppointmentsInfo.Appointmentsinfo_id AS ID, AppointmentsInfo.AD_Client_ID,AppointmentsInfo.AD_Org_ID FROM AppointmentsInfo  JOIN AD_User ON AD_User.AD_User_ID = AppointmentsInfo.CreatedBy  WHERE (AppointmentsInfo.IsRead ='Y'   AND AppointmentsInfo.AD_User_ID = 101 )  AND AppointmentsInfo.istask ='N'  AND AppointmentsInfo.startDate BETWEEN to_date('10/22/19','mm/dd/yy') and to_date('10/30/19 23.59','mm/dd/yy HH24:MI')   OR  to_date('10/23/19','mm/dd/yy')  BETWEEN  AppointmentsInfo.startDate  AND AppointmentsInfo.endDate  AND  AppointmentsInfo.CreatedBy  !=101 AND AppointmentsInfo.AD_User_ID  = 101)
----------->     (WARNING)  AccessSqlParser.GetTableInfo: Could not remove ON AppointmentsInfo JOIN AD_User ON AD_User.AD_User_ID =AppointmentsInfo.CreatedBy
04:21:26.212    (INFO)     Trx.Start: **** ConnSH637074444863354688System.Random
04:21:26.212    (INFO)     Trx.Commit: **C** ConnSH637074444863354688System.Random
04:21:26.212    (INFO)     MChangeLog.FillChangeLog: #9
04:21:26.212    (INFO)     CacheReset.DoIt: 
04:21:26.212    (INFO)     Env.Reset: finalCall=False
04:21:26.212    (INFO)     CacheMgt.Reset: #16 (7873)
04:21:26.212    (INFO)     MRole.Get: AD_Role_ID=0, AD_User_ID=0, reload=True
04:21:26.212    (INFO)     MRole.Get: MRole[0,System Administrator,UserLevel=S  ,AD_Client_ID=0,AD_Org_ID=0]
04:21:26.212    (INFO)     MRole.Get: AD_Role_ID=102, AD_User_ID=101, reload=True
04:21:26.212    (INFO)     MRole.Get: MRole[102,IdeasInc Admin,UserLevel= CO,AD_Client_ID IN (0,11),]
04:21:26.212    (INFO)     MChangeLog.FillChangeLog: #9
04:21:26.212    (INFO)     CacheMgt.Reset: AD_Process: #1 (1)
04:21:26.212    (INFO)     Trx.Start: **** ConnSH637074444869822247System.Random
04:21:27.212    (INFO)     Trx.Commit: **C** ConnSH637074444869822247System.Random
04:21:27.212    (INFO)     Trx.Start: **** ConnSH637074444871076325System.Random
04:21:27.212    (INFO)     Trx.Commit: **C** ConnSH637074444871076325System.Random
04:21:27.212    (INFO)     Msg.InitMsg: Records=5818 - en_US
04:21:27.212    (INFO)     Trx.Start: **** ConnSH637074444879667274System.Random
04:21:28.212    (INFO)     Trx.Commit: **C** ConnSH637074444879667274System.Random
04:21:28.212    (INFO)     Trx.Start: **** ConnSH637074444880493334System.Random
04:21:28.212    (INFO)     Trx.Commit: **C** ConnSH637074444880493334System.Random
----------->     (WARNING)  GridTable.GetField: Not found: 'Created'
----------->     (WARNING)  GridTable.GetField: Not found: 'CreatedBy'
----------->     (WARNING)  GridTable.GetField: Not found: 'Updated'
----------->     (WARNING)  GridTable.GetField: Not found: 'UpdatedBy'
04:21:42.214    (INFO)     Trx.Start: **** ConnSH637074445024429388System.Random
04:21:42.214    (INFO)     Trx.Commit: **C** ConnSH637074445024429388System.Random
04:21:42.214    (INFO)     Trx.Start: **** ConnSH637074445026166280System.Random
04:21:42.214    (INFO)     Trx.Commit: **C** ConnSH637074445026166280System.Random
04:21:45.214    (INFO)     Trx.Start: **** ConnSH637074445053408891System.Random
04:21:45.214    (INFO)     Trx.Commit: **C** ConnSH637074445053408891System.Random
04:21:45.214    (INFO)     Trx.Start: **** ConnSH637074445054228846System.Random
04:21:45.214    (INFO)     Trx.Commit: **C** ConnSH637074445054228846System.Random
04:22:04.224    (INFO)     Trx.Start: **** ConnSH637074445249095335System.Random
04:22:05.225    (INFO)     Trx.Commit: **C** ConnSH637074445249095335System.Random
04:22:05.225    (INFO)     Trx.Start: **** ConnSH637074445250335323System.Random
04:22:05.225    (INFO)     Trx.Commit: **C** ConnSH637074445250335323System.Random
04:22:32.223    (INFO)     Trx.Start: **** ConnSH637074445522869722System.Random
04:22:32.223    (INFO)     Trx.Commit: **C** ConnSH637074445522869722System.Random
04:22:45.224    (INFO)     Trx.Start: **** ConnSH637074445654047787System.Random
04:22:45.224    (INFO)     Trx.Commit: **C** ConnSH637074445654047787System.Random
04:24:00.240    (INFO)     MSession.Logout: 06:32:15.292
----------->     (WARNING)  MSession.Get: Session Processed=X_AD_Session[1026649]
===========>     (SEVERE)   LDAP.Validate: Error in LDAP for user IdeasIncAdmin : The server is not operational.

04:24:21.242    (INFO)     MRole.Get: AD_Role_ID=102, AD_User_ID=101, reload=True
04:24:21.242    (INFO)     MRole.Get: MRole[102,IdeasInc Admin,UserLevel= CO,AD_Client_ID IN (0,11),]
04:24:21.242    (INFO)     MTree.Load: AD_Tree_ID=121, AD_User_ID=101, Editable=False, OnClient=True
===========>     (SEVERE)   MTree.LoadNodes: Nodes w/o parent - adding to root - System.Collections.Generic.List`1[VAdvantage.Classes.VTreeNode]
04:24:22.242    (INFO)     Trx.Start: **** ConnSH637074446625890712System.Random
04:24:22.242    (INFO)     Trx.Commit: **C** ConnSH637074446625890712System.Random
----------->     (WARNING)  AccessSqlParser.GetTableInfo: More than one FROM clause - SELECT AppointmentsInfo.Appointmentsinfo_id AS ID,AppointmentsInfo.AD_Client_ID,AppointmentsInfo.AD_Org_ID  FROM AppointmentsInfo JOIN AD_User ON AD_User.AD_User_ID =AppointmentsInfo.CreatedBy WHERE AppointmentsInfo.IsRead='N' AND AppointmentsInfo.istask ='N'  AND AppointmentsInfo.AD_User_ID  = 101  UNION SELECT AppointmentsInfo.Appointmentsinfo_id AS ID, AppointmentsInfo.AD_Client_ID,AppointmentsInfo.AD_Org_ID FROM AppointmentsInfo  JOIN AD_User ON AD_User.AD_User_ID = AppointmentsInfo.CreatedBy  WHERE (AppointmentsInfo.IsRead ='Y'   AND AppointmentsInfo.AD_User_ID = 101 )  AND AppointmentsInfo.istask ='N'  AND AppointmentsInfo.startDate BETWEEN to_date('10/22/19','mm/dd/yy') and to_date('10/30/19 23.59','mm/dd/yy HH24:MI')   OR  to_date('10/23/19','mm/dd/yy')  BETWEEN  AppointmentsInfo.startDate  AND AppointmentsInfo.endDate  AND  AppointmentsInfo.CreatedBy  !=101 AND AppointmentsInfo.AD_User_ID  = 101)
----------->     (WARNING)  AccessSqlParser.GetTableInfo: Could not remove ON AppointmentsInfo JOIN AD_User ON AD_User.AD_User_ID =AppointmentsInfo.CreatedBy
04:24:47.244    (INFO)     AEnv.GetMWindowVO: Cached=VAdvantage.Controller.GridWindowVO
----------->     (WARNING)  GridTable.GetField: Not found: 'Created'
----------->     (WARNING)  GridTable.GetField: Not found: 'CreatedBy'
----------->     (WARNING)  GridTable.GetField: Not found: 'Updated'
----------->     (WARNING)  GridTable.GetField: Not found: 'UpdatedBy'
04:24:47.244    (INFO)     Trx.Start: **** ConnSH637074446872598441System.Random
04:24:47.244    (INFO)     Trx.Commit: **C** ConnSH637074446872598441System.Random
04:24:47.244    (INFO)     Trx.Start: **** ConnSH637074446876618233System.Random
04:24:47.244    (INFO)     Trx.Commit: **C** ConnSH637074446876618233System.Random
04:24:51.245    (INFO)     Trx.Start: **** ConnSH637074446917426392System.Random
04:24:51.245    (INFO)     Trx.Commit: **C** ConnSH637074446917426392System.Random
04:25:04.254    (INFO)     Trx.Start: **** ConnSH637074447045396498System.Random
04:25:04.254    (INFO)     Trx.Commit: **C** ConnSH637074447045396498System.Random
04:25:09.259    (INFO)     Trx.Start: **** ConnSH637074447090810986System.Random
04:25:09.259    (INFO)     Trx.Commit: **C** ConnSH637074447090810986System.Random
04:25:09.259    (INFO)     CacheReset.DoIt: 
04:25:09.259    (INFO)     Env.Reset: finalCall=False
04:25:09.259    (INFO)     CacheMgt.Reset: #21 (9474)
04:25:09.259    (INFO)     MRole.Get: AD_Role_ID=0, AD_User_ID=0, reload=True
04:25:09.259    (INFO)     MRole.Get: MRole[0,System Administrator,UserLevel=S  ,AD_Client_ID=0,AD_Org_ID=0]
04:25:09.259    (INFO)     MRole.Get: AD_Role_ID=102, AD_User_ID=101, reload=True
04:25:09.259    (INFO)     MRole.Get: MRole[102,IdeasInc Admin,UserLevel= CO,AD_Client_ID IN (0,11),]
04:25:09.259    (INFO)     MChangeLog.FillChangeLog: #9
04:25:09.259    (INFO)     CacheMgt.Reset: AD_Process: #1 (1)
04:25:09.259    (INFO)     Trx.Start: **** ConnSH637074447095257720System.Random
04:25:09.259    (INFO)     Trx.Commit: **C** ConnSH637074447095257720System.Random
04:25:09.259    (INFO)     Trx.Start: **** ConnSH637074447096077619System.Random
04:25:09.259    (INFO)     Trx.Commit: **C** ConnSH637074447096077619System.Random
04:25:10.251    (INFO)     Msg.InitMsg: Records=5818 - en_US
04:25:10.251    (INFO)     Trx.Start: **** ConnSH637074447104853156System.Random
04:25:10.251    (INFO)     Trx.Commit: **C** ConnSH637074447104853156System.Random
04:25:10.251    (INFO)     Trx.Start: **** ConnSH637074447105618601System.Random
04:25:10.251    (INFO)     Trx.Commit: **C** ConnSH637074447105618601System.Random
04:25:15.251    (INFO)     Trx.Start: **** ConnSH637074447156773535System.Random
04:25:15.251    (INFO)     Trx.Commit: **C** ConnSH637074447156773535System.Random
04:25:15.251    (INFO)     Trx.Start: **** ConnSH637074447157517798System.Random
04:25:15.251    (INFO)     Trx.Commit: **C** ConnSH637074447157517798System.Random
04:25:15.251    (INFO)     CacheReset.DoIt: 
04:25:15.251    (INFO)     Env.Reset: finalCall=False
04:25:15.251    (INFO)     CacheMgt.Reset: #11 (5917)
04:25:15.251    (INFO)     MRole.Get: AD_Role_ID=0, AD_User_ID=0, reload=True
04:25:15.251    (INFO)     MRole.Get: MRole[0,System Administrator,UserLevel=S  ,AD_Client_ID=0,AD_Org_ID=0]
04:25:16.251    (INFO)     MRole.Get: AD_Role_ID=102, AD_User_ID=101, reload=True
04:25:16.251    (INFO)     MRole.Get: MRole[102,IdeasInc Admin,UserLevel= CO,AD_Client_ID IN (0,11),]
04:25:16.251    (INFO)     MChangeLog.FillChangeLog: #9
04:25:16.251    (INFO)     CacheMgt.Reset: AD_Process: #1 (1)
04:25:16.251    (INFO)     Trx.Start: **** ConnSH637074447162629636System.Random
04:25:16.251    (INFO)     Trx.Commit: **C** ConnSH637074447162629636System.Random
04:25:16.251    (INFO)     Trx.Start: **** ConnSH637074447163369531System.Random
04:25:16.251    (INFO)     Trx.Commit: **C** ConnSH637074447163369531System.Random
04:25:17.251    (INFO)     Msg.InitMsg: Records=5818 - en_US
04:25:17.251    (INFO)     Trx.Start: **** ConnSH637074447172696152System.Random
04:25:17.251    (INFO)     Trx.Commit: **C** ConnSH637074447172696152System.Random
04:25:17.251    (INFO)     Trx.Start: **** ConnSH637074447173506114System.Random
04:25:17.251    (INFO)     Trx.Commit: **C** ConnSH637074447173506114System.Random
----------->     (WARNING)  GridTable.GetField: Not found: 'Created'
----------->     (WARNING)  GridTable.GetField: Not found: 'CreatedBy'
----------->     (WARNING)  GridTable.GetField: Not found: 'Updated'
----------->     (WARNING)  GridTable.GetField: Not found: 'UpdatedBy'
04:25:22.252    (INFO)     Trx.Start: **** ConnSH637074447225710395System.Random
04:25:22.252    (INFO)     Trx.Commit: **C** ConnSH637074447225710395System.Random
04:25:22.252    (INFO)     Trx.Start: **** ConnSH637074447226640547System.Random
04:25:22.252    (INFO)     Trx.Commit: **C** ConnSH637074447226640547System.Random
04:25:23.252    (INFO)     Trx.Start: **** ConnSH637074447230546351System.Random
04:25:23.252    (INFO)     Trx.Commit: **C** ConnSH637074447230546351System.Random
04:25:23.252    (INFO)     Trx.Start: **** ConnSH637074447231476298System.Random
04:25:23.252    (INFO)     Trx.Commit: **C** ConnSH637074447231476298System.Random
04:25:39.253    (INFO)     MSession.Logout: 06:30:17.773
----------->     (WARNING)  MSession.Get: Session Processed=X_AD_Session[1026653]
===========>     (SEVERE)   LDAP.Validate: Error in LDAP for user IdeasIncAdmin : The server is not operational.

04:26:01.261    (INFO)     MRole.Get: AD_Role_ID=102, AD_User_ID=101, reload=True
04:26:01.261    (INFO)     MRole.Get: MRole[102,IdeasInc Admin,UserLevel= CO,AD_Client_ID IN (0,11),]
04:26:01.261    (INFO)     MTree.Load: AD_Tree_ID=121, AD_User_ID=101, Editable=False, OnClient=True
===========>     (SEVERE)   MTree.LoadNodes: Nodes w/o parent - adding to root - System.Collections.Generic.List`1[VAdvantage.Classes.VTreeNode]
04:26:01.261    (INFO)     Trx.Start: **** ConnSH637074447617261056System.Random
04:26:01.261    (INFO)     Trx.Commit: **C** ConnSH637074447617261056System.Random
----------->     (WARNING)  AccessSqlParser.GetTableInfo: More than one FROM clause - SELECT AppointmentsInfo.Appointmentsinfo_id AS ID,AppointmentsInfo.AD_Client_ID,AppointmentsInfo.AD_Org_ID  FROM AppointmentsInfo JOIN AD_User ON AD_User.AD_User_ID =AppointmentsInfo.CreatedBy WHERE AppointmentsInfo.IsRead='N' AND AppointmentsInfo.istask ='N'  AND AppointmentsInfo.AD_User_ID  = 101  UNION SELECT AppointmentsInfo.Appointmentsinfo_id AS ID, AppointmentsInfo.AD_Client_ID,AppointmentsInfo.AD_Org_ID FROM AppointmentsInfo  JOIN AD_User ON AD_User.AD_User_ID = AppointmentsInfo.CreatedBy  WHERE (AppointmentsInfo.IsRead ='Y'   AND AppointmentsInfo.AD_User_ID = 101 )  AND AppointmentsInfo.istask ='N'  AND AppointmentsInfo.startDate BETWEEN to_date('10/22/19','mm/dd/yy') and to_date('10/30/19 23.59','mm/dd/yy HH24:MI')   OR  to_date('10/23/19','mm/dd/yy')  BETWEEN  AppointmentsInfo.startDate  AND AppointmentsInfo.endDate  AND  AppointmentsInfo.CreatedBy  !=101 AND AppointmentsInfo.AD_User_ID  = 101)
----------->     (WARNING)  AccessSqlParser.GetTableInfo: Could not remove ON AppointmentsInfo JOIN AD_User ON AD_User.AD_User_ID =AppointmentsInfo.CreatedBy
04:26:05.265    (INFO)     AEnv.GetMWindowVO: Cached=VAdvantage.Controller.GridWindowVO
----------->     (WARNING)  GridTable.GetField: Not found: 'Created'
----------->     (WARNING)  GridTable.GetField: Not found: 'CreatedBy'
----------->     (WARNING)  GridTable.GetField: Not found: 'Updated'
----------->     (WARNING)  GridTable.GetField: Not found: 'UpdatedBy'
04:26:05.265    (INFO)     Trx.Start: **** ConnSH637074447656264629System.Random
04:26:05.265    (INFO)     Trx.Commit: **C** ConnSH637074447656264629System.Random
04:26:08.268    (INFO)     Trx.Start: **** ConnSH637074447685117025System.Random
04:26:08.268    (INFO)     Trx.Commit: **C** ConnSH637074447685117025System.Random
04:26:17.261    (INFO)     Trx.Start: **** ConnSH637074447773715079System.Random
04:26:17.261    (INFO)     Trx.Commit: **C** ConnSH637074447773715079System.Random
04:26:17.261    (INFO)     CacheReset.DoIt: 
04:26:17.261    (INFO)     Env.Reset: finalCall=False
04:26:17.261    (INFO)     CacheMgt.Reset: #20 (9470)
04:26:17.261    (INFO)     MRole.Get: AD_Role_ID=0, AD_User_ID=0, reload=True
04:26:17.261    (INFO)     MRole.Get: MRole[0,System Administrator,UserLevel=S  ,AD_Client_ID=0,AD_Org_ID=0]
04:26:17.261    (INFO)     MRole.Get: AD_Role_ID=102, AD_User_ID=101, reload=True
04:26:17.261    (INFO)     MRole.Get: MRole[102,IdeasInc Admin,UserLevel= CO,AD_Client_ID IN (0,11),]
04:26:17.261    (INFO)     MChangeLog.FillChangeLog: #9
04:26:17.261    (INFO)     CacheMgt.Reset: AD_Process: #1 (1)
04:26:17.261    (INFO)     Trx.Start: **** ConnSH637074447778672856System.Random
04:26:17.261    (INFO)     Trx.Commit: **C** ConnSH637074447778672856System.Random
04:26:17.261    (INFO)     Trx.Start: **** ConnSH637074447779363282System.Random
04:26:18.261    (INFO)     Trx.Commit: **C** ConnSH637074447779363282System.Random
04:26:18.261    (INFO)     Msg.InitMsg: Records=5818 - en_US
04:26:18.261    (INFO)     Trx.Start: **** ConnSH637074447788800711System.Random
04:26:18.261    (INFO)     Trx.Commit: **C** ConnSH637074447788800711System.Random
04:26:18.261    (INFO)     Trx.Start: **** ConnSH637074447789490622System.Random
04:26:19.261    (INFO)     Trx.Commit: **C** ConnSH637074447789490622System.Random
----------->     (WARNING)  GridTable.GetField: Not found: 'Created'
----------->     (WARNING)  GridTable.GetField: Not found: 'CreatedBy'
----------->     (WARNING)  GridTable.GetField: Not found: 'Updated'
----------->     (WARNING)  GridTable.GetField: Not found: 'UpdatedBy'
04:26:22.262    (INFO)     Trx.Start: **** ConnSH637074447822603848System.Random
04:26:22.262    (INFO)     Trx.Commit: **C** ConnSH637074447822603848System.Random
04:26:22.262    (INFO)     Trx.Start: **** ConnSH637074447823403871System.Random
04:26:22.262    (INFO)     Trx.Commit: **C** ConnSH637074447823403871System.Random
04:26:22.262    (INFO)     Trx.Start: **** ConnSH637074447827883582System.Random
04:26:22.262    (INFO)     Trx.Commit: **C** ConnSH637074447827883582System.Random
04:26:22.262    (INFO)     Trx.Start: **** ConnSH637074447828873565System.Random
04:26:22.262    (INFO)     Trx.Commit: **C** ConnSH637074447828873565System.Random
04:26:34.263    (INFO)     Trx.Start: **** ConnSH637074447948458086System.Random
04:26:34.263    (INFO)     Trx.Commit: **C** ConnSH637074447948458086System.Random
04:27:01.271    (INFO)     Trx.Start: **** ConnSH637074448217130795System.Random
04:27:01.271    (INFO)     Trx.Commit: **C** ConnSH637074448217130795System.Random
04:27:50.275    (INFO)     MSession.Logout: 06:31:29.610
----------->     (WARNING)  MSession.Get: Session Processed=X_AD_Session[1026656]
===========>     (SEVERE)   LDAP.Validate: Error in LDAP for user IdeasIncAdmin : The server is not operational.

04:28:13.281    (INFO)     MRole.Get: AD_Role_ID=102, AD_User_ID=101, reload=True
04:28:13.281    (INFO)     MRole.Get: MRole[102,IdeasInc Admin,UserLevel= CO,AD_Client_ID IN (0,11),]
04:28:14.281    (INFO)     MTree.Load: AD_Tree_ID=121, AD_User_ID=101, Editable=False, OnClient=True
===========>     (SEVERE)   MTree.LoadNodes: Nodes w/o parent - adding to root - System.Collections.Generic.List`1[VAdvantage.Classes.VTreeNode]
04:28:14.281    (INFO)     Trx.Start: **** ConnSH637074448946494790System.Random
04:28:14.281    (INFO)     Trx.Commit: **C** ConnSH637074448946494790System.Random
----------->     (WARNING)  AccessSqlParser.GetTableInfo: More than one FROM clause - SELECT AppointmentsInfo.Appointmentsinfo_id AS ID,AppointmentsInfo.AD_Client_ID,AppointmentsInfo.AD_Org_ID  FROM AppointmentsInfo JOIN AD_User ON AD_User.AD_User_ID =AppointmentsInfo.CreatedBy WHERE AppointmentsInfo.IsRead='N' AND AppointmentsInfo.istask ='N'  AND AppointmentsInfo.AD_User_ID  = 101  UNION SELECT AppointmentsInfo.Appointmentsinfo_id AS ID, AppointmentsInfo.AD_Client_ID,AppointmentsInfo.AD_Org_ID FROM AppointmentsInfo  JOIN AD_User ON AD_User.AD_User_ID = AppointmentsInfo.CreatedBy  WHERE (AppointmentsInfo.IsRead ='Y'   AND AppointmentsInfo.AD_User_ID = 101 )  AND AppointmentsInfo.istask ='N'  AND AppointmentsInfo.startDate BETWEEN to_date('10/22/19','mm/dd/yy') and to_date('10/30/19 23.59','mm/dd/yy HH24:MI')   OR  to_date('10/23/19','mm/dd/yy')  BETWEEN  AppointmentsInfo.startDate  AND AppointmentsInfo.endDate  AND  AppointmentsInfo.CreatedBy  !=101 AND AppointmentsInfo.AD_User_ID  = 101)
----------->     (WARNING)  AccessSqlParser.GetTableInfo: Could not remove ON AppointmentsInfo JOIN AD_User ON AD_User.AD_User_ID =AppointmentsInfo.CreatedBy
04:28:36.283    (INFO)     Trx.Start: **** ConnSH637074449161679258System.Random
04:28:36.283    (INFO)     Trx.Commit: **C** ConnSH637074449161679258System.Random
04:28:36.283    (INFO)     CacheReset.DoIt: 
04:28:36.283    (INFO)     Env.Reset: finalCall=False
04:28:36.283    (INFO)     CacheMgt.Reset: #19 (7891)
04:28:36.283    (INFO)     MRole.Get: AD_Role_ID=0, AD_User_ID=0, reload=True
04:28:36.283    (INFO)     MRole.Get: MRole[0,System Administrator,UserLevel=S  ,AD_Client_ID=0,AD_Org_ID=0]
04:28:36.283    (INFO)     MRole.Get: AD_Role_ID=102, AD_User_ID=101, reload=True
04:28:36.283    (INFO)     MRole.Get: MRole[102,IdeasInc Admin,UserLevel= CO,AD_Client_ID IN (0,11),]
04:28:36.283    (INFO)     MChangeLog.FillChangeLog: #9
04:28:36.283    (INFO)     CacheMgt.Reset: AD_Process: #1 (1)
04:28:36.283    (INFO)     Trx.Start: **** ConnSH637074449167505812System.Random
04:28:36.283    (INFO)     Trx.Commit: **C** ConnSH637074449167505812System.Random
04:28:36.283    (INFO)     Trx.Start: **** ConnSH637074449168225783System.Random
04:28:36.283    (INFO)     Trx.Commit: **C** ConnSH637074449168225783System.Random
04:28:37.283    (INFO)     Msg.InitMsg: Records=5818 - en_US
04:28:37.283    (INFO)     Trx.Start: **** ConnSH637074449177206112System.Random
04:28:37.283    (INFO)     Trx.Commit: **C** ConnSH637074449177206112System.Random
04:28:37.283    (INFO)     Trx.Start: **** ConnSH637074449177986072System.Random
04:28:37.283    (INFO)     Trx.Commit: **C** ConnSH637074449177986072System.Random
----------->     (WARNING)  GridTable.GetField: Not found: 'Created'
----------->     (WARNING)  GridTable.GetField: Not found: 'CreatedBy'
----------->     (WARNING)  GridTable.GetField: Not found: 'Updated'
----------->     (WARNING)  GridTable.GetField: Not found: 'UpdatedBy'
04:28:43.284    (INFO)     Trx.Start: **** ConnSH637074449231630477System.Random
04:28:43.284    (INFO)     Trx.Commit: **C** ConnSH637074449231630477System.Random
04:28:43.284    (INFO)     Trx.Start: **** ConnSH637074449232450240System.Random
04:28:43.284    (INFO)     Trx.Commit: **C** ConnSH637074449232450240System.Random
04:28:43.284    (INFO)     Trx.Start: **** ConnSH637074449237030242System.Random
04:28:43.284    (INFO)     Trx.Commit: **C** ConnSH637074449237030242System.Random
04:28:43.284    (INFO)     Trx.Start: **** ConnSH637074449238010192System.Random
04:28:43.284    (INFO)     Trx.Commit: **C** ConnSH637074449238010192System.Random
04:30:40.304    (INFO)     MSession.Logout: 06:32:57.443
===========>     (SEVERE)   LDAP.Validate: Error in LDAP for user IdeasIncAdmin : The server is not operational.

04:32:44.324    (INFO)     MRole.Get: AD_Role_ID=102, AD_User_ID=101, reload=True
04:32:44.324    (INFO)     MRole.Get: MRole[102,IdeasInc Admin,UserLevel= CO,AD_Client_ID IN (0,11),]
04:32:44.324    (INFO)     MTree.Load: AD_Tree_ID=121, AD_User_ID=101, Editable=False, OnClient=True
===========>     (SEVERE)   MTree.LoadNodes: Nodes w/o parent - adding to root - System.Collections.Generic.List`1[VAdvantage.Classes.VTreeNode]
04:32:45.324    (INFO)     Trx.Start: **** ConnSH637074451655268731System.Random
04:32:45.324    (INFO)     Trx.Commit: **C** ConnSH637074451655268731System.Random
----------->     (WARNING)  AccessSqlParser.GetTableInfo: More than one FROM clause - SELECT AppointmentsInfo.Appointmentsinfo_id AS ID,AppointmentsInfo.AD_Client_ID,AppointmentsInfo.AD_Org_ID  FROM AppointmentsInfo JOIN AD_User ON AD_User.AD_User_ID =AppointmentsInfo.CreatedBy WHERE AppointmentsInfo.IsRead='N' AND AppointmentsInfo.istask ='N'  AND AppointmentsInfo.AD_User_ID  = 101  UNION SELECT AppointmentsInfo.Appointmentsinfo_id AS ID, AppointmentsInfo.AD_Client_ID,AppointmentsInfo.AD_Org_ID FROM AppointmentsInfo  JOIN AD_User ON AD_User.AD_User_ID = AppointmentsInfo.CreatedBy  WHERE (AppointmentsInfo.IsRead ='Y'   AND AppointmentsInfo.AD_User_ID = 101 )  AND AppointmentsInfo.istask ='N'  AND AppointmentsInfo.startDate BETWEEN to_date('10/22/19','mm/dd/yy') and to_date('10/30/19 23.59','mm/dd/yy HH24:MI')   OR  to_date('10/23/19','mm/dd/yy')  BETWEEN  AppointmentsInfo.startDate  AND AppointmentsInfo.endDate  AND  AppointmentsInfo.CreatedBy  !=101 AND AppointmentsInfo.AD_User_ID  = 101)
----------->     (WARNING)  AccessSqlParser.GetTableInfo: Could not remove ON AppointmentsInfo JOIN AD_User ON AD_User.AD_User_ID =AppointmentsInfo.CreatedBy
04:33:05.335    (INFO)     Trx.Start: **** ConnSH637074451858985518System.Random
04:33:06.336    (INFO)     Trx.Commit: **C** ConnSH637074451858985518System.Random
04:33:06.336    (INFO)     CacheReset.DoIt: 
04:33:06.336    (INFO)     Env.Reset: finalCall=False
04:33:06.336    (INFO)     CacheMgt.Reset: #20 (9470)
04:33:06.336    (INFO)     MRole.Get: AD_Role_ID=0, AD_User_ID=0, reload=True
04:33:06.336    (INFO)     MRole.Get: MRole[0,System Administrator,UserLevel=S  ,AD_Client_ID=0,AD_Org_ID=0]
04:33:06.336    (INFO)     MRole.Get: AD_Role_ID=102, AD_User_ID=101, reload=True
04:33:06.336    (INFO)     MRole.Get: MRole[102,IdeasInc Admin,UserLevel= CO,AD_Client_ID IN (0,11),]
04:33:06.336    (INFO)     MChangeLog.FillChangeLog: #9
04:33:06.336    (INFO)     CacheMgt.Reset: AD_Process: #1 (1)
04:33:06.336    (INFO)     Trx.Start: **** ConnSH637074451863558795System.Random
04:33:06.336    (INFO)     Trx.Commit: **C** ConnSH637074451863558795System.Random
04:33:06.336    (INFO)     Trx.Start: **** ConnSH637074451864288743System.Random
04:33:06.336    (INFO)     Trx.Commit: **C** ConnSH637074451864288743System.Random
04:33:07.337    (INFO)     Msg.InitMsg: Records=5818 - en_US
04:33:07.337    (INFO)     Trx.Start: **** ConnSH637074451871830154System.Random
04:33:07.337    (INFO)     Trx.Commit: **C** ConnSH637074451871830154System.Random
04:33:07.337    (INFO)     Trx.Start: **** ConnSH637074451872530105System.Random
04:33:07.337    (INFO)     Trx.Commit: **C** ConnSH637074451872530105System.Random
04:33:09.339    (INFO)     MSession.Logout: 06:30:25.599
===========>     (SEVERE)   LDAP.Validate: Error in LDAP for user IdeasIncAdmin : The server is not operational.

04:33:30.333    (INFO)     MRole.Get: AD_Role_ID=102, AD_User_ID=101, reload=True
04:33:30.333    (INFO)     MRole.Get: MRole[102,IdeasInc Admin,UserLevel= CO,AD_Client_ID IN (0,11),]
04:33:30.333    (INFO)     MTree.Load: AD_Tree_ID=121, AD_User_ID=101, Editable=False, OnClient=True
===========>     (SEVERE)   MTree.LoadNodes: Nodes w/o parent - adding to root - System.Collections.Generic.List`1[VAdvantage.Classes.VTreeNode]
04:33:31.333    (INFO)     Trx.Start: **** ConnSH637074452115126617System.Random
04:33:31.333    (INFO)     Trx.Commit: **C** ConnSH637074452115126617System.Random
----------->     (WARNING)  AccessSqlParser.GetTableInfo: More than one FROM clause - SELECT AppointmentsInfo.Appointmentsinfo_id AS ID,AppointmentsInfo.AD_Client_ID,AppointmentsInfo.AD_Org_ID  FROM AppointmentsInfo JOIN AD_User ON AD_User.AD_User_ID =AppointmentsInfo.CreatedBy WHERE AppointmentsInfo.IsRead='N' AND AppointmentsInfo.istask ='N'  AND AppointmentsInfo.AD_User_ID  = 101  UNION SELECT AppointmentsInfo.Appointmentsinfo_id AS ID, AppointmentsInfo.AD_Client_ID,AppointmentsInfo.AD_Org_ID FROM AppointmentsInfo  JOIN AD_User ON AD_User.AD_User_ID = AppointmentsInfo.CreatedBy  WHERE (AppointmentsInfo.IsRead ='Y'   AND AppointmentsInfo.AD_User_ID = 101 )  AND AppointmentsInfo.istask ='N'  AND AppointmentsInfo.startDate BETWEEN to_date('10/22/19','mm/dd/yy') and to_date('10/30/19 23.59','mm/dd/yy HH24:MI')   OR  to_date('10/23/19','mm/dd/yy')  BETWEEN  AppointmentsInfo.startDate  AND AppointmentsInfo.endDate  AND  AppointmentsInfo.CreatedBy  !=101 AND AppointmentsInfo.AD_User_ID  = 101)
----------->     (WARNING)  AccessSqlParser.GetTableInfo: Could not remove ON AppointmentsInfo JOIN AD_User ON AD_User.AD_User_ID =AppointmentsInfo.CreatedBy
----------->     (WARNING)  GridTable.GetField: Not found: 'Created'
----------->     (WARNING)  GridTable.GetField: Not found: 'CreatedBy'
----------->     (WARNING)  GridTable.GetField: Not found: 'Updated'
----------->     (WARNING)  GridTable.GetField: Not found: 'UpdatedBy'
04:33:40.334    (INFO)     Trx.Start: **** ConnSH637074452203338620System.Random
04:33:40.334    (INFO)     Trx.Commit: **C** ConnSH637074452203338620System.Random
04:33:42.334    (INFO)     Trx.Start: **** ConnSH637074452227212193System.Random
04:33:42.334    (INFO)     Trx.Commit: **C** ConnSH637074452227212193System.Random
04:34:34.343    (INFO)     Trx.Start: **** ConnSH637074452747919598System.Random
