*** 11/7/2019 11:07:36 AM VAdvantage Log  ***
11:07:36.736    (INFO)     MSession.Logout: 06:30:20.81
----------->     (WARNING)  MSession.Get: Session Processed=X_AD_Session[1027073]
===========>     (SEVERE)   LDAP.Validate: Error in LDAP for user IdeasIncAdmin : The server is not operational.

11:07:57.757    (INFO)     MRole.Get: AD_Role_ID=102, AD_User_ID=101, reload=True
11:07:57.757    (INFO)     MRole.Get: MRole[102,IdeasInc Admin,UserLevel= CO,AD_Client_ID IN (0,11),]
11:07:57.757    (INFO)     MTree.Load: AD_Tree_ID=121, AD_User_ID=101, Editable=False, OnClient=True
===========>     (SEVERE)   MTree.LoadNodes: Nodes w/o parent - adding to root - System.Collections.Generic.List`1[VAdvantage.Classes.VTreeNode]
11:07:58.758    (INFO)     Trx.Start: **** ConnSH637087216781086321System.Random
11:07:58.758    (INFO)     Trx.Commit: **C** ConnSH637087216781086321System.Random
----------->     (WARNING)  AccessSqlParser.GetTableInfo: More than one FROM clause - SELECT AppointmentsInfo.Appointmentsinfo_id AS ID,AppointmentsInfo.AD_Client_ID,AppointmentsInfo.AD_Org_ID  FROM AppointmentsInfo JOIN AD_User ON AD_User.AD_User_ID =AppointmentsInfo.CreatedBy WHERE AppointmentsInfo.IsRead='N' AND AppointmentsInfo.istask ='N'  AND AppointmentsInfo.AD_User_ID  = 101  UNION SELECT AppointmentsInfo.Appointmentsinfo_id AS ID, AppointmentsInfo.AD_Client_ID,AppointmentsInfo.AD_Org_ID FROM AppointmentsInfo  JOIN AD_User ON AD_User.AD_User_ID = AppointmentsInfo.CreatedBy  WHERE (AppointmentsInfo.IsRead ='Y'   AND AppointmentsInfo.AD_User_ID = 101 )  AND AppointmentsInfo.istask ='N'  AND AppointmentsInfo.startDate BETWEEN to_date('11/06/19','mm/dd/yy') and to_date('11/14/19 23.59','mm/dd/yy HH24:MI')   OR  to_date('11/07/19','mm/dd/yy')  BETWEEN  AppointmentsInfo.startDate  AND AppointmentsInfo.endDate  AND  AppointmentsInfo.CreatedBy  !=101 AND AppointmentsInfo.AD_User_ID  = 101)
----------->     (WARNING)  AccessSqlParser.GetTableInfo: Could not remove ON AppointmentsInfo JOIN AD_User ON AD_User.AD_User_ID =AppointmentsInfo.CreatedBy
----------->     (WARNING)  GridTable.GetField: Not found: 'Created'
----------->     (WARNING)  GridTable.GetField: Not found: 'CreatedBy'
----------->     (WARNING)  GridTable.GetField: Not found: 'Updated'
----------->     (WARNING)  GridTable.GetField: Not found: 'UpdatedBy'
----------->     (WARNING)  GridTable.GetField: Not found: 'Created'
----------->     (WARNING)  GridTable.GetField: Not found: 'CreatedBy'
----------->     (WARNING)  GridTable.GetField: Not found: 'Updated'
----------->     (WARNING)  GridTable.GetField: Not found: 'UpdatedBy'
----------->     (WARNING)  GridTable.GetField: Not found: 'Created'
----------->     (WARNING)  GridTable.GetField: Not found: 'CreatedBy'
----------->     (WARNING)  GridTable.GetField: Not found: 'Updated'
----------->     (WARNING)  GridTable.GetField: Not found: 'UpdatedBy'
