*** 12/3/2019 11:20:11 AM VAdvantage Log  ***
11:20:11.201    (INFO)     Trx.Start: **** ConnSH637109688117112891System.Random
11:20:11.201    (INFO)     Trx.Commit: **C** ConnSH637109688117112891System.Random
11:20:11.201    (INFO)     MChangeLog.FillChangeLog: #9
11:20:12.201    (INFO)     CacheReset.DoIt: 
11:20:12.201    (INFO)     Env.Reset: finalCall=False
11:20:12.201    (INFO)     CacheMgt.Reset: #16 (7886)
11:20:12.201    (INFO)     MRole.Get: AD_Role_ID=0, AD_User_ID=0, reload=True
11:20:12.201    (INFO)     MRole.Get: MRole[0,System Administrator,UserLevel=S  ,AD_Client_ID=0,AD_Org_ID=0]
11:20:12.201    (INFO)     MRole.Get: AD_Role_ID=102, AD_User_ID=101, reload=True
11:20:12.201    (INFO)     MRole.Get: MRole[102,IdeasInc Admin,UserLevel= CO,AD_Client_ID IN (0,11),]
11:20:12.201    (INFO)     MChangeLog.FillChangeLog: #9
11:20:12.201    (INFO)     CacheMgt.Reset: AD_Process: #1 (1)
11:20:12.201    (INFO)     Trx.Start: **** ConnSH637109688125208493System.Random
11:20:12.201    (INFO)     Trx.Commit: **C** ConnSH637109688125208493System.Random
11:20:12.201    (INFO)     Trx.Start: **** ConnSH637109688126128417System.Random
11:20:12.201    (INFO)     Trx.Commit: **C** ConnSH637109688126128417System.Random
11:20:14.201    (INFO)     Msg.InitMsg: Records=5823 - en_US
11:20:14.201    (INFO)     Trx.Start: **** ConnSH637109688143302115System.Random
11:20:14.201    (INFO)     Trx.Commit: **C** ConnSH637109688143302115System.Random
11:20:14.201    (INFO)     Trx.Start: **** ConnSH637109688144521604System.Random
11:20:14.201    (INFO)     Trx.Commit: **C** ConnSH637109688144521604System.Random
===========>     (SEVERE)   VLookUpInfo.GetLookup_DisplayColumn: No Identifier records found: C_CONSOLIDATIONREFERENCE
===========>     (SEVERE)   VLookUpInfo.GetLookup_DisplayColumn: No Identifier records found: VA204_RewardCardM
----------->     (WARNING)  AccessSqlParser.GetTableInfo: More than one FROM clause - SELECT VA204_RewardCardM.VA204_RewardCardM_ID,NULL,NULL,VA204_RewardCardM.IsActive FROM VA204_RewardCardM WHERE VA204_RewardCardM.VA204_RewardCardM_ID NOT IN( SELECT VA204_RewardCardM_ID 
  FROM C_BPartner
  WHERE VA204_RewardCardM_ID IS NOT NULL)
----------->     (WARNING)  AccessSqlParser.GetTableInfo: More than one FROM clause - SELECT VA204_RewardCardM.VA204_RewardCardM_ID,NULL,NULL,VA204_RewardCardM.IsActive FROM VA204_RewardCardM WHERE VA204_RewardCardM.VA204_RewardCardM_ID NOT IN( SELECT VA204_RewardCardM_ID 
  FROM C_BPartner
  WHERE VA204_RewardCardM_ID IS NOT NULL)
----------->     (WARNING)  GridTable.GetField: Not found: 'Created'
----------->     (WARNING)  GridTable.GetField: Not found: 'CreatedBy'
----------->     (WARNING)  GridTable.GetField: Not found: 'Updated'
----------->     (WARNING)  GridTable.GetField: Not found: 'UpdatedBy'
----------->     (WARNING)  GridTable.GetField: Not found: 'Created'
----------->     (WARNING)  GridTable.GetField: Not found: 'CreatedBy'
----------->     (WARNING)  GridTable.GetField: Not found: 'Updated'
----------->     (WARNING)  GridTable.GetField: Not found: 'UpdatedBy'
----------->     (WARNING)  GridTable.GetField: Not found: 'Created'
----------->     (WARNING)  GridTable.GetField: Not found: 'CreatedBy'
----------->     (WARNING)  GridTable.GetField: Not found: 'Updated'
----------->     (WARNING)  GridTable.GetField: Not found: 'UpdatedBy'
----------->     (WARNING)  GridTable.GetField: Not found: 'Created'
----------->     (WARNING)  GridTable.GetField: Not found: 'CreatedBy'
----------->     (WARNING)  GridTable.GetField: Not found: 'Updated'
----------->     (WARNING)  GridTable.GetField: Not found: 'UpdatedBy'
----------->     (WARNING)  GridTable.GetField: Not found: 'Created'
----------->     (WARNING)  GridTable.GetField: Not found: 'CreatedBy'
----------->     (WARNING)  GridTable.GetField: Not found: 'Updated'
----------->     (WARNING)  GridTable.GetField: Not found: 'UpdatedBy'
----------->     (WARNING)  GridTable.GetField: Not found: 'Created'
----------->     (WARNING)  GridTable.GetField: Not found: 'CreatedBy'
----------->     (WARNING)  GridTable.GetField: Not found: 'Updated'
----------->     (WARNING)  GridTable.GetField: Not found: 'UpdatedBy'
----------->     (WARNING)  GridTable.GetField: Not found: 'Created'
----------->     (WARNING)  GridTable.GetField: Not found: 'CreatedBy'
----------->     (WARNING)  GridTable.GetField: Not found: 'Updated'
----------->     (WARNING)  GridTable.GetField: Not found: 'UpdatedBy'
----------->     (WARNING)  GridTable.GetField: Not found: 'Created'
----------->     (WARNING)  GridTable.GetField: Not found: 'CreatedBy'
----------->     (WARNING)  GridTable.GetField: Not found: 'Updated'
----------->     (WARNING)  GridTable.GetField: Not found: 'UpdatedBy'
----------->     (WARNING)  GridTable.GetField: Not found: 'Created'
----------->     (WARNING)  GridTable.GetField: Not found: 'CreatedBy'
----------->     (WARNING)  GridTable.GetField: Not found: 'Updated'
----------->     (WARNING)  GridTable.GetField: Not found: 'UpdatedBy'
----------->     (WARNING)  GridTable.GetField: Not found: 'Created'
----------->     (WARNING)  GridTable.GetField: Not found: 'CreatedBy'
----------->     (WARNING)  GridTable.GetField: Not found: 'Updated'
----------->     (WARNING)  GridTable.GetField: Not found: 'UpdatedBy'
----------->     (WARNING)  GridTable.GetField: Not found: 'Created'
----------->     (WARNING)  GridTable.GetField: Not found: 'CreatedBy'
----------->     (WARNING)  GridTable.GetField: Not found: 'Updated'
----------->     (WARNING)  GridTable.GetField: Not found: 'UpdatedBy'
----------->     (WARNING)  GridTable.GetField: Not found: 'Created'
----------->     (WARNING)  GridTable.GetField: Not found: 'CreatedBy'
----------->     (WARNING)  GridTable.GetField: Not found: 'Updated'
----------->     (WARNING)  GridTable.GetField: Not found: 'UpdatedBy'
----------->     (WARNING)  GridTable.GetField: Not found: 'Created'
----------->     (WARNING)  GridTable.GetField: Not found: 'CreatedBy'
----------->     (WARNING)  GridTable.GetField: Not found: 'Updated'
----------->     (WARNING)  GridTable.GetField: Not found: 'UpdatedBy'
11:20:25.202    (INFO)     Trx.Start: **** ConnSH637109688253216798System.Random
11:20:25.202    (INFO)     Trx.Commit: **C** ConnSH637109688253216798System.Random
11:20:25.202    (INFO)     Trx.Start: **** ConnSH637109688254489298System.Random
11:20:25.202    (INFO)     Trx.Commit: **C** ConnSH637109688254489298System.Random
===========>     (SEVERE)   DB_Oracle.ExecuteDatasetPaging: ORA-00918: column ambiguously defined [Query NQTrx]select * FROM (SELECT t.*, rownum AS row_num FROM (SELECT C_CONSOLIDATIONREFERENCE.C_CONSOLIDATIONREFERENCE_ID,NULL,NULL,C_CONSOLIDATIONREFERENCE.IsActive FROM C_CONSOLIDATIONREFERENCE WHERE C_CONSOLIDATIONREFERENCE.AD_Client_ID IN (0,11) ORDER BY 3) t ) WHERE row_num BETWEEN (((1 - 1) * 1000) + 1) AND ((1 * 1000))
===========>     (SEVERE)   DB_Oracle.ExecuteDatasetPaging: ORA-00942: table or view does not exist [Query NQTrx]select * FROM (SELECT t.*, rownum AS row_num FROM (SELECT VA204_RewardCardM.VA204_RewardCardM_ID,NULL,NULL,VA204_RewardCardM.IsActive FROM VA204_RewardCardM WHERE VA204_RewardCardM.VA204_RewardCardM_ID NOT IN( SELECT VA204_RewardCardM_ID 
  FROM C_BPartner
  WHERE VA204_RewardCardM_ID IS NOT NULL) AND VA204_RewardCardM.AD_Client_ID IN (0,11) ORDER BY 3) t ) WHERE row_num BETWEEN (((1 - 1) * 1000) + 1) AND ((1 * 1000))
11:21:16.211    (INFO)     Trx.Start: **** ConnSH637109688766517813System.Random
11:21:16.211    (INFO)     Trx.Commit: **C** ConnSH637109688766517813System.Random
11:21:16.211    (INFO)     Trx.Start: **** ConnSH637109688767618447System.Random
11:21:16.211    (INFO)     Trx.Commit: **C** ConnSH637109688767618447System.Random
11:21:34.213    (INFO)     Trx.Start: **** ConnSH637109688944181546System.Random
11:21:34.213    (INFO)     Trx.Commit: **C** ConnSH637109688944181546System.Random
11:22:04.224    (INFO)     Trx.Start: **** ConnSH637109689248366074System.Random
11:22:04.224    (INFO)     Trx.Commit: **C** ConnSH637109689248366074System.Random
11:22:04.224    (INFO)     Trx.Start: **** ConnSH637109689249302752System.Random
11:22:05.225    (INFO)     Trx.Commit: **C** ConnSH637109689249302752System.Random
11:23:42.234    (INFO)     MTable.GetPO: Using GenericPO for C_BPartner_Location_Ver
11:23:51.235    (INFO)     Trx.Start: **** ConnSH637109690318297802System.Random
11:23:51.235    (INFO)     Trx.Commit: **C** ConnSH637109690318297802System.Random
11:23:51.235    (INFO)     Trx.Start: **** ConnSH637109690319687638System.Random
11:23:52.235    (INFO)     Trx.Commit: **C** ConnSH637109690319687638System.Random
11:23:55.235    (INFO)     Trx.Start: **** ConnSH637109690352104263System.Random
11:23:55.235    (INFO)     Trx.Commit: **C** ConnSH637109690352104263System.Random
11:23:55.235    (INFO)     Trx.Start: **** ConnSH637109690353094156System.Random
11:23:55.235    (INFO)     Trx.Commit: **C** ConnSH637109690353094156System.Random
===========>     (SEVERE)   OracleHelper.ExecuteDataset: ORA-00904: "VAMFG_RV_M_WORKORDERVALUENEW"."VAMFG_WOTYPE": invalid identifier [Query D] =>SELECT count(*) FROM VAMFG_RV_M_WorkOrderValue WHERE  ( C_BPartner_Location_ID=1007423 )  AND VAMFG_RV_M_WorkOrderValueNew.VAMFG_WOType='S'
===========>     (SEVERE)   OracleHelper.ExecuteDataset: ORA-00904: "VAMFG_RV_M_WORKORDERVALUENEW"."VAMFG_WOTYPE": invalid identifier [Query D] =>SELECT count(*) FROM VAMFG_RV_M_WorkOrderValue WHERE  ( C_BPartner_Location_ID=1007423 )  AND VAMFG_RV_M_WorkOrderValueNew.VAMFG_WOType='S'
11:34:09.349    (INFO)     Trx.Start: **** ConnSH637109696495907601System.Random
11:34:09.349    (INFO)     Trx.Commit: **C** ConnSH637109696495907601System.Random
11:34:09.349    (INFO)     Trx.Start: **** ConnSH637109696496763513System.Random
11:34:09.349    (INFO)     Trx.Commit: **C** ConnSH637109696496763513System.Random
11:34:14.341    (INFO)     MTable.GetPO: Using GenericPO for C_BPartner_Location_Ver
11:34:14.341    (INFO)     Trx.Start: **** ConnSH637109696542498142System.Random
11:34:14.341    (INFO)     Trx.Commit: **C** ConnSH637109696542498142System.Random
11:34:14.341    (INFO)     Trx.Start: **** ConnSH637109696543359040System.Random
11:34:14.341    (INFO)     Trx.Commit: **C** ConnSH637109696543359040System.Random
11:34:15.341    (INFO)     Trx.Start: **** ConnSH637109696550072177System.Random
11:34:15.341    (INFO)     Trx.Commit: **C** ConnSH637109696550072177System.Random
11:34:15.341    (INFO)     Trx.Start: **** ConnSH637109696550969605System.Random
11:34:15.341    (INFO)     Trx.Commit: **C** ConnSH637109696550969605System.Random
===========>     (SEVERE)   OracleHelper.ExecuteDataset: ORA-00904: "VAMFG_RV_M_WORKORDERVALUENEW"."VAMFG_WOTYPE": invalid identifier [Query D] =>SELECT count(*) FROM VAMFG_RV_M_WorkOrderValue WHERE  ( C_BPartner_Location_ID=1007424 )  AND VAMFG_RV_M_WorkOrderValueNew.VAMFG_WOType='S'
