*** 10/14/2019 5:59:57 PM VAdvantage Log  ***
----------->     (WARNING)  GridTable.GetField: Not found: 'Created'
----------->     (WARNING)  GridTable.GetField: Not found: 'CreatedBy'
----------->     (WARNING)  GridTable.GetField: Not found: 'Updated'
----------->     (WARNING)  GridTable.GetField: Not found: 'UpdatedBy'
----------->     (WARNING)  GridTable.GetField: Not found: 'Created'
----------->     (WARNING)  GridTable.GetField: Not found: 'CreatedBy'
----------->     (WARNING)  GridTable.GetField: Not found: 'Updated'
----------->     (WARNING)  GridTable.GetField: Not found: 'UpdatedBy'
----------->     (WARNING)  GridTable.GetField: Not found: 'Created'
----------->     (WARNING)  GridTable.GetField: Not found: 'CreatedBy'
----------->     (WARNING)  GridTable.GetField: Not found: 'Updated'
----------->     (WARNING)  GridTable.GetField: Not found: 'UpdatedBy'
----------->     (WARNING)  GridTable.GetField: Not found: 'Created'
----------->     (WARNING)  GridTable.GetField: Not found: 'CreatedBy'
----------->     (WARNING)  GridTable.GetField: Not found: 'Updated'
----------->     (WARNING)  GridTable.GetField: Not found: 'UpdatedBy'
05:59:57.595    (INFO)     Trx.Start: **** ConnSH637066727974166920System.Random
05:59:57.595    (INFO)     Trx.Commit: **C** ConnSH637066727974166920System.Random
06:06:56.656    (INFO)     Trx.Start: **** ConnSH637066732162665355System.Random
06:06:56.656    (INFO)     Trx.Commit: **C** ConnSH637066732162665355System.Random
06:07:05.750    (INFO)     MDocBaseType.GetAccountingInstance: .ctor: Constructor check 
----------->     (WARNING)  MInvoice.Load: (rs) - 4: C_Invoice.AmtDimGrandTotal (System.Int32)
06:07:05.750    (INFO)     MDocBaseType.GetAccountingInstance: MInvoice[1118332-10000028,GrandTotal=787.50]: Constructor invoke check 
06:07:06.760    (INFO)     Doc_Invoice.Post: Locked: C_Invoice_ID=1118332
06:07:06.760    (INFO)     Trx.Start: **** PostAPI1118332
06:07:07.770    (INFO)     Doc_Invoice.Post: (0) MInvoice[1118332-10000028,GrandTotal=787.50 (#3)]
06:07:13.713    (INFO)     Doc_Invoice.PostLogic: (0) MInvoice[1118332-10000028,GrandTotal=787.50 (#3)]
06:07:13.713    (INFO)     Fact.CreateLine: No account for : Amt=0/ - Fact[MInvoice[1118332-10000028,GrandTotal=787.50 (#3)],AcctSchema[101-IdeaInc. US/A/US Dollar],PostType=A]
06:07:14.714    (INFO)     Doc_Invoice.PostCommit: Sta=Y DT=API ID=1118332
06:07:14.714    (INFO)     Trx.Start: **** ConnSH637066732343425976System.Random
06:07:14.714    (INFO)     Trx.Commit: **C** ConnSH637066732343425976System.Random
06:07:14.714    (INFO)     MChangeLog.FillChangeLog: #9
06:07:14.714    (INFO)     Trx.Start: **** ConnSH637066732344045888System.Random
06:07:14.714    (INFO)     Trx.Commit: **C** ConnSH637066732344045888System.Random
06:07:14.714    (INFO)     Trx.Start: **** ConnSH637066732346463151System.Random
06:07:14.714    (INFO)     Trx.Commit: **C** ConnSH637066732346463151System.Random
06:07:14.714    (INFO)     Trx.Start: **** ConnSH637066732346633140System.Random
06:07:14.714    (INFO)     Trx.Commit: **C** ConnSH637066732346633140System.Random
06:07:14.714    (INFO)     Trx.Start: **** ConnSH637066732348049328System.Random
06:07:14.714    (INFO)     Trx.Commit: **C** ConnSH637066732348049328System.Random
06:07:14.714    (INFO)     Trx.Start: **** ConnSH637066732348199384System.Random
06:07:14.714    (INFO)     Trx.Commit: **C** ConnSH637066732348199384System.Random
06:07:14.714    (INFO)     Trx.Start: **** ConnSH637066732349885201System.Random
06:07:15.715    (INFO)     Trx.Commit: **C** ConnSH637066732349885201System.Random
06:07:15.715    (INFO)     Trx.Start: **** ConnSH637066732350055184System.Random
06:07:15.715    (INFO)     Trx.Commit: **C** ConnSH637066732350055184System.Random
06:07:15.715    (INFO)     Trx.Start: **** ConnSH637066732351685133System.Random
06:07:15.715    (INFO)     Trx.Commit: **C** ConnSH637066732351685133System.Random
06:07:15.715    (INFO)     Trx.Start: **** ConnSH637066732351855128System.Random
06:07:15.715    (INFO)     Trx.Commit: **C** ConnSH637066732351855128System.Random
06:07:15.715    (INFO)     Trx.Commit: **C** PostAPI1118332
06:07:44.744    (INFO)     Trx.Start: **** ConnSH637066732643163317System.Random
06:07:44.744    (INFO)     Trx.Commit: **C** ConnSH637066732643163317System.Random
06:07:44.744    (INFO)     CacheReset.DoIt: 
06:07:44.744    (INFO)     Env.Reset: finalCall=False
06:07:44.744    (INFO)     CacheMgt.Reset: #26 (5475)
06:07:44.744    (INFO)     MRole.Get: AD_Role_ID=0, AD_User_ID=0, reload=True
06:07:44.744    (INFO)     MRole.Get: MRole[0,System Administrator,UserLevel=S  ,AD_Client_ID=0,AD_Org_ID=0]
06:07:44.744    (INFO)     MRole.Get: AD_Role_ID=102, AD_User_ID=101, reload=True
06:07:44.744    (INFO)     MRole.Get: MRole[102,IdeasInc Admin,UserLevel= CO,AD_Client_ID IN (0,11),]
06:07:44.744    (INFO)     MChangeLog.FillChangeLog: #9
06:07:44.744    (INFO)     CacheMgt.Reset: AD_Process: #1 (1)
06:08:05.850    (INFO)     MDocBaseType.GetAccountingInstance: .ctor: Constructor check 
06:08:05.850    (INFO)     MDocBaseType.GetAccountingInstance: MInvoice[1118331-10000027,GrandTotal=787.50]: Constructor invoke check 
06:08:05.850    (INFO)     Doc_Invoice.Post: Locked: C_Invoice_ID=1118331
06:08:05.850    (INFO)     Trx.Start: **** PostAPI1118331
06:08:05.850    (INFO)     Doc_Invoice.Post: (0) MInvoice[1118331-10000027,GrandTotal=787.50 (#3)]
06:08:09.890    (INFO)     Doc_Invoice.PostLogic: (0) MInvoice[1118331-10000027,GrandTotal=787.50 (#3)]
06:08:09.890    (INFO)     Fact.CreateLine: No account for : Amt=0/ - Fact[MInvoice[1118331-10000027,GrandTotal=787.50 (#3)],AcctSchema[101-IdeaInc. US/A/US Dollar],PostType=A]
===========>     (SEVERE)   Doc_Invoice.GetValidCombination_ID: NO account Type=2, Record=1118331
===========>     (SEVERE)   Doc_Invoice.GetValidCombination_ID: NO account Type=3, Record=1118331
===========>     (SEVERE)   Doc_Invoice.Post:  => Account_ID is mandatory.
06:08:10.810    (INFO)     Doc_Invoice.PostCommit: Sta=E DT=API ID=1118331
06:08:10.810    (INFO)     Trx.Commit: **C** PostAPI1118331
06:08:10.810    (INFO)     Msg.InitMsg: Records=3692 - en_US
06:08:10.810    (INFO)     Trx.Start: **** ConnSH637066732904933331System.Random
06:08:10.810    (INFO)     Trx.Commit: **C** ConnSH637066732904933331System.Random
06:08:10.810    (INFO)     Trx.Start: **** ConnSH637066732905353313System.Random
06:08:10.810    (INFO)     Trx.Commit: **C** ConnSH637066732905353313System.Random
06:09:16.916    (INFO)     MDocBaseType.GetAccountingInstance: .ctor: Constructor check 
06:09:16.916    (INFO)     MDocBaseType.GetAccountingInstance: MInvoice[1118330-10000026,GrandTotal=787500]: Constructor invoke check 
06:09:17.917    (INFO)     Doc_Invoice.Post: Locked: C_Invoice_ID=1118330
06:09:17.917    (INFO)     Trx.Start: **** PostAPI1118330
06:09:17.917    (INFO)     Doc_Invoice.Post: (0) MInvoice[1118330-10000026,GrandTotal=787500 (#1)]
06:09:17.917    (INFO)     Doc_Invoice.PostLogic: (0) MInvoice[1118330-10000026,GrandTotal=787500 (#1)]
06:09:17.917    (INFO)     Fact.CreateLine: No account for : Amt=0/ - Fact[MInvoice[1118330-10000026,GrandTotal=787500 (#1)],AcctSchema[101-IdeaInc. US/A/US Dollar],PostType=A]
===========>     (SEVERE)   Doc_Invoice.GetValidCombination_ID: NO account Type=2, Record=1118330
===========>     (SEVERE)   Doc_Invoice.GetValidCombination_ID: NO account Type=3, Record=1118330
===========>     (SEVERE)   Doc_Invoice.Post:  => Account_ID is mandatory.
06:09:17.917    (INFO)     Doc_Invoice.PostCommit: Sta=E DT=API ID=1118330
06:09:17.917    (INFO)     Trx.Commit: **C** PostAPI1118330
06:09:17.917    (INFO)     Trx.Start: **** ConnSH637066733572666278System.Random
06:09:17.917    (INFO)     Trx.Commit: **C** ConnSH637066733572666278System.Random
06:09:17.917    (INFO)     Trx.Start: **** ConnSH637066733572806274System.Random
06:09:17.917    (INFO)     Trx.Commit: **C** ConnSH637066733572806274System.Random
06:09:21.921    (INFO)     MDocBaseType.GetAccountingInstance: .ctor: Constructor check 
06:09:21.921    (INFO)     MDocBaseType.GetAccountingInstance: MInvoice[1118298-10000025,GrandTotal=787.50]: Constructor invoke check 
06:09:21.921    (INFO)     Doc_Invoice.Post: Locked: C_Invoice_ID=1118298
06:09:21.921    (INFO)     Trx.Start: **** PostAPI1118298
06:09:21.921    (INFO)     Doc_Invoice.Post: (0) MInvoice[1118298-10000025,GrandTotal=787.50 (#1)]
06:09:21.921    (INFO)     Doc_Invoice.PostLogic: (0) MInvoice[1118298-10000025,GrandTotal=787.50 (#1)]
06:09:21.921    (INFO)     Fact.CreateLine: No account for : Amt=0/ - Fact[MInvoice[1118298-10000025,GrandTotal=787.50 (#1)],AcctSchema[101-IdeaInc. US/A/US Dollar],PostType=A]
===========>     (SEVERE)   Doc_Invoice.GetValidCombination_ID: NO account Type=2, Record=1118298
===========>     (SEVERE)   Doc_Invoice.GetValidCombination_ID: NO account Type=3, Record=1118298
===========>     (SEVERE)   Doc_Invoice.Post:  => Account_ID is mandatory.
06:09:21.921    (INFO)     Doc_Invoice.PostCommit: Sta=E DT=API ID=1118298
06:09:21.921    (INFO)     Trx.Commit: **C** PostAPI1118298
06:09:21.921    (INFO)     Trx.Start: **** ConnSH637066733612221921System.Random
06:09:21.921    (INFO)     Trx.Commit: **C** ConnSH637066733612221921System.Random
06:09:21.921    (INFO)     Trx.Start: **** ConnSH637066733612392088System.Random
06:09:21.921    (INFO)     Trx.Commit: **C** ConnSH637066733612392088System.Random
06:10:39.103    (INFO)     MDocBaseType.GetAccountingInstance: .ctor: Constructor check 
----------->     (WARNING)  MInvoice.Load: (rs) - 4: C_Invoice.AmtDimGrandTotal (System.Int32)
06:10:39.103    (INFO)     MDocBaseType.GetAccountingInstance: MInvoice[1118332-10000028,GrandTotal=787.50]: Constructor invoke check 
06:10:39.103    (INFO)     Doc_Invoice.Post: Locked: C_Invoice_ID=1118332
06:10:39.103    (INFO)     Trx.Start: **** PostAPI1118332
06:10:40.104    (INFO)     Doc_Invoice.DeleteAcct: #=5
06:10:40.104    (INFO)     Doc_Invoice.Post: (0) MInvoice[1118332-10000028,GrandTotal=787.50 (#3)]
06:10:40.104    (INFO)     Doc_Invoice.PostLogic: (0) MInvoice[1118332-10000028,GrandTotal=787.50 (#3)]
06:10:40.104    (INFO)     Fact.CreateLine: No account for : Amt=0/ - Fact[MInvoice[1118332-10000028,GrandTotal=787.50 (#3)],AcctSchema[101-IdeaInc. US/A/US Dollar],PostType=A]
06:10:40.104    (INFO)     Doc_Invoice.PostCommit: Sta=Y DT=API ID=1118332
06:10:40.104    (INFO)     Trx.Start: **** ConnSH637066734401971684System.Random
06:10:40.104    (INFO)     Trx.Commit: **C** ConnSH637066734401971684System.Random
06:10:40.104    (INFO)     Trx.Start: **** ConnSH637066734402161618System.Random
06:10:40.104    (INFO)     Trx.Commit: **C** ConnSH637066734402161618System.Random
06:10:40.104    (INFO)     Trx.Start: **** ConnSH637066734404409437System.Random
06:10:40.104    (INFO)     Trx.Commit: **C** ConnSH637066734404409437System.Random
06:10:40.104    (INFO)     Trx.Start: **** ConnSH637066734404570962System.Random
06:10:40.104    (INFO)     Trx.Commit: **C** ConnSH637066734404570962System.Random
06:10:40.104    (INFO)     Trx.Start: **** ConnSH637066734406098781System.Random
06:10:40.104    (INFO)     Trx.Commit: **C** ConnSH637066734406098781System.Random
06:10:40.104    (INFO)     Trx.Start: **** ConnSH637066734406249011System.Random
06:10:40.104    (INFO)     Trx.Commit: **C** ConnSH637066734406249011System.Random
06:10:40.104    (INFO)     Trx.Start: **** ConnSH637066734407736631System.Random
06:10:40.104    (INFO)     Trx.Commit: **C** ConnSH637066734407736631System.Random
06:10:40.104    (INFO)     Trx.Start: **** ConnSH637066734407897592System.Random
06:10:40.104    (INFO)     Trx.Commit: **C** ConnSH637066734407897592System.Random
06:10:40.104    (INFO)     Trx.Start: **** ConnSH637066734409951265System.Random
06:10:41.104    (INFO)     Trx.Commit: **C** ConnSH637066734409951265System.Random
06:10:41.104    (INFO)     Trx.Start: **** ConnSH637066734410169145System.Random
06:10:41.104    (INFO)     Trx.Commit: **C** ConnSH637066734410169145System.Random
06:10:41.104    (INFO)     Trx.Commit: **C** PostAPI1118332
06:10:50.105    (INFO)     MSession.Logout: 06:42:10.35
06:10:54.105    (INFO)     MRole.Get: AD_Role_ID=1000118, AD_User_ID=1005338, reload=True
06:10:54.105    (INFO)     MRole.Get: MRole[1000118,Vienna Group Admin,UserLevel= CO,AD_Client_ID IN(0,1000005),AD_Org_ID IN(0,1000008,1000009,1000017,1000018,1000019,1000020,1000021)]
06:10:54.105    (INFO)     MRole.Get: AD_Role_ID=1000118, AD_User_ID=1005338, reload=True
06:10:54.105    (INFO)     MRole.Get: MRole[1000118,Vienna Group Admin,UserLevel= CO,AD_Client_ID IN(0,1000005),AD_Org_ID IN(0,1000008,1000009,1000017,1000018,1000019,1000020,1000021)]
06:10:54.105    (INFO)     MTree.Load: AD_Tree_ID=10, AD_User_ID=1005338, Editable=False, OnClient=True
===========>     (SEVERE)   MTree.LoadNodes: Nodes w/o parent - adding to root - System.Collections.Generic.List`1[VAdvantage.Classes.VTreeNode]
06:10:54.105    (INFO)     Trx.Start: **** ConnSH637066734545683826System.Random
06:10:54.105    (INFO)     Trx.Commit: **C** ConnSH637066734545683826System.Random
----------->     (WARNING)  AccessSqlParser.GetTableInfo: More than one FROM clause - SELECT AppointmentsInfo.Appointmentsinfo_id AS ID,AppointmentsInfo.AD_Client_ID,AppointmentsInfo.AD_Org_ID  FROM AppointmentsInfo JOIN AD_User ON AD_User.AD_User_ID =AppointmentsInfo.CreatedBy WHERE AppointmentsInfo.IsRead='N' AND AppointmentsInfo.istask ='N'  AND AppointmentsInfo.AD_User_ID  = 1005338  UNION SELECT AppointmentsInfo.Appointmentsinfo_id AS ID, AppointmentsInfo.AD_Client_ID,AppointmentsInfo.AD_Org_ID FROM AppointmentsInfo  JOIN AD_User ON AD_User.AD_User_ID = AppointmentsInfo.CreatedBy  WHERE (AppointmentsInfo.IsRead ='Y'   AND AppointmentsInfo.AD_User_ID = 1005338 )  AND AppointmentsInfo.istask ='N'  AND AppointmentsInfo.startDate BETWEEN to_date('10/13/19','mm/dd/yy') and to_date('10/21/19 23.59','mm/dd/yy HH24:MI')   OR  to_date('10/14/19','mm/dd/yy')  BETWEEN  AppointmentsInfo.startDate  AND AppointmentsInfo.endDate  AND  AppointmentsInfo.CreatedBy  !=1005338 AND AppointmentsInfo.AD_User_ID  = 1005338)
----------->     (WARNING)  AccessSqlParser.GetTableInfo: Could not remove ON AppointmentsInfo JOIN AD_User ON AD_User.AD_User_ID =AppointmentsInfo.CreatedBy
----------->     (WARNING)  GridTable.GetField: Not found: 'Created'
----------->     (WARNING)  GridTable.GetField: Not found: 'CreatedBy'
----------->     (WARNING)  GridTable.GetField: Not found: 'Updated'
----------->     (WARNING)  GridTable.GetField: Not found: 'UpdatedBy'
----------->     (WARNING)  GridTable.GetField: Not found: 'Created'
----------->     (WARNING)  GridTable.GetField: Not found: 'CreatedBy'
----------->     (WARNING)  GridTable.GetField: Not found: 'Updated'
----------->     (WARNING)  GridTable.GetField: Not found: 'UpdatedBy'
----------->     (WARNING)  GridTable.GetField: Not found: 'Created'
----------->     (WARNING)  GridTable.GetField: Not found: 'CreatedBy'
----------->     (WARNING)  GridTable.GetField: Not found: 'Updated'
----------->     (WARNING)  GridTable.GetField: Not found: 'UpdatedBy'
----------->     (WARNING)  GridTable.GetField: Not found: 'Created'
----------->     (WARNING)  GridTable.GetField: Not found: 'CreatedBy'
----------->     (WARNING)  GridTable.GetField: Not found: 'Updated'
----------->     (WARNING)  GridTable.GetField: Not found: 'UpdatedBy'
----------->     (WARNING)  GridTable.GetField: Not found: 'Created'
----------->     (WARNING)  GridTable.GetField: Not found: 'CreatedBy'
----------->     (WARNING)  GridTable.GetField: Not found: 'Updated'
----------->     (WARNING)  GridTable.GetField: Not found: 'UpdatedBy'
----------->     (WARNING)  GridTable.GetField: Not found: 'Created'
----------->     (WARNING)  GridTable.GetField: Not found: 'CreatedBy'
----------->     (WARNING)  GridTable.GetField: Not found: 'Updated'
----------->     (WARNING)  GridTable.GetField: Not found: 'UpdatedBy'
----------->     (WARNING)  GridTable.GetField: Not found: 'Created'
----------->     (WARNING)  GridTable.GetField: Not found: 'CreatedBy'
----------->     (WARNING)  GridTable.GetField: Not found: 'Updated'
----------->     (WARNING)  GridTable.GetField: Not found: 'UpdatedBy'
----------->     (WARNING)  GridTable.GetField: Not found: 'Created'
----------->     (WARNING)  GridTable.GetField: Not found: 'CreatedBy'
----------->     (WARNING)  GridTable.GetField: Not found: 'Updated'
----------->     (WARNING)  GridTable.GetField: Not found: 'UpdatedBy'
----------->     (WARNING)  GridTable.GetField: Not found: 'Created'
----------->     (WARNING)  GridTable.GetField: Not found: 'CreatedBy'
----------->     (WARNING)  GridTable.GetField: Not found: 'Updated'
----------->     (WARNING)  GridTable.GetField: Not found: 'UpdatedBy'
06:11:00.110    (INFO)     Trx.Start: **** ConnSH637066734608172210System.Random
06:11:00.110    (INFO)     Trx.Commit: **C** ConnSH637066734608172210System.Random
06:11:02.112    (INFO)     Trx.Start: **** ConnSH637066734624169871System.Random
06:11:02.112    (INFO)     Trx.Commit: **C** ConnSH637066734624169871System.Random
06:11:05.115    (INFO)     Trx.Start: **** ConnSH637066734656313503System.Random
06:11:05.115    (INFO)     Trx.Commit: **C** ConnSH637066734656313503System.Random
06:11:17.111    (INFO)     MDocBaseType.GetAccountingInstance: .ctor: Constructor check 
06:11:17.111    (INFO)     MDocBaseType.GetAccountingInstance: MInvoice[1118659-1001156,GrandTotal=10]: Constructor invoke check 
06:11:17.111    (INFO)     Doc_Invoice.Post: Locked: C_Invoice_ID=1118659
06:11:17.111    (INFO)     Trx.Start: **** PostAPI1118659
06:11:17.111    (INFO)     Doc_Invoice.Post: (0) MInvoice[1118659-1001156,GrandTotal=10 (#1)]
06:11:17.111    (INFO)     Doc_Invoice.PostLogic: (0) MInvoice[1118659-1001156,GrandTotal=10 (#1)]
06:11:17.111    (INFO)     Fact.CreateLine: No account for : Amt=0/ - Fact[MInvoice[1118659-1001156,GrandTotal=10 (#1)],AcctSchema[1000007-Vienna Group UN/47 USD],PostType=A]
06:11:17.111    (INFO)     Fact.CreateLine: No account for : Amt=0/ - Fact[MInvoice[1118659-1001156,GrandTotal=10 (#1)],AcctSchema[1000007-Vienna Group UN/47 USD],PostType=A]
06:11:17.111    (INFO)     Fact.CreateLine: No account for DocLine=[1109730,Qty=1,Amt=10]: Amt=5/ - Fact[MInvoice[1118659-1001156,GrandTotal=10 (#1)],AcctSchema[1000007-Vienna Group UN/47 USD],PostType=A]
===========>     (SEVERE)   Doc_Invoice.Post:  => Object reference not set to an instance of an object.
06:11:17.111    (INFO)     Doc_Invoice.PostCommit: Sta=E DT=API ID=1118659
06:11:17.111    (INFO)     Trx.Commit: **C** PostAPI1118659
06:11:17.111    (INFO)     Trx.Start: **** ConnSH637066734778079207System.Random
06:11:17.111    (INFO)     Trx.Commit: **C** ConnSH637066734778079207System.Random
06:13:50.135    (INFO)     MSession.Logout: 06:33:57.528
