*** 11/27/2019 4:15:08 PM VAdvantage Log  ***
----------->     (WARNING)  GridTable.GetField: Not found: 'Created'
----------->     (WARNING)  GridTable.GetField: Not found: 'CreatedBy'
----------->     (WARNING)  GridTable.GetField: Not found: 'Updated'
----------->     (WARNING)  GridTable.GetField: Not found: 'UpdatedBy'
----------->     (WARNING)  GridTable.GetField: Not found: 'Created'
----------->     (WARNING)  GridTable.GetField: Not found: 'CreatedBy'
----------->     (WARNING)  GridTable.GetField: Not found: 'Updated'
----------->     (WARNING)  GridTable.GetField: Not found: 'UpdatedBy'
----------->     (WARNING)  GridTable.GetField: Not found: 'Created'
----------->     (WARNING)  GridTable.GetField: Not found: 'CreatedBy'
----------->     (WARNING)  GridTable.GetField: Not found: 'Updated'
----------->     (WARNING)  GridTable.GetField: Not found: 'UpdatedBy'
04:15:08.158    (INFO)     Trx.Start: **** ConnSH637104681081344176System.Random
04:15:08.158    (INFO)     Trx.Commit: **C** ConnSH637104681081344176System.Random
04:15:09.159    (INFO)     Trx.Start: **** ConnSH637104681091251440System.Random
04:15:09.159    (INFO)     Trx.Commit: **C** ConnSH637104681091251440System.Random
04:15:13.151    (INFO)     Trx.Start: **** GridDel637104681137045980
04:15:13.151    (INFO)     MChangeLog.FillChangeLog: #9
04:15:13.151    (INFO)     MTaxCategory.DeleteRecord: True
04:15:13.151    (INFO)     Trx.Commit: **C** GridDel637104681137045980
04:15:17.151    (INFO)     Trx.Start: **** ConnSH637104681171165568System.Random
04:15:17.151    (INFO)     Trx.Commit: **C** ConnSH637104681171165568System.Random
04:15:17.151    (INFO)     Trx.Start: **** ConnSH637104681177834821System.Random
04:15:17.151    (INFO)     Trx.Commit: **C** ConnSH637104681177834821System.Random
04:15:52.155    (INFO)     MTable.GetPO: Using GenericPO for C_TaxCategory_Ver
04:15:52.155    (INFO)     Trx.Start: **** ConnSH637104681522219802System.Random
04:15:52.155    (INFO)     Trx.Commit: **C** ConnSH637104681522219802System.Random
04:15:52.155    (INFO)     Trx.Start: **** ConnSH637104681523386612System.Random
04:15:52.155    (INFO)     Trx.Commit: **C** ConnSH637104681523386612System.Random
===========>     (SEVERE)   DB.ExecuteQuery:  => ORA-00942: table or view does not exist
----------->     (WARNING)  DB.ExecuteQuery: DBExecuteError - ORA-00942: table or view does not exist
04:15:52.155    (INFO)     Trx.Start: **** ConnSH637104681526722524System.Random
04:15:52.155    (INFO)     Trx.Commit: **C** ConnSH637104681526722524System.Random
04:15:52.155    (INFO)     Trx.Start: **** ConnSH637104681527564554System.Random
04:15:52.155    (INFO)     Trx.Commit: **C** ConnSH637104681527564554System.Random
04:16:26.162    (INFO)     Trx.Start: **** ConnSH637104681863793549System.Random
04:16:26.162    (INFO)     Trx.Commit: **C** ConnSH637104681863793549System.Random
04:16:46.164    (INFO)     MRole.Get: AD_Role_ID=0, AD_User_ID=0, reload=True
04:16:46.164    (INFO)     MRole.Get: MRole[0,System Administrator,UserLevel=S  ,AD_Client_ID=0,AD_Org_ID=0]
04:16:49.164    (INFO)     MTable.GetPO: Using GenericPO for C_TaxCategory_Ver
04:16:49.164    (INFO)     Trx.Start: **** ConnSH637104682095972483System.Random
04:16:49.164    (INFO)     Trx.Commit: **C** ConnSH637104682095972483System.Random
04:16:49.164    (INFO)     Trx.Start: **** ConnSH637104682096839922System.Random
04:16:49.164    (INFO)     Trx.Commit: **C** ConnSH637104682096839922System.Random
===========>     (SEVERE)   DB.ExecuteQuery:  => ORA-00942: table or view does not exist
----------->     (WARNING)  DB.ExecuteQuery: DBExecuteError - ORA-00942: table or view does not exist
04:16:49.164    (INFO)     Trx.Start: **** ConnSH637104682099724714System.Random
04:16:50.165    (INFO)     Trx.Commit: **C** ConnSH637104682099724714System.Random
04:16:50.165    (INFO)     Trx.Start: **** ConnSH637104682101420042System.Random
04:16:50.165    (INFO)     Trx.Commit: **C** ConnSH637104682101420042System.Random
----------->     (WARNING)  GridTable.GetField: Not found: 'Created'
----------->     (WARNING)  GridTable.GetField: Not found: 'CreatedBy'
----------->     (WARNING)  GridTable.GetField: Not found: 'Updated'
----------->     (WARNING)  GridTable.GetField: Not found: 'UpdatedBy'
04:17:09.179    (INFO)     Trx.Start: **** ConnSH637104682297127575System.Random
04:17:09.179    (INFO)     Trx.Commit: **C** ConnSH637104682297127575System.Random
04:17:09.179    (INFO)     Trx.Start: **** ConnSH637104682299756059System.Random
04:17:10.171    (INFO)     Trx.Commit: **C** ConnSH637104682299756059System.Random
04:17:14.171    (INFO)     MTable.GetAssembly: Could not load file or assembly 'VATAXSvc' or one of its dependencies. The system cannot find the file specified.
04:17:14.171    (INFO)     MTable.GetPO: Using GenericPO for VATAX_TaxType
04:17:14.171    (INFO)     Trx.Start: **** ConnSH637104682342789562System.Random
04:17:14.171    (INFO)     Trx.Commit: **C** ConnSH637104682342789562System.Random
04:17:14.171    (INFO)     Trx.Start: **** ConnDH637104682344568514System.Random
04:17:14.171    (INFO)     Trx.ExecuteDataSet: Trx Dataset ConnDH637104682344568514System.Random 27
04:17:14.171    (INFO)     Trx.ExecuteQuery: Trx non-query ConnDH637104682344568514System.Random 27
04:17:14.171    (INFO)     Trx.Commit: **C** ConnDH637104682344568514System.Random
04:17:14.171    (INFO)     Trx.Start: **** ConnSH637104682344908492System.Random
04:17:14.171    (INFO)     Trx.Commit: **C** ConnSH637104682344908492System.Random
04:17:32.173    (INFO)     Trx.Start: **** GridDel637104682526963279
04:17:32.173    (INFO)     MTaxCategory.DeleteRecord: True
04:17:32.173    (INFO)     Trx.Commit: **C** GridDel637104682526963279
04:17:50.175    (INFO)     MTable.GetPO: Using GenericPO for C_TaxCategory_Ver
04:17:50.175    (INFO)     Trx.Start: **** ConnSH637104682705465021System.Random
04:17:50.175    (INFO)     Trx.Commit: **C** ConnSH637104682705465021System.Random
04:17:50.175    (INFO)     Trx.Start: **** ConnSH637104682706444989System.Random
04:17:50.175    (INFO)     Trx.Commit: **C** ConnSH637104682706444989System.Random
===========>     (SEVERE)   DB.ExecuteQuery:  => ORA-00942: table or view does not exist
----------->     (WARNING)  DB.ExecuteQuery: DBExecuteError - ORA-00942: table or view does not exist
04:17:50.175    (INFO)     Trx.Start: **** ConnSH637104682708841169System.Random
04:17:50.175    (INFO)     Trx.Commit: **C** ConnSH637104682708841169System.Random
04:17:50.175    (INFO)     Trx.Start: **** ConnSH637104682709872645System.Random
04:17:51.175    (INFO)     Trx.Commit: **C** ConnSH637104682709872645System.Random
04:18:30.183    (INFO)     Trx.Start: **** ConnSH637104683103571015System.Random
04:18:30.183    (INFO)     Trx.Commit: **C** ConnSH637104683103571015System.Random
04:18:35.183    (INFO)     Trx.Start: **** GridDel637104683154297308
04:18:35.183    (INFO)     MTaxCategory.DeleteRecord: True
04:18:35.183    (INFO)     Trx.Commit: **C** GridDel637104683154297308
04:18:54.185    (INFO)     MTable.GetAssembly: Could not load file or assembly 'VATAXSvc' or one of its dependencies. The system cannot find the file specified.
04:18:54.185    (INFO)     MTable.GetPO: Using GenericPO for VATAX_TaxType
04:18:54.185    (INFO)     Trx.Start: **** GridDel637104683341714543
04:18:54.185    (INFO)     GenericPO.DeleteRecord: True
04:18:54.185    (INFO)     Trx.Commit: **C** GridDel637104683341714543
04:18:57.185    (INFO)     MTable.GetAssembly: Could not load file or assembly 'VATAXSvc' or one of its dependencies. The system cannot find the file specified.
04:18:57.185    (INFO)     MTable.GetPO: Using GenericPO for VATAX_TaxType
04:18:57.185    (INFO)     Trx.Start: **** ConnSH637104683379047635System.Random
04:18:57.185    (INFO)     Trx.Commit: **C** ConnSH637104683379047635System.Random
04:18:58.185    (INFO)     Trx.Start: **** ConnDH637104683379993312System.Random
04:18:58.185    (INFO)     Trx.ExecuteDataSet: Trx Dataset ConnDH637104683379993312System.Random 135
04:18:58.185    (INFO)     Trx.ExecuteQuery: Trx non-query ConnDH637104683379993312System.Random 135
04:18:58.185    (INFO)     Trx.Commit: **C** ConnDH637104683379993312System.Random
04:18:58.185    (INFO)     Trx.Start: **** ConnSH637104683380153829System.Random
04:18:58.185    (INFO)     Trx.Commit: **C** ConnSH637104683380153829System.Random
04:19:21.192    (INFO)     MTable.GetAssembly: Could not load file or assembly 'VATAXSvc' or one of its dependencies. The system cannot find the file specified.
04:19:21.192    (INFO)     MTable.GetPO: Using GenericPO for VATAX_TaxType
04:19:21.192    (INFO)     Trx.Start: **** GridDel637104683612109442
04:19:21.192    (INFO)     GenericPO.DeleteRecord: True
04:19:21.192    (INFO)     Trx.Commit: **C** GridDel637104683612109442
04:19:32.193    (INFO)     MTable.GetPO: Using GenericPO for C_TaxCategory_Ver
04:19:32.193    (INFO)     Trx.Start: **** ConnSH637104683721274232System.Random
04:19:32.193    (INFO)     Trx.Commit: **C** ConnSH637104683721274232System.Random
04:19:32.193    (INFO)     Trx.Start: **** ConnSH637104683722212145System.Random
04:19:32.193    (INFO)     Trx.Commit: **C** ConnSH637104683722212145System.Random
===========>     (SEVERE)   DB.ExecuteQuery:  => ORA-00942: table or view does not exist
----------->     (WARNING)  DB.ExecuteQuery: DBExecuteError - ORA-00942: table or view does not exist
04:19:32.193    (INFO)     Trx.Start: **** ConnSH637104683724354201System.Random
04:19:32.193    (INFO)     Trx.Commit: **C** ConnSH637104683724354201System.Random
04:19:32.193    (INFO)     Trx.Start: **** ConnSH637104683725297352System.Random
04:19:32.193    (INFO)     Trx.Commit: **C** ConnSH637104683725297352System.Random
04:21:58.215    (INFO)     MSession.Logout: 06:37:06.477
----------->     (WARNING)  MSession.Get: Session Processed=X_AD_Session[1028488]
===========>     (SEVERE)   LDAP.Validate: Error in LDAP for user IdeasIncAdmin : The server is not operational.

04:22:19.221    (INFO)     MRole.Get: AD_Role_ID=102, AD_User_ID=101, reload=True
04:22:19.221    (INFO)     MRole.Get: MRole[102,IdeasInc Admin,UserLevel= CO,AD_Client_ID IN (0,11),]
04:22:19.221    (INFO)     MTree.Load: AD_Tree_ID=121, AD_User_ID=101, Editable=False, OnClient=True
===========>     (SEVERE)   MTree.LoadNodes: Nodes w/o parent - adding to root - System.Collections.Generic.List`1[VAdvantage.Classes.VTreeNode]
04:22:20.222    (INFO)     Trx.Start: **** ConnSH637104685407118013System.Random
04:22:20.222    (INFO)     Trx.Commit: **C** ConnSH637104685407118013System.Random
----------->     (WARNING)  AccessSqlParser.GetTableInfo: More than one FROM clause - SELECT AppointmentsInfo.Appointmentsinfo_id AS ID,AppointmentsInfo.AD_Client_ID,AppointmentsInfo.AD_Org_ID  FROM AppointmentsInfo JOIN AD_User ON AD_User.AD_User_ID =AppointmentsInfo.CreatedBy WHERE AppointmentsInfo.IsRead='N' AND AppointmentsInfo.istask ='N'  AND AppointmentsInfo.AD_User_ID  = 101  UNION SELECT AppointmentsInfo.Appointmentsinfo_id AS ID, AppointmentsInfo.AD_Client_ID,AppointmentsInfo.AD_Org_ID FROM AppointmentsInfo  JOIN AD_User ON AD_User.AD_User_ID = AppointmentsInfo.CreatedBy  WHERE (AppointmentsInfo.IsRead ='Y'   AND AppointmentsInfo.AD_User_ID = 101 )  AND AppointmentsInfo.istask ='N'  AND AppointmentsInfo.startDate BETWEEN to_date('11/26/19','mm/dd/yy') and to_date('12/04/19 23.59','mm/dd/yy HH24:MI')   OR  to_date('11/27/19','mm/dd/yy')  BETWEEN  AppointmentsInfo.startDate  AND AppointmentsInfo.endDate  AND  AppointmentsInfo.CreatedBy  !=101 AND AppointmentsInfo.AD_User_ID  = 101)
----------->     (WARNING)  AccessSqlParser.GetTableInfo: Could not remove ON AppointmentsInfo JOIN AD_User ON AD_User.AD_User_ID =AppointmentsInfo.CreatedBy
04:22:30.223    (INFO)     Trx.Start: **** ConnSH637104685500886123System.Random
04:22:30.223    (INFO)     Trx.Commit: **C** ConnSH637104685500886123System.Random
04:22:30.223    (INFO)     CacheReset.DoIt: 
04:22:30.223    (INFO)     Env.Reset: finalCall=False
04:22:30.223    (INFO)     CacheMgt.Reset: #17 (7907)
04:22:30.223    (INFO)     MRole.Get: AD_Role_ID=0, AD_User_ID=0, reload=True
04:22:30.223    (INFO)     MRole.Get: MRole[0,System Administrator,UserLevel=S  ,AD_Client_ID=0,AD_Org_ID=0]
04:22:30.223    (INFO)     MRole.Get: AD_Role_ID=102, AD_User_ID=101, reload=True
04:22:30.223    (INFO)     MRole.Get: MRole[102,IdeasInc Admin,UserLevel= CO,AD_Client_ID IN (0,11),]
04:22:30.223    (INFO)     MChangeLog.FillChangeLog: #9
04:22:30.223    (INFO)     CacheMgt.Reset: AD_Process: #1 (1)
04:22:30.223    (INFO)     Trx.Start: **** ConnSH637104685506711677System.Random
04:22:30.223    (INFO)     Trx.Commit: **C** ConnSH637104685506711677System.Random
04:22:30.223    (INFO)     Trx.Start: **** ConnSH637104685507577213System.Random
04:22:30.223    (INFO)     Trx.Commit: **C** ConnSH637104685507577213System.Random
04:22:31.223    (INFO)     Msg.InitMsg: Records=5823 - en_US
04:22:31.223    (INFO)     Trx.Start: **** ConnSH637104685514533093System.Random
04:22:31.223    (INFO)     Trx.Commit: **C** ConnSH637104685514533093System.Random
04:22:31.223    (INFO)     Trx.Start: **** ConnSH637104685515553282System.Random
04:22:31.223    (INFO)     Trx.Commit: **C** ConnSH637104685515553282System.Random
----------->     (WARNING)  GridTable.GetField: Not found: 'Created'
----------->     (WARNING)  GridTable.GetField: Not found: 'CreatedBy'
----------->     (WARNING)  GridTable.GetField: Not found: 'Updated'
----------->     (WARNING)  GridTable.GetField: Not found: 'UpdatedBy'
----------->     (WARNING)  GridTable.GetField: Not found: 'Created'
----------->     (WARNING)  GridTable.GetField: Not found: 'CreatedBy'
----------->     (WARNING)  GridTable.GetField: Not found: 'Updated'
----------->     (WARNING)  GridTable.GetField: Not found: 'UpdatedBy'
----------->     (WARNING)  GridTable.GetField: Not found: 'Created'
----------->     (WARNING)  GridTable.GetField: Not found: 'CreatedBy'
----------->     (WARNING)  GridTable.GetField: Not found: 'Updated'
----------->     (WARNING)  GridTable.GetField: Not found: 'UpdatedBy'
04:22:35.223    (INFO)     Trx.Start: **** ConnSH637104685559876722System.Random
04:22:36.223    (INFO)     Trx.Commit: **C** ConnSH637104685559876722System.Random
04:22:36.223    (INFO)     Trx.Start: **** ConnSH637104685561047094System.Random
04:22:36.223    (INFO)     Trx.Commit: **C** ConnSH637104685561047094System.Random
04:22:36.223    (INFO)     Trx.Start: **** ConnSH637104685565576964System.Random
04:22:36.223    (INFO)     Trx.Commit: **C** ConnSH637104685565576964System.Random
04:22:36.223    (INFO)     Trx.Start: **** ConnSH637104685566857014System.Random
04:22:36.223    (INFO)     Trx.Commit: **C** ConnSH637104685566857014System.Random
04:22:42.224    (INFO)     Trx.Start: **** GridDel637104685606231764
04:22:42.224    (INFO)     MTaxCategory.DeleteRecord: True
04:22:42.224    (INFO)     Trx.Commit: **C** GridDel637104685606231764
04:22:53.225    (INFO)     MTable.GetPO: Using GenericPO for C_TaxCategory_Ver
04:22:53.225    (INFO)     Trx.Start: **** ConnSH637104685738181986System.Random
04:22:53.225    (INFO)     Trx.Commit: **C** ConnSH637104685738181986System.Random
04:22:53.225    (INFO)     Trx.Start: **** ConnSH637104685739021965System.Random
04:22:53.225    (INFO)     Trx.Commit: **C** ConnSH637104685739021965System.Random
===========>     (SEVERE)   DB.ExecuteQuery:  => ORA-00942: table or view does not exist
----------->     (WARNING)  DB.ExecuteQuery: DBExecuteError - ORA-00942: table or view does not exist
04:22:55.225    (INFO)     Trx.Start: **** ConnSH637104685757699745System.Random
04:22:55.225    (INFO)     Trx.Commit: **C** ConnSH637104685757699745System.Random
04:22:55.225    (INFO)     Trx.Start: **** ConnSH637104685758613270System.Random
04:22:55.225    (INFO)     Trx.Commit: **C** ConnSH637104685758613270System.Random
04:23:39.233    (INFO)     Trx.Start: **** ConnSH637104686197634594System.Random
04:23:39.233    (INFO)     Trx.Commit: **C** ConnSH637104686197634594System.Random
04:23:43.234    (INFO)     Trx.Start: **** GridDel637104686228350253
===========>     (SEVERE)   OracleHelper.ExecuteNonQuery: ORA-02292: integrity constraint (LIBMIGRATION.FK314_3356) violated - child record found [Query NQTrx]DELETE FROM C_TaxCategory WHERE C_TaxCategory_ID=1000004
===========>     (SEVERE)   DB.ExecuteQuery: GridDel637104686228350253 => ORA-02292: integrity constraint (LIBMIGRATION.FK314_3356) violated - child record found
----------->     (WARNING)  DB.ExecuteQuery: DBExecuteError - ORA-02292: integrity constraint (LIBMIGRATION.FK314_3356) violated - child record found
----------->     (WARNING)  MTaxCategory.DeleteRecord: Not deleted
04:23:43.234    (INFO)     MTaxCategory.DeleteRecord: False
04:23:43.234    (INFO)     Trx.Rollback: **R** GridDel637104686228350253
04:23:54.235    (INFO)     Trx.Start: **** ConnSH637104686348241027System.Random
04:23:54.235    (INFO)     Trx.Commit: **C** ConnSH637104686348241027System.Random
04:23:55.235    (INFO)     Trx.Start: **** ConnSH637104686351584656System.Random
04:23:55.235    (INFO)     Trx.Commit: **C** ConnSH637104686351584656System.Random
04:23:55.235    (INFO)     Trx.Start: **** ConnSH637104686357250885System.Random
04:23:55.235    (INFO)     Trx.Commit: **C** ConnSH637104686357250885System.Random
04:23:59.235    (INFO)     Trx.Start: **** GridDel637104686391075197
04:23:59.235    (INFO)     MTaxCategory.DeleteRecord: True
04:23:59.235    (INFO)     Trx.Commit: **C** GridDel637104686391075197
----------->     (WARNING)  GridTable.GetField: Not found: 'Created'
----------->     (WARNING)  GridTable.GetField: Not found: 'CreatedBy'
----------->     (WARNING)  GridTable.GetField: Not found: 'Updated'
----------->     (WARNING)  GridTable.GetField: Not found: 'UpdatedBy'
04:24:12.241    (INFO)     Trx.Start: **** ConnSH637104686521397783System.Random
04:24:12.241    (INFO)     Trx.Commit: **C** ConnSH637104686521397783System.Random
04:24:12.241    (INFO)     Trx.Start: **** ConnSH637104686524277722System.Random
04:24:12.241    (INFO)     Trx.Commit: **C** ConnSH637104686524277722System.Random
04:24:26.242    (INFO)     MTable.GetAssembly: Could not load file or assembly 'VATAXSvc' or one of its dependencies. The system cannot find the file specified.
04:24:27.242    (INFO)     MTable.GetPO: Using GenericPO for VATAX_TaxType
04:24:27.242    (INFO)     Trx.Start: **** ConnSH637104686673685806System.Random
04:24:27.242    (INFO)     Trx.Commit: **C** ConnSH637104686673685806System.Random
04:24:27.242    (INFO)     Trx.Start: **** ConnDH637104686674666122System.Random
04:24:27.242    (INFO)     Trx.ExecuteDataSet: Trx Dataset ConnDH637104686674666122System.Random 190
04:24:27.242    (INFO)     Trx.ExecuteQuery: Trx non-query ConnDH637104686674666122System.Random 190
04:24:27.242    (INFO)     Trx.Commit: **C** ConnDH637104686674666122System.Random
04:24:27.242    (INFO)     Trx.Start: **** ConnSH637104686674816126System.Random
04:24:27.242    (INFO)     Trx.Commit: **C** ConnSH637104686674816126System.Random
04:24:43.244    (INFO)     MTable.GetAssembly: Could not load file or assembly 'VATAXSvc' or one of its dependencies. The system cannot find the file specified.
04:24:44.244    (INFO)     MTable.GetPO: Using GenericPO for VATAX_TaxType
04:24:44.244    (INFO)     Trx.Start: **** GridDel637104686836176387
04:24:44.244    (INFO)     GenericPO.DeleteRecord: True
04:24:44.244    (INFO)     Trx.Commit: **C** GridDel637104686836176387
04:25:48.254    (INFO)     MTable.GetPO: Using GenericPO for C_TaxCategory_Ver
04:25:52.255    (INFO)     Trx.Start: **** ConnSH637104687524883144System.Random
04:25:52.255    (INFO)     Trx.Commit: **C** ConnSH637104687524883144System.Random
04:25:52.255    (INFO)     Trx.Start: **** ConnSH637104687525683759System.Random
04:25:52.255    (INFO)     Trx.Commit: **C** ConnSH637104687525683759System.Random
===========>     (SEVERE)   DB.ExecuteQuery:  => ORA-00942: table or view does not exist
----------->     (WARNING)  DB.ExecuteQuery: DBExecuteError - ORA-00942: table or view does not exist
