*** 11/19/2019 9:45:40 AM VAdvantage Log  ***
----------->     (WARNING)  GridTable.GetField: Not found: 'Created'
----------->     (WARNING)  GridTable.GetField: Not found: 'CreatedBy'
----------->     (WARNING)  GridTable.GetField: Not found: 'Updated'
----------->     (WARNING)  GridTable.GetField: Not found: 'UpdatedBy'
----------->     (WARNING)  GridTable.GetField: Not found: 'Created'
----------->     (WARNING)  GridTable.GetField: Not found: 'CreatedBy'
----------->     (WARNING)  GridTable.GetField: Not found: 'Updated'
----------->     (WARNING)  GridTable.GetField: Not found: 'UpdatedBy'
----------->     (WARNING)  GridTable.GetField: Not found: 'Created'
----------->     (WARNING)  GridTable.GetField: Not found: 'CreatedBy'
----------->     (WARNING)  GridTable.GetField: Not found: 'Updated'
----------->     (WARNING)  GridTable.GetField: Not found: 'UpdatedBy'
----------->     (WARNING)  GridTable.GetField: Not found: 'Created'
----------->     (WARNING)  GridTable.GetField: Not found: 'CreatedBy'
----------->     (WARNING)  GridTable.GetField: Not found: 'Updated'
----------->     (WARNING)  GridTable.GetField: Not found: 'UpdatedBy'
----------->     (WARNING)  GridTable.GetField: Not found: 'Created'
----------->     (WARNING)  GridTable.GetField: Not found: 'CreatedBy'
----------->     (WARNING)  GridTable.GetField: Not found: 'Updated'
----------->     (WARNING)  GridTable.GetField: Not found: 'UpdatedBy'
----------->     (WARNING)  GridTable.GetField: Not found: 'Created'
----------->     (WARNING)  GridTable.GetField: Not found: 'CreatedBy'
----------->     (WARNING)  GridTable.GetField: Not found: 'Updated'
----------->     (WARNING)  GridTable.GetField: Not found: 'UpdatedBy'
----------->     (WARNING)  GridTable.GetField: Not found: 'Created'
----------->     (WARNING)  GridTable.GetField: Not found: 'CreatedBy'
----------->     (WARNING)  GridTable.GetField: Not found: 'Updated'
----------->     (WARNING)  GridTable.GetField: Not found: 'UpdatedBy'
----------->     (WARNING)  GridTable.GetField: Not found: 'Created'
----------->     (WARNING)  GridTable.GetField: Not found: 'CreatedBy'
----------->     (WARNING)  GridTable.GetField: Not found: 'Updated'
----------->     (WARNING)  GridTable.GetField: Not found: 'UpdatedBy'
09:45:41.454    (INFO)     Trx.Start: **** ConnSH637097535410337375System.Random
09:45:41.454    (INFO)     Trx.Commit: **C** ConnSH637097535410337375System.Random
09:45:43.454    (INFO)     Trx.Start: **** ConnSH637097535433541469System.Random
09:45:43.454    (INFO)     Trx.Commit: **C** ConnSH637097535433541469System.Random
09:45:52.455    (INFO)     Trx.Start: **** ConnSH637097535528251143System.Random
09:45:52.455    (INFO)     Trx.Commit: **C** ConnSH637097535528251143System.Random
09:45:55.455    (INFO)     Trx.Start: **** ConnSH637097535555557366System.Random
09:45:55.455    (INFO)     Trx.Commit: **C** ConnSH637097535555557366System.Random
09:46:02.462    (INFO)     Trx.Start: **** ConnSH637097535621372752System.Random
09:46:02.462    (INFO)     Trx.Commit: **C** ConnSH637097535621372752System.Random
09:46:14.461    (INFO)     Trx.Start: **** GridDel637097535744643759
===========>     (SEVERE)   OracleHelper.ExecuteNonQuery: ORA-02292: integrity constraint (LIBMIGRATION.FK1000354_1008045) violated - child record found [Query NQTrx]DELETE FROM AD_Column WHERE AD_Column_ID=1010750
===========>     (SEVERE)   DB.ExecuteQuery: GridDel637097535744643759 => ORA-02292: integrity constraint (LIBMIGRATION.FK1000354_1008045) violated - child record found
----------->     (WARNING)  DB.ExecuteQuery: DBExecuteError - ORA-02292: integrity constraint (LIBMIGRATION.FK1000354_1008045) violated - child record found
----------->     (WARNING)  MColumn.DeleteRecord: Not deleted
09:46:44.464    (INFO)     MColumn.DeleteRecord: False
09:46:44.464    (INFO)     Trx.Rollback: **R** GridDel637097535744643759
----------->     (WARNING)  GridTable.GetField: Not found: 'Created'
----------->     (WARNING)  GridTable.GetField: Not found: 'CreatedBy'
----------->     (WARNING)  GridTable.GetField: Not found: 'Updated'
----------->     (WARNING)  GridTable.GetField: Not found: 'UpdatedBy'
----------->     (WARNING)  GridTable.GetField: Not found: 'Created'
----------->     (WARNING)  GridTable.GetField: Not found: 'CreatedBy'
----------->     (WARNING)  GridTable.GetField: Not found: 'Updated'
----------->     (WARNING)  GridTable.GetField: Not found: 'UpdatedBy'
----------->     (WARNING)  GridTable.GetField: Not found: 'Created'
----------->     (WARNING)  GridTable.GetField: Not found: 'CreatedBy'
----------->     (WARNING)  GridTable.GetField: Not found: 'Updated'
----------->     (WARNING)  GridTable.GetField: Not found: 'UpdatedBy'
----------->     (WARNING)  GridTable.GetField: Not found: 'Created'
----------->     (WARNING)  GridTable.GetField: Not found: 'CreatedBy'
----------->     (WARNING)  GridTable.GetField: Not found: 'Updated'
----------->     (WARNING)  GridTable.GetField: Not found: 'UpdatedBy'
----------->     (WARNING)  GridTable.GetField: Not found: 'Created'
----------->     (WARNING)  GridTable.GetField: Not found: 'CreatedBy'
----------->     (WARNING)  GridTable.GetField: Not found: 'Updated'
----------->     (WARNING)  GridTable.GetField: Not found: 'UpdatedBy'
----------->     (WARNING)  GridTable.GetField: Not found: 'Created'
----------->     (WARNING)  GridTable.GetField: Not found: 'CreatedBy'
----------->     (WARNING)  GridTable.GetField: Not found: 'Updated'
----------->     (WARNING)  GridTable.GetField: Not found: 'UpdatedBy'
----------->     (WARNING)  GridTable.GetField: Not found: 'Created'
----------->     (WARNING)  GridTable.GetField: Not found: 'CreatedBy'
----------->     (WARNING)  GridTable.GetField: Not found: 'Updated'
----------->     (WARNING)  GridTable.GetField: Not found: 'UpdatedBy'
----------->     (WARNING)  GridTable.GetField: Not found: 'Created'
----------->     (WARNING)  GridTable.GetField: Not found: 'CreatedBy'
----------->     (WARNING)  GridTable.GetField: Not found: 'Updated'
----------->     (WARNING)  GridTable.GetField: Not found: 'UpdatedBy'
----------->     (WARNING)  GridTable.GetField: Not found: 'Created'
----------->     (WARNING)  GridTable.GetField: Not found: 'CreatedBy'
----------->     (WARNING)  GridTable.GetField: Not found: 'Updated'
----------->     (WARNING)  GridTable.GetField: Not found: 'UpdatedBy'
----------->     (WARNING)  GridTable.GetField: Not found: 'Created'
----------->     (WARNING)  GridTable.GetField: Not found: 'CreatedBy'
----------->     (WARNING)  GridTable.GetField: Not found: 'Updated'
----------->     (WARNING)  GridTable.GetField: Not found: 'UpdatedBy'
----------->     (WARNING)  GridTable.GetField: Not found: 'Created'
----------->     (WARNING)  GridTable.GetField: Not found: 'CreatedBy'
----------->     (WARNING)  GridTable.GetField: Not found: 'Updated'
----------->     (WARNING)  GridTable.GetField: Not found: 'UpdatedBy'
----------->     (WARNING)  GridTable.GetField: Not found: 'Created'
----------->     (WARNING)  GridTable.GetField: Not found: 'CreatedBy'
----------->     (WARNING)  GridTable.GetField: Not found: 'Updated'
----------->     (WARNING)  GridTable.GetField: Not found: 'UpdatedBy'
----------->     (WARNING)  GridTable.GetField: Not found: 'Created'
----------->     (WARNING)  GridTable.GetField: Not found: 'CreatedBy'
----------->     (WARNING)  GridTable.GetField: Not found: 'Updated'
----------->     (WARNING)  GridTable.GetField: Not found: 'UpdatedBy'
09:50:49.504    (INFO)     Trx.Start: **** ConnSH637097538498685046System.Random
09:50:49.504    (INFO)     Trx.Commit: **C** ConnSH637097538498685046System.Random
09:50:52.505    (INFO)     Trx.Start: **** ConnSH637097538521970666System.Random
09:50:52.505    (INFO)     Trx.Commit: **C** ConnSH637097538521970666System.Random
09:51:13.511    (INFO)     Trx.Start: **** ConnSH637097538737445868System.Random
09:51:13.511    (INFO)     Trx.Commit: **C** ConnSH637097538737445868System.Random
09:52:23.522    (INFO)     Trx.Start: **** ConnSH637097539430986340System.Random
09:52:23.522    (INFO)     Trx.Commit: **C** ConnSH637097539430986340System.Random
09:52:27.522    (INFO)     Trx.Start: **** GridDel637097539479681151
09:52:59.525    (INFO)     MChangeLog.FillChangeLog: #9
09:52:59.525    (INFO)     Trx.Start: **** ConnSH637097539798182606System.Random
09:52:59.525    (INFO)     Trx.Commit: **C** ConnSH637097539798182606System.Random
09:53:00.530    (INFO)     CacheMgt.Reset: AD_Column: #1 (2)
09:53:00.530    (INFO)     MColumn.DeleteRecord: True
09:53:00.530    (INFO)     Trx.Commit: **C** GridDel637097539479681151
09:53:15.531    (INFO)     Trx.Start: **** ConnSH637097539957349673System.Random
09:53:15.531    (INFO)     Trx.Commit: **C** ConnSH637097539957349673System.Random
09:53:16.531    (INFO)     CacheReset.DoIt: 
09:53:16.531    (INFO)     Env.Reset: finalCall=False
09:53:16.531    (INFO)     CacheMgt.Reset: #16 (6176)
09:53:16.531    (INFO)     MRole.Get: AD_Role_ID=0, AD_User_ID=0, reload=True
09:53:17.531    (INFO)     MSession.Logout: 06:39:29.310
09:53:17.531    (INFO)     MRole.Get: MRole[0,System Administrator,UserLevel=S  ,AD_Client_ID=0,AD_Org_ID=0]
----------->     (WARNING)  MSession.Get: Session Processed=X_AD_Session[1027525]
----------->     (WARNING)  MSession.Get: Session Processed=X_AD_Session[1027525]
09:53:17.531    (INFO)     CacheMgt.Reset: AD_Process: #1 (1)
09:53:17.531    (INFO)     Trx.Start: **** ConnSH637097539979025148System.Random
09:53:18.531    (INFO)     Trx.Commit: **C** ConnSH637097539979025148System.Random
----------->     (WARNING)  MSession.Get: Session Processed=X_AD_Session[1027525]
09:53:18.531    (INFO)     Msg.InitMsg: Records=5823 - en_US
09:53:18.531    (INFO)     Trx.Start: **** ConnSH637097539988534810System.Random
09:53:18.531    (INFO)     Trx.Commit: **C** ConnSH637097539988534810System.Random
----------->     (WARNING)  MSession.Get: Session Processed=X_AD_Session[1027525]
===========>     (SEVERE)   LDAP.Validate: Error in LDAP for user IdeasIncAdmin : The server is not operational.

===========>     (SEVERE)   LDAP.Validate: Error in LDAP for user IdeasIncAdmin : The server is not operational.

09:54:06.546    (INFO)     MRole.Get: AD_Role_ID=102, AD_User_ID=101, reload=True
09:54:06.546    (INFO)     MRole.Get: MRole[102,IdeasInc Admin,UserLevel= CO,AD_Client_ID IN (0,11),]
09:54:06.546    (INFO)     MRole.Get: AD_Role_ID=102, AD_User_ID=101, reload=True
09:54:06.546    (INFO)     MRole.Get: MRole[102,IdeasInc Admin,UserLevel= CO,AD_Client_ID IN (0,11),]
09:54:06.546    (INFO)     MTree.Load: AD_Tree_ID=121, AD_User_ID=101, Editable=False, OnClient=True
===========>     (SEVERE)   MTree.LoadNodes: Nodes w/o parent - adding to root - System.Collections.Generic.List`1[VAdvantage.Classes.VTreeNode]
09:54:09.549    (INFO)     Trx.Start: **** ConnSH637097540492264895System.Random
09:54:09.549    (INFO)     Trx.Commit: **C** ConnSH637097540492264895System.Random
----------->     (WARNING)  AccessSqlParser.GetTableInfo: More than one FROM clause - SELECT AppointmentsInfo.Appointmentsinfo_id AS ID,AppointmentsInfo.AD_Client_ID,AppointmentsInfo.AD_Org_ID  FROM AppointmentsInfo JOIN AD_User ON AD_User.AD_User_ID =AppointmentsInfo.CreatedBy WHERE AppointmentsInfo.IsRead='N' AND AppointmentsInfo.istask ='N'  AND AppointmentsInfo.AD_User_ID  = 101  UNION SELECT AppointmentsInfo.Appointmentsinfo_id AS ID, AppointmentsInfo.AD_Client_ID,AppointmentsInfo.AD_Org_ID FROM AppointmentsInfo  JOIN AD_User ON AD_User.AD_User_ID = AppointmentsInfo.CreatedBy  WHERE (AppointmentsInfo.IsRead ='Y'   AND AppointmentsInfo.AD_User_ID = 101 )  AND AppointmentsInfo.istask ='N'  AND AppointmentsInfo.startDate BETWEEN to_date('11/18/19','mm/dd/yy') and to_date('11/26/19 23.59','mm/dd/yy HH24:MI')   OR  to_date('11/19/19','mm/dd/yy')  BETWEEN  AppointmentsInfo.startDate  AND AppointmentsInfo.endDate  AND  AppointmentsInfo.CreatedBy  !=101 AND AppointmentsInfo.AD_User_ID  = 101)
----------->     (WARNING)  AccessSqlParser.GetTableInfo: Could not remove ON AppointmentsInfo JOIN AD_User ON AD_User.AD_User_ID =AppointmentsInfo.CreatedBy
09:54:20.542    (INFO)     Trx.Start: **** ConnSH637097540604483601System.Random
09:54:20.542    (INFO)     Trx.Commit: **C** ConnSH637097540604483601System.Random
09:54:20.542    (INFO)     MChangeLog.FillChangeLog: #9
09:54:20.542    (INFO)     CacheReset.DoIt: 
09:54:20.542    (INFO)     Env.Reset: finalCall=False
09:54:20.542    (INFO)     CacheMgt.Reset: #17 (7886)
09:54:20.542    (INFO)     MRole.Get: AD_Role_ID=0, AD_User_ID=0, reload=True
09:54:20.542    (INFO)     MRole.Get: MRole[0,System Administrator,UserLevel=S  ,AD_Client_ID=0,AD_Org_ID=0]
09:54:20.542    (INFO)     MRole.Get: AD_Role_ID=102, AD_User_ID=101, reload=True
09:54:20.542    (INFO)     MRole.Get: MRole[102,IdeasInc Admin,UserLevel= CO,AD_Client_ID IN (0,11),]
09:54:20.542    (INFO)     MChangeLog.FillChangeLog: #9
09:54:20.542    (INFO)     CacheMgt.Reset: AD_Process: #1 (1)
09:54:20.542    (INFO)     Trx.Start: **** ConnSH637097540608602368System.Random
09:54:20.542    (INFO)     Trx.Commit: **C** ConnSH637097540608602368System.Random
09:54:20.542    (INFO)     Trx.Start: **** ConnSH637097540609353013System.Random
09:54:21.542    (INFO)     Trx.Commit: **C** ConnSH637097540609353013System.Random
09:54:21.542    (INFO)     Msg.InitMsg: Records=5823 - en_US
09:54:21.542    (INFO)     Trx.Start: **** ConnSH637097540617465926System.Random
09:54:21.542    (INFO)     Trx.Commit: **C** ConnSH637097540617465926System.Random
09:54:21.542    (INFO)     Trx.Start: **** ConnSH637097540618195448System.Random
09:54:21.542    (INFO)     Trx.Commit: **C** ConnSH637097540618195448System.Random
----------->     (WARNING)  GridTable.GetField: Not found: 'Created'
----------->     (WARNING)  GridTable.GetField: Not found: 'CreatedBy'
----------->     (WARNING)  GridTable.GetField: Not found: 'Updated'
----------->     (WARNING)  GridTable.GetField: Not found: 'UpdatedBy'
09:54:25.542    (INFO)     Trx.Start: **** ConnSH637097540650897781System.Random
09:54:25.542    (INFO)     Trx.Commit: **C** ConnSH637097540650897781System.Random
09:54:25.542    (INFO)     Trx.Start: **** ConnSH637097540652054509System.Random
09:54:25.542    (INFO)     Trx.Commit: **C** ConnSH637097540652054509System.Random
09:54:28.542    (INFO)     Trx.Start: **** ConnSH637097540682643973System.Random
09:54:28.542    (INFO)     Trx.Commit: **C** ConnSH637097540682643973System.Random
09:54:28.542    (INFO)     Trx.Start: **** ConnSH637097540683764977System.Random
09:54:28.542    (INFO)     Trx.Commit: **C** ConnSH637097540683764977System.Random
===========>     (SEVERE)   OracleHelper.ExecuteDataset: ORA-00972: identifier is too long [Query D] =>SELECT AD_Client_ID,AD_FilePath,AD_Org_ID,Account_Acct,BinaryData,C_BPartner_ID,C_Currency_ID,C_GenAttribSetIns_ID,C_GenAttributeSetInstance_ID,C_GenAttributeSet_ID,C_JOURNALTYPE_ID,C_Location_ID,C_Payment_ID,C_UOM_ID,CharacterData,Created,CreatedBy,Description,Export_ID,FileName,FormGroup,Help,IsActive,IsVersionApproved,M_AttributeSetInstance_ID,M_Locator_ID,M_Product_ID,Name,Processed,ProcessedVersion,Processing,RecordVersion,T_Amount,T_Date,T_DateTime,T_Integer,T_Number,T_Qty,T_Time,Test_ID,Test_Version_ID,Updated,UpdatedBy,VersionNo,VersionValidFrom,  (SELECT NVL(AD_Client.Name,'') FROM AD_Client WHERE AD_Client.AD_Client_ID=Test_Version.AD_Client_ID) AS AD_Client_ID_Text,  (SELECT NVL(AD_Org.Name,'') FROM AD_Org WHERE AD_Org.AD_Org_ID=Test_Version.AD_Org_ID) AS AD_Org_ID_Text,  (SELECT NVL(C_BPartner.Name,'') FROM C_BPartner WHERE C_BPartner.C_BPartner_ID=Test_Version.C_BPartner_ID) AS C_BPartner_ID_Text,  (SELECT NVL(C_Currency.ISO_Code,'') FROM C_Currency WHERE C_Currency.C_Currency_ID=Test_Version.C_Currency_ID) AS C_Currency_ID_Text, C_GenAttribSetIns_ID AS C_GenAttribSetIns_ID_ASI, C_GenAttributeSetInstance_ID AS C_GenAttributeSetInstance_ID_ASI,  (SELECT NVL(C_GenAttributeSet.Name,'') FROM C_GenAttributeSet WHERE C_GenAttributeSet.C_GenAttributeSet_ID=Test_Version.C_GenAttributeSet_ID) AS C_GenAttributeSet_ID_Text, C_Location_ID AS C_Location_ID_Location,  (SELECT NVL(C_Payment.DocumentNo,'') ||'_'|| NVL(TRIM(TO_CHAR(C_Payment.DateTrx,'yyyy-MM-dd')),'') ||'_'|| NVL(TRIM(TO_CHAR(C_Payment.PayAmt,'TM9')),'') ||'_'|| NVL(C_Payment.A_Name,'') FROM C_Payment WHERE C_Payment.C_Payment_ID=Test_Version.C_Payment_ID) AS C_Payment_ID_Text,  (SELECT NVL(C_UOM.Name,'') FROM C_UOM WHERE C_UOM.C_UOM_ID=Test_Version.C_UOM_ID) AS C_UOM_ID_Text,  (SELECT AD_User.Name FROM AD_User WHERE AD_User.Name IS NOT NULL  AND AD_User.AD_User_ID=Test_Version.CreatedBy) AS CreatedBy_Text, M_AttributeSetInstance_ID AS M_AttributeSetInstance_ID_ASI, M_Locator_ID AS M_Locator_ID_Locator,  (SELECT NVL(M_Product.Name,'') FROM M_Product WHERE M_Product.M_Product_ID=Test_Version.M_Product_ID) AS M_Product_ID_Text,  (SELECT AD_User.Name FROM AD_User WHERE AD_User.Name IS NOT NULL  AND AD_User.AD_User_ID=Test_Version.UpdatedBy) AS UpdatedBy_Text FROM Test_Version WHERE AD_Client_ID IN (0,11) AND Test_Version_ID NOT IN ( SELECT Record_ID FROM AD_Private_Access WHERE AD_Table_ID = 1001182 AND AD_User_ID <> 101 AND IsActive = 'Y' ) AND Test_Version.ProcessedVersion = 'N'  ORDER BY Test_Version.VERSIONVALIDFROM DESC
09:54:57.545    (INFO)     MSession.Logout: 06:30:29.309
----------->     (WARNING)  MSession.Get: Session Processed=X_AD_Session[1027528]
===========>     (SEVERE)   LDAP.Validate: Error in LDAP for user IdeasIncAdmin : The server is not operational.

09:55:18.551    (INFO)     MRole.Get: AD_Role_ID=102, AD_User_ID=101, reload=True
09:55:18.551    (INFO)     MRole.Get: MRole[102,IdeasInc Admin,UserLevel= CO,AD_Client_ID IN (0,11),]
09:55:18.551    (INFO)     MTree.Load: AD_Tree_ID=121, AD_User_ID=101, Editable=False, OnClient=True
===========>     (SEVERE)   MTree.LoadNodes: Nodes w/o parent - adding to root - System.Collections.Generic.List`1[VAdvantage.Classes.VTreeNode]
09:55:19.551    (INFO)     Trx.Start: **** ConnSH637097541191592258System.Random
09:55:19.551    (INFO)     Trx.Commit: **C** ConnSH637097541191592258System.Random
----------->     (WARNING)  AccessSqlParser.GetTableInfo: More than one FROM clause - SELECT AppointmentsInfo.Appointmentsinfo_id AS ID,AppointmentsInfo.AD_Client_ID,AppointmentsInfo.AD_Org_ID  FROM AppointmentsInfo JOIN AD_User ON AD_User.AD_User_ID =AppointmentsInfo.CreatedBy WHERE AppointmentsInfo.IsRead='N' AND AppointmentsInfo.istask ='N'  AND AppointmentsInfo.AD_User_ID  = 101  UNION SELECT AppointmentsInfo.Appointmentsinfo_id AS ID, AppointmentsInfo.AD_Client_ID,AppointmentsInfo.AD_Org_ID FROM AppointmentsInfo  JOIN AD_User ON AD_User.AD_User_ID = AppointmentsInfo.CreatedBy  WHERE (AppointmentsInfo.IsRead ='Y'   AND AppointmentsInfo.AD_User_ID = 101 )  AND AppointmentsInfo.istask ='N'  AND AppointmentsInfo.startDate BETWEEN to_date('11/18/19','mm/dd/yy') and to_date('11/26/19 23.59','mm/dd/yy HH24:MI')   OR  to_date('11/19/19','mm/dd/yy')  BETWEEN  AppointmentsInfo.startDate  AND AppointmentsInfo.endDate  AND  AppointmentsInfo.CreatedBy  !=101 AND AppointmentsInfo.AD_User_ID  = 101)
----------->     (WARNING)  AccessSqlParser.GetTableInfo: Could not remove ON AppointmentsInfo JOIN AD_User ON AD_User.AD_User_ID =AppointmentsInfo.CreatedBy
09:55:50.555    (INFO)     Trx.Start: **** ConnSH637097541509455926System.Random
09:55:51.555    (INFO)     Trx.Commit: **C** ConnSH637097541509455926System.Random
09:55:51.555    (INFO)     CacheReset.DoIt: 
09:55:51.555    (INFO)     Env.Reset: finalCall=False
09:55:51.555    (INFO)     CacheMgt.Reset: #20 (9487)
09:55:51.555    (INFO)     MRole.Get: AD_Role_ID=0, AD_User_ID=0, reload=True
09:55:51.555    (INFO)     MRole.Get: MRole[0,System Administrator,UserLevel=S  ,AD_Client_ID=0,AD_Org_ID=0]
09:55:51.555    (INFO)     MRole.Get: AD_Role_ID=102, AD_User_ID=101, reload=True
09:55:51.555    (INFO)     MRole.Get: MRole[102,IdeasInc Admin,UserLevel= CO,AD_Client_ID IN (0,11),]
09:55:51.555    (INFO)     MChangeLog.FillChangeLog: #9
09:55:51.555    (INFO)     CacheMgt.Reset: AD_Process: #1 (1)
09:55:51.555    (INFO)     Trx.Start: **** ConnSH637097541513552502System.Random
09:55:51.555    (INFO)     Trx.Commit: **C** ConnSH637097541513552502System.Random
09:55:51.555    (INFO)     Trx.Start: **** ConnSH637097541514396212System.Random
09:55:51.555    (INFO)     Trx.Commit: **C** ConnSH637097541514396212System.Random
09:55:52.555    (INFO)     Msg.InitMsg: Records=5823 - en_US
09:55:52.555    (INFO)     Trx.Start: **** ConnSH637097541522007844System.Random
09:55:52.555    (INFO)     Trx.Commit: **C** ConnSH637097541522007844System.Random
09:55:52.555    (INFO)     Trx.Start: **** ConnSH637097541522794827System.Random
09:55:52.555    (INFO)     Trx.Commit: **C** ConnSH637097541522794827System.Random
----------->     (WARNING)  GridTable.GetField: Not found: 'Created'
----------->     (WARNING)  GridTable.GetField: Not found: 'CreatedBy'
----------->     (WARNING)  GridTable.GetField: Not found: 'Updated'
----------->     (WARNING)  GridTable.GetField: Not found: 'UpdatedBy'
09:55:54.555    (INFO)     Trx.Start: **** ConnSH637097541542311666System.Random
09:55:54.555    (INFO)     Trx.Commit: **C** ConnSH637097541542311666System.Random
09:55:54.555    (INFO)     Trx.Start: **** ConnSH637097541543260959System.Random
09:55:54.555    (INFO)     Trx.Commit: **C** ConnSH637097541543260959System.Random
09:55:56.555    (INFO)     Trx.Start: **** ConnSH637097541567757892System.Random
09:55:56.555    (INFO)     Trx.Commit: **C** ConnSH637097541567757892System.Random
09:55:56.555    (INFO)     Trx.Start: **** ConnSH637097541568546891System.Random
09:55:56.555    (INFO)     Trx.Commit: **C** ConnSH637097541568546891System.Random
===========>     (SEVERE)   OracleHelper.ExecuteDataset: ORA-00972: identifier is too long [Query D] =>SELECT AD_Client_ID,AD_FilePath,AD_Org_ID,Account_Acct,BinaryData,C_BPartner_ID,C_Currency_ID,C_GenAttribSetIns_ID,C_GenAttributeSetInstance_ID,C_GenAttributeSet_ID,C_JOURNALTYPE_ID,C_Location_ID,C_Payment_ID,C_UOM_ID,CharacterData,Created,CreatedBy,Description,Export_ID,FileName,FormGroup,Help,IsActive,IsVersionApproved,M_AttributeSetInstance_ID,M_Locator_ID,M_Product_ID,Name,Processed,ProcessedVersion,Processing,RecordVersion,T_Amount,T_Date,T_DateTime,T_Integer,T_Number,T_Qty,T_Time,Test_ID,Test_Version_ID,Updated,UpdatedBy,VersionNo,VersionValidFrom,  (SELECT NVL(AD_Client.Name,'') FROM AD_Client WHERE AD_Client.AD_Client_ID=Test_Version.AD_Client_ID) AS AD_Client_ID_Text,  (SELECT NVL(AD_Org.Name,'') FROM AD_Org WHERE AD_Org.AD_Org_ID=Test_Version.AD_Org_ID) AS AD_Org_ID_Text,  (SELECT NVL(C_BPartner.Name,'') FROM C_BPartner WHERE C_BPartner.C_BPartner_ID=Test_Version.C_BPartner_ID) AS C_BPartner_ID_Text,  (SELECT NVL(C_Currency.ISO_Code,'') FROM C_Currency WHERE C_Currency.C_Currency_ID=Test_Version.C_Currency_ID) AS C_Currency_ID_Text, C_GenAttribSetIns_ID AS C_GenAttribSetIns_ID_ASI, C_GenAttributeSetInstance_ID AS C_GenAttributeSetInstance_ID_ASI,  (SELECT NVL(C_GenAttributeSet.Name,'') FROM C_GenAttributeSet WHERE C_GenAttributeSet.C_GenAttributeSet_ID=Test_Version.C_GenAttributeSet_ID) AS C_GenAttributeSet_ID_Text, C_Location_ID AS C_Location_ID_Location,  (SELECT NVL(C_Payment.DocumentNo,'') ||'_'|| NVL(TRIM(TO_CHAR(C_Payment.DateTrx,'yyyy-MM-dd')),'') ||'_'|| NVL(TRIM(TO_CHAR(C_Payment.PayAmt,'TM9')),'') ||'_'|| NVL(C_Payment.A_Name,'') FROM C_Payment WHERE C_Payment.C_Payment_ID=Test_Version.C_Payment_ID) AS C_Payment_ID_Text,  (SELECT NVL(C_UOM.Name,'') FROM C_UOM WHERE C_UOM.C_UOM_ID=Test_Version.C_UOM_ID) AS C_UOM_ID_Text,  (SELECT AD_User.Name FROM AD_User WHERE AD_User.Name IS NOT NULL  AND AD_User.AD_User_ID=Test_Version.CreatedBy) AS CreatedBy_Text, M_AttributeSetInstance_ID AS M_AttributeSetInstance_ID_ASI, M_Locator_ID AS M_Locator_ID_Locator,  (SELECT NVL(M_Product.Name,'') FROM M_Product WHERE M_Product.M_Product_ID=Test_Version.M_Product_ID) AS M_Product_ID_Text,  (SELECT AD_User.Name FROM AD_User WHERE AD_User.Name IS NOT NULL  AND AD_User.AD_User_ID=Test_Version.UpdatedBy) AS UpdatedBy_Text FROM Test_Version WHERE AD_Client_ID IN (0,11) AND Test_Version_ID NOT IN ( SELECT Record_ID FROM AD_Private_Access WHERE AD_Table_ID = 1001182 AND AD_User_ID <> 101 AND IsActive = 'Y' ) AND Test_Version.ProcessedVersion = 'N'  ORDER BY Test_Version.VERSIONVALIDFROM DESC
===========>     (SEVERE)   OracleHelper.ExecuteDataset: ORA-00972: identifier is too long [Query D] =>SELECT AD_Client_ID,AD_FilePath,AD_Org_ID,Account_Acct,BinaryData,C_BPartner_ID,C_Currency_ID,C_GenAttribSetIns_ID,C_GenAttributeSetInstance_ID,C_GenAttributeSet_ID,C_JOURNALTYPE_ID,C_Location_ID,C_Payment_ID,C_UOM_ID,CharacterData,Created,CreatedBy,Description,Export_ID,FileName,FormGroup,Help,IsActive,IsVersionApproved,M_AttributeSetInstance_ID,M_Locator_ID,M_Product_ID,Name,Processed,ProcessedVersion,Processing,RecordVersion,T_Amount,T_Date,T_DateTime,T_Integer,T_Number,T_Qty,T_Time,Test_ID,Test_Version_ID,Updated,UpdatedBy,VersionNo,VersionValidFrom,  (SELECT NVL(AD_Client.Name,'') FROM AD_Client WHERE AD_Client.AD_Client_ID=Test_Version.AD_Client_ID) AS AD_Client_ID_Text,  (SELECT NVL(AD_Org.Name,'') FROM AD_Org WHERE AD_Org.AD_Org_ID=Test_Version.AD_Org_ID) AS AD_Org_ID_Text,  (SELECT NVL(C_BPartner.Name,'') FROM C_BPartner WHERE C_BPartner.C_BPartner_ID=Test_Version.C_BPartner_ID) AS C_BPartner_ID_Text,  (SELECT NVL(C_Currency.ISO_Code,'') FROM C_Currency WHERE C_Currency.C_Currency_ID=Test_Version.C_Currency_ID) AS C_Currency_ID_Text, C_GenAttribSetIns_ID AS C_GenAttribSetIns_ID_ASI, C_GenAttributeSetInstance_ID AS C_GenAttributeSetInstance_ID_ASI,  (SELECT NVL(C_GenAttributeSet.Name,'') FROM C_GenAttributeSet WHERE C_GenAttributeSet.C_GenAttributeSet_ID=Test_Version.C_GenAttributeSet_ID) AS C_GenAttributeSet_ID_Text, C_Location_ID AS C_Location_ID_Location,  (SELECT NVL(C_Payment.DocumentNo,'') ||'_'|| NVL(TRIM(TO_CHAR(C_Payment.DateTrx,'yyyy-MM-dd')),'') ||'_'|| NVL(TRIM(TO_CHAR(C_Payment.PayAmt,'TM9')),'') ||'_'|| NVL(C_Payment.A_Name,'') FROM C_Payment WHERE C_Payment.C_Payment_ID=Test_Version.C_Payment_ID) AS C_Payment_ID_Text,  (SELECT NVL(C_UOM.Name,'') FROM C_UOM WHERE C_UOM.C_UOM_ID=Test_Version.C_UOM_ID) AS C_UOM_ID_Text,  (SELECT AD_User.Name FROM AD_User WHERE AD_User.Name IS NOT NULL  AND AD_User.AD_User_ID=Test_Version.CreatedBy) AS CreatedBy_Text, M_AttributeSetInstance_ID AS M_AttributeSetInstance_ID_ASI, M_Locator_ID AS M_Locator_ID_Locator,  (SELECT NVL(M_Product.Name,'') FROM M_Product WHERE M_Product.M_Product_ID=Test_Version.M_Product_ID) AS M_Product_ID_Text,  (SELECT AD_User.Name FROM AD_User WHERE AD_User.Name IS NOT NULL  AND AD_User.AD_User_ID=Test_Version.UpdatedBy) AS UpdatedBy_Text FROM Test_Version WHERE AD_Client_ID IN (0,11) AND Test_Version_ID NOT IN ( SELECT Record_ID FROM AD_Private_Access WHERE AD_Table_ID = 1001182 AND AD_User_ID <> 101 AND IsActive = 'Y' ) AND Test_Version.ProcessedVersion = 'N'  ORDER BY Test_Version.VERSIONVALIDFROM DESC
10:00:11.011    (INFO)     Trx.Start: **** ConnSH637097544112440531System.Random
10:00:11.011    (INFO)     Trx.Commit: **C** ConnSH637097544112440531System.Random
10:00:11.011    (INFO)     CacheReset.DoIt: 
10:00:11.011    (INFO)     Env.Reset: finalCall=False
10:00:11.011    (INFO)     CacheMgt.Reset: #18 (9432)
10:00:11.011    (INFO)     MRole.Get: AD_Role_ID=0, AD_User_ID=0, reload=True
10:00:11.011    (INFO)     MRole.Get: MRole[0,System Administrator,UserLevel=S  ,AD_Client_ID=0,AD_Org_ID=0]
10:00:11.011    (INFO)     MRole.Get: AD_Role_ID=102, AD_User_ID=101, reload=True
10:00:11.011    (INFO)     MRole.Get: MRole[102,IdeasInc Admin,UserLevel= CO,AD_Client_ID IN (0,11),]
10:00:11.011    (INFO)     MChangeLog.FillChangeLog: #9
10:00:11.011    (INFO)     CacheMgt.Reset: AD_Process: #1 (1)
10:00:11.011    (INFO)     Trx.Start: **** ConnSH637097544116773346System.Random
10:00:11.011    (INFO)     Trx.Commit: **C** ConnSH637097544116773346System.Random
10:00:11.011    (INFO)     Trx.Start: **** ConnSH637097544117606659System.Random
10:00:11.011    (INFO)     Trx.Commit: **C** ConnSH637097544117606659System.Random
10:00:12.012    (INFO)     Msg.InitMsg: Records=5823 - en_US
10:00:12.012    (INFO)     Trx.Start: **** ConnSH637097544124682105System.Random
10:00:12.012    (INFO)     Trx.Commit: **C** ConnSH637097544124682105System.Random
10:00:12.012    (INFO)     Trx.Start: **** ConnSH637097544125372805System.Random
10:00:12.012    (INFO)     Trx.Commit: **C** ConnSH637097544125372805System.Random
----------->     (WARNING)  GridTable.GetField: Not found: 'Created'
----------->     (WARNING)  GridTable.GetField: Not found: 'CreatedBy'
----------->     (WARNING)  GridTable.GetField: Not found: 'Updated'
----------->     (WARNING)  GridTable.GetField: Not found: 'UpdatedBy'
10:00:15.015    (INFO)     Trx.Start: **** ConnSH637097544155956708System.Random
10:00:15.015    (INFO)     Trx.Commit: **C** ConnSH637097544155956708System.Random
10:00:15.015    (INFO)     Trx.Start: **** ConnSH637097544157533306System.Random
10:00:15.015    (INFO)     Trx.Commit: **C** ConnSH637097544157533306System.Random
10:00:16.016    (INFO)     Trx.Start: **** ConnSH637097544161945807System.Random
10:00:16.016    (INFO)     Trx.Commit: **C** ConnSH637097544161945807System.Random
10:00:16.016    (INFO)     Trx.Start: **** ConnSH637097544162951835System.Random
10:00:16.016    (INFO)     Trx.Commit: **C** ConnSH637097544162951835System.Random
10:03:17.317    (INFO)     MTable.GetPO: Using GenericPO for Test_Version
10:03:17.317    (INFO)     Trx.Start: **** ConnSH637097545979869805System.Random
10:03:18.318    (INFO)     Trx.Commit: **C** ConnSH637097545979869805System.Random
10:03:18.318    (INFO)     Trx.Start: **** ConnSH637097545981113181System.Random
10:03:18.318    (INFO)     Trx.Commit: **C** ConnSH637097545981113181System.Random
10:03:18.318    (INFO)     Trx.Start: **** ConnSH637097545989472188System.Random
10:03:19.319    (INFO)     Trx.Commit: **C** ConnSH637097545989472188System.Random
10:03:19.319    (INFO)     Trx.Start: **** ConnSH637097545994162103System.Random
10:03:19.319    (INFO)     Trx.Commit: **C** ConnSH637097545994162103System.Random
10:04:38.438    (INFO)     Trx.Start: **** ConnSH637097546786019917System.Random
10:04:38.438    (INFO)     Trx.Commit: **C** ConnSH637097546786019917System.Random
10:05:18.518    (INFO)     Trx.Start: **** ConnSH637097547189546107System.Random
10:05:19.519    (INFO)     Trx.Commit: **C** ConnSH637097547189546107System.Random
10:05:34.534    (INFO)     Trx.Start: **** ConnSH637097547345283955System.Random
10:05:34.534    (INFO)     Trx.Commit: **C** ConnSH637097547345283955System.Random
10:05:35.535    (INFO)     Trx.Start: **** ConnSH637097547356623968System.Random
10:05:35.535    (INFO)     Trx.Commit: **C** ConnSH637097547356623968System.Random
10:05:49.549    (INFO)     Trx.Start: **** ConnSH637097547495595167System.Random
10:05:49.549    (INFO)     Trx.Commit: **C** ConnSH637097547495595167System.Random
10:05:50.550    (INFO)     Trx.Start: **** ConnSH637097547506613935System.Random
10:05:50.550    (INFO)     Trx.Commit: **C** ConnSH637097547506613935System.Random
10:06:08.680    (INFO)     AEnv.GetMWindowVO: Cached=VAdvantage.Controller.GridWindowVO
----------->     (WARNING)  GridTable.GetField: Not found: 'Created'
----------->     (WARNING)  GridTable.GetField: Not found: 'CreatedBy'
----------->     (WARNING)  GridTable.GetField: Not found: 'Updated'
----------->     (WARNING)  GridTable.GetField: Not found: 'UpdatedBy'
10:06:08.680    (INFO)     Trx.Start: **** ConnSH637097547686606494System.Random
10:06:08.680    (INFO)     Trx.Commit: **C** ConnSH637097547686606494System.Random
10:06:08.680    (INFO)     Trx.Start: **** ConnSH637097547689865382System.Random
10:06:09.690    (INFO)     Trx.Commit: **C** ConnSH637097547689865382System.Random
----------->     (WARNING)  PAttributesModel.AddAttributeLine: Attribute=Color #4 - NOT found: Black
10:19:04.194    (INFO)     Trx.Start: **** ConnSH637097555444924023System.Random
10:19:04.194    (INFO)     Trx.Commit: **C** ConnSH637097555444924023System.Random
10:19:11.191    (INFO)     Trx.Start: **** ConnSH637097555517162417System.Random
10:19:11.191    (INFO)     Trx.Commit: **C** ConnSH637097555517162417System.Random
10:19:17.191    (INFO)     Trx.Start: **** ConnSH637097555571306303System.Random
10:19:17.191    (INFO)     Trx.Commit: **C** ConnSH637097555571306303System.Random
10:19:17.191    (INFO)     CacheReset.DoIt: 
10:19:17.191    (INFO)     Env.Reset: finalCall=False
10:19:17.191    (INFO)     CacheMgt.Reset: #21 (7658)
10:19:17.191    (INFO)     MRole.Get: AD_Role_ID=0, AD_User_ID=0, reload=True
10:19:17.191    (INFO)     MRole.Get: MRole[0,System Administrator,UserLevel=S  ,AD_Client_ID=0,AD_Org_ID=0]
10:19:17.191    (INFO)     MRole.Get: AD_Role_ID=102, AD_User_ID=101, reload=True
10:19:17.191    (INFO)     MRole.Get: MRole[102,IdeasInc Admin,UserLevel= CO,AD_Client_ID IN (0,11),]
10:19:17.191    (INFO)     MChangeLog.FillChangeLog: #9
10:19:17.191    (INFO)     CacheMgt.Reset: AD_Process: #1 (1)
10:19:17.191    (INFO)     Trx.Start: **** ConnSH637097555577044873System.Random
10:19:17.191    (INFO)     Trx.Commit: **C** ConnSH637097555577044873System.Random
10:19:17.191    (INFO)     Trx.Start: **** ConnSH637097555578031874System.Random
10:19:17.191    (INFO)     Trx.Commit: **C** ConnSH637097555578031874System.Random
10:19:18.191    (INFO)     Msg.InitMsg: Records=5823 - en_US
10:19:18.191    (INFO)     Trx.Start: **** ConnSH637097555586592549System.Random
10:19:18.191    (INFO)     Trx.Commit: **C** ConnSH637097555586592549System.Random
10:19:18.191    (INFO)     Trx.Start: **** ConnSH637097555587280643System.Random
10:19:18.191    (INFO)     Trx.Commit: **C** ConnSH637097555587280643System.Random
10:19:23.192    (INFO)     Trx.Start: **** ConnSH637097555630678019System.Random
10:19:23.192    (INFO)     Trx.Commit: **C** ConnSH637097555630678019System.Random
10:19:23.192    (INFO)     Trx.Start: **** ConnSH637097555631498957System.Random
10:19:23.192    (INFO)     Trx.Commit: **C** ConnSH637097555631498957System.Random
10:19:23.192    (INFO)     CacheReset.DoIt: 
10:19:23.192    (INFO)     Env.Reset: finalCall=False
10:19:23.192    (INFO)     CacheMgt.Reset: #11 (5922)
10:19:23.192    (INFO)     MRole.Get: AD_Role_ID=0, AD_User_ID=0, reload=True
10:19:23.192    (INFO)     MRole.Get: MRole[0,System Administrator,UserLevel=S  ,AD_Client_ID=0,AD_Org_ID=0]
10:19:23.192    (INFO)     MRole.Get: AD_Role_ID=102, AD_User_ID=101, reload=True
10:19:23.192    (INFO)     MRole.Get: MRole[102,IdeasInc Admin,UserLevel= CO,AD_Client_ID IN (0,11),]
10:19:23.192    (INFO)     MChangeLog.FillChangeLog: #9
10:19:23.192    (INFO)     CacheMgt.Reset: AD_Process: #1 (1)
10:19:23.192    (INFO)     Trx.Start: **** ConnSH637097555635860216System.Random
10:19:23.192    (INFO)     Trx.Commit: **C** ConnSH637097555635860216System.Random
10:19:23.192    (INFO)     Trx.Start: **** ConnSH637097555636682876System.Random
10:19:23.192    (INFO)     Trx.Commit: **C** ConnSH637097555636682876System.Random
10:19:24.192    (INFO)     Msg.InitMsg: Records=5823 - en_US
10:19:24.192    (INFO)     Trx.Start: **** ConnSH637097555643683805System.Random
10:19:24.192    (INFO)     Trx.Commit: **C** ConnSH637097555643683805System.Random
10:19:24.192    (INFO)     Trx.Start: **** ConnSH637097555644591046System.Random
10:19:24.192    (INFO)     Trx.Commit: **C** ConnSH637097555644591046System.Random
----------->     (WARNING)  GridTable.GetField: Not found: 'Created'
----------->     (WARNING)  GridTable.GetField: Not found: 'CreatedBy'
----------->     (WARNING)  GridTable.GetField: Not found: 'Updated'
----------->     (WARNING)  GridTable.GetField: Not found: 'UpdatedBy'
10:19:28.192    (INFO)     Trx.Start: **** ConnSH637097555689454259System.Random
10:19:29.192    (INFO)     Trx.Commit: **C** ConnSH637097555689454259System.Random
10:19:29.192    (INFO)     Trx.Start: **** ConnSH637097555690770860System.Random
10:19:29.192    (INFO)     Trx.Commit: **C** ConnSH637097555690770860System.Random
10:19:29.192    (INFO)     Trx.Start: **** ConnSH637097555694396263System.Random
10:19:29.192    (INFO)     Trx.Commit: **C** ConnSH637097555694396263System.Random
10:19:29.192    (INFO)     Trx.Start: **** ConnSH637097555695237991System.Random
10:19:29.192    (INFO)     Trx.Commit: **C** ConnSH637097555695237991System.Random
----------->     (WARNING)  PAttributesModel.AddAttributeLine: Attribute=Color #4 - NOT found: Red
10:19:52.195    (INFO)     MTable.GetPO: Using GenericPO for Test_Version
10:19:52.195    (INFO)     Trx.Start: **** ConnSH637097555921107133System.Random
10:19:52.195    (INFO)     Trx.Commit: **C** ConnSH637097555921107133System.Random
10:19:52.195    (INFO)     Trx.Start: **** ConnSH637097555921896329System.Random
10:19:52.195    (INFO)     Trx.Commit: **C** ConnSH637097555921896329System.Random
10:19:57.195    (INFO)     Trx.Start: **** ConnSH637097555974355767System.Random
10:19:57.195    (INFO)     Trx.Commit: **C** ConnSH637097555974355767System.Random
10:21:57.215    (INFO)     MSession.Logout: 06:32:28.156
===========>     (SEVERE)   LDAP.Validate: Error in LDAP for user IdeasIncAdmin : The server is not operational.

===========>     (SEVERE)   LDAP.Validate: Error in LDAP for user IdeasIncAdmin : The server is not operational.

10:27:38.273    (INFO)     MRole.Get: AD_Role_ID=102, AD_User_ID=101, reload=True
10:27:38.273    (INFO)     MRole.Get: MRole[102,IdeasInc Admin,UserLevel= CO,AD_Client_ID IN (0,11),]
10:27:38.273    (INFO)     MTree.Load: AD_Tree_ID=121, AD_User_ID=101, Editable=False, OnClient=True
===========>     (SEVERE)   MTree.LoadNodes: Nodes w/o parent - adding to root - System.Collections.Generic.List`1[VAdvantage.Classes.VTreeNode]
10:27:39.273    (INFO)     Trx.Start: **** ConnSH637097560595151969System.Random
10:27:39.273    (INFO)     Trx.Commit: **C** ConnSH637097560595151969System.Random
----------->     (WARNING)  AccessSqlParser.GetTableInfo: More than one FROM clause - SELECT AppointmentsInfo.Appointmentsinfo_id AS ID,AppointmentsInfo.AD_Client_ID,AppointmentsInfo.AD_Org_ID  FROM AppointmentsInfo JOIN AD_User ON AD_User.AD_User_ID =AppointmentsInfo.CreatedBy WHERE AppointmentsInfo.IsRead='N' AND AppointmentsInfo.istask ='N'  AND AppointmentsInfo.AD_User_ID  = 101  UNION SELECT AppointmentsInfo.Appointmentsinfo_id AS ID, AppointmentsInfo.AD_Client_ID,AppointmentsInfo.AD_Org_ID FROM AppointmentsInfo  JOIN AD_User ON AD_User.AD_User_ID = AppointmentsInfo.CreatedBy  WHERE (AppointmentsInfo.IsRead ='Y'   AND AppointmentsInfo.AD_User_ID = 101 )  AND AppointmentsInfo.istask ='N'  AND AppointmentsInfo.startDate BETWEEN to_date('11/18/19','mm/dd/yy') and to_date('11/26/19 23.59','mm/dd/yy HH24:MI')   OR  to_date('11/19/19','mm/dd/yy')  BETWEEN  AppointmentsInfo.startDate  AND AppointmentsInfo.endDate  AND  AppointmentsInfo.CreatedBy  !=101 AND AppointmentsInfo.AD_User_ID  = 101)
----------->     (WARNING)  AccessSqlParser.GetTableInfo: Could not remove ON AppointmentsInfo JOIN AD_User ON AD_User.AD_User_ID =AppointmentsInfo.CreatedBy
10:27:55.275    (INFO)     Trx.Start: **** ConnSH637097560759070343System.Random
10:27:55.275    (INFO)     Trx.Commit: **C** ConnSH637097560759070343System.Random
10:27:56.275    (INFO)     CacheReset.DoIt: 
10:27:56.275    (INFO)     Env.Reset: finalCall=False
10:27:56.275    (INFO)     CacheMgt.Reset: #20 (7912)
10:27:56.275    (INFO)     MRole.Get: AD_Role_ID=0, AD_User_ID=0, reload=True
10:27:56.275    (INFO)     MRole.Get: MRole[0,System Administrator,UserLevel=S  ,AD_Client_ID=0,AD_Org_ID=0]
10:27:56.275    (INFO)     MRole.Get: AD_Role_ID=102, AD_User_ID=101, reload=True
10:27:56.275    (INFO)     MRole.Get: MRole[102,IdeasInc Admin,UserLevel= CO,AD_Client_ID IN (0,11),]
10:27:56.275    (INFO)     MChangeLog.FillChangeLog: #9
10:27:56.275    (INFO)     CacheMgt.Reset: AD_Process: #1 (1)
10:27:56.275    (INFO)     Trx.Start: **** ConnSH637097560763939881System.Random
10:27:56.275    (INFO)     Trx.Commit: **C** ConnSH637097560763939881System.Random
10:27:56.275    (INFO)     Trx.Start: **** ConnSH637097560764794508System.Random
10:27:56.275    (INFO)     Trx.Commit: **C** ConnSH637097560764794508System.Random
10:27:57.275    (INFO)     Msg.InitMsg: Records=5823 - en_US
10:27:57.275    (INFO)     Trx.Start: **** ConnSH637097560772492788System.Random
10:27:57.275    (INFO)     Trx.Commit: **C** ConnSH637097560772492788System.Random
10:27:57.275    (INFO)     Trx.Start: **** ConnSH637097560773394192System.Random
10:27:57.275    (INFO)     Trx.Commit: **C** ConnSH637097560773394192System.Random
----------->     (WARNING)  GridTable.GetField: Not found: 'Created'
----------->     (WARNING)  GridTable.GetField: Not found: 'CreatedBy'
----------->     (WARNING)  GridTable.GetField: Not found: 'Updated'
----------->     (WARNING)  GridTable.GetField: Not found: 'UpdatedBy'
10:28:00.280    (INFO)     Trx.Start: **** ConnSH637097560800674862System.Random
10:28:00.280    (INFO)     Trx.Commit: **C** ConnSH637097560800674862System.Random
10:28:00.280    (INFO)     Trx.Start: **** ConnSH637097560801707360System.Random
10:28:00.280    (INFO)     Trx.Commit: **C** ConnSH637097560801707360System.Random
10:28:00.280    (INFO)     Trx.Start: **** ConnSH637097560805607239System.Random
10:28:00.280    (INFO)     Trx.Commit: **C** ConnSH637097560805607239System.Random
10:28:00.280    (INFO)     Trx.Start: **** ConnSH637097560806448432System.Random
10:28:00.280    (INFO)     Trx.Commit: **C** ConnSH637097560806448432System.Random
10:30:24.302    (INFO)     MSession.Logout: 06:32:25.557
----------->     (WARNING)  MSession.Get: Session Processed=X_AD_Session[1027540]
===========>     (SEVERE)   LDAP.Validate: Error in LDAP for user IdeasIncAdmin : The server is not operational.

10:30:45.304    (INFO)     MRole.Get: AD_Role_ID=102, AD_User_ID=101, reload=True
10:30:45.304    (INFO)     MRole.Get: MRole[102,IdeasInc Admin,UserLevel= CO,AD_Client_ID IN (0,11),]
10:30:45.304    (INFO)     MTree.Load: AD_Tree_ID=121, AD_User_ID=101, Editable=False, OnClient=True
===========>     (SEVERE)   MTree.LoadNodes: Nodes w/o parent - adding to root - System.Collections.Generic.List`1[VAdvantage.Classes.VTreeNode]
10:30:46.304    (INFO)     Trx.Start: **** ConnSH637097562465994095System.Random
10:30:46.304    (INFO)     Trx.Commit: **C** ConnSH637097562465994095System.Random
----------->     (WARNING)  AccessSqlParser.GetTableInfo: More than one FROM clause - SELECT AppointmentsInfo.Appointmentsinfo_id AS ID,AppointmentsInfo.AD_Client_ID,AppointmentsInfo.AD_Org_ID  FROM AppointmentsInfo JOIN AD_User ON AD_User.AD_User_ID =AppointmentsInfo.CreatedBy WHERE AppointmentsInfo.IsRead='N' AND AppointmentsInfo.istask ='N'  AND AppointmentsInfo.AD_User_ID  = 101  UNION SELECT AppointmentsInfo.Appointmentsinfo_id AS ID, AppointmentsInfo.AD_Client_ID,AppointmentsInfo.AD_Org_ID FROM AppointmentsInfo  JOIN AD_User ON AD_User.AD_User_ID = AppointmentsInfo.CreatedBy  WHERE (AppointmentsInfo.IsRead ='Y'   AND AppointmentsInfo.AD_User_ID = 101 )  AND AppointmentsInfo.istask ='N'  AND AppointmentsInfo.startDate BETWEEN to_date('11/18/19','mm/dd/yy') and to_date('11/26/19 23.59','mm/dd/yy HH24:MI')   OR  to_date('11/19/19','mm/dd/yy')  BETWEEN  AppointmentsInfo.startDate  AND AppointmentsInfo.endDate  AND  AppointmentsInfo.CreatedBy  !=101 AND AppointmentsInfo.AD_User_ID  = 101)
----------->     (WARNING)  AccessSqlParser.GetTableInfo: Could not remove ON AppointmentsInfo JOIN AD_User ON AD_User.AD_User_ID =AppointmentsInfo.CreatedBy
10:31:09.319    (INFO)     Trx.Start: **** ConnSH637097562697211095System.Random
10:31:09.319    (INFO)     Trx.Commit: **C** ConnSH637097562697211095System.Random
10:31:09.319    (INFO)     CacheReset.DoIt: 
10:31:09.319    (INFO)     Env.Reset: finalCall=False
10:31:09.319    (INFO)     CacheMgt.Reset: #19 (8257)
10:31:09.319    (INFO)     MRole.Get: AD_Role_ID=0, AD_User_ID=0, reload=True
10:31:09.319    (INFO)     MRole.Get: MRole[0,System Administrator,UserLevel=S  ,AD_Client_ID=0,AD_Org_ID=0]
10:31:10.311    (INFO)     MRole.Get: AD_Role_ID=102, AD_User_ID=101, reload=True
10:31:10.311    (INFO)     MRole.Get: MRole[102,IdeasInc Admin,UserLevel= CO,AD_Client_ID IN (0,11),]
10:31:10.311    (INFO)     MChangeLog.FillChangeLog: #9
10:31:10.311    (INFO)     CacheMgt.Reset: AD_Process: #1 (1)
10:31:10.311    (INFO)     Trx.Start: **** ConnSH637097562701694900System.Random
10:31:10.311    (INFO)     Trx.Commit: **C** ConnSH637097562701694900System.Random
10:31:10.311    (INFO)     Trx.Start: **** ConnSH637097562702411229System.Random
10:31:10.311    (INFO)     Trx.Commit: **C** ConnSH637097562702411229System.Random
10:31:10.311    (INFO)     Msg.InitMsg: Records=5823 - en_US
10:31:10.311    (INFO)     Trx.Start: **** ConnSH637097562709672932System.Random
10:31:11.311    (INFO)     Trx.Commit: **C** ConnSH637097562709672932System.Random
10:31:11.311    (INFO)     Trx.Start: **** ConnSH637097562710374019System.Random
10:31:11.311    (INFO)     Trx.Commit: **C** ConnSH637097562710374019System.Random
----------->     (WARNING)  GridTable.GetField: Not found: 'Created'
----------->     (WARNING)  GridTable.GetField: Not found: 'CreatedBy'
----------->     (WARNING)  GridTable.GetField: Not found: 'Updated'
----------->     (WARNING)  GridTable.GetField: Not found: 'UpdatedBy'
10:31:13.311    (INFO)     Trx.Start: **** ConnSH637097562731751920System.Random
10:31:13.311    (INFO)     Trx.Commit: **C** ConnSH637097562731751920System.Random
10:31:13.311    (INFO)     Trx.Start: **** ConnSH637097562733447301System.Random
10:31:13.311    (INFO)     Trx.Commit: **C** ConnSH637097562733447301System.Random
10:31:15.311    (INFO)     Trx.Start: **** ConnSH637097562758677016System.Random
10:31:15.311    (INFO)     Trx.Commit: **C** ConnSH637097562758677016System.Random
10:31:15.311    (INFO)     Trx.Start: **** ConnSH637097562759813572System.Random
10:31:16.311    (INFO)     Trx.Commit: **C** ConnSH637097562759813572System.Random
10:33:22.332    (INFO)     Trx.Start: **** ConnSH637097564026599324System.Random
10:33:22.332    (INFO)     Trx.Commit: **C** ConnSH637097564026599324System.Random
10:33:22.332    (INFO)     CacheReset.DoIt: 
10:33:22.332    (INFO)     Env.Reset: finalCall=False
10:33:22.332    (INFO)     CacheMgt.Reset: #18 (9432)
10:33:22.332    (INFO)     MRole.Get: AD_Role_ID=0, AD_User_ID=0, reload=True
10:33:22.332    (INFO)     MRole.Get: MRole[0,System Administrator,UserLevel=S  ,AD_Client_ID=0,AD_Org_ID=0]
10:33:22.332    (INFO)     MRole.Get: AD_Role_ID=102, AD_User_ID=101, reload=True
10:33:23.332    (INFO)     MRole.Get: MRole[102,IdeasInc Admin,UserLevel= CO,AD_Client_ID IN (0,11),]
10:33:23.332    (INFO)     MChangeLog.FillChangeLog: #9
10:33:23.332    (INFO)     CacheMgt.Reset: AD_Process: #1 (1)
10:33:23.332    (INFO)     Trx.Start: **** ConnSH637097564031681900System.Random
10:33:23.332    (INFO)     Trx.Commit: **C** ConnSH637097564031681900System.Random
10:33:23.332    (INFO)     Trx.Start: **** ConnSH637097564032424112System.Random
10:33:23.332    (INFO)     Trx.Commit: **C** ConnSH637097564032424112System.Random
10:33:23.332    (INFO)     Msg.InitMsg: Records=5823 - en_US
10:33:23.332    (INFO)     Trx.Start: **** ConnSH637097564039752770System.Random
10:33:24.332    (INFO)     Trx.Commit: **C** ConnSH637097564039752770System.Random
10:33:24.332    (INFO)     Trx.Start: **** ConnSH637097564040457018System.Random
10:33:24.332    (INFO)     Trx.Commit: **C** ConnSH637097564040457018System.Random
10:33:27.332    (INFO)     MSession.Logout: 06:32:12.267
===========>     (SEVERE)   LDAP.Validate: Error in LDAP for user IdeasIncAdmin : The server is not operational.

10:33:48.334    (INFO)     MRole.Get: AD_Role_ID=102, AD_User_ID=101, reload=True
10:33:48.334    (INFO)     MRole.Get: MRole[102,IdeasInc Admin,UserLevel= CO,AD_Client_ID IN (0,11),]
10:33:48.334    (INFO)     MTree.Load: AD_Tree_ID=121, AD_User_ID=101, Editable=False, OnClient=True
===========>     (SEVERE)   MTree.LoadNodes: Nodes w/o parent - adding to root - System.Collections.Generic.List`1[VAdvantage.Classes.VTreeNode]
10:33:49.334    (INFO)     Trx.Start: **** ConnSH637097564291369361System.Random
10:33:49.334    (INFO)     Trx.Commit: **C** ConnSH637097564291369361System.Random
----------->     (WARNING)  AccessSqlParser.GetTableInfo: More than one FROM clause - SELECT AppointmentsInfo.Appointmentsinfo_id AS ID,AppointmentsInfo.AD_Client_ID,AppointmentsInfo.AD_Org_ID  FROM AppointmentsInfo JOIN AD_User ON AD_User.AD_User_ID =AppointmentsInfo.CreatedBy WHERE AppointmentsInfo.IsRead='N' AND AppointmentsInfo.istask ='N'  AND AppointmentsInfo.AD_User_ID  = 101  UNION SELECT AppointmentsInfo.Appointmentsinfo_id AS ID, AppointmentsInfo.AD_Client_ID,AppointmentsInfo.AD_Org_ID FROM AppointmentsInfo  JOIN AD_User ON AD_User.AD_User_ID = AppointmentsInfo.CreatedBy  WHERE (AppointmentsInfo.IsRead ='Y'   AND AppointmentsInfo.AD_User_ID = 101 )  AND AppointmentsInfo.istask ='N'  AND AppointmentsInfo.startDate BETWEEN to_date('11/18/19','mm/dd/yy') and to_date('11/26/19 23.59','mm/dd/yy HH24:MI')   OR  to_date('11/19/19','mm/dd/yy')  BETWEEN  AppointmentsInfo.startDate  AND AppointmentsInfo.endDate  AND  AppointmentsInfo.CreatedBy  !=101 AND AppointmentsInfo.AD_User_ID  = 101)
----------->     (WARNING)  AccessSqlParser.GetTableInfo: Could not remove ON AppointmentsInfo JOIN AD_User ON AD_User.AD_User_ID =AppointmentsInfo.CreatedBy
----------->     (WARNING)  GridTable.GetField: Not found: 'Created'
----------->     (WARNING)  GridTable.GetField: Not found: 'CreatedBy'
----------->     (WARNING)  GridTable.GetField: Not found: 'Updated'
----------->     (WARNING)  GridTable.GetField: Not found: 'UpdatedBy'
10:36:47.364    (INFO)     Trx.Start: **** ConnSH637097566078702292System.Random
10:36:47.364    (INFO)     Trx.Commit: **C** ConnSH637097566078702292System.Random
10:36:50.365    (INFO)     Trx.Start: **** ConnSH637097566103350226System.Random
10:36:50.365    (INFO)     Trx.Commit: **C** ConnSH637097566103350226System.Random
*** 11/19/2019 10:52:57 AM VAdvantage Log ***
