*** 12/4/2019 4:25:22 PM VAdvantage Log  ***
----------->     (WARNING)  GridTable.GetField: Not found: 'Created'
----------->     (WARNING)  GridTable.GetField: Not found: 'CreatedBy'
----------->     (WARNING)  GridTable.GetField: Not found: 'Updated'
----------->     (WARNING)  GridTable.GetField: Not found: 'UpdatedBy'
----------->     (WARNING)  GridTable.GetField: Not found: 'Created'
----------->     (WARNING)  GridTable.GetField: Not found: 'CreatedBy'
----------->     (WARNING)  GridTable.GetField: Not found: 'Updated'
----------->     (WARNING)  GridTable.GetField: Not found: 'UpdatedBy'
----------->     (WARNING)  GridTable.GetField: Not found: 'Created'
----------->     (WARNING)  GridTable.GetField: Not found: 'CreatedBy'
----------->     (WARNING)  GridTable.GetField: Not found: 'Updated'
----------->     (WARNING)  GridTable.GetField: Not found: 'UpdatedBy'
----------->     (WARNING)  GridTable.GetField: Not found: 'Created'
----------->     (WARNING)  GridTable.GetField: Not found: 'CreatedBy'
----------->     (WARNING)  GridTable.GetField: Not found: 'Updated'
----------->     (WARNING)  GridTable.GetField: Not found: 'UpdatedBy'
----------->     (WARNING)  GridTable.GetField: Not found: 'Created'
----------->     (WARNING)  GridTable.GetField: Not found: 'CreatedBy'
----------->     (WARNING)  GridTable.GetField: Not found: 'Updated'
----------->     (WARNING)  GridTable.GetField: Not found: 'UpdatedBy'
----------->     (WARNING)  GridTable.GetField: Not found: 'Created'
----------->     (WARNING)  GridTable.GetField: Not found: 'CreatedBy'
----------->     (WARNING)  GridTable.GetField: Not found: 'Updated'
----------->     (WARNING)  GridTable.GetField: Not found: 'UpdatedBy'
----------->     (WARNING)  GridTable.GetField: Not found: 'Created'
----------->     (WARNING)  GridTable.GetField: Not found: 'CreatedBy'
----------->     (WARNING)  GridTable.GetField: Not found: 'Updated'
----------->     (WARNING)  GridTable.GetField: Not found: 'UpdatedBy'
----------->     (WARNING)  GridTable.GetField: Not found: 'Created'
----------->     (WARNING)  GridTable.GetField: Not found: 'CreatedBy'
----------->     (WARNING)  GridTable.GetField: Not found: 'Updated'
----------->     (WARNING)  GridTable.GetField: Not found: 'UpdatedBy'
----------->     (WARNING)  GridTable.GetField: Not found: 'Created'
----------->     (WARNING)  GridTable.GetField: Not found: 'CreatedBy'
----------->     (WARNING)  GridTable.GetField: Not found: 'Updated'
----------->     (WARNING)  GridTable.GetField: Not found: 'UpdatedBy'
----------->     (WARNING)  GridTable.GetField: Not found: 'Created'
----------->     (WARNING)  GridTable.GetField: Not found: 'CreatedBy'
----------->     (WARNING)  GridTable.GetField: Not found: 'Updated'
----------->     (WARNING)  GridTable.GetField: Not found: 'UpdatedBy'
----------->     (WARNING)  GridTable.GetField: Not found: 'Created'
----------->     (WARNING)  GridTable.GetField: Not found: 'CreatedBy'
----------->     (WARNING)  GridTable.GetField: Not found: 'Updated'
----------->     (WARNING)  GridTable.GetField: Not found: 'UpdatedBy'
----------->     (WARNING)  GridTable.GetField: Not found: 'Created'
----------->     (WARNING)  GridTable.GetField: Not found: 'CreatedBy'
----------->     (WARNING)  GridTable.GetField: Not found: 'Updated'
----------->     (WARNING)  GridTable.GetField: Not found: 'UpdatedBy'
04:25:22.252    (INFO)     Trx.Start: **** ConnSH637110735228140873System.Random
04:25:22.252    (INFO)     Trx.Commit: **C** ConnSH637110735228140873System.Random
04:25:24.252    (INFO)     Trx.Start: **** ConnSH637110735243322577System.Random
04:25:24.252    (INFO)     Trx.Commit: **C** ConnSH637110735243322577System.Random
04:25:36.253    (INFO)     Trx.Start: **** ConnSH637110735362346549System.Random
04:25:36.253    (INFO)     Trx.Commit: **C** ConnSH637110735362346549System.Random
04:27:22.272    (INFO)     MSession.Logout: 08:10:54.273
===========>     (SEVERE)   LDAP.Validate: Error in LDAP for user SuperUser : The server is not operational.

04:30:24.302    (INFO)     MRole.Get: AD_Role_ID=0, AD_User_ID=100, reload=True
04:30:24.302    (INFO)     MRole.Get: MRole[0,System Administrator,UserLevel=S  ,AD_Client_ID=0,AD_Org_ID=0]
04:30:24.302    (INFO)     MTree.Load: AD_Tree_ID=121, AD_User_ID=100, Editable=False, OnClient=True
===========>     (SEVERE)   MTree.LoadNodes: Nodes w/o parent - adding to root - System.Collections.Generic.List`1[VAdvantage.Classes.VTreeNode]
04:30:24.302    (INFO)     Trx.Start: **** ConnSH637110738248895168System.Random
04:30:24.302    (INFO)     Trx.Commit: **C** ConnSH637110738248895168System.Random
----------->     (WARNING)  AccessSqlParser.GetTableInfo: More than one FROM clause - SELECT AppointmentsInfo.Appointmentsinfo_id AS ID,AppointmentsInfo.AD_Client_ID,AppointmentsInfo.AD_Org_ID  FROM AppointmentsInfo JOIN AD_User ON AD_User.AD_User_ID =AppointmentsInfo.CreatedBy WHERE AppointmentsInfo.IsRead='N' AND AppointmentsInfo.istask ='N'  AND AppointmentsInfo.AD_User_ID  = 100  UNION SELECT AppointmentsInfo.Appointmentsinfo_id AS ID, AppointmentsInfo.AD_Client_ID,AppointmentsInfo.AD_Org_ID FROM AppointmentsInfo  JOIN AD_User ON AD_User.AD_User_ID = AppointmentsInfo.CreatedBy  WHERE (AppointmentsInfo.IsRead ='Y'   AND AppointmentsInfo.AD_User_ID = 100 )  AND AppointmentsInfo.istask ='N'  AND AppointmentsInfo.startDate BETWEEN to_date('12/03/19','mm/dd/yy') and to_date('12/11/19 23.59','mm/dd/yy HH24:MI')   OR  to_date('12/04/19','mm/dd/yy')  BETWEEN  AppointmentsInfo.startDate  AND AppointmentsInfo.endDate  AND  AppointmentsInfo.CreatedBy  !=100 AND AppointmentsInfo.AD_User_ID  = 100)
----------->     (WARNING)  AccessSqlParser.GetTableInfo: Could not remove ON AppointmentsInfo JOIN AD_User ON AD_User.AD_User_ID =AppointmentsInfo.CreatedBy
04:30:37.303    (INFO)     Trx.Start: **** ConnSH637110738378462129System.Random
04:30:37.303    (INFO)     Trx.Commit: **C** ConnSH637110738378462129System.Random
04:30:37.303    (INFO)     MChangeLog.FillChangeLog: #9
04:30:38.303    (INFO)     CacheReset.DoIt: 
04:30:38.303    (INFO)     Env.Reset: finalCall=False
04:30:38.303    (INFO)     CacheMgt.Reset: #16 (6176)
04:30:38.303    (INFO)     MRole.Get: AD_Role_ID=0, AD_User_ID=0, reload=True
04:30:38.303    (INFO)     MRole.Get: MRole[0,System Administrator,UserLevel=S  ,AD_Client_ID=0,AD_Org_ID=0]
04:30:38.303    (INFO)     MRole.Get: AD_Role_ID=0, AD_User_ID=100, reload=True
04:30:38.303    (INFO)     MRole.Get: MRole[0,System Administrator,UserLevel=S  ,AD_Client_ID=0,AD_Org_ID=0]
04:30:38.303    (INFO)     MChangeLog.FillChangeLog: #9
04:30:38.303    (INFO)     CacheMgt.Reset: AD_Process: #1 (1)
04:30:38.303    (INFO)     Trx.Start: **** ConnSH637110738383817995System.Random
04:30:38.303    (INFO)     Trx.Commit: **C** ConnSH637110738383817995System.Random
04:30:39.303    (INFO)     Msg.InitMsg: Records=5823 - en_US
04:30:39.303    (INFO)     Trx.Start: **** ConnSH637110738390143335System.Random
04:30:39.303    (INFO)     Trx.Commit: **C** ConnSH637110738390143335System.Random
----------->     (WARNING)  GridTable.GetField: Not found: 'Created'
----------->     (WARNING)  GridTable.GetField: Not found: 'CreatedBy'
----------->     (WARNING)  GridTable.GetField: Not found: 'Updated'
----------->     (WARNING)  GridTable.GetField: Not found: 'UpdatedBy'
----------->     (WARNING)  GridTable.GetField: Not found: 'Created'
----------->     (WARNING)  GridTable.GetField: Not found: 'CreatedBy'
----------->     (WARNING)  GridTable.GetField: Not found: 'Updated'
----------->     (WARNING)  GridTable.GetField: Not found: 'UpdatedBy'
----------->     (WARNING)  GridTable.GetField: Not found: 'Created'
----------->     (WARNING)  GridTable.GetField: Not found: 'CreatedBy'
----------->     (WARNING)  GridTable.GetField: Not found: 'Updated'
----------->     (WARNING)  GridTable.GetField: Not found: 'UpdatedBy'
----------->     (WARNING)  GridTable.GetField: Not found: 'Created'
----------->     (WARNING)  GridTable.GetField: Not found: 'CreatedBy'
----------->     (WARNING)  GridTable.GetField: Not found: 'Updated'
----------->     (WARNING)  GridTable.GetField: Not found: 'UpdatedBy'
----------->     (WARNING)  GridTable.GetField: Not found: 'Created'
----------->     (WARNING)  GridTable.GetField: Not found: 'CreatedBy'
----------->     (WARNING)  GridTable.GetField: Not found: 'Updated'
----------->     (WARNING)  GridTable.GetField: Not found: 'UpdatedBy'
----------->     (WARNING)  GridTable.GetField: Not found: 'Created'
----------->     (WARNING)  GridTable.GetField: Not found: 'CreatedBy'
----------->     (WARNING)  GridTable.GetField: Not found: 'Updated'
----------->     (WARNING)  GridTable.GetField: Not found: 'UpdatedBy'
----------->     (WARNING)  GridTable.GetField: Not found: 'Created'
----------->     (WARNING)  GridTable.GetField: Not found: 'CreatedBy'
----------->     (WARNING)  GridTable.GetField: Not found: 'Updated'
----------->     (WARNING)  GridTable.GetField: Not found: 'UpdatedBy'
----------->     (WARNING)  GridTable.GetField: Not found: 'Created'
----------->     (WARNING)  GridTable.GetField: Not found: 'CreatedBy'
----------->     (WARNING)  GridTable.GetField: Not found: 'Updated'
----------->     (WARNING)  GridTable.GetField: Not found: 'UpdatedBy'
04:30:46.304    (INFO)     Trx.Start: **** ConnSH637110738461250958System.Random
04:30:46.304    (INFO)     Trx.Commit: **C** ConnSH637110738461250958System.Random
04:30:46.304    (INFO)     Trx.Start: **** ConnSH637110738462230844System.Random
04:30:46.304    (INFO)     Trx.Commit: **C** ConnSH637110738462230844System.Random
04:30:47.304    (INFO)     Trx.Start: **** ConnSH637110738476262468System.Random
04:30:47.304    (INFO)     Trx.Commit: **C** ConnSH637110738476262468System.Random
04:30:47.304    (INFO)     Trx.Start: **** ConnSH637110738477273998System.Random
04:30:47.304    (INFO)     Trx.Commit: **C** ConnSH637110738477273998System.Random
04:31:04.314    (INFO)     Trx.Start: **** ConnSH637110738641286349System.Random
04:31:04.314    (INFO)     Trx.Commit: **C** ConnSH637110738641286349System.Random
04:31:11.311    (INFO)     Trx.Start: **** ConnSH637110738717118775System.Random
04:31:11.311    (INFO)     Trx.Commit: **C** ConnSH637110738717118775System.Random
04:31:22.312    (INFO)     ColumnSync.DoIt: C_Column_ID=1030141
04:31:22.312    (INFO)     Trx.Start: **** SvrProcess
04:31:56.315    (INFO)     ColumnSync.AddLog: 0 - 1/1/0001 12:00:00 AM - 1 - ALTER TABLE ABC01_Testing MODIFY  AD_Org_ID  NUMBER(10) DEFAULT  NULL 
===========>     (SEVERE)   OracleHelper.ExecuteNonQuery: ORA-00936: missing expression [Query NQTrx]UPDATE ABC01_Testing SET AD_Org_ID=@#AD_Org_ID@ WHERE AD_Org_ID IS NULL
===========>     (SEVERE)   DB.ExecuteQuery: SvrProcess => ORA-00936: missing expression
----------->     (WARNING)  DB.ExecuteQuery: DBExecuteError - ORA-00936: missing expression
04:31:57.315    (INFO)     ColumnSync.AddLog: 0 - 1/1/0001 12:00:00 AM - -1 - UPDATE ABC01_Testing SET AD_Org_ID=@#AD_Org_ID@ WHERE AD_Org_ID IS NULL
===========>     (SEVERE)   ColumnSync.StartProcess: Object reference not set to an instance of an object.
04:32:35.323    (INFO)     Trx.Rollback: **R** SvrProcess
04:32:35.323    (INFO)     CacheMgt.Reset: AD_Process: #1 (2)
04:32:39.323    (INFO)     Trx.Start: **** ConnSH637110739593212571System.Random
04:32:39.323    (INFO)     Trx.Commit: **C** ConnSH637110739593212571System.Random
04:32:47.324    (INFO)     ColumnSync.DoIt: C_Column_ID=1030141
04:32:48.324    (INFO)     Trx.Start: **** SvrProcess
04:34:34.343    (INFO)     ColumnSync.AddLog: 0 - 1/1/0001 12:00:00 AM - 1 - ALTER TABLE ABC01_Testing MODIFY  AD_Org_ID  NUMBER(10) DEFAULT  NULL 
===========>     (SEVERE)   OracleHelper.ExecuteNonQuery: ORA-00936: missing expression [Query NQTrx]UPDATE ABC01_Testing SET AD_Org_ID=@#AD_Org_ID@ WHERE AD_Org_ID IS NULL
===========>     (SEVERE)   DB.ExecuteQuery: SvrProcess => ORA-00936: missing expression
----------->     (WARNING)  DB.ExecuteQuery: DBExecuteError - ORA-00936: missing expression
04:34:37.343    (INFO)     ColumnSync.AddLog: 0 - 1/1/0001 12:00:00 AM - -1 - UPDATE ABC01_Testing SET AD_Org_ID=@#AD_Org_ID@ WHERE AD_Org_ID IS NULL
===========>     (SEVERE)   ColumnSync.StartProcess: Object reference not set to an instance of an object.
