*** 11/13/2019 11:20:29 AM VAdvantage Log  ***
11:20:29.202    (INFO)     Trx.Start: **** ConnSH637092408291222618System.Random
11:20:29.202    (INFO)     Trx.Commit: **C** ConnSH637092408291222618System.Random
11:20:29.202    (INFO)     MChangeLog.FillChangeLog: #9
11:20:30.203    (INFO)     CacheReset.DoIt: 
11:20:30.203    (INFO)     Env.Reset: finalCall=False
11:20:30.203    (INFO)     CacheMgt.Reset: #15 (6169)
11:20:30.203    (INFO)     MRole.Get: AD_Role_ID=0, AD_User_ID=0, reload=True
11:20:30.203    (INFO)     MRole.Get: MRole[0,System Administrator,UserLevel=S  ,AD_Client_ID=0,AD_Org_ID=0]
11:20:30.203    (INFO)     MRole.Get: AD_Role_ID=0, AD_User_ID=100, reload=True
11:20:30.203    (INFO)     MRole.Get: MRole[0,System Administrator,UserLevel=S  ,AD_Client_ID=0,AD_Org_ID=0]
11:20:30.203    (INFO)     MChangeLog.FillChangeLog: #9
11:20:30.203    (INFO)     CacheMgt.Reset: AD_Process: #1 (1)
11:20:30.203    (INFO)     Trx.Start: **** ConnSH637092408308469573System.Random
11:20:30.203    (INFO)     Trx.Commit: **C** ConnSH637092408308469573System.Random
11:20:31.203    (INFO)     Msg.InitMsg: Records=5823 - en_US
11:20:31.203    (INFO)     Trx.Start: **** ConnSH637092408315297857System.Random
11:20:31.203    (INFO)     Trx.Commit: **C** ConnSH637092408315297857System.Random
===========>     (SEVERE)   VLookUpInfo.GetLookup_DisplayColumn: No Identifier records found: AD_BView
===========>     (SEVERE)   GridFieldVO.InitFinish: No LookupInfo for AD_BView_ID => Object reference not set to an instance of an object.
===========>     (SEVERE)   VLookUpInfo.GetLookup_DisplayColumn: No Identifier records found: AD_ReportTemplate
===========>     (SEVERE)   GridFieldVO.InitFinish: No LookupInfo for AD_ReportTemplate_ID => Object reference not set to an instance of an object.
===========>     (SEVERE)   VLookUpInfo.GetLookup_DisplayColumn: No Identifier records found: AD_BView_Field
===========>     (SEVERE)   GridFieldVO.InitFinish: No LookupInfo for AD_BView_Field_ID => Object reference not set to an instance of an object.
----------->     (WARNING)  GridTable.GetField: Not found: 'Created'
----------->     (WARNING)  GridTable.GetField: Not found: 'CreatedBy'
----------->     (WARNING)  GridTable.GetField: Not found: 'Updated'
----------->     (WARNING)  GridTable.GetField: Not found: 'UpdatedBy'
----------->     (WARNING)  GridTable.GetField: Not found: 'Created'
----------->     (WARNING)  GridTable.GetField: Not found: 'CreatedBy'
----------->     (WARNING)  GridTable.GetField: Not found: 'Updated'
----------->     (WARNING)  GridTable.GetField: Not found: 'UpdatedBy'
----------->     (WARNING)  GridTable.GetField: Not found: 'Created'
----------->     (WARNING)  GridTable.GetField: Not found: 'CreatedBy'
----------->     (WARNING)  GridTable.GetField: Not found: 'Updated'
----------->     (WARNING)  GridTable.GetField: Not found: 'UpdatedBy'
----------->     (WARNING)  GridTable.GetField: Not found: 'Created'
----------->     (WARNING)  GridTable.GetField: Not found: 'CreatedBy'
----------->     (WARNING)  GridTable.GetField: Not found: 'Updated'
----------->     (WARNING)  GridTable.GetField: Not found: 'UpdatedBy'
----------->     (WARNING)  GridTable.GetField: Not found: 'Created'
----------->     (WARNING)  GridTable.GetField: Not found: 'CreatedBy'
----------->     (WARNING)  GridTable.GetField: Not found: 'Updated'
----------->     (WARNING)  GridTable.GetField: Not found: 'UpdatedBy'
11:20:37.203    (INFO)     Trx.Start: **** ConnSH637092408372038075System.Random
11:20:37.203    (INFO)     Trx.Commit: **C** ConnSH637092408372038075System.Random
11:20:37.203    (INFO)     Trx.Start: **** ConnSH637092408374356289System.Random
11:20:37.203    (INFO)     Trx.Commit: **C** ConnSH637092408374356289System.Random
11:20:39.203    (INFO)     Trx.Start: **** ConnSH637092408393470719System.Random
11:20:39.203    (INFO)     Trx.Commit: **C** ConnSH637092408393470719System.Random
11:20:39.203    (INFO)     Trx.Start: **** ConnSH637092408395480867System.Random
11:20:40.204    (INFO)     Trx.Commit: **C** ConnSH637092408395480867System.Random
11:21:48.214    (INFO)     Trx.Start: **** ConnSH637092409081464446System.Random
11:21:48.214    (INFO)     Trx.Commit: **C** ConnSH637092409081464446System.Random
11:21:48.214    (INFO)     Trx.Start: **** ConnSH637092409082640588System.Random
11:21:48.214    (INFO)     Trx.Commit: **C** ConnSH637092409082640588System.Random
11:22:12.221    (INFO)     Trx.Start: **** ConnSH637092409324611712System.Random
11:22:12.221    (INFO)     Trx.Commit: **C** ConnSH637092409324611712System.Random
11:22:12.221    (INFO)     CacheMgt.Reset: AD_Process: #1 (1)
11:22:14.221    (INFO)     Trx.Start: **** ConnSH637092409346174591System.Random
11:22:14.221    (INFO)     Trx.Commit: **C** ConnSH637092409346174591System.Random
11:22:17.221    (INFO)     Trx.Start: **** ConnSH637092409372721480System.Random
11:22:17.221    (INFO)     Trx.Commit: **C** ConnSH637092409372721480System.Random
----------->     (WARNING)  GridTable.GetField: Not found: 'Created'
----------->     (WARNING)  GridTable.GetField: Not found: 'CreatedBy'
----------->     (WARNING)  GridTable.GetField: Not found: 'Updated'
----------->     (WARNING)  GridTable.GetField: Not found: 'UpdatedBy'
----------->     (WARNING)  GridTable.GetField: Not found: 'Created'
----------->     (WARNING)  GridTable.GetField: Not found: 'CreatedBy'
----------->     (WARNING)  GridTable.GetField: Not found: 'Updated'
----------->     (WARNING)  GridTable.GetField: Not found: 'UpdatedBy'
11:22:30.223    (INFO)     Trx.Start: **** ConnSH637092409507832133System.Random
11:22:30.223    (INFO)     Trx.Commit: **C** ConnSH637092409507832133System.Random
11:22:31.223    (INFO)     MTree.Load: AD_Tree_ID=10, AD_User_ID=100, Editable=True, OnClient=True
===========>     (SEVERE)   MTree.LoadNodes: Nodes w/o parent - adding to root - System.Collections.Generic.List`1[VAdvantage.Classes.VTreeNode]
11:22:31.223    (INFO)     Trx.Start: **** ConnSH637092409517834366System.Random
11:22:31.223    (INFO)     Trx.Commit: **C** ConnSH637092409517834366System.Random
===========>     (SEVERE)   DB.ExecuteQuery:  => ORA-01400: cannot insert NULL into ("LIBMIGRATION"."AD_QUERYLOG"."WHERECLAUSE")
----------->     (WARNING)  DB.ExecuteQuery: DBExecuteError - ORA-01400: cannot insert NULL into ("LIBMIGRATION"."AD_QUERYLOG"."WHERECLAUSE")
----------->     (WARNING)  MQueryLog.QueryLog: Not insertedAD_QueryLog
11:22:33.223    (INFO)     Trx.Start: **** ConnSH637092409535698853System.Random
11:22:33.223    (INFO)     Trx.Commit: **C** ConnSH637092409535698853System.Random
11:22:54.225    (INFO)     Trx.Start: **** ConnSH637092409749479167System.Random
11:22:55.225    (INFO)     Trx.Commit: **C** ConnSH637092409749479167System.Random
11:23:00.230    (INFO)     Trx.Start: **** ConnSH637092409808772550System.Random
11:23:00.230    (INFO)     Trx.Commit: **C** ConnSH637092409808772550System.Random
11:23:00.230    (INFO)     CacheReset.DoIt: 
11:23:00.230    (INFO)     Env.Reset: finalCall=False
11:23:00.230    (INFO)     CacheMgt.Reset: #13 (5936)
11:23:00.230    (INFO)     MRole.Get: AD_Role_ID=0, AD_User_ID=0, reload=True
11:23:01.231    (INFO)     MRole.Get: MRole[0,System Administrator,UserLevel=S  ,AD_Client_ID=0,AD_Org_ID=0]
11:23:01.231    (INFO)     MRole.Get: AD_Role_ID=0, AD_User_ID=100, reload=True
11:23:01.231    (INFO)     MRole.Get: MRole[0,System Administrator,UserLevel=S  ,AD_Client_ID=0,AD_Org_ID=0]
11:23:01.231    (INFO)     MChangeLog.FillChangeLog: #9
11:23:01.231    (INFO)     CacheMgt.Reset: AD_Process: #1 (1)
11:23:01.231    (INFO)     Trx.Start: **** ConnSH637092409812638362System.Random
11:23:01.231    (INFO)     Trx.Commit: **C** ConnSH637092409812638362System.Random
11:23:01.231    (INFO)     Msg.InitMsg: Records=5823 - en_US
11:23:01.231    (INFO)     Trx.Start: **** ConnSH637092409818149890System.Random
11:23:01.231    (INFO)     Trx.Commit: **C** ConnSH637092409818149890System.Random
11:23:19.231    (INFO)     MSession.Logout: 06:33:40.497
===========>     (SEVERE)   LDAP.Validate: Error in LDAP for user SuperUser : The server is not operational.

11:23:40.234    (INFO)     MRole.Get: AD_Role_ID=0, AD_User_ID=100, reload=True
11:23:40.234    (INFO)     MRole.Get: MRole[0,System Administrator,UserLevel=S  ,AD_Client_ID=0,AD_Org_ID=0]
11:23:40.234    (INFO)     MTree.Load: AD_Tree_ID=121, AD_User_ID=100, Editable=False, OnClient=True
===========>     (SEVERE)   MTree.LoadNodes: Nodes w/o parent - adding to root - System.Collections.Generic.List`1[VAdvantage.Classes.VTreeNode]
11:23:41.234    (INFO)     Trx.Start: **** ConnSH637092410212869780System.Random
11:23:41.234    (INFO)     Trx.Commit: **C** ConnSH637092410212869780System.Random
----------->     (WARNING)  AccessSqlParser.GetTableInfo: More than one FROM clause - SELECT AppointmentsInfo.Appointmentsinfo_id AS ID,AppointmentsInfo.AD_Client_ID,AppointmentsInfo.AD_Org_ID  FROM AppointmentsInfo JOIN AD_User ON AD_User.AD_User_ID =AppointmentsInfo.CreatedBy WHERE AppointmentsInfo.IsRead='N' AND AppointmentsInfo.istask ='N'  AND AppointmentsInfo.AD_User_ID  = 100  UNION SELECT AppointmentsInfo.Appointmentsinfo_id AS ID, AppointmentsInfo.AD_Client_ID,AppointmentsInfo.AD_Org_ID FROM AppointmentsInfo  JOIN AD_User ON AD_User.AD_User_ID = AppointmentsInfo.CreatedBy  WHERE (AppointmentsInfo.IsRead ='Y'   AND AppointmentsInfo.AD_User_ID = 100 )  AND AppointmentsInfo.istask ='N'  AND AppointmentsInfo.startDate BETWEEN to_date('11/12/19','mm/dd/yy') and to_date('11/20/19 23.59','mm/dd/yy HH24:MI')   OR  to_date('11/13/19','mm/dd/yy')  BETWEEN  AppointmentsInfo.startDate  AND AppointmentsInfo.endDate  AND  AppointmentsInfo.CreatedBy  !=100 AND AppointmentsInfo.AD_User_ID  = 100)
----------->     (WARNING)  AccessSqlParser.GetTableInfo: Could not remove ON AppointmentsInfo JOIN AD_User ON AD_User.AD_User_ID =AppointmentsInfo.CreatedBy
===========>     (SEVERE)   DB.ExecuteQuery:  => ORA-12570: Network Session: Unexpected packet read error
----------->     (WARNING)  DB.ExecuteQuery: DBExecuteError - ORA-12570: Network Session: Unexpected packet read error
----------->     (WARNING)  MSession.Logout: #Records--1 - AD_Session.AD_Session_ID=1027288
11:30:48.304    (INFO)     MSession.Logout: 06:37:46.628
===========>     (SEVERE)   MSession.Load: AD_Session_ID=1027288, SQL=SELECT AD_Client_ID,AD_Org_ID,AD_Role_ID,AD_Session_ID,Created,CreatedBy,Description,Export_ID,IsActive,Processed,Remote_Addr,Remote_Host,Request_Addr,Updated,UpdatedBy,WebSession FROM AD_Session WHERE AD_Session_ID=@param0==Connection request timed out
===========>     (SEVERE)   OracleHelper.ExecuteReader: Connection request timed out [Query DR] SELECT NAME, VALUE FROM AD_SysConfig WHERE NAME = 'REPORT_PAGE_SIZE'
===========>     (SEVERE)   LDAP.Validate: Error in LDAP for user SuperUser : The server is not operational.

11:34:56.345    (INFO)     MRole.Get: AD_Role_ID=0, AD_User_ID=100, reload=True
11:34:56.345    (INFO)     MRole.Get: MRole[0,System Administrator,UserLevel=S  ,AD_Client_ID=0,AD_Org_ID=0]
11:34:56.345    (INFO)     MTree.Load: AD_Tree_ID=121, AD_User_ID=100, Editable=False, OnClient=True
===========>     (SEVERE)   MTree.LoadNodes: Nodes w/o parent - adding to root - System.Collections.Generic.List`1[VAdvantage.Classes.VTreeNode]
