*** 10/22/2019 1:39:51 PM VAdvantage Log  ***
01:39:51.395    (INFO)     Trx.Start: **** ConnSH637073483913189948System.Random
01:39:51.395    (INFO)     Trx.Commit: **C** ConnSH637073483913189948System.Random
----------->     (WARNING)  GridTable.GetField: Not found: 'Created'
----------->     (WARNING)  GridTable.GetField: Not found: 'CreatedBy'
----------->     (WARNING)  GridTable.GetField: Not found: 'Updated'
----------->     (WARNING)  GridTable.GetField: Not found: 'UpdatedBy'
----------->     (WARNING)  GridTable.GetField: Not found: 'Created'
----------->     (WARNING)  GridTable.GetField: Not found: 'CreatedBy'
----------->     (WARNING)  GridTable.GetField: Not found: 'Updated'
----------->     (WARNING)  GridTable.GetField: Not found: 'UpdatedBy'
----------->     (WARNING)  GridTable.GetField: Not found: 'Created'
----------->     (WARNING)  GridTable.GetField: Not found: 'CreatedBy'
----------->     (WARNING)  GridTable.GetField: Not found: 'Updated'
----------->     (WARNING)  GridTable.GetField: Not found: 'UpdatedBy'
----------->     (WARNING)  GridTable.GetField: Not found: 'Created'
----------->     (WARNING)  GridTable.GetField: Not found: 'CreatedBy'
----------->     (WARNING)  GridTable.GetField: Not found: 'Updated'
----------->     (WARNING)  GridTable.GetField: Not found: 'UpdatedBy'
01:40:07.407    (INFO)     Trx.Start: **** ConnSH637073484076012859System.Random
01:40:17.401    (INFO)     Trx.Commit: **C** ConnSH637073484076012859System.Random
01:40:27.402    (INFO)     Trx.Start: **** ConnSH637073484275752969System.Random
01:40:34.403    (INFO)     Trx.Commit: **C** ConnSH637073484275752969System.Random
01:40:58.405    (INFO)     Trx.Start: **** ConnSH637073484587190025System.Random
01:40:58.405    (INFO)     Trx.Commit: **C** ConnSH637073484587190025System.Random
01:40:58.405    (INFO)     Trx.Start: **** ConnDDH637073484589720231System.Random
01:40:58.405    (INFO)     Trx.ExecuteDataSet: Trx Dataset ConnDDH637073484589720231System.Random 51
01:40:58.405    (INFO)     Trx.ExecuteQuery: Trx non-query ConnDDH637073484589720231System.Random 51
01:40:59.405    (INFO)     Trx.Commit: **C** ConnDDH637073484589720231System.Random
01:40:59.405    (INFO)     MChangeLog.FillChangeLog: #9
01:40:59.405    (INFO)     Trx.Start: **** ConnSH637073484591078509System.Random
01:41:06.416    (INFO)     Trx.Commit: **C** ConnSH637073484591078509System.Random
----------->     (WARNING)  AccessSqlParser.GetTableInfo: Could not remove ON C_AcctSchema CA, FRPT_AssignedOrg AO ON CA.C_AcctSchema_ID = AO.C_AcctSchema_ID
INNER JOIN C_AcctSchema_Element ASE ON (CA.C_AcctSchema_ID = ASE.C_AcctSchema_ID AND ElementType = 'AC')
01:41:30.413    (INFO)     Trx.Start: **** ConnSH637073484902144615System.Random
01:41:30.413    (INFO)     Trx.Commit: **C** ConnSH637073484902144615System.Random
01:41:30.413    (INFO)     Trx.Start: **** ConnSH637073484903184662System.Random
01:41:30.413    (INFO)     Trx.Commit: **C** ConnSH637073484903184662System.Random
----------->     (WARNING)  MJournal.DataSavePO: afterSave Object cannot be cast from DBNull to other types.
01:41:49.414    (INFO)     Trx.Start: **** ConnSH637073485093792015System.Random
01:42:01.421    (INFO)     Trx.Commit: **C** ConnSH637073485093792015System.Random
01:42:01.421    (INFO)     Trx.Start: **** ConnDDH637073485218664589System.Random
01:42:01.421    (INFO)     Trx.ExecuteDataSet: Trx Dataset ConnDDH637073485218664589System.Random 87
01:42:01.421    (INFO)     Trx.ExecuteQuery: Trx non-query ConnDDH637073485218664589System.Random 87
01:42:01.421    (INFO)     Trx.Commit: **C** ConnDDH637073485218664589System.Random
01:42:01.421    (INFO)     Trx.Start: **** ConnSH637073485219325970System.Random
01:42:06.426    (INFO)     Trx.Commit: **C** ConnSH637073485219325970System.Random
----------->     (WARNING)  AccessSqlParser.GetTableInfo: Could not remove ON C_AcctSchema CA, FRPT_AssignedOrg AO ON CA.C_AcctSchema_ID = AO.C_AcctSchema_ID
INNER JOIN C_AcctSchema_Element ASE ON (CA.C_AcctSchema_ID = ASE.C_AcctSchema_ID AND ElementType = 'AC')
01:43:56.435    (INFO)     Trx.Start: **** ConnSH637073486366903849System.Random
01:43:56.435    (INFO)     Trx.Commit: **C** ConnSH637073486366903849System.Random
01:43:56.435    (INFO)     Trx.Start: **** ConnSH637073486368353803System.Random
01:43:56.435    (INFO)     Trx.Commit: **C** ConnSH637073486368353803System.Random
----------->     (WARNING)  MJournal.DataSavePO: afterSave Object cannot be cast from DBNull to other types.
