*** 10/21/2019 11:02:06 AM VAdvantage Log  ***
----------->     (WARNING)  GridTable.GetField: Not found: 'Created'
----------->     (WARNING)  GridTable.GetField: Not found: 'CreatedBy'
----------->     (WARNING)  GridTable.GetField: Not found: 'Updated'
----------->     (WARNING)  GridTable.GetField: Not found: 'UpdatedBy'
11:02:06.260    (INFO)     Trx.Start: **** ConnSH637072525266884075System.Random
11:02:06.260    (INFO)     Trx.Commit: **C** ConnSH637072525266884075System.Random
11:13:09.139    (INFO)     MSession.Logout: 06:42:29.983
----------->     (WARNING)  MSession.Get: Session Processed=X_AD_Session[1026618]
===========>     (SEVERE)   LDAP.Validate: Error in LDAP for user SuperUser : The server is not operational.

11:13:30.133    (INFO)     MRole.Get: AD_Role_ID=0, AD_User_ID=100, reload=True
11:13:30.133    (INFO)     MRole.Get: MRole[0,System Administrator,UserLevel=S  ,AD_Client_ID=0,AD_Org_ID=0]
11:13:30.133    (INFO)     MTree.Load: AD_Tree_ID=121, AD_User_ID=100, Editable=False, OnClient=True
===========>     (SEVERE)   MTree.LoadNodes: Nodes w/o parent - adding to root - System.Collections.Generic.List`1[VAdvantage.Classes.VTreeNode]
11:13:30.133    (INFO)     Trx.Start: **** ConnSH637072532108747469System.Random
11:13:30.133    (INFO)     Trx.Commit: **C** ConnSH637072532108747469System.Random
----------->     (WARNING)  AccessSqlParser.GetTableInfo: More than one FROM clause - SELECT AppointmentsInfo.Appointmentsinfo_id AS ID,AppointmentsInfo.AD_Client_ID,AppointmentsInfo.AD_Org_ID  FROM AppointmentsInfo JOIN AD_User ON AD_User.AD_User_ID =AppointmentsInfo.CreatedBy WHERE AppointmentsInfo.IsRead='N' AND AppointmentsInfo.istask ='N'  AND AppointmentsInfo.AD_User_ID  = 100  UNION SELECT AppointmentsInfo.Appointmentsinfo_id AS ID, AppointmentsInfo.AD_Client_ID,AppointmentsInfo.AD_Org_ID FROM AppointmentsInfo  JOIN AD_User ON AD_User.AD_User_ID = AppointmentsInfo.CreatedBy  WHERE (AppointmentsInfo.IsRead ='Y'   AND AppointmentsInfo.AD_User_ID = 100 )  AND AppointmentsInfo.istask ='N'  AND AppointmentsInfo.startDate BETWEEN to_date('10/20/19','mm/dd/yy') and to_date('10/28/19 23.59','mm/dd/yy HH24:MI')   OR  to_date('10/21/19','mm/dd/yy')  BETWEEN  AppointmentsInfo.startDate  AND AppointmentsInfo.endDate  AND  AppointmentsInfo.CreatedBy  !=100 AND AppointmentsInfo.AD_User_ID  = 100)
----------->     (WARNING)  AccessSqlParser.GetTableInfo: Could not remove ON AppointmentsInfo JOIN AD_User ON AD_User.AD_User_ID =AppointmentsInfo.CreatedBy
11:24:00.240    (INFO)     AEnv.GetMWindowVO: Cached=VAdvantage.Controller.GridWindowVO
----------->     (WARNING)  GridTable.GetField: Not found: 'Created'
----------->     (WARNING)  GridTable.GetField: Not found: 'CreatedBy'
----------->     (WARNING)  GridTable.GetField: Not found: 'Updated'
----------->     (WARNING)  GridTable.GetField: Not found: 'UpdatedBy'
11:24:00.240    (INFO)     Trx.Start: **** ConnSH637072538402879630System.Random
11:24:00.240    (INFO)     Trx.Commit: **C** ConnSH637072538402879630System.Random
11:24:57.245    (INFO)     Trx.Start: **** ConnSH637072538971552772System.Random
11:24:57.245    (INFO)     Trx.Commit: **C** ConnSH637072538971552772System.Random
11:24:57.245    (INFO)     MChangeLog.FillChangeLog: #9
===========>     (SEVERE)   DB.ExecuteQuery:  => ORA-01400: cannot insert NULL into ("LIBMIGRATION"."TEST"."C_CURRENCY_ID")
----------->     (WARNING)  DB.ExecuteQuery: DBExecuteError - ORA-01400: cannot insert NULL into ("LIBMIGRATION"."TEST"."C_CURRENCY_ID")
----------->     (WARNING)  MTest.DataSavePO: Not insertedTest
11:34:18.341    (INFO)     Trx.Start: **** ConnSH637072544587949447System.Random
11:34:18.341    (INFO)     Trx.Commit: **C** ConnSH637072544587949447System.Random
===========>     (SEVERE)   DB.ExecuteQuery:  => ORA-01400: cannot insert NULL into ("LIBMIGRATION"."TEST"."C_CURRENCY_ID")
----------->     (WARNING)  DB.ExecuteQuery: DBExecuteError - ORA-01400: cannot insert NULL into ("LIBMIGRATION"."TEST"."C_CURRENCY_ID")
----------->     (WARNING)  MTest.DataSavePO: Not insertedTest
