*** 11/19/2019 6:26:21 PM VAdvantage Log  ***
----------->     (WARNING)  GridTable.GetField: Not found: 'Created'
----------->     (WARNING)  GridTable.GetField: Not found: 'CreatedBy'
----------->     (WARNING)  GridTable.GetField: Not found: 'Updated'
----------->     (WARNING)  GridTable.GetField: Not found: 'UpdatedBy'
----------->     (WARNING)  GridTable.GetField: Not found: 'Created'
----------->     (WARNING)  GridTable.GetField: Not found: 'CreatedBy'
----------->     (WARNING)  GridTable.GetField: Not found: 'Updated'
----------->     (WARNING)  GridTable.GetField: Not found: 'UpdatedBy'
----------->     (WARNING)  GridTable.GetField: Not found: 'Created'
----------->     (WARNING)  GridTable.GetField: Not found: 'CreatedBy'
----------->     (WARNING)  GridTable.GetField: Not found: 'Updated'
----------->     (WARNING)  GridTable.GetField: Not found: 'UpdatedBy'
----------->     (WARNING)  GridTable.GetField: Not found: 'Created'
----------->     (WARNING)  GridTable.GetField: Not found: 'CreatedBy'
----------->     (WARNING)  GridTable.GetField: Not found: 'Updated'
----------->     (WARNING)  GridTable.GetField: Not found: 'UpdatedBy'
----------->     (WARNING)  GridTable.GetField: Not found: 'Created'
----------->     (WARNING)  GridTable.GetField: Not found: 'CreatedBy'
----------->     (WARNING)  GridTable.GetField: Not found: 'Updated'
----------->     (WARNING)  GridTable.GetField: Not found: 'UpdatedBy'
----------->     (WARNING)  GridTable.GetField: Not found: 'Created'
----------->     (WARNING)  GridTable.GetField: Not found: 'CreatedBy'
----------->     (WARNING)  GridTable.GetField: Not found: 'Updated'
----------->     (WARNING)  GridTable.GetField: Not found: 'UpdatedBy'
----------->     (WARNING)  GridTable.GetField: Not found: 'Created'
----------->     (WARNING)  GridTable.GetField: Not found: 'CreatedBy'
----------->     (WARNING)  GridTable.GetField: Not found: 'Updated'
----------->     (WARNING)  GridTable.GetField: Not found: 'UpdatedBy'
----------->     (WARNING)  GridTable.GetField: Not found: 'Created'
----------->     (WARNING)  GridTable.GetField: Not found: 'CreatedBy'
----------->     (WARNING)  GridTable.GetField: Not found: 'Updated'
----------->     (WARNING)  GridTable.GetField: Not found: 'UpdatedBy'
06:26:21.262    (INFO)     Trx.Start: **** ConnSH637097847815635950System.Random
06:26:21.262    (INFO)     Trx.Commit: **C** ConnSH637097847815635950System.Random
06:26:23.262    (INFO)     Trx.Start: **** ConnSH637097847833712935System.Random
06:26:23.262    (INFO)     Trx.Commit: **C** ConnSH637097847833712935System.Random
----------->     (WARNING)  GridTable.GetField: Not found: 'Created'
----------->     (WARNING)  GridTable.GetField: Not found: 'CreatedBy'
----------->     (WARNING)  GridTable.GetField: Not found: 'Updated'
----------->     (WARNING)  GridTable.GetField: Not found: 'UpdatedBy'
----------->     (WARNING)  GridTable.GetField: Not found: 'Created'
----------->     (WARNING)  GridTable.GetField: Not found: 'CreatedBy'
----------->     (WARNING)  GridTable.GetField: Not found: 'Updated'
----------->     (WARNING)  GridTable.GetField: Not found: 'UpdatedBy'
----------->     (WARNING)  GridTable.GetField: Not found: 'Created'
----------->     (WARNING)  GridTable.GetField: Not found: 'CreatedBy'
----------->     (WARNING)  GridTable.GetField: Not found: 'Updated'
----------->     (WARNING)  GridTable.GetField: Not found: 'UpdatedBy'
----------->     (WARNING)  GridTable.GetField: Not found: 'Created'
----------->     (WARNING)  GridTable.GetField: Not found: 'CreatedBy'
----------->     (WARNING)  GridTable.GetField: Not found: 'Updated'
----------->     (WARNING)  GridTable.GetField: Not found: 'UpdatedBy'
----------->     (WARNING)  GridTable.GetField: Not found: 'Created'
----------->     (WARNING)  GridTable.GetField: Not found: 'CreatedBy'
----------->     (WARNING)  GridTable.GetField: Not found: 'Updated'
----------->     (WARNING)  GridTable.GetField: Not found: 'UpdatedBy'
----------->     (WARNING)  GridTable.GetField: Not found: 'Created'
----------->     (WARNING)  GridTable.GetField: Not found: 'CreatedBy'
----------->     (WARNING)  GridTable.GetField: Not found: 'Updated'
----------->     (WARNING)  GridTable.GetField: Not found: 'UpdatedBy'
----------->     (WARNING)  GridTable.GetField: Not found: 'Created'
----------->     (WARNING)  GridTable.GetField: Not found: 'CreatedBy'
----------->     (WARNING)  GridTable.GetField: Not found: 'Updated'
----------->     (WARNING)  GridTable.GetField: Not found: 'UpdatedBy'
----------->     (WARNING)  GridTable.GetField: Not found: 'Created'
----------->     (WARNING)  GridTable.GetField: Not found: 'CreatedBy'
----------->     (WARNING)  GridTable.GetField: Not found: 'Updated'
----------->     (WARNING)  GridTable.GetField: Not found: 'UpdatedBy'
----------->     (WARNING)  GridTable.GetField: Not found: 'Created'
----------->     (WARNING)  GridTable.GetField: Not found: 'CreatedBy'
----------->     (WARNING)  GridTable.GetField: Not found: 'Updated'
----------->     (WARNING)  GridTable.GetField: Not found: 'UpdatedBy'
----------->     (WARNING)  GridTable.GetField: Not found: 'Created'
----------->     (WARNING)  GridTable.GetField: Not found: 'CreatedBy'
----------->     (WARNING)  GridTable.GetField: Not found: 'Updated'
----------->     (WARNING)  GridTable.GetField: Not found: 'UpdatedBy'
----------->     (WARNING)  GridTable.GetField: Not found: 'Created'
----------->     (WARNING)  GridTable.GetField: Not found: 'CreatedBy'
----------->     (WARNING)  GridTable.GetField: Not found: 'Updated'
----------->     (WARNING)  GridTable.GetField: Not found: 'UpdatedBy'
----------->     (WARNING)  GridTable.GetField: Not found: 'Created'
----------->     (WARNING)  GridTable.GetField: Not found: 'CreatedBy'
----------->     (WARNING)  GridTable.GetField: Not found: 'Updated'
----------->     (WARNING)  GridTable.GetField: Not found: 'UpdatedBy'
06:26:32.263    (INFO)     Trx.Start: **** ConnSH637097847925002941System.Random
06:26:32.263    (INFO)     Trx.Commit: **C** ConnSH637097847925002941System.Random
06:26:33.263    (INFO)     Trx.Start: **** ConnSH637097847937686852System.Random
06:26:33.263    (INFO)     Trx.Commit: **C** ConnSH637097847937686852System.Random
06:26:38.263    (INFO)     Trx.Start: **** ConnSH637097847983128337System.Random
06:26:38.263    (INFO)     Trx.Commit: **C** ConnSH637097847983128337System.Random
06:26:42.264    (INFO)     Trx.Start: **** GridDel637097848023788506
06:26:44.264    (INFO)     MChangeLog.FillChangeLog: #9
06:26:44.264    (INFO)     Trx.Start: **** ConnSH637097848043210850System.Random
06:26:44.264    (INFO)     Trx.Commit: **C** ConnSH637097848043210850System.Random
06:26:44.264    (INFO)     CacheMgt.Reset: AD_Window: #2 (2)
06:26:44.264    (INFO)     MWindow.DeleteRecord: True
06:26:44.264    (INFO)     Trx.Commit: **C** GridDel637097848023788506
06:26:49.264    (INFO)     Trx.Start: **** ConnSH637097848098736945System.Random
06:26:49.264    (INFO)     Trx.Commit: **C** ConnSH637097848098736945System.Random
06:26:54.265    (INFO)     Trx.Start: **** GridDel637097848146040770
===========>     (SEVERE)   OracleHelper.ExecuteNonQuery: ORA-02292: integrity constraint (LIBMIGRATION.FK942_16864) violated - child record found [Query NQTrx]DELETE FROM AD_Table WHERE AD_Table_ID=135
===========>     (SEVERE)   DB.ExecuteQuery: GridDel637097848146040770 => ORA-02292: integrity constraint (LIBMIGRATION.FK942_16864) violated - child record found
----------->     (WARNING)  DB.ExecuteQuery: DBExecuteError - ORA-02292: integrity constraint (LIBMIGRATION.FK942_16864) violated - child record found
----------->     (WARNING)  MTable.DeleteRecord: Not deleted
06:26:58.265    (INFO)     MTable.DeleteRecord: False
06:26:58.265    (INFO)     Trx.Rollback: **R** GridDel637097848146040770
06:27:02.272    (INFO)     Trx.Start: **** GridDel637097848224869014
06:28:50.285    (INFO)     Trx.Start: **** ConnSH637097849301992362System.Random
06:28:50.285    (INFO)     Trx.Commit: **C** ConnSH637097849301992362System.Random
06:28:50.285    (INFO)     MSequence.DeleteTableSequence: True
