*** 10/23/2019 10:07:44 AM VAdvantage Log  ***
----------->     (WARNING)  GridTable.GetField: Not found: 'Created'
----------->     (WARNING)  GridTable.GetField: Not found: 'CreatedBy'
----------->     (WARNING)  GridTable.GetField: Not found: 'Updated'
----------->     (WARNING)  GridTable.GetField: Not found: 'UpdatedBy'
----------->     (WARNING)  GridTable.GetField: Not found: 'Created'
----------->     (WARNING)  GridTable.GetField: Not found: 'CreatedBy'
----------->     (WARNING)  GridTable.GetField: Not found: 'Updated'
----------->     (WARNING)  GridTable.GetField: Not found: 'UpdatedBy'
----------->     (WARNING)  GridTable.GetField: Not found: 'Created'
----------->     (WARNING)  GridTable.GetField: Not found: 'CreatedBy'
----------->     (WARNING)  GridTable.GetField: Not found: 'Updated'
----------->     (WARNING)  GridTable.GetField: Not found: 'UpdatedBy'
----------->     (WARNING)  GridTable.GetField: Not found: 'Created'
----------->     (WARNING)  GridTable.GetField: Not found: 'CreatedBy'
----------->     (WARNING)  GridTable.GetField: Not found: 'Updated'
----------->     (WARNING)  GridTable.GetField: Not found: 'UpdatedBy'
10:07:44.744    (INFO)     Trx.Start: **** ConnSH637074220641193662System.Random
10:07:44.744    (INFO)     Trx.Commit: **C** ConnSH637074220641193662System.Random
10:07:50.750    (INFO)     Trx.Start: **** ConnSH637074220707465281System.Random
10:07:50.750    (INFO)     Trx.Commit: **C** ConnSH637074220707465281System.Random
10:07:57.757    (INFO)     MDocBaseType.GetAccountingInstance: .ctor: Constructor check 
10:07:57.757    (INFO)     MDocBaseType.GetAccountingInstance: MJournal[1000759,trtrtr,DR=100,CR=100]: Constructor invoke check 
10:07:57.757    (INFO)     Doc_GLJournal.Post: Locked: GL_Journal_ID=1000759
10:08:02.820    (INFO)     Trx.Start: **** PostGLJ1000759
10:08:02.820    (INFO)     Doc_GLJournal.Post: (0) MJournal[1000759,trtrtr,DR=100,CR=100]
10:08:02.820    (INFO)     Doc_GLJournal.PostLogic: (0) MJournal[1000759,trtrtr,DR=100,CR=100]
10:08:02.820    (INFO)     MAcctSchema.CheckCosting: AcctSchema[101-IdeaInc. US/A/US Dollar]
10:08:02.820    (INFO)     MChangeLog.FillChangeLog: #9
10:08:02.820    (INFO)     CacheMgt.Reset: C_AcctSchema: #1 (1)
10:08:29.829    (INFO)     Doc_GLJournal.PostCommit: Sta=Y DT=GLJ ID=1000759
10:08:29.829    (INFO)     Trx.Start: **** ConnSH637074221095464818System.Random
10:08:29.829    (INFO)     Trx.Commit: **C** ConnSH637074221095464818System.Random
10:08:29.829    (INFO)     Trx.Start: **** ConnSH637074221096434722System.Random
10:08:29.829    (INFO)     Trx.Commit: **C** ConnSH637074221096434722System.Random
10:08:30.830    (INFO)     Trx.Start: **** ConnSH637074221100844251System.Random
10:08:30.830    (INFO)     Trx.Commit: **C** ConnSH637074221100844251System.Random
10:08:30.830    (INFO)     Trx.Start: **** ConnSH637074221101144223System.Random
10:08:30.830    (INFO)     Trx.Commit: **C** ConnSH637074221101144223System.Random
10:08:30.830    (INFO)     Trx.Commit: **C** PostGLJ1000759
10:18:04.184    (INFO)     MDocBaseType.GetAccountingInstance: .ctor: Constructor check 
10:18:05.185    (INFO)     MDocBaseType.GetAccountingInstance: MJournal[1000759,trtrtr,DR=100,CR=100]: Constructor invoke check 
10:18:05.185    (INFO)     Doc_GLJournal.Post: Locked: GL_Journal_ID=1000759
10:18:05.185    (INFO)     Trx.Start: **** PostGLJ1000759
10:18:05.185    (INFO)     MAcctSchema.CheckCosting: AcctSchema[101-IdeaInc. US/A/US Dollar]
10:18:05.185    (INFO)     Trx.Start: **** ConnSH637074226855561616System.Random
10:18:05.185    (INFO)     Trx.Commit: **C** ConnSH637074226855561616System.Random
10:18:05.185    (INFO)     CacheMgt.Reset: C_AcctSchema: #2 (2)
10:18:05.185    (INFO)     Doc_GLJournal.DeleteAcct: #=2
10:18:05.185    (INFO)     Doc_GLJournal.Post: (0) MJournal[1000759,trtrtr,DR=100,CR=100]
10:18:05.185    (INFO)     Doc_GLJournal.PostLogic: (0) MJournal[1000759,trtrtr,DR=100,CR=100]
10:18:07.187    (INFO)     Doc_GLJournal.PostCommit: Sta=Y DT=GLJ ID=1000759
10:18:07.187    (INFO)     Trx.Start: **** ConnSH637074226879906332System.Random
10:18:08.188    (INFO)     Trx.Commit: **C** ConnSH637074226879906332System.Random
10:18:08.188    (INFO)     Trx.Start: **** ConnSH637074226880236274System.Random
10:18:08.188    (INFO)     Trx.Commit: **C** ConnSH637074226880236274System.Random
10:18:08.188    (INFO)     Trx.Start: **** ConnSH637074226883845481System.Random
10:18:08.188    (INFO)     Trx.Commit: **C** ConnSH637074226883845481System.Random
10:18:08.188    (INFO)     Trx.Start: **** ConnSH637074226884145417System.Random
10:18:08.188    (INFO)     Trx.Commit: **C** ConnSH637074226884145417System.Random
10:18:08.188    (INFO)     Trx.Commit: **C** PostGLJ1000759
