*** 11/22/2019 5:34:05 PM VAdvantage Log  ***
05:34:05.345    (INFO)     Trx.Start: **** ConnSH637100408455616714System.Random
05:34:05.345    (INFO)     Trx.Commit: **C** ConnSH637100408455616714System.Random
05:34:05.345    (INFO)     MChangeLog.FillChangeLog: #9
05:34:06.346    (INFO)     CacheReset.DoIt: 
05:34:06.346    (INFO)     Env.Reset: finalCall=False
05:34:06.346    (INFO)     CacheMgt.Reset: #16 (7882)
05:34:06.346    (INFO)     MRole.Get: AD_Role_ID=0, AD_User_ID=0, reload=True
05:34:06.346    (INFO)     MRole.Get: MRole[0,System Administrator,UserLevel=S  ,AD_Client_ID=0,AD_Org_ID=0]
05:34:06.346    (INFO)     MRole.Get: AD_Role_ID=102, AD_User_ID=101, reload=True
05:34:06.346    (INFO)     MRole.Get: MRole[102,IdeasInc Admin,UserLevel= CO,AD_Client_ID IN (0,11),]
05:34:06.346    (INFO)     MChangeLog.FillChangeLog: #9
05:34:06.346    (INFO)     CacheMgt.Reset: AD_Process: #1 (1)
05:34:06.346    (INFO)     Trx.Start: **** ConnSH637100408469471210System.Random
05:34:07.347    (INFO)     Trx.Commit: **C** ConnSH637100408469471210System.Random
05:34:07.347    (INFO)     Trx.Start: **** ConnSH637100408470915748System.Random
05:34:07.347    (INFO)     Trx.Commit: **C** ConnSH637100408470915748System.Random
05:34:07.347    (INFO)     Msg.InitMsg: Records=5823 - en_US
05:34:07.347    (INFO)     Trx.Start: **** ConnSH637100408478718285System.Random
05:34:07.347    (INFO)     Trx.Commit: **C** ConnSH637100408478718285System.Random
05:34:07.347    (INFO)     Trx.Start: **** ConnSH637100408479636831System.Random
05:34:08.348    (INFO)     Trx.Commit: **C** ConnSH637100408479636831System.Random
05:34:36.343    (INFO)     MSession.Logout: 06:33:04.117
===========>     (SEVERE)   LDAP.Validate: Error in LDAP for user SuperUser : The server is not operational.

===========>     (SEVERE)   LDAP.Validate: Error in LDAP for user SuperUser : The server is not operational.

05:36:05.365    (INFO)     MRole.Get: AD_Role_ID=0, AD_User_ID=100, reload=True
05:36:05.365    (INFO)     MRole.Get: MRole[0,System Administrator,UserLevel=S  ,AD_Client_ID=0,AD_Org_ID=0]
05:36:05.365    (INFO)     MRole.Get: AD_Role_ID=0, AD_User_ID=100, reload=True
05:36:05.365    (INFO)     MRole.Get: MRole[0,System Administrator,UserLevel=S  ,AD_Client_ID=0,AD_Org_ID=0]
05:36:05.365    (INFO)     MTree.Load: AD_Tree_ID=121, AD_User_ID=100, Editable=False, OnClient=True
===========>     (SEVERE)   MTree.LoadNodes: Nodes w/o parent - adding to root - System.Collections.Generic.List`1[VAdvantage.Classes.VTreeNode]
05:36:06.366    (INFO)     Trx.Start: **** ConnSH637100409661456633System.Random
05:36:06.366    (INFO)     Trx.Commit: **C** ConnSH637100409661456633System.Random
===========>     (SEVERE)   OracleHelper.ExecuteReader: ORA-00942: table or view does not exist [Query DR] SELECT C_TaxCategory_Version_ID FROM C_TaxCategory_Version WHERE IsDefault='Y' AND IsActive='Y' AND AD_Client_ID=0 AND (COALESCE(AD_Org_ID,0) IN(0,0)) ORDER BY AD_Client_ID DESC, AD_Org_ID DESC
===========>     (SEVERE)   OracleHelper.ExecuteReader: ORA-00942: table or view does not exist [Query DR] SELECT C_TaxCategory_Version_ID FROM C_TaxCategory_Version WHERE IsDefault='Y' AND IsActive='Y' AND AD_Client_ID=0 AND (COALESCE(AD_Org_ID,0) IN(0,0)) ORDER BY AD_Client_ID DESC, AD_Org_ID DESC
----------->     (WARNING)  AccessSqlParser.GetTableInfo: More than one FROM clause - SELECT AppointmentsInfo.Appointmentsinfo_id AS ID,AppointmentsInfo.AD_Client_ID,AppointmentsInfo.AD_Org_ID  FROM AppointmentsInfo JOIN AD_User ON AD_User.AD_User_ID =AppointmentsInfo.CreatedBy WHERE AppointmentsInfo.IsRead='N' AND AppointmentsInfo.istask ='N'  AND AppointmentsInfo.AD_User_ID  = 100  UNION SELECT AppointmentsInfo.Appointmentsinfo_id AS ID, AppointmentsInfo.AD_Client_ID,AppointmentsInfo.AD_Org_ID FROM AppointmentsInfo  JOIN AD_User ON AD_User.AD_User_ID = AppointmentsInfo.CreatedBy  WHERE (AppointmentsInfo.IsRead ='Y'   AND AppointmentsInfo.AD_User_ID = 100 )  AND AppointmentsInfo.istask ='N'  AND AppointmentsInfo.startDate BETWEEN to_date('11/21/19','mm/dd/yy') and to_date('11/29/19 23.59','mm/dd/yy HH24:MI')   OR  to_date('11/22/19','mm/dd/yy')  BETWEEN  AppointmentsInfo.startDate  AND AppointmentsInfo.endDate  AND  AppointmentsInfo.CreatedBy  !=100 AND AppointmentsInfo.AD_User_ID  = 100)
----------->     (WARNING)  AccessSqlParser.GetTableInfo: Could not remove ON AppointmentsInfo JOIN AD_User ON AD_User.AD_User_ID =AppointmentsInfo.CreatedBy
----------->     (WARNING)  GridTable.GetField: Not found: 'Created'
----------->     (WARNING)  GridTable.GetField: Not found: 'CreatedBy'
----------->     (WARNING)  GridTable.GetField: Not found: 'Updated'
----------->     (WARNING)  GridTable.GetField: Not found: 'UpdatedBy'
----------->     (WARNING)  GridTable.GetField: Not found: 'Created'
----------->     (WARNING)  GridTable.GetField: Not found: 'CreatedBy'
----------->     (WARNING)  GridTable.GetField: Not found: 'Updated'
----------->     (WARNING)  GridTable.GetField: Not found: 'UpdatedBy'
----------->     (WARNING)  GridTable.GetField: Not found: 'Created'
----------->     (WARNING)  GridTable.GetField: Not found: 'CreatedBy'
----------->     (WARNING)  GridTable.GetField: Not found: 'Updated'
----------->     (WARNING)  GridTable.GetField: Not found: 'UpdatedBy'
----------->     (WARNING)  GridTable.GetField: Not found: 'Created'
----------->     (WARNING)  GridTable.GetField: Not found: 'CreatedBy'
----------->     (WARNING)  GridTable.GetField: Not found: 'Updated'
----------->     (WARNING)  GridTable.GetField: Not found: 'UpdatedBy'
----------->     (WARNING)  GridTable.GetField: Not found: 'Created'
----------->     (WARNING)  GridTable.GetField: Not found: 'CreatedBy'
----------->     (WARNING)  GridTable.GetField: Not found: 'Updated'
----------->     (WARNING)  GridTable.GetField: Not found: 'UpdatedBy'
----------->     (WARNING)  GridTable.GetField: Not found: 'Created'
----------->     (WARNING)  GridTable.GetField: Not found: 'CreatedBy'
----------->     (WARNING)  GridTable.GetField: Not found: 'Updated'
----------->     (WARNING)  GridTable.GetField: Not found: 'UpdatedBy'
----------->     (WARNING)  GridTable.GetField: Not found: 'Created'
----------->     (WARNING)  GridTable.GetField: Not found: 'CreatedBy'
----------->     (WARNING)  GridTable.GetField: Not found: 'Updated'
----------->     (WARNING)  GridTable.GetField: Not found: 'UpdatedBy'
----------->     (WARNING)  GridTable.GetField: Not found: 'Created'
----------->     (WARNING)  GridTable.GetField: Not found: 'CreatedBy'
----------->     (WARNING)  GridTable.GetField: Not found: 'Updated'
----------->     (WARNING)  GridTable.GetField: Not found: 'UpdatedBy'
05:36:28.362    (INFO)     Trx.Start: **** ConnSH637100409885537219System.Random
05:36:28.362    (INFO)     Trx.Commit: **C** ConnSH637100409885537219System.Random
05:36:31.363    (INFO)     Trx.Start: **** ConnSH637100409911492749System.Random
05:36:31.363    (INFO)     Trx.Commit: **C** ConnSH637100409911492749System.Random
----------->     (WARNING)  GridTable.GetField: Not found: 'Created'
----------->     (WARNING)  GridTable.GetField: Not found: 'CreatedBy'
----------->     (WARNING)  GridTable.GetField: Not found: 'Updated'
----------->     (WARNING)  GridTable.GetField: Not found: 'UpdatedBy'
----------->     (WARNING)  GridTable.GetField: Not found: 'Created'
----------->     (WARNING)  GridTable.GetField: Not found: 'CreatedBy'
----------->     (WARNING)  GridTable.GetField: Not found: 'Updated'
----------->     (WARNING)  GridTable.GetField: Not found: 'UpdatedBy'
----------->     (WARNING)  GridTable.GetField: Not found: 'Created'
----------->     (WARNING)  GridTable.GetField: Not found: 'CreatedBy'
----------->     (WARNING)  GridTable.GetField: Not found: 'Updated'
----------->     (WARNING)  GridTable.GetField: Not found: 'UpdatedBy'
----------->     (WARNING)  GridTable.GetField: Not found: 'Created'
----------->     (WARNING)  GridTable.GetField: Not found: 'CreatedBy'
----------->     (WARNING)  GridTable.GetField: Not found: 'Updated'
----------->     (WARNING)  GridTable.GetField: Not found: 'UpdatedBy'
----------->     (WARNING)  GridTable.GetField: Not found: 'Created'
----------->     (WARNING)  GridTable.GetField: Not found: 'CreatedBy'
----------->     (WARNING)  GridTable.GetField: Not found: 'Updated'
----------->     (WARNING)  GridTable.GetField: Not found: 'UpdatedBy'
----------->     (WARNING)  GridTable.GetField: Not found: 'Created'
----------->     (WARNING)  GridTable.GetField: Not found: 'CreatedBy'
----------->     (WARNING)  GridTable.GetField: Not found: 'Updated'
----------->     (WARNING)  GridTable.GetField: Not found: 'UpdatedBy'
----------->     (WARNING)  GridTable.GetField: Not found: 'Created'
----------->     (WARNING)  GridTable.GetField: Not found: 'CreatedBy'
----------->     (WARNING)  GridTable.GetField: Not found: 'Updated'
----------->     (WARNING)  GridTable.GetField: Not found: 'UpdatedBy'
----------->     (WARNING)  GridTable.GetField: Not found: 'Created'
----------->     (WARNING)  GridTable.GetField: Not found: 'CreatedBy'
----------->     (WARNING)  GridTable.GetField: Not found: 'Updated'
----------->     (WARNING)  GridTable.GetField: Not found: 'UpdatedBy'
----------->     (WARNING)  GridTable.GetField: Not found: 'Created'
----------->     (WARNING)  GridTable.GetField: Not found: 'CreatedBy'
----------->     (WARNING)  GridTable.GetField: Not found: 'Updated'
----------->     (WARNING)  GridTable.GetField: Not found: 'UpdatedBy'
----------->     (WARNING)  GridTable.GetField: Not found: 'Created'
----------->     (WARNING)  GridTable.GetField: Not found: 'CreatedBy'
----------->     (WARNING)  GridTable.GetField: Not found: 'Updated'
----------->     (WARNING)  GridTable.GetField: Not found: 'UpdatedBy'
----------->     (WARNING)  GridTable.GetField: Not found: 'Created'
----------->     (WARNING)  GridTable.GetField: Not found: 'CreatedBy'
----------->     (WARNING)  GridTable.GetField: Not found: 'Updated'
----------->     (WARNING)  GridTable.GetField: Not found: 'UpdatedBy'
----------->     (WARNING)  GridTable.GetField: Not found: 'Created'
----------->     (WARNING)  GridTable.GetField: Not found: 'CreatedBy'
----------->     (WARNING)  GridTable.GetField: Not found: 'Updated'
----------->     (WARNING)  GridTable.GetField: Not found: 'UpdatedBy'
05:37:07.377    (INFO)     Trx.Start: **** ConnSH637100410273122135System.Random
05:37:07.377    (INFO)     Trx.Commit: **C** ConnSH637100410273122135System.Random
05:37:08.378    (INFO)     Trx.Start: **** ConnSH637100410280795071System.Random
05:37:08.378    (INFO)     Trx.Commit: **C** ConnSH637100410280795071System.Random
05:37:28.372    (INFO)     Trx.Start: **** ConnSH637100410482302888System.Random
05:37:28.372    (INFO)     Trx.Commit: **C** ConnSH637100410482302888System.Random
05:37:53.375    (INFO)     Trx.Start: **** GridDel637100410735870951
===========>     (SEVERE)   OracleHelper.ExecuteNonQuery: ORA-02292: integrity constraint (LIBMIGRATION.FK941_16853) violated - child record found [Query NQTrx]DELETE FROM AD_Window WHERE AD_Window_ID=1000323
===========>     (SEVERE)   DB.ExecuteQuery: GridDel637100410735870951 => ORA-02292: integrity constraint (LIBMIGRATION.FK941_16853) violated - child record found
----------->     (WARNING)  DB.ExecuteQuery: DBExecuteError - ORA-02292: integrity constraint (LIBMIGRATION.FK941_16853) violated - child record found
----------->     (WARNING)  MWindow.DeleteRecord: Not deleted
05:37:54.375    (INFO)     MWindow.DeleteRecord: False
05:37:54.375    (INFO)     Trx.Rollback: **R** GridDel637100410735870951
05:39:03.393    (INFO)     Trx.Start: **** GridDel637100411431461103
05:39:03.393    (INFO)     Trx.Start: **** ConnSH637100411436573897System.Random
05:39:03.393    (INFO)     Trx.Commit: **C** ConnSH637100411436573897System.Random
05:39:03.393    (INFO)     CacheMgt.Reset: AD_Window: #2 (2)
05:39:03.393    (INFO)     MWindow.DeleteRecord: True
05:39:03.393    (INFO)     Trx.Commit: **C** GridDel637100411431461103
05:39:24.392    (INFO)     Trx.Start: **** ConnSH637100411641673211System.Random
05:39:24.392    (INFO)     Trx.Commit: **C** ConnSH637100411641673211System.Random
05:39:41.394    (INFO)     Trx.Start: **** GridDel637100411814263488
===========>     (SEVERE)   OracleHelper.ExecuteNonQuery: ORA-02292: integrity constraint (LIBMIGRATION.FK942_16864) violated - child record found [Query NQTrx]DELETE FROM AD_Table WHERE AD_Table_ID=1001194
===========>     (SEVERE)   DB.ExecuteQuery: GridDel637100411814263488 => ORA-02292: integrity constraint (LIBMIGRATION.FK942_16864) violated - child record found
----------->     (WARNING)  DB.ExecuteQuery: DBExecuteError - ORA-02292: integrity constraint (LIBMIGRATION.FK942_16864) violated - child record found
----------->     (WARNING)  MTable.DeleteRecord: Not deleted
05:39:45.394    (INFO)     MTable.DeleteRecord: False
05:39:45.394    (INFO)     Trx.Rollback: **R** GridDel637100411814263488
05:40:48.404    (INFO)     Trx.Start: **** GridDel637100412484136073
05:53:26.532    (INFO)     Trx.Start: **** ConnSH637100420059164813System.Random
05:53:26.532    (INFO)     Trx.Commit: **C** ConnSH637100420059164813System.Random
05:53:27.532    (INFO)     MSequence.DeleteTableSequence: True
05:53:27.532    (INFO)     CacheMgt.Reset: AD_Table: #2 (3)
05:53:27.532    (INFO)     MTable.DeleteRecord: True
05:53:27.532    (INFO)     Trx.Commit: **C** GridDel637100412484136073
*** 11/23/2019 5:10:44 PM VAdvantage Log ***
