*** 10/16/2019 9:53:22 AM VAdvantage Log  ***
09:53:22.532    (INFO)     MSession.Logout: 06:31:26.384
----------->     (WARNING)  MSession.Get: Session Processed=X_AD_Session[1026567]
===========>     (SEVERE)   LDAP.Validate: Error in LDAP for user SuperUser : The server is not operational.

09:53:43.534    (INFO)     MRole.Get: AD_Role_ID=0, AD_User_ID=100, reload=True
09:53:43.534    (INFO)     MRole.Get: MRole[0,System Administrator,UserLevel=S  ,AD_Client_ID=0,AD_Org_ID=0]
09:53:43.534    (INFO)     MTree.Load: AD_Tree_ID=121, AD_User_ID=100, Editable=False, OnClient=True
===========>     (SEVERE)   MTree.LoadNodes: Nodes w/o parent - adding to root - System.Collections.Generic.List`1[VAdvantage.Classes.VTreeNode]
09:53:44.534    (INFO)     Trx.Start: **** ConnSH637068164241341565System.Random
09:53:44.534    (INFO)     Trx.Commit: **C** ConnSH637068164241341565System.Random
----------->     (WARNING)  AccessSqlParser.GetTableInfo: More than one FROM clause - SELECT AppointmentsInfo.Appointmentsinfo_id AS ID,AppointmentsInfo.AD_Client_ID,AppointmentsInfo.AD_Org_ID  FROM AppointmentsInfo JOIN AD_User ON AD_User.AD_User_ID =AppointmentsInfo.CreatedBy WHERE AppointmentsInfo.IsRead='N' AND AppointmentsInfo.istask ='N'  AND AppointmentsInfo.AD_User_ID  = 100  UNION SELECT AppointmentsInfo.Appointmentsinfo_id AS ID, AppointmentsInfo.AD_Client_ID,AppointmentsInfo.AD_Org_ID FROM AppointmentsInfo  JOIN AD_User ON AD_User.AD_User_ID = AppointmentsInfo.CreatedBy  WHERE (AppointmentsInfo.IsRead ='Y'   AND AppointmentsInfo.AD_User_ID = 100 )  AND AppointmentsInfo.istask ='N'  AND AppointmentsInfo.startDate BETWEEN to_date('10/15/19','mm/dd/yy') and to_date('10/23/19 23.59','mm/dd/yy HH24:MI')   OR  to_date('10/16/19','mm/dd/yy')  BETWEEN  AppointmentsInfo.startDate  AND AppointmentsInfo.endDate  AND  AppointmentsInfo.CreatedBy  !=100 AND AppointmentsInfo.AD_User_ID  = 100)
----------->     (WARNING)  AccessSqlParser.GetTableInfo: Could not remove ON AppointmentsInfo JOIN AD_User ON AD_User.AD_User_ID =AppointmentsInfo.CreatedBy
----------->     (WARNING)  GridTable.GetField: Not found: 'Created'
----------->     (WARNING)  GridTable.GetField: Not found: 'CreatedBy'
----------->     (WARNING)  GridTable.GetField: Not found: 'Updated'
----------->     (WARNING)  GridTable.GetField: Not found: 'UpdatedBy'
----------->     (WARNING)  GridTable.GetField: Not found: 'Created'
----------->     (WARNING)  GridTable.GetField: Not found: 'CreatedBy'
----------->     (WARNING)  GridTable.GetField: Not found: 'Updated'
----------->     (WARNING)  GridTable.GetField: Not found: 'UpdatedBy'
----------->     (WARNING)  GridTable.GetField: Not found: 'Created'
----------->     (WARNING)  GridTable.GetField: Not found: 'CreatedBy'
----------->     (WARNING)  GridTable.GetField: Not found: 'Updated'
----------->     (WARNING)  GridTable.GetField: Not found: 'UpdatedBy'
----------->     (WARNING)  GridTable.GetField: Not found: 'Created'
----------->     (WARNING)  GridTable.GetField: Not found: 'CreatedBy'
----------->     (WARNING)  GridTable.GetField: Not found: 'Updated'
----------->     (WARNING)  GridTable.GetField: Not found: 'UpdatedBy'
----------->     (WARNING)  GridTable.GetField: Not found: 'Created'
----------->     (WARNING)  GridTable.GetField: Not found: 'CreatedBy'
----------->     (WARNING)  GridTable.GetField: Not found: 'Updated'
----------->     (WARNING)  GridTable.GetField: Not found: 'UpdatedBy'
----------->     (WARNING)  GridTable.GetField: Not found: 'Created'
----------->     (WARNING)  GridTable.GetField: Not found: 'CreatedBy'
----------->     (WARNING)  GridTable.GetField: Not found: 'Updated'
----------->     (WARNING)  GridTable.GetField: Not found: 'UpdatedBy'
----------->     (WARNING)  GridTable.GetField: Not found: 'Created'
----------->     (WARNING)  GridTable.GetField: Not found: 'CreatedBy'
----------->     (WARNING)  GridTable.GetField: Not found: 'Updated'
----------->     (WARNING)  GridTable.GetField: Not found: 'UpdatedBy'
----------->     (WARNING)  GridTable.GetField: Not found: 'Created'
----------->     (WARNING)  GridTable.GetField: Not found: 'CreatedBy'
----------->     (WARNING)  GridTable.GetField: Not found: 'Updated'
----------->     (WARNING)  GridTable.GetField: Not found: 'UpdatedBy'
09:53:58.535    (INFO)     Trx.Start: **** ConnSH637068164382416628System.Random
09:53:58.535    (INFO)     Trx.Commit: **C** ConnSH637068164382416628System.Random
09:54:00.540    (INFO)     Trx.Start: **** ConnSH637068164407955640System.Random
09:54:00.540    (INFO)     Trx.Commit: **C** ConnSH637068164407955640System.Random
09:57:02.572    (INFO)     MSession.Logout: 06:33:19.677
----------->     (WARNING)  MSession.Get: Session Processed=X_AD_Session[1026568]
===========>     (SEVERE)   LDAP.Validate: Error in LDAP for user SuperUser : The server is not operational.

09:57:26.572    (INFO)     MRole.Get: AD_Role_ID=0, AD_User_ID=100, reload=True
09:57:28.572    (INFO)     MRole.Get: MRole[0,System Administrator,UserLevel=S  ,AD_Client_ID=0,AD_Org_ID=0]
09:57:28.572    (INFO)     MTree.Load: AD_Tree_ID=121, AD_User_ID=100, Editable=False, OnClient=True
===========>     (SEVERE)   MTree.LoadNodes: Nodes w/o parent - adding to root - System.Collections.Generic.List`1[VAdvantage.Classes.VTreeNode]
09:57:29.572    (INFO)     Trx.Start: **** ConnSH637068166496033937System.Random
09:57:30.573    (INFO)     Trx.Commit: **C** ConnSH637068166496033937System.Random
----------->     (WARNING)  AccessSqlParser.GetTableInfo: More than one FROM clause - SELECT AppointmentsInfo.Appointmentsinfo_id AS ID,AppointmentsInfo.AD_Client_ID,AppointmentsInfo.AD_Org_ID  FROM AppointmentsInfo JOIN AD_User ON AD_User.AD_User_ID =AppointmentsInfo.CreatedBy WHERE AppointmentsInfo.IsRead='N' AND AppointmentsInfo.istask ='N'  AND AppointmentsInfo.AD_User_ID  = 100  UNION SELECT AppointmentsInfo.Appointmentsinfo_id AS ID, AppointmentsInfo.AD_Client_ID,AppointmentsInfo.AD_Org_ID FROM AppointmentsInfo  JOIN AD_User ON AD_User.AD_User_ID = AppointmentsInfo.CreatedBy  WHERE (AppointmentsInfo.IsRead ='Y'   AND AppointmentsInfo.AD_User_ID = 100 )  AND AppointmentsInfo.istask ='N'  AND AppointmentsInfo.startDate BETWEEN to_date('10/15/19','mm/dd/yy') and to_date('10/23/19 23.59','mm/dd/yy HH24:MI')   OR  to_date('10/16/19','mm/dd/yy')  BETWEEN  AppointmentsInfo.startDate  AND AppointmentsInfo.endDate  AND  AppointmentsInfo.CreatedBy  !=100 AND AppointmentsInfo.AD_User_ID  = 100)
----------->     (WARNING)  AccessSqlParser.GetTableInfo: Could not remove ON AppointmentsInfo JOIN AD_User ON AD_User.AD_User_ID =AppointmentsInfo.CreatedBy
09:57:39.573    (INFO)     AEnv.GetMWindowVO: Cached=
----------->     (WARNING)  GridTable.GetField: Not found: 'Created'
----------->     (WARNING)  GridTable.GetField: Not found: 'CreatedBy'
----------->     (WARNING)  GridTable.GetField: Not found: 'Updated'
----------->     (WARNING)  GridTable.GetField: Not found: 'UpdatedBy'
----------->     (WARNING)  GridTable.GetField: Not found: 'Created'
----------->     (WARNING)  GridTable.GetField: Not found: 'CreatedBy'
----------->     (WARNING)  GridTable.GetField: Not found: 'Updated'
----------->     (WARNING)  GridTable.GetField: Not found: 'UpdatedBy'
----------->     (WARNING)  GridTable.GetField: Not found: 'Created'
----------->     (WARNING)  GridTable.GetField: Not found: 'CreatedBy'
----------->     (WARNING)  GridTable.GetField: Not found: 'Updated'
----------->     (WARNING)  GridTable.GetField: Not found: 'UpdatedBy'
----------->     (WARNING)  GridTable.GetField: Not found: 'Created'
----------->     (WARNING)  GridTable.GetField: Not found: 'CreatedBy'
----------->     (WARNING)  GridTable.GetField: Not found: 'Updated'
----------->     (WARNING)  GridTable.GetField: Not found: 'UpdatedBy'
----------->     (WARNING)  GridTable.GetField: Not found: 'Created'
----------->     (WARNING)  GridTable.GetField: Not found: 'CreatedBy'
----------->     (WARNING)  GridTable.GetField: Not found: 'Updated'
----------->     (WARNING)  GridTable.GetField: Not found: 'UpdatedBy'
----------->     (WARNING)  GridTable.GetField: Not found: 'Created'
----------->     (WARNING)  GridTable.GetField: Not found: 'CreatedBy'
----------->     (WARNING)  GridTable.GetField: Not found: 'Updated'
----------->     (WARNING)  GridTable.GetField: Not found: 'UpdatedBy'
----------->     (WARNING)  GridTable.GetField: Not found: 'Created'
----------->     (WARNING)  GridTable.GetField: Not found: 'CreatedBy'
----------->     (WARNING)  GridTable.GetField: Not found: 'Updated'
----------->     (WARNING)  GridTable.GetField: Not found: 'UpdatedBy'
----------->     (WARNING)  GridTable.GetField: Not found: 'Created'
----------->     (WARNING)  GridTable.GetField: Not found: 'CreatedBy'
----------->     (WARNING)  GridTable.GetField: Not found: 'Updated'
----------->     (WARNING)  GridTable.GetField: Not found: 'UpdatedBy'
09:57:41.574    (INFO)     Trx.Start: **** ConnSH637068166615956064System.Random
09:57:41.574    (INFO)     Trx.Commit: **C** ConnSH637068166615956064System.Random
09:57:44.574    (INFO)     Trx.Start: **** ConnSH637068166640910627System.Random
09:57:44.574    (INFO)     Trx.Commit: **C** ConnSH637068166640910627System.Random
09:57:46.574    (INFO)     Trx.Start: **** ConnSH637068166668277511System.Random
09:57:46.574    (INFO)     Trx.Commit: **C** ConnSH637068166668277511System.Random
09:57:53.575    (INFO)     Trx.Start: **** GridDel637068166709501412
09:58:52.585    (INFO)     MChangeLog.FillChangeLog: #9
09:58:52.585    (INFO)     Trx.Start: **** ConnSH637068167329932285System.Random
09:58:53.585    (INFO)     Trx.Commit: **C** ConnSH637068167329932285System.Random
09:58:57.585    (INFO)     MSequence.DeleteTableSequence: True
09:58:57.585    (INFO)     CacheMgt.Reset: AD_Table: #2 (2)
09:58:57.585    (INFO)     MTable.DeleteRecord: True
09:58:57.585    (INFO)     Trx.Commit: **C** GridDel637068166709501412
----------->     (WARNING)  GridTable.GetField: Not found: 'Created'
----------->     (WARNING)  GridTable.GetField: Not found: 'CreatedBy'
----------->     (WARNING)  GridTable.GetField: Not found: 'Updated'
----------->     (WARNING)  GridTable.GetField: Not found: 'UpdatedBy'
----------->     (WARNING)  GridTable.GetField: Not found: 'Created'
----------->     (WARNING)  GridTable.GetField: Not found: 'CreatedBy'
----------->     (WARNING)  GridTable.GetField: Not found: 'Updated'
----------->     (WARNING)  GridTable.GetField: Not found: 'UpdatedBy'
----------->     (WARNING)  GridTable.GetField: Not found: 'Created'
----------->     (WARNING)  GridTable.GetField: Not found: 'CreatedBy'
----------->     (WARNING)  GridTable.GetField: Not found: 'Updated'
----------->     (WARNING)  GridTable.GetField: Not found: 'UpdatedBy'
----------->     (WARNING)  GridTable.GetField: Not found: 'Created'
----------->     (WARNING)  GridTable.GetField: Not found: 'CreatedBy'
----------->     (WARNING)  GridTable.GetField: Not found: 'Updated'
----------->     (WARNING)  GridTable.GetField: Not found: 'UpdatedBy'
----------->     (WARNING)  GridTable.GetField: Not found: 'Created'
----------->     (WARNING)  GridTable.GetField: Not found: 'CreatedBy'
----------->     (WARNING)  GridTable.GetField: Not found: 'Updated'
----------->     (WARNING)  GridTable.GetField: Not found: 'UpdatedBy'
----------->     (WARNING)  GridTable.GetField: Not found: 'Created'
----------->     (WARNING)  GridTable.GetField: Not found: 'CreatedBy'
----------->     (WARNING)  GridTable.GetField: Not found: 'Updated'
----------->     (WARNING)  GridTable.GetField: Not found: 'UpdatedBy'
----------->     (WARNING)  GridTable.GetField: Not found: 'Created'
----------->     (WARNING)  GridTable.GetField: Not found: 'CreatedBy'
----------->     (WARNING)  GridTable.GetField: Not found: 'Updated'
----------->     (WARNING)  GridTable.GetField: Not found: 'UpdatedBy'
----------->     (WARNING)  GridTable.GetField: Not found: 'Created'
----------->     (WARNING)  GridTable.GetField: Not found: 'CreatedBy'
----------->     (WARNING)  GridTable.GetField: Not found: 'Updated'
----------->     (WARNING)  GridTable.GetField: Not found: 'UpdatedBy'
----------->     (WARNING)  GridTable.GetField: Not found: 'Created'
----------->     (WARNING)  GridTable.GetField: Not found: 'CreatedBy'
----------->     (WARNING)  GridTable.GetField: Not found: 'Updated'
----------->     (WARNING)  GridTable.GetField: Not found: 'UpdatedBy'
----------->     (WARNING)  GridTable.GetField: Not found: 'Created'
----------->     (WARNING)  GridTable.GetField: Not found: 'CreatedBy'
----------->     (WARNING)  GridTable.GetField: Not found: 'Updated'
----------->     (WARNING)  GridTable.GetField: Not found: 'UpdatedBy'
----------->     (WARNING)  GridTable.GetField: Not found: 'Created'
----------->     (WARNING)  GridTable.GetField: Not found: 'CreatedBy'
----------->     (WARNING)  GridTable.GetField: Not found: 'Updated'
----------->     (WARNING)  GridTable.GetField: Not found: 'UpdatedBy'
----------->     (WARNING)  GridTable.GetField: Not found: 'Created'
----------->     (WARNING)  GridTable.GetField: Not found: 'CreatedBy'
----------->     (WARNING)  GridTable.GetField: Not found: 'Updated'
----------->     (WARNING)  GridTable.GetField: Not found: 'UpdatedBy'
09:59:15.591    (INFO)     Trx.Start: **** ConnSH637068167551608751System.Random
09:59:15.591    (INFO)     Trx.Commit: **C** ConnSH637068167551608751System.Random
09:59:16.591    (INFO)     Trx.Start: **** ConnSH637068167564354660System.Random
09:59:16.591    (INFO)     Trx.Commit: **C** ConnSH637068167564354660System.Random
09:59:57.595    (INFO)     Trx.Start: **** ConnSH637068167976861108System.Random
09:59:57.595    (INFO)     Trx.Commit: **C** ConnSH637068167976861108System.Random
10:00:00.000    (INFO)     Trx.Start: **** ConnSH637068168003956689System.Random
10:00:00.000    (INFO)     Trx.Commit: **C** ConnSH637068168003956689System.Random
10:00:09.090    (INFO)     Trx.Start: **** ConnSH637068168097502203System.Random
10:00:09.090    (INFO)     Trx.Commit: **C** ConnSH637068168097502203System.Random
10:00:12.012    (INFO)     Trx.Start: **** SvrProcess
10:00:12.012    (INFO)     Trx.Start: **** ConnSH637068168129513136System.Random
10:00:13.013    (INFO)     Trx.Commit: **C** ConnSH637068168129513136System.Random
----------->     (WARNING)  MTable.CreateVersionInfo: Column not updateable - AD_Client_ID - NewValue=0 - OldValue=0
----------->     (WARNING)  MTable.CreateVersionInfo: Column not updateable - AD_Org_ID - NewValue=0 - OldValue=0
----------->     (WARNING)  MTable.CreateVersionInfo: Virtual Column - ConstraintName
----------->     (WARNING)  MTable.CreateVersionInfo: Column not updateable - LoadSeq - NewValue=145 - OldValue=
10:00:17.017    (INFO)     Trx.Start: **** ConnSH637068168177368365System.Random
10:00:17.017    (INFO)     Trx.Commit: **C** ConnSH637068168177368365System.Random
10:00:17.017    (INFO)     Trx.Start: **** ConnSH637068168178699450System.Random
10:00:17.017    (INFO)     Trx.Commit: **C** ConnSH637068168178699450System.Random
10:00:18.018    (INFO)     Trx.Start: **** ConnSH637068168181491524System.Random
10:00:18.018    (INFO)     Trx.Commit: **C** ConnSH637068168181491524System.Random
10:00:18.018    (INFO)     Trx.Start: **** ConnSH637068168183479253System.Random
10:00:18.018    (INFO)     Trx.Commit: **C** ConnSH637068168183479253System.Random
10:00:18.018    (INFO)     Trx.Start: **** ConnSH637068168184703577System.Random
10:00:18.018    (INFO)     Trx.Commit: **C** ConnSH637068168184703577System.Random
10:00:18.018    (INFO)     Trx.Start: **** ConnSH637068168188495627System.Random
10:00:18.018    (INFO)     Trx.Commit: **C** ConnSH637068168188495627System.Random
10:00:18.018    (INFO)     Trx.Start: **** ConnSH637068168189175622System.Random
10:00:18.018    (INFO)     Trx.Commit: **C** ConnSH637068168189175622System.Random
10:00:19.019    (INFO)     Trx.Start: **** ConnSH637068168191875657System.Random
10:00:19.019    (INFO)     Trx.Commit: **C** ConnSH637068168191875657System.Random
10:00:19.019    (INFO)     Trx.Start: **** ConnSH637068168192551627System.Random
10:00:19.019    (INFO)     Trx.Commit: **C** ConnSH637068168192551627System.Random
10:00:19.019    (INFO)     Trx.Start: **** ConnSH637068168195346625System.Random
10:00:19.019    (INFO)     Trx.Commit: **C** ConnSH637068168195346625System.Random
10:00:19.019    (INFO)     Trx.Start: **** ConnSH637068168196216616System.Random
10:00:19.019    (INFO)     Trx.Commit: **C** ConnSH637068168196216616System.Random
10:00:19.019    (INFO)     Trx.Start: **** ConnSH637068168199090014System.Random
10:00:19.019    (INFO)     Trx.Commit: **C** ConnSH637068168199090014System.Random
10:00:19.019    (INFO)     Trx.Start: **** ConnSH637068168199782709System.Random
10:00:20.020    (INFO)     Trx.Commit: **C** ConnSH637068168199782709System.Random
----------->     (WARNING)  MColumn.CreateVersionInfo: Column not updateable - AD_Client_ID - NewValue=0 - OldValue=0
----------->     (WARNING)  MColumn.CreateVersionInfo: Column not updateable - AD_Org_ID - NewValue=0 - OldValue=0
----------->     (WARNING)  MColumn.CreateVersionInfo: Column not updateable - AD_Table_ID - NewValue=135 - OldValue=
----------->     (WARNING)  MColumn.CreateVersionInfo: Virtual Column - ConstraintName
10:00:20.020    (INFO)     Trx.Start: **** ConnSH637068168203620933System.Random
10:00:20.020    (INFO)     Trx.Commit: **C** ConnSH637068168203620933System.Random
10:00:20.020    (INFO)     Trx.Start: **** ConnSH637068168204321915System.Random
10:00:20.020    (INFO)     Trx.Commit: **C** ConnSH637068168204321915System.Random
----------->     (WARNING)  MColumn.CreateVersionInfo: Column not updateable - AD_Client_ID - NewValue=0 - OldValue=0
----------->     (WARNING)  MColumn.CreateVersionInfo: Column not updateable - AD_Org_ID - NewValue=0 - OldValue=0
----------->     (WARNING)  MColumn.CreateVersionInfo: Column not updateable - AD_Table_ID - NewValue=135 - OldValue=
----------->     (WARNING)  MColumn.CreateVersionInfo: Virtual Column - ConstraintName
10:00:20.020    (INFO)     Trx.Start: **** ConnSH637068168208332057System.Random
10:00:20.020    (INFO)     Trx.Commit: **C** ConnSH637068168208332057System.Random
10:00:20.020    (INFO)     Trx.Start: **** ConnSH637068168209031086System.Random
10:00:20.020    (INFO)     Trx.Commit: **C** ConnSH637068168209031086System.Random
----------->     (WARNING)  MColumn.CreateVersionInfo: Column not updateable - AD_Client_ID - NewValue=0 - OldValue=0
----------->     (WARNING)  MColumn.CreateVersionInfo: Column not updateable - AD_Org_ID - NewValue=0 - OldValue=0
----------->     (WARNING)  MColumn.CreateVersionInfo: Column not updateable - AD_Table_ID - NewValue=135 - OldValue=
----------->     (WARNING)  MColumn.CreateVersionInfo: Virtual Column - ConstraintName
10:00:21.021    (INFO)     Trx.Start: **** ConnSH637068168212958115System.Random
10:00:21.021    (INFO)     Trx.Commit: **C** ConnSH637068168212958115System.Random
10:00:21.021    (INFO)     Trx.Start: **** ConnSH637068168213628249System.Random
10:00:21.021    (INFO)     Trx.Commit: **C** ConnSH637068168213628249System.Random
----------->     (WARNING)  MColumn.CreateVersionInfo: Column not updateable - AD_Client_ID - NewValue=0 - OldValue=0
----------->     (WARNING)  MColumn.CreateVersionInfo: Column not updateable - AD_Org_ID - NewValue=0 - OldValue=0
----------->     (WARNING)  MColumn.CreateVersionInfo: Column not updateable - AD_Table_ID - NewValue=135 - OldValue=
----------->     (WARNING)  MColumn.CreateVersionInfo: Virtual Column - ConstraintName
10:00:21.021    (INFO)     Trx.Start: **** ConnSH637068168217715587System.Random
10:00:21.021    (INFO)     Trx.Commit: **C** ConnSH637068168217715587System.Random
10:00:21.021    (INFO)     Trx.Start: **** ConnSH637068168218409931System.Random
10:00:21.021    (INFO)     Trx.Commit: **C** ConnSH637068168218409931System.Random
----------->     (WARNING)  MColumn.CreateVersionInfo: Column not updateable - AD_Client_ID - NewValue=0 - OldValue=0
----------->     (WARNING)  MColumn.CreateVersionInfo: Column not updateable - AD_Org_ID - NewValue=0 - OldValue=0
----------->     (WARNING)  MColumn.CreateVersionInfo: Column not updateable - AD_Table_ID - NewValue=135 - OldValue=
----------->     (WARNING)  MColumn.CreateVersionInfo: Virtual Column - ConstraintName
10:00:22.022    (INFO)     Trx.Start: **** ConnSH637068168221830846System.Random
10:00:22.022    (INFO)     Trx.Commit: **C** ConnSH637068168221830846System.Random
10:00:22.022    (INFO)     Trx.Start: **** ConnSH637068168222560830System.Random
10:00:22.022    (INFO)     Trx.Commit: **C** ConnSH637068168222560830System.Random
----------->     (WARNING)  MColumn.CreateVersionInfo: Column not updateable - AD_Client_ID - NewValue=0 - OldValue=0
----------->     (WARNING)  MColumn.CreateVersionInfo: Column not updateable - AD_Org_ID - NewValue=0 - OldValue=0
----------->     (WARNING)  MColumn.CreateVersionInfo: Column not updateable - AD_Table_ID - NewValue=135 - OldValue=
----------->     (WARNING)  MColumn.CreateVersionInfo: Virtual Column - ConstraintName
10:00:22.022    (INFO)     Trx.Start: **** ConnSH637068168226601724System.Random
10:00:22.022    (INFO)     Trx.Commit: **C** ConnSH637068168226601724System.Random
10:00:22.022    (INFO)     Trx.Start: **** ConnSH637068168227491005System.Random
10:00:22.022    (INFO)     Trx.Commit: **C** ConnSH637068168227491005System.Random
----------->     (WARNING)  MColumn.CreateVersionInfo: Column not updateable - AD_Client_ID - NewValue=0 - OldValue=0
----------->     (WARNING)  MColumn.CreateVersionInfo: Column not updateable - AD_Org_ID - NewValue=0 - OldValue=0
----------->     (WARNING)  MColumn.CreateVersionInfo: Column not updateable - AD_Table_ID - NewValue=135 - OldValue=
----------->     (WARNING)  MColumn.CreateVersionInfo: Virtual Column - ConstraintName
10:00:23.023    (INFO)     Trx.Start: **** ConnSH637068168231063335System.Random
10:00:23.023    (INFO)     Trx.Commit: **C** ConnSH637068168231063335System.Random
10:00:23.023    (INFO)     Trx.Start: **** ConnSH637068168231734661System.Random
10:00:23.023    (INFO)     Trx.Commit: **C** ConnSH637068168231734661System.Random
----------->     (WARNING)  MColumn.CreateVersionInfo: Column not updateable - AD_Client_ID - NewValue=0 - OldValue=0
----------->     (WARNING)  MColumn.CreateVersionInfo: Column not updateable - AD_Org_ID - NewValue=0 - OldValue=0
----------->     (WARNING)  MColumn.CreateVersionInfo: Column not updateable - AD_Table_ID - NewValue=135 - OldValue=
----------->     (WARNING)  MColumn.CreateVersionInfo: Virtual Column - ConstraintName
10:00:23.023    (INFO)     Trx.Start: **** ConnSH637068168235440796System.Random
10:00:23.023    (INFO)     Trx.Commit: **C** ConnSH637068168235440796System.Random
10:00:23.023    (INFO)     Trx.Start: **** ConnSH637068168236119889System.Random
10:00:23.023    (INFO)     Trx.Commit: **C** ConnSH637068168236119889System.Random
----------->     (WARNING)  MColumn.CreateVersionInfo: Column not updateable - AD_Client_ID - NewValue=0 - OldValue=0
----------->     (WARNING)  MColumn.CreateVersionInfo: Column not updateable - AD_Org_ID - NewValue=0 - OldValue=0
----------->     (WARNING)  MColumn.CreateVersionInfo: Column not updateable - AD_Table_ID - NewValue=135 - OldValue=
----------->     (WARNING)  MColumn.CreateVersionInfo: Virtual Column - ConstraintName
10:00:23.023    (INFO)     Trx.Start: **** ConnSH637068168239564513System.Random
10:00:24.024    (INFO)     Trx.Commit: **C** ConnSH637068168239564513System.Random
10:00:24.024    (INFO)     Trx.Start: **** ConnSH637068168240283293System.Random
10:00:24.024    (INFO)     Trx.Commit: **C** ConnSH637068168240283293System.Random
----------->     (WARNING)  MColumn.CreateVersionInfo: Column not updateable - AD_Client_ID - NewValue=0 - OldValue=0
----------->     (WARNING)  MColumn.CreateVersionInfo: Column not updateable - AD_Org_ID - NewValue=0 - OldValue=0
----------->     (WARNING)  MColumn.CreateVersionInfo: Column not updateable - AD_Table_ID - NewValue=135 - OldValue=
----------->     (WARNING)  MColumn.CreateVersionInfo: Virtual Column - ConstraintName
10:00:24.024    (INFO)     Trx.Start: **** ConnSH637068168244291522System.Random
10:00:24.024    (INFO)     Trx.Commit: **C** ConnSH637068168244291522System.Random
10:00:24.024    (INFO)     Trx.Start: **** ConnSH637068168245061509System.Random
10:00:24.024    (INFO)     Trx.Commit: **C** ConnSH637068168245061509System.Random
----------->     (WARNING)  MColumn.CreateVersionInfo: Column not updateable - AD_Client_ID - NewValue=0 - OldValue=0
----------->     (WARNING)  MColumn.CreateVersionInfo: Column not updateable - AD_Org_ID - NewValue=0 - OldValue=0
----------->     (WARNING)  MColumn.CreateVersionInfo: Column not updateable - AD_Table_ID - NewValue=135 - OldValue=
----------->     (WARNING)  MColumn.CreateVersionInfo: Virtual Column - ConstraintName
10:00:24.024    (INFO)     Trx.Start: **** ConnSH637068168248850875System.Random
10:00:24.024    (INFO)     Trx.Commit: **C** ConnSH637068168248850875System.Random
10:00:24.024    (INFO)     Trx.Start: **** ConnSH637068168249550863System.Random
10:00:25.025    (INFO)     Trx.Commit: **C** ConnSH637068168249550863System.Random
----------->     (WARNING)  MColumn.CreateVersionInfo: Column not updateable - AD_Client_ID - NewValue=0 - OldValue=0
----------->     (WARNING)  MColumn.CreateVersionInfo: Column not updateable - AD_Org_ID - NewValue=0 - OldValue=0
----------->     (WARNING)  MColumn.CreateVersionInfo: Column not updateable - AD_Table_ID - NewValue=135 - OldValue=
----------->     (WARNING)  MColumn.CreateVersionInfo: Virtual Column - ConstraintName
10:00:25.025    (INFO)     Trx.Start: **** ConnSH637068168252969746System.Random
10:00:25.025    (INFO)     Trx.Commit: **C** ConnSH637068168252969746System.Random
10:00:25.025    (INFO)     Trx.Start: **** ConnSH637068168253638252System.Random
10:00:25.025    (INFO)     Trx.Commit: **C** ConnSH637068168253638252System.Random
----------->     (WARNING)  MColumn.CreateVersionInfo: Column not updateable - AD_Client_ID - NewValue=0 - OldValue=0
----------->     (WARNING)  MColumn.CreateVersionInfo: Column not updateable - AD_Org_ID - NewValue=0 - OldValue=0
----------->     (WARNING)  MColumn.CreateVersionInfo: Column not updateable - AD_Table_ID - NewValue=135 - OldValue=
----------->     (WARNING)  MColumn.CreateVersionInfo: Virtual Column - ConstraintName
10:00:25.025    (INFO)     Trx.Start: **** ConnSH637068168257720215System.Random
10:00:25.025    (INFO)     Trx.Commit: **C** ConnSH637068168257720215System.Random
10:00:25.025    (INFO)     Trx.Start: **** ConnSH637068168258405059System.Random
10:00:25.025    (INFO)     Trx.Commit: **C** ConnSH637068168258405059System.Random
----------->     (WARNING)  MColumn.CreateVersionInfo: Column not updateable - AD_Client_ID - NewValue=0 - OldValue=0
----------->     (WARNING)  MColumn.CreateVersionInfo: Column not updateable - AD_Org_ID - NewValue=0 - OldValue=0
----------->     (WARNING)  MColumn.CreateVersionInfo: Column not updateable - AD_Table_ID - NewValue=135 - OldValue=
----------->     (WARNING)  MColumn.CreateVersionInfo: Virtual Column - ConstraintName
10:00:26.026    (INFO)     Trx.Start: **** ConnSH637068168262329446System.Random
10:00:26.026    (INFO)     Trx.Commit: **C** ConnSH637068168262329446System.Random
10:00:26.026    (INFO)     Trx.Start: **** ConnSH637068168263049440System.Random
10:00:26.026    (INFO)     Trx.Commit: **C** ConnSH637068168263049440System.Random
----------->     (WARNING)  MColumn.CreateVersionInfo: Column not updateable - AD_Client_ID - NewValue=0 - OldValue=0
----------->     (WARNING)  MColumn.CreateVersionInfo: Column not updateable - AD_Org_ID - NewValue=0 - OldValue=0
----------->     (WARNING)  MColumn.CreateVersionInfo: Column not updateable - AD_Table_ID - NewValue=135 - OldValue=
----------->     (WARNING)  MColumn.CreateVersionInfo: Virtual Column - ConstraintName
10:00:26.026    (INFO)     Trx.Start: **** ConnSH637068168267659366System.Random
10:00:26.026    (INFO)     Trx.Commit: **C** ConnSH637068168267659366System.Random
10:00:26.026    (INFO)     Trx.Start: **** ConnSH637068168268339366System.Random
10:00:26.026    (INFO)     Trx.Commit: **C** ConnSH637068168268339366System.Random
----------->     (WARNING)  MColumn.CreateVersionInfo: Column not updateable - AD_Client_ID - NewValue=0 - OldValue=0
----------->     (WARNING)  MColumn.CreateVersionInfo: Column not updateable - AD_Org_ID - NewValue=0 - OldValue=0
----------->     (WARNING)  MColumn.CreateVersionInfo: Column not updateable - AD_Table_ID - NewValue=135 - OldValue=
----------->     (WARNING)  MColumn.CreateVersionInfo: Virtual Column - ConstraintName
10:00:27.027    (INFO)     Trx.Start: **** ConnSH637068168272030511System.Random
10:00:27.027    (INFO)     Trx.Commit: **C** ConnSH637068168272030511System.Random
10:00:27.027    (INFO)     Trx.Start: **** ConnSH637068168272810569System.Random
10:00:27.027    (INFO)     Trx.Commit: **C** ConnSH637068168272810569System.Random
----------->     (WARNING)  MColumn.CreateVersionInfo: Column not updateable - AD_Client_ID - NewValue=0 - OldValue=0
----------->     (WARNING)  MColumn.CreateVersionInfo: Column not updateable - AD_Org_ID - NewValue=0 - OldValue=0
----------->     (WARNING)  MColumn.CreateVersionInfo: Column not updateable - AD_Table_ID - NewValue=135 - OldValue=
----------->     (WARNING)  MColumn.CreateVersionInfo: Virtual Column - ConstraintName
10:00:27.027    (INFO)     Trx.Start: **** ConnSH637068168276859441System.Random
10:00:27.027    (INFO)     Trx.Commit: **C** ConnSH637068168276859441System.Random
10:00:27.027    (INFO)     Trx.Start: **** ConnSH637068168277569434System.Random
10:00:27.027    (INFO)     Trx.Commit: **C** ConnSH637068168277569434System.Random
----------->     (WARNING)  MColumn.CreateVersionInfo: Column not updateable - AD_Client_ID - NewValue=0 - OldValue=0
----------->     (WARNING)  MColumn.CreateVersionInfo: Column not updateable - AD_Org_ID - NewValue=0 - OldValue=0
----------->     (WARNING)  MColumn.CreateVersionInfo: Column not updateable - AD_Table_ID - NewValue=135 - OldValue=
----------->     (WARNING)  MColumn.CreateVersionInfo: Virtual Column - ConstraintName
10:00:28.028    (INFO)     Trx.Start: **** ConnSH637068168281189419System.Random
10:00:28.028    (INFO)     Trx.Commit: **C** ConnSH637068168281189419System.Random
10:00:28.028    (INFO)     Trx.Start: **** ConnSH637068168281869433System.Random
10:00:28.028    (INFO)     Trx.Commit: **C** ConnSH637068168281869433System.Random
----------->     (WARNING)  MColumn.CreateVersionInfo: Column not updateable - AD_Client_ID - NewValue=0 - OldValue=0
----------->     (WARNING)  MColumn.CreateVersionInfo: Column not updateable - AD_Org_ID - NewValue=0 - OldValue=0
----------->     (WARNING)  MColumn.CreateVersionInfo: Column not updateable - AD_Table_ID - NewValue=135 - OldValue=
----------->     (WARNING)  MColumn.CreateVersionInfo: Virtual Column - ConstraintName
10:00:28.028    (INFO)     Trx.Start: **** ConnSH637068168285049401System.Random
10:00:28.028    (INFO)     Trx.Commit: **C** ConnSH637068168285049401System.Random
10:00:28.028    (INFO)     Trx.Start: **** ConnSH637068168285699411System.Random
10:00:28.028    (INFO)     Trx.Commit: **C** ConnSH637068168285699411System.Random
----------->     (WARNING)  MColumn.CreateVersionInfo: Column not updateable - AD_Client_ID - NewValue=0 - OldValue=0
----------->     (WARNING)  MColumn.CreateVersionInfo: Column not updateable - AD_Org_ID - NewValue=0 - OldValue=0
----------->     (WARNING)  MColumn.CreateVersionInfo: Column not updateable - AD_Table_ID - NewValue=135 - OldValue=
----------->     (WARNING)  MColumn.CreateVersionInfo: Virtual Column - ConstraintName
10:00:28.028    (INFO)     Trx.Start: **** ConnSH637068168289354871System.Random
10:00:29.029    (INFO)     Trx.Commit: **C** ConnSH637068168289354871System.Random
10:00:29.029    (INFO)     Trx.Start: **** ConnSH637068168290076866System.Random
10:00:29.029    (INFO)     Trx.Commit: **C** ConnSH637068168290076866System.Random
----------->     (WARNING)  MColumn.CreateVersionInfo: Column not updateable - AD_Client_ID - NewValue=0 - OldValue=0
----------->     (WARNING)  MColumn.CreateVersionInfo: Column not updateable - AD_Org_ID - NewValue=0 - OldValue=0
----------->     (WARNING)  MColumn.CreateVersionInfo: Column not updateable - AD_Table_ID - NewValue=135 - OldValue=
----------->     (WARNING)  MColumn.CreateVersionInfo: Virtual Column - ConstraintName
10:00:29.029    (INFO)     Trx.Start: **** ConnSH637068168294380736System.Random
10:00:29.029    (INFO)     Trx.Commit: **C** ConnSH637068168294380736System.Random
10:00:29.029    (INFO)     Trx.Start: **** ConnSH637068168295048772System.Random
10:00:29.029    (INFO)     Trx.Commit: **C** ConnSH637068168295048772System.Random
----------->     (WARNING)  MColumn.CreateVersionInfo: Column not updateable - AD_Client_ID - NewValue=0 - OldValue=0
----------->     (WARNING)  MColumn.CreateVersionInfo: Column not updateable - AD_Org_ID - NewValue=0 - OldValue=0
----------->     (WARNING)  MColumn.CreateVersionInfo: Column not updateable - AD_Table_ID - NewValue=135 - OldValue=
----------->     (WARNING)  MColumn.CreateVersionInfo: Virtual Column - ConstraintName
10:00:29.029    (INFO)     Trx.Start: **** ConnSH637068168299022452System.Random
10:00:29.029    (INFO)     Trx.Commit: **C** ConnSH637068168299022452System.Random
10:00:29.029    (INFO)     Trx.Start: **** ConnSH637068168299692456System.Random
10:00:30.030    (INFO)     Trx.Commit: **C** ConnSH637068168299692456System.Random
----------->     (WARNING)  MColumn.CreateVersionInfo: Column not updateable - AD_Client_ID - NewValue=0 - OldValue=0
----------->     (WARNING)  MColumn.CreateVersionInfo: Column not updateable - AD_Org_ID - NewValue=0 - OldValue=0
----------->     (WARNING)  MColumn.CreateVersionInfo: Column not updateable - AD_Table_ID - NewValue=135 - OldValue=
----------->     (WARNING)  MColumn.CreateVersionInfo: Virtual Column - ConstraintName
10:00:30.030    (INFO)     Trx.Start: **** ConnSH637068168303648186System.Random
10:00:30.030    (INFO)     Trx.Commit: **C** ConnSH637068168303648186System.Random
10:00:30.030    (INFO)     Trx.Start: **** ConnSH637068168304351432System.Random
10:00:30.030    (INFO)     Trx.Commit: **C** ConnSH637068168304351432System.Random
----------->     (WARNING)  MColumn.CreateVersionInfo: Column not updateable - AD_Client_ID - NewValue=0 - OldValue=0
----------->     (WARNING)  MColumn.CreateVersionInfo: Column not updateable - AD_Org_ID - NewValue=0 - OldValue=0
----------->     (WARNING)  MColumn.CreateVersionInfo: Column not updateable - AD_Table_ID - NewValue=135 - OldValue=
----------->     (WARNING)  MColumn.CreateVersionInfo: Virtual Column - ConstraintName
10:00:30.030    (INFO)     Trx.Start: **** ConnSH637068168308028354System.Random
10:00:30.030    (INFO)     Trx.Commit: **C** ConnSH637068168308028354System.Random
10:00:30.030    (INFO)     Trx.Start: **** ConnSH637068168308738365System.Random
10:00:30.030    (INFO)     Trx.Commit: **C** ConnSH637068168308738365System.Random
----------->     (WARNING)  MColumn.CreateVersionInfo: Column not updateable - AD_Client_ID - NewValue=0 - OldValue=0
----------->     (WARNING)  MColumn.CreateVersionInfo: Column not updateable - AD_Org_ID - NewValue=0 - OldValue=0
----------->     (WARNING)  MColumn.CreateVersionInfo: Column not updateable - AD_Table_ID - NewValue=135 - OldValue=
----------->     (WARNING)  MColumn.CreateVersionInfo: Virtual Column - ConstraintName
10:00:31.031    (INFO)     Trx.Start: **** ConnSH637068168312518437System.Random
10:00:31.031    (INFO)     Trx.Commit: **C** ConnSH637068168312518437System.Random
10:00:31.031    (INFO)     Trx.Start: **** ConnSH637068168313219082System.Random
10:00:31.031    (INFO)     Trx.Commit: **C** ConnSH637068168313219082System.Random
----------->     (WARNING)  MColumn.CreateVersionInfo: Column not updateable - AD_Client_ID - NewValue=0 - OldValue=0
----------->     (WARNING)  MColumn.CreateVersionInfo: Column not updateable - AD_Org_ID - NewValue=0 - OldValue=0
----------->     (WARNING)  MColumn.CreateVersionInfo: Column not updateable - AD_Table_ID - NewValue=135 - OldValue=
----------->     (WARNING)  MColumn.CreateVersionInfo: Virtual Column - ConstraintName
10:00:31.031    (INFO)     Trx.Start: **** ConnSH637068168316950153System.Random
10:00:31.031    (INFO)     Trx.Commit: **C** ConnSH637068168316950153System.Random
10:00:31.031    (INFO)     Trx.Start: **** ConnSH637068168317690130System.Random
10:00:31.031    (INFO)     Trx.Commit: **C** ConnSH637068168317690130System.Random
----------->     (WARNING)  MColumn.CreateVersionInfo: Column not updateable - AD_Client_ID - NewValue=0 - OldValue=0
----------->     (WARNING)  MColumn.CreateVersionInfo: Column not updateable - AD_Org_ID - NewValue=0 - OldValue=0
----------->     (WARNING)  MColumn.CreateVersionInfo: Column not updateable - AD_Table_ID - NewValue=135 - OldValue=
----------->     (WARNING)  MColumn.CreateVersionInfo: Virtual Column - ConstraintName
10:00:32.032    (INFO)     Trx.Start: **** ConnSH637068168321176782System.Random
10:00:32.032    (INFO)     Trx.Commit: **C** ConnSH637068168321176782System.Random
10:00:32.032    (INFO)     Trx.Start: **** ConnSH637068168321855333System.Random
10:00:32.032    (INFO)     Trx.Commit: **C** ConnSH637068168321855333System.Random
----------->     (WARNING)  MColumn.CreateVersionInfo: Column not updateable - AD_Client_ID - NewValue=0 - OldValue=0
----------->     (WARNING)  MColumn.CreateVersionInfo: Column not updateable - AD_Org_ID - NewValue=0 - OldValue=0
----------->     (WARNING)  MColumn.CreateVersionInfo: Column not updateable - AD_Table_ID - NewValue=135 - OldValue=
----------->     (WARNING)  MColumn.CreateVersionInfo: Virtual Column - ConstraintName
10:00:32.032    (INFO)     Trx.Start: **** ConnSH637068168325535808System.Random
10:00:32.032    (INFO)     Trx.Commit: **C** ConnSH637068168325535808System.Random
10:00:32.032    (INFO)     Trx.Start: **** ConnSH637068168326474300System.Random
10:00:32.032    (INFO)     Trx.Commit: **C** ConnSH637068168326474300System.Random
----------->     (WARNING)  MColumn.CreateVersionInfo: Column not updateable - AD_Client_ID - NewValue=0 - OldValue=0
----------->     (WARNING)  MColumn.CreateVersionInfo: Column not updateable - AD_Org_ID - NewValue=0 - OldValue=0
----------->     (WARNING)  MColumn.CreateVersionInfo: Column not updateable - AD_Table_ID - NewValue=135 - OldValue=
----------->     (WARNING)  MColumn.CreateVersionInfo: Virtual Column - ConstraintName
10:00:33.033    (INFO)     Trx.Start: **** ConnSH637068168330052152System.Random
10:00:33.033    (INFO)     Trx.Commit: **C** ConnSH637068168330052152System.Random
10:00:33.033    (INFO)     Trx.Start: **** ConnSH637068168330722109System.Random
10:00:33.033    (INFO)     Trx.Commit: **C** ConnSH637068168330722109System.Random
----------->     (WARNING)  MColumn.CreateVersionInfo: Column not updateable - AD_Client_ID - NewValue=0 - OldValue=0
----------->     (WARNING)  MColumn.CreateVersionInfo: Column not updateable - AD_Org_ID - NewValue=0 - OldValue=0
----------->     (WARNING)  MColumn.CreateVersionInfo: Column not updateable - AD_Table_ID - NewValue=135 - OldValue=
----------->     (WARNING)  MColumn.CreateVersionInfo: Virtual Column - ConstraintName
10:00:33.033    (INFO)     Trx.Start: **** ConnSH637068168334358655System.Random
10:00:33.033    (INFO)     Trx.Commit: **C** ConnSH637068168334358655System.Random
10:00:33.033    (INFO)     Trx.Start: **** ConnSH637068168335051755System.Random
10:00:33.033    (INFO)     Trx.Commit: **C** ConnSH637068168335051755System.Random
----------->     (WARNING)  MColumn.CreateVersionInfo: Column not updateable - AD_Client_ID - NewValue=0 - OldValue=0
----------->     (WARNING)  MColumn.CreateVersionInfo: Column not updateable - AD_Org_ID - NewValue=0 - OldValue=0
----------->     (WARNING)  MColumn.CreateVersionInfo: Column not updateable - AD_Table_ID - NewValue=135 - OldValue=
----------->     (WARNING)  MColumn.CreateVersionInfo: Virtual Column - ConstraintName
10:00:33.033    (INFO)     Trx.Start: **** ConnSH637068168338874731System.Random
10:00:33.033    (INFO)     Trx.Commit: **C** ConnSH637068168338874731System.Random
10:00:33.033    (INFO)     Trx.Start: **** ConnSH637068168339544647System.Random
10:00:34.034    (INFO)     Trx.Commit: **C** ConnSH637068168339544647System.Random
----------->     (WARNING)  MColumn.CreateVersionInfo: Column not updateable - AD_Client_ID - NewValue=0 - OldValue=0
----------->     (WARNING)  MColumn.CreateVersionInfo: Column not updateable - AD_Org_ID - NewValue=0 - OldValue=0
----------->     (WARNING)  MColumn.CreateVersionInfo: Column not updateable - AD_Table_ID - NewValue=135 - OldValue=
----------->     (WARNING)  MColumn.CreateVersionInfo: Virtual Column - ConstraintName
10:00:34.034    (INFO)     Trx.Start: **** ConnSH637068168343354700System.Random
10:00:34.034    (INFO)     Trx.Commit: **C** ConnSH637068168343354700System.Random
10:00:34.034    (INFO)     Trx.Start: **** ConnSH637068168344020176System.Random
10:00:34.034    (INFO)     Trx.Commit: **C** ConnSH637068168344020176System.Random
----------->     (WARNING)  MColumn.CreateVersionInfo: Column not updateable - AD_Client_ID - NewValue=0 - OldValue=0
----------->     (WARNING)  MColumn.CreateVersionInfo: Column not updateable - AD_Org_ID - NewValue=0 - OldValue=0
----------->     (WARNING)  MColumn.CreateVersionInfo: Column not updateable - AD_Table_ID - NewValue=135 - OldValue=
----------->     (WARNING)  MColumn.CreateVersionInfo: Virtual Column - ConstraintName
10:00:34.034    (INFO)     Trx.Start: **** ConnSH637068168347765231System.Random
10:00:34.034    (INFO)     Trx.Commit: **C** ConnSH637068168347765231System.Random
10:00:34.034    (INFO)     Trx.Start: **** ConnSH637068168348512639System.Random
10:00:34.034    (INFO)     Trx.Commit: **C** ConnSH637068168348512639System.Random
----------->     (WARNING)  MColumn.CreateVersionInfo: Column not updateable - AD_Client_ID - NewValue=0 - OldValue=0
----------->     (WARNING)  MColumn.CreateVersionInfo: Column not updateable - AD_Org_ID - NewValue=0 - OldValue=0
----------->     (WARNING)  MColumn.CreateVersionInfo: Column not updateable - AD_Table_ID - NewValue=135 - OldValue=
----------->     (WARNING)  MColumn.CreateVersionInfo: Virtual Column - ConstraintName
10:00:35.035    (INFO)     Trx.Start: **** ConnSH637068168352208818System.Random
10:00:35.035    (INFO)     Trx.Commit: **C** ConnSH637068168352208818System.Random
10:00:35.035    (INFO)     Trx.Start: **** ConnSH637068168352898870System.Random
10:00:35.035    (INFO)     Trx.Commit: **C** ConnSH637068168352898870System.Random
10:00:35.035    (INFO)     CacheMgt.Reset: AD_Process: #1 (1)
10:00:35.035    (INFO)     Trx.Commit: **C** SvrProcess
10:00:35.035    (INFO)     Trx.Start: **** SvrProcess
10:00:35.035    (INFO)     Trx.Start: **** ConnSH637068168359693326System.Random
10:00:36.036    (INFO)     Trx.Commit: **C** ConnSH637068168359693326System.Random
10:00:36.036    (INFO)     Trx.Start: **** ConnSH637068168361054307System.Random
10:00:36.036    (INFO)     Trx.Commit: **C** ConnSH637068168361054307System.Random
----------->     (WARNING)  MTab.CreateVerTab: Column not updateable - AD_Client_ID - NewValue=0 - OldValue=0
----------->     (WARNING)  MTab.CreateVerTab: Column not updateable - AD_Org_ID - NewValue=0 - OldValue=0
----------->     (WARNING)  MTab.CreateVerTab: Column not updateable - AD_Window_ID - NewValue=127 - OldValue=
10:00:44.044    (INFO)     Trx.Start: **** ConnSH637068168440894337System.Random
10:00:44.044    (INFO)     Trx.Commit: **C** ConnSH637068168440894337System.Random
10:00:44.044    (INFO)     Trx.Start: **** ConnSH637068168442112667System.Random
10:00:44.044    (INFO)     Trx.Commit: **C** ConnSH637068168442112667System.Random
----------->     (WARNING)  MField.CreateVerFields: Column not updateable - AD_Client_ID - NewValue=0 - OldValue=0
----------->     (WARNING)  MField.CreateVerFields: Column not updateable - AD_Org_ID - NewValue=0 - OldValue=0
----------->     (WARNING)  MField.CreateVerFields: Column not updateable - AD_Tab_ID - NewValue=152 - OldValue=
10:00:48.048    (INFO)     Trx.Start: **** ConnSH637068168483015417System.Random
10:00:48.048    (INFO)     Trx.Commit: **C** ConnSH637068168483015417System.Random
10:00:48.048    (INFO)     Trx.Start: **** ConnSH637068168484449561System.Random
10:00:48.048    (INFO)     Trx.Commit: **C** ConnSH637068168484449561System.Random
----------->     (WARNING)  MField.CreateVerFields: Column not updateable - AD_Client_ID - NewValue=0 - OldValue=0
----------->     (WARNING)  MField.CreateVerFields: Column not updateable - AD_Org_ID - NewValue=0 - OldValue=0
----------->     (WARNING)  MField.CreateVerFields: Column not updateable - AD_Tab_ID - NewValue=152 - OldValue=
10:00:48.048    (INFO)     Trx.Start: **** ConnSH637068168489876871System.Random
10:00:49.049    (INFO)     Trx.Commit: **C** ConnSH637068168489876871System.Random
10:00:49.049    (INFO)     Trx.Start: **** ConnSH637068168490576855System.Random
10:00:49.049    (INFO)     Trx.Commit: **C** ConnSH637068168490576855System.Random
----------->     (WARNING)  MField.CreateVerFields: Column not updateable - AD_Client_ID - NewValue=0 - OldValue=0
----------->     (WARNING)  MField.CreateVerFields: Column not updateable - AD_Org_ID - NewValue=0 - OldValue=0
----------->     (WARNING)  MField.CreateVerFields: Column not updateable - AD_Tab_ID - NewValue=152 - OldValue=
10:00:49.049    (INFO)     Trx.Start: **** ConnSH637068168493630870System.Random
10:00:49.049    (INFO)     Trx.Commit: **C** ConnSH637068168493630870System.Random
10:00:49.049    (INFO)     Trx.Start: **** ConnSH637068168494491656System.Random
10:00:49.049    (INFO)     Trx.Commit: **C** ConnSH637068168494491656System.Random
----------->     (WARNING)  MField.CreateVerFields: Column not updateable - AD_Client_ID - NewValue=0 - OldValue=0
----------->     (WARNING)  MField.CreateVerFields: Column not updateable - AD_Org_ID - NewValue=0 - OldValue=0
----------->     (WARNING)  MField.CreateVerFields: Column not updateable - AD_Tab_ID - NewValue=152 - OldValue=
10:00:49.049    (INFO)     Trx.Start: **** ConnSH637068168498001705System.Random
10:00:49.049    (INFO)     Trx.Commit: **C** ConnSH637068168498001705System.Random
10:00:49.049    (INFO)     Trx.Start: **** ConnSH637068168498876056System.Random
10:00:49.049    (INFO)     Trx.Commit: **C** ConnSH637068168498876056System.Random
----------->     (WARNING)  MField.CreateVerFields: Column not updateable - AD_Client_ID - NewValue=0 - OldValue=0
----------->     (WARNING)  MField.CreateVerFields: Column not updateable - AD_Org_ID - NewValue=0 - OldValue=0
----------->     (WARNING)  MField.CreateVerFields: Column not updateable - AD_Tab_ID - NewValue=152 - OldValue=
10:00:50.050    (INFO)     Trx.Start: **** ConnSH637068168501954065System.Random
10:00:50.050    (INFO)     Trx.Commit: **C** ConnSH637068168501954065System.Random
10:00:50.050    (INFO)     Trx.Start: **** ConnSH637068168502662960System.Random
10:00:50.050    (INFO)     Trx.Commit: **C** ConnSH637068168502662960System.Random
----------->     (WARNING)  MField.CreateVerFields: Column not updateable - AD_Client_ID - NewValue=0 - OldValue=0
----------->     (WARNING)  MField.CreateVerFields: Column not updateable - AD_Org_ID - NewValue=0 - OldValue=0
----------->     (WARNING)  MField.CreateVerFields: Column not updateable - AD_Tab_ID - NewValue=152 - OldValue=
10:00:50.050    (INFO)     Trx.Start: **** ConnSH637068168505554545System.Random
10:00:50.050    (INFO)     Trx.Commit: **C** ConnSH637068168505554545System.Random
10:00:50.050    (INFO)     Trx.Start: **** ConnSH637068168506353960System.Random
10:00:50.050    (INFO)     Trx.Commit: **C** ConnSH637068168506353960System.Random
----------->     (WARNING)  MField.CreateVerFields: Column not updateable - AD_Client_ID - NewValue=0 - OldValue=0
----------->     (WARNING)  MField.CreateVerFields: Column not updateable - AD_Org_ID - NewValue=0 - OldValue=0
----------->     (WARNING)  MField.CreateVerFields: Column not updateable - AD_Tab_ID - NewValue=152 - OldValue=
10:00:50.050    (INFO)     Trx.Start: **** ConnSH637068168509212021System.Random
10:00:50.050    (INFO)     Trx.Commit: **C** ConnSH637068168509212021System.Random
10:00:51.051    (INFO)     Trx.Start: **** ConnSH637068168510008938System.Random
10:00:51.051    (INFO)     Trx.Commit: **C** ConnSH637068168510008938System.Random
----------->     (WARNING)  MField.CreateVerFields: Column not updateable - AD_Client_ID - NewValue=0 - OldValue=0
----------->     (WARNING)  MField.CreateVerFields: Column not updateable - AD_Org_ID - NewValue=0 - OldValue=0
----------->     (WARNING)  MField.CreateVerFields: Column not updateable - AD_Tab_ID - NewValue=152 - OldValue=
10:00:51.051    (INFO)     Trx.Start: **** ConnSH637068168512899551System.Random
10:00:51.051    (INFO)     Trx.Commit: **C** ConnSH637068168512899551System.Random
10:00:51.051    (INFO)     Trx.Start: **** ConnSH637068168513729929System.Random
10:00:51.051    (INFO)     Trx.Commit: **C** ConnSH637068168513729929System.Random
----------->     (WARNING)  MField.CreateVerFields: Column not updateable - AD_Client_ID - NewValue=0 - OldValue=0
----------->     (WARNING)  MField.CreateVerFields: Column not updateable - AD_Org_ID - NewValue=0 - OldValue=0
----------->     (WARNING)  MField.CreateVerFields: Column not updateable - AD_Tab_ID - NewValue=152 - OldValue=
10:00:51.051    (INFO)     Trx.Start: **** ConnSH637068168516610752System.Random
10:00:51.051    (INFO)     Trx.Commit: **C** ConnSH637068168516610752System.Random
10:00:51.051    (INFO)     Trx.Start: **** ConnSH637068168517335400System.Random
10:00:51.051    (INFO)     Trx.Commit: **C** ConnSH637068168517335400System.Random
----------->     (WARNING)  MField.CreateVerFields: Column not updateable - AD_Client_ID - NewValue=0 - OldValue=0
----------->     (WARNING)  MField.CreateVerFields: Column not updateable - AD_Org_ID - NewValue=0 - OldValue=0
----------->     (WARNING)  MField.CreateVerFields: Column not updateable - AD_Tab_ID - NewValue=152 - OldValue=
10:00:52.052    (INFO)     Trx.Start: **** ConnSH637068168520395007System.Random
10:00:52.052    (INFO)     Trx.Commit: **C** ConnSH637068168520395007System.Random
10:00:52.052    (INFO)     Trx.Start: **** ConnSH637068168521098927System.Random
10:00:52.052    (INFO)     Trx.Commit: **C** ConnSH637068168521098927System.Random
----------->     (WARNING)  MField.CreateVerFields: Column not updateable - AD_Client_ID - NewValue=0 - OldValue=0
----------->     (WARNING)  MField.CreateVerFields: Column not updateable - AD_Org_ID - NewValue=0 - OldValue=0
----------->     (WARNING)  MField.CreateVerFields: Column not updateable - AD_Tab_ID - NewValue=152 - OldValue=
10:00:52.052    (INFO)     Trx.Start: **** ConnSH637068168524163234System.Random
10:00:52.052    (INFO)     Trx.Commit: **C** ConnSH637068168524163234System.Random
10:00:52.052    (INFO)     Trx.Start: **** ConnSH637068168524828672System.Random
10:00:52.052    (INFO)     Trx.Commit: **C** ConnSH637068168524828672System.Random
----------->     (WARNING)  MField.CreateVerFields: Column not updateable - AD_Client_ID - NewValue=0 - OldValue=0
----------->     (WARNING)  MField.CreateVerFields: Column not updateable - AD_Org_ID - NewValue=0 - OldValue=0
----------->     (WARNING)  MField.CreateVerFields: Column not updateable - AD_Tab_ID - NewValue=152 - OldValue=
10:00:52.052    (INFO)     Trx.Start: **** ConnSH637068168527628813System.Random
10:00:52.052    (INFO)     Trx.Commit: **C** ConnSH637068168527628813System.Random
10:00:52.052    (INFO)     Trx.Start: **** ConnSH637068168528327268System.Random
10:00:52.052    (INFO)     Trx.Commit: **C** ConnSH637068168528327268System.Random
----------->     (WARNING)  MField.CreateVerFields: Column not updateable - AD_Client_ID - NewValue=0 - OldValue=0
----------->     (WARNING)  MField.CreateVerFields: Column not updateable - AD_Org_ID - NewValue=0 - OldValue=0
----------->     (WARNING)  MField.CreateVerFields: Column not updateable - AD_Tab_ID - NewValue=152 - OldValue=
10:00:53.053    (INFO)     Trx.Start: **** ConnSH637068168531082914System.Random
10:00:53.053    (INFO)     Trx.Commit: **C** ConnSH637068168531082914System.Random
10:00:53.053    (INFO)     Trx.Start: **** ConnSH637068168531760567System.Random
10:00:53.053    (INFO)     Trx.Commit: **C** ConnSH637068168531760567System.Random
----------->     (WARNING)  MField.CreateVerFields: Column not updateable - AD_Client_ID - NewValue=0 - OldValue=0
----------->     (WARNING)  MField.CreateVerFields: Column not updateable - AD_Org_ID - NewValue=0 - OldValue=0
----------->     (WARNING)  MField.CreateVerFields: Column not updateable - AD_Tab_ID - NewValue=152 - OldValue=
10:00:53.053    (INFO)     Trx.Start: **** ConnSH637068168535019099System.Random
10:00:53.053    (INFO)     Trx.Commit: **C** ConnSH637068168535019099System.Random
10:00:53.053    (INFO)     Trx.Start: **** ConnSH637068168535744508System.Random
10:00:53.053    (INFO)     Trx.Commit: **C** ConnSH637068168535744508System.Random
----------->     (WARNING)  MField.CreateVerFields: Column not updateable - AD_Client_ID - NewValue=0 - OldValue=0
----------->     (WARNING)  MField.CreateVerFields: Column not updateable - AD_Org_ID - NewValue=0 - OldValue=0
----------->     (WARNING)  MField.CreateVerFields: Column not updateable - AD_Tab_ID - NewValue=152 - OldValue=
10:00:53.053    (INFO)     Trx.Start: **** ConnSH637068168538672482System.Random
10:00:53.053    (INFO)     Trx.Commit: **C** ConnSH637068168538672482System.Random
10:00:53.053    (INFO)     Trx.Start: **** ConnSH637068168539402914System.Random
10:00:54.054    (INFO)     Trx.Commit: **C** ConnSH637068168539402914System.Random
----------->     (WARNING)  MField.CreateVerFields: Column not updateable - AD_Client_ID - NewValue=0 - OldValue=0
----------->     (WARNING)  MField.CreateVerFields: Column not updateable - AD_Org_ID - NewValue=0 - OldValue=0
----------->     (WARNING)  MField.CreateVerFields: Column not updateable - AD_Tab_ID - NewValue=152 - OldValue=
10:00:54.054    (INFO)     Trx.Start: **** ConnSH637068168543217020System.Random
10:00:54.054    (INFO)     Trx.Commit: **C** ConnSH637068168543217020System.Random
10:00:54.054    (INFO)     Trx.Start: **** ConnSH637068168544016949System.Random
10:00:54.054    (INFO)     Trx.Commit: **C** ConnSH637068168544016949System.Random
----------->     (WARNING)  MField.CreateVerFields: Column not updateable - AD_Client_ID - NewValue=0 - OldValue=0
----------->     (WARNING)  MField.CreateVerFields: Column not updateable - AD_Org_ID - NewValue=0 - OldValue=0
----------->     (WARNING)  MField.CreateVerFields: Column not updateable - AD_Tab_ID - NewValue=152 - OldValue=
10:00:54.054    (INFO)     Trx.Start: **** ConnSH637068168546806961System.Random
10:00:54.054    (INFO)     Trx.Commit: **C** ConnSH637068168546806961System.Random
10:00:54.054    (INFO)     Trx.Start: **** ConnSH637068168547556937System.Random
10:00:54.054    (INFO)     Trx.Commit: **C** ConnSH637068168547556937System.Random
----------->     (WARNING)  MField.CreateVerFields: Column not updateable - AD_Client_ID - NewValue=0 - OldValue=0
----------->     (WARNING)  MField.CreateVerFields: Column not updateable - AD_Org_ID - NewValue=0 - OldValue=0
----------->     (WARNING)  MField.CreateVerFields: Column not updateable - AD_Tab_ID - NewValue=152 - OldValue=
10:00:55.055    (INFO)     Trx.Start: **** ConnSH637068168550756921System.Random
10:00:55.055    (INFO)     Trx.Commit: **C** ConnSH637068168550756921System.Random
10:00:55.055    (INFO)     Trx.Start: **** ConnSH637068168551406934System.Random
10:00:55.055    (INFO)     Trx.Commit: **C** ConnSH637068168551406934System.Random
----------->     (WARNING)  MField.CreateVerFields: Column not updateable - AD_Client_ID - NewValue=0 - OldValue=0
----------->     (WARNING)  MField.CreateVerFields: Column not updateable - AD_Org_ID - NewValue=0 - OldValue=0
----------->     (WARNING)  MField.CreateVerFields: Column not updateable - AD_Tab_ID - NewValue=152 - OldValue=
10:00:55.055    (INFO)     Trx.Start: **** ConnSH637068168554419918System.Random
10:00:55.055    (INFO)     Trx.Commit: **C** ConnSH637068168554419918System.Random
10:00:55.055    (INFO)     Trx.Start: **** ConnSH637068168555296168System.Random
10:00:55.055    (INFO)     Trx.Commit: **C** ConnSH637068168555296168System.Random
----------->     (WARNING)  MField.CreateVerFields: Column not updateable - AD_Client_ID - NewValue=0 - OldValue=0
----------->     (WARNING)  MField.CreateVerFields: Column not updateable - AD_Org_ID - NewValue=0 - OldValue=0
----------->     (WARNING)  MField.CreateVerFields: Column not updateable - AD_Tab_ID - NewValue=152 - OldValue=
10:00:55.055    (INFO)     Trx.Start: **** ConnSH637068168558437696System.Random
10:00:55.055    (INFO)     Trx.Commit: **C** ConnSH637068168558437696System.Random
10:00:55.055    (INFO)     Trx.Start: **** ConnSH637068168559166597System.Random
10:00:55.055    (INFO)     Trx.Commit: **C** ConnSH637068168559166597System.Random
----------->     (WARNING)  MField.CreateVerFields: Column not updateable - AD_Client_ID - NewValue=0 - OldValue=0
----------->     (WARNING)  MField.CreateVerFields: Column not updateable - AD_Org_ID - NewValue=0 - OldValue=0
----------->     (WARNING)  MField.CreateVerFields: Column not updateable - AD_Tab_ID - NewValue=152 - OldValue=
10:00:56.056    (INFO)     Trx.Start: **** ConnSH637068168562189531System.Random
10:00:56.056    (INFO)     Trx.Commit: **C** ConnSH637068168562189531System.Random
10:00:56.056    (INFO)     Trx.Start: **** ConnSH637068168562885301System.Random
10:00:56.056    (INFO)     Trx.Commit: **C** ConnSH637068168562885301System.Random
----------->     (WARNING)  MField.CreateVerFields: Column not updateable - AD_Client_ID - NewValue=0 - OldValue=0
----------->     (WARNING)  MField.CreateVerFields: Column not updateable - AD_Org_ID - NewValue=0 - OldValue=0
----------->     (WARNING)  MField.CreateVerFields: Column not updateable - AD_Tab_ID - NewValue=152 - OldValue=
10:00:56.056    (INFO)     Trx.Start: **** ConnSH637068168565921008System.Random
10:00:56.056    (INFO)     Trx.Commit: **C** ConnSH637068168565921008System.Random
10:00:56.056    (INFO)     Trx.Start: **** ConnSH637068168566680945System.Random
10:00:56.056    (INFO)     Trx.Commit: **C** ConnSH637068168566680945System.Random
----------->     (WARNING)  MField.CreateVerFields: Column not updateable - AD_Client_ID - NewValue=0 - OldValue=0
----------->     (WARNING)  MField.CreateVerFields: Column not updateable - AD_Org_ID - NewValue=0 - OldValue=0
----------->     (WARNING)  MField.CreateVerFields: Column not updateable - AD_Tab_ID - NewValue=152 - OldValue=
10:00:57.057    (INFO)     Trx.Start: **** ConnSH637068168570070939System.Random
10:00:57.057    (INFO)     Trx.Commit: **C** ConnSH637068168570070939System.Random
10:00:57.057    (INFO)     Trx.Start: **** ConnSH637068168570860934System.Random
10:00:57.057    (INFO)     Trx.Commit: **C** ConnSH637068168570860934System.Random
----------->     (WARNING)  MField.CreateVerFields: Column not updateable - AD_Client_ID - NewValue=0 - OldValue=0
----------->     (WARNING)  MField.CreateVerFields: Column not updateable - AD_Org_ID - NewValue=0 - OldValue=0
----------->     (WARNING)  MField.CreateVerFields: Column not updateable - AD_Tab_ID - NewValue=152 - OldValue=
10:00:57.057    (INFO)     Trx.Start: **** ConnSH637068168574627965System.Random
10:00:57.057    (INFO)     Trx.Commit: **C** ConnSH637068168574627965System.Random
10:00:57.057    (INFO)     Trx.Start: **** ConnSH637068168575350770System.Random
10:00:57.057    (INFO)     Trx.Commit: **C** ConnSH637068168575350770System.Random
----------->     (WARNING)  MField.CreateVerFields: Column not updateable - AD_Client_ID - NewValue=0 - OldValue=0
----------->     (WARNING)  MField.CreateVerFields: Column not updateable - AD_Org_ID - NewValue=0 - OldValue=0
----------->     (WARNING)  MField.CreateVerFields: Column not updateable - AD_Tab_ID - NewValue=152 - OldValue=
10:00:57.057    (INFO)     Trx.Start: **** ConnSH637068168578315164System.Random
10:00:57.057    (INFO)     Trx.Commit: **C** ConnSH637068168578315164System.Random
10:00:57.057    (INFO)     Trx.Start: **** ConnSH637068168579083636System.Random
10:00:57.057    (INFO)     Trx.Commit: **C** ConnSH637068168579083636System.Random
----------->     (WARNING)  MField.CreateVerFields: Column not updateable - AD_Client_ID - NewValue=0 - OldValue=0
----------->     (WARNING)  MField.CreateVerFields: Column not updateable - AD_Org_ID - NewValue=0 - OldValue=0
----------->     (WARNING)  MField.CreateVerFields: Column not updateable - AD_Tab_ID - NewValue=152 - OldValue=
10:00:58.058    (INFO)     Trx.Start: **** ConnSH637068168582382877System.Random
10:00:58.058    (INFO)     Trx.Commit: **C** ConnSH637068168582382877System.Random
10:00:58.058    (INFO)     Trx.Start: **** ConnSH637068168583191861System.Random
10:00:58.058    (INFO)     Trx.Commit: **C** ConnSH637068168583191861System.Random
----------->     (WARNING)  MField.CreateVerFields: Column not updateable - AD_Client_ID - NewValue=0 - OldValue=0
----------->     (WARNING)  MField.CreateVerFields: Column not updateable - AD_Org_ID - NewValue=0 - OldValue=0
----------->     (WARNING)  MField.CreateVerFields: Column not updateable - AD_Tab_ID - NewValue=152 - OldValue=
10:00:58.058    (INFO)     Trx.Start: **** ConnSH637068168586366520System.Random
10:00:58.058    (INFO)     Trx.Commit: **C** ConnSH637068168586366520System.Random
10:00:58.058    (INFO)     Trx.Start: **** ConnSH637068168587081944System.Random
10:00:58.058    (INFO)     Trx.Commit: **C** ConnSH637068168587081944System.Random
----------->     (WARNING)  MField.CreateVerFields: Column not updateable - AD_Client_ID - NewValue=0 - OldValue=0
----------->     (WARNING)  MField.CreateVerFields: Column not updateable - AD_Org_ID - NewValue=0 - OldValue=0
----------->     (WARNING)  MField.CreateVerFields: Column not updateable - AD_Tab_ID - NewValue=152 - OldValue=
10:00:59.059    (INFO)     Trx.Start: **** ConnSH637068168590577874System.Random
10:00:59.059    (INFO)     Trx.Commit: **C** ConnSH637068168590577874System.Random
10:00:59.059    (INFO)     Trx.Start: **** ConnSH637068168591329140System.Random
10:00:59.059    (INFO)     Trx.Commit: **C** ConnSH637068168591329140System.Random
----------->     (WARNING)  MField.CreateVerFields: Column not updateable - AD_Client_ID - NewValue=0 - OldValue=0
----------->     (WARNING)  MField.CreateVerFields: Column not updateable - AD_Org_ID - NewValue=0 - OldValue=0
----------->     (WARNING)  MField.CreateVerFields: Column not updateable - AD_Tab_ID - NewValue=152 - OldValue=
10:00:59.059    (INFO)     Trx.Start: **** ConnSH637068168594747338System.Random
10:00:59.059    (INFO)     Trx.Commit: **C** ConnSH637068168594747338System.Random
10:00:59.059    (INFO)     Trx.Start: **** ConnSH637068168595579203System.Random
10:00:59.059    (INFO)     Trx.Commit: **C** ConnSH637068168595579203System.Random
----------->     (WARNING)  MField.CreateVerFields: Column not updateable - AD_Client_ID - NewValue=0 - OldValue=0
----------->     (WARNING)  MField.CreateVerFields: Column not updateable - AD_Org_ID - NewValue=0 - OldValue=0
----------->     (WARNING)  MField.CreateVerFields: Column not updateable - AD_Tab_ID - NewValue=152 - OldValue=
10:00:59.059    (INFO)     Trx.Start: **** ConnSH637068168598342429System.Random
10:00:59.059    (INFO)     Trx.Commit: **C** ConnSH637068168598342429System.Random
10:00:59.059    (INFO)     Trx.Start: **** ConnSH637068168599160678System.Random
10:00:59.059    (INFO)     Trx.Commit: **C** ConnSH637068168599160678System.Random
----------->     (WARNING)  MField.CreateVerFields: Column not updateable - AD_Client_ID - NewValue=0 - OldValue=0
----------->     (WARNING)  MField.CreateVerFields: Column not updateable - AD_Org_ID - NewValue=0 - OldValue=0
----------->     (WARNING)  MField.CreateVerFields: Column not updateable - AD_Tab_ID - NewValue=152 - OldValue=
10:01:00.100    (INFO)     Trx.Start: **** ConnSH637068168602070930System.Random
10:01:00.100    (INFO)     Trx.Commit: **C** ConnSH637068168602070930System.Random
10:01:00.100    (INFO)     Trx.Start: **** ConnSH637068168602799699System.Random
10:01:00.100    (INFO)     Trx.Commit: **C** ConnSH637068168602799699System.Random
10:01:04.140    (INFO)     Trx.Start: **** ConnSH637068168646001711System.Random
10:01:04.140    (INFO)     Trx.Commit: **C** ConnSH637068168646001711System.Random
10:01:04.140    (INFO)     Trx.Start: **** ConnSH637068168646761724System.Random
10:01:04.140    (INFO)     Trx.Commit: **C** ConnSH637068168646761724System.Random
10:01:05.150    (INFO)     Trx.Start: **** ConnSH637068168656812238System.Random
10:01:05.150    (INFO)     Trx.Commit: **C** ConnSH637068168656812238System.Random
10:01:05.150    (INFO)     Trx.Start: **** ConnSH637068168657533555System.Random
10:01:05.150    (INFO)     Trx.Commit: **C** ConnSH637068168657533555System.Random
10:01:06.160    (INFO)     Trx.Start: **** ConnSH637068168665909738System.Random
10:01:06.160    (INFO)     Trx.Commit: **C** ConnSH637068168665909738System.Random
10:01:06.160    (INFO)     Trx.Start: **** ConnSH637068168666599689System.Random
10:01:06.160    (INFO)     Trx.Commit: **C** ConnSH637068168666599689System.Random
10:01:07.170    (INFO)     Trx.Commit: **C** SvrProcess
10:01:07.170    (INFO)     CacheMgt.Reset: AD_Process: #1 (1)
10:01:22.122    (INFO)     Trx.Start: **** ConnSH637068168820156553System.Random
10:01:22.122    (INFO)     Trx.Commit: **C** ConnSH637068168820156553System.Random
10:01:24.124    (INFO)     Trx.Start: **** ConnSH637068168848312077System.Random
10:01:25.125    (INFO)     Trx.Commit: **C** ConnSH637068168848312077System.Random
10:01:34.134    (INFO)     Trx.Start: **** ConnSH637068168941641289System.Random
10:01:34.134    (INFO)     Trx.Commit: **C** ConnSH637068168941641289System.Random
10:01:37.137    (INFO)     Trx.Start: **** ConnSH637068168974749476System.Random
10:01:37.137    (INFO)     Trx.Commit: **C** ConnSH637068168974749476System.Random
10:30:31.303    (INFO)     Trx.Start: **** ConnSH637068186318119031System.Random
10:30:31.303    (INFO)     Trx.Commit: **C** ConnSH637068186318119031System.Random
10:30:33.303    (INFO)     Trx.Start: **** ConnSH637068186338084914System.Random
10:30:33.303    (INFO)     Trx.Commit: **C** ConnSH637068186338084914System.Random
10:30:37.303    (INFO)     Trx.Start: **** ConnSH637068186376401012System.Random
10:30:37.303    (INFO)     Trx.Commit: **C** ConnSH637068186376401012System.Random
10:31:22.312    (INFO)     Trx.Start: **** ConnSH637068186828027373System.Random
10:31:22.312    (INFO)     Trx.Commit: **C** ConnSH637068186828027373System.Random
10:31:29.312    (INFO)     Trx.Start: **** GridDel637068186869442762
