*** 11/15/2019 3:01:45 PM VAdvantage Log  ***
03:01:45.145    (INFO)     Trx.Start: **** ConnSH637094269053696687System.Random
03:01:45.145    (INFO)     Trx.Commit: **C** ConnSH637094269053696687System.Random
03:01:46.146    (INFO)     MChangeLog.FillChangeLog: #9
03:01:47.147    (INFO)     CacheReset.DoIt: 
03:01:47.147    (INFO)     Env.Reset: finalCall=False
03:01:47.147    (INFO)     CacheMgt.Reset: #14 (7876)
03:01:47.147    (INFO)     MRole.Get: AD_Role_ID=0, AD_User_ID=0, reload=True
03:01:47.147    (INFO)     MRole.Get: MRole[0,System Administrator,UserLevel=S  ,AD_Client_ID=0,AD_Org_ID=0]
03:01:47.147    (INFO)     MRole.Get: AD_Role_ID=102, AD_User_ID=101, reload=True
03:01:47.147    (INFO)     MRole.Get: MRole[102,IdeasInc Admin,UserLevel= CO,AD_Client_ID IN (0,11),]
03:01:47.147    (INFO)     MChangeLog.FillChangeLog: #9
03:01:48.148    (INFO)     CacheMgt.Reset: AD_Process: #1 (1)
03:01:48.148    (INFO)     Trx.Start: **** ConnSH637094269080255082System.Random
03:01:48.148    (INFO)     Trx.Commit: **C** ConnSH637094269080255082System.Random
03:01:48.148    (INFO)     Trx.Start: **** ConnSH637094269081463837System.Random
03:01:48.148    (INFO)     Trx.Commit: **C** ConnSH637094269081463837System.Random
03:01:48.148    (INFO)     Msg.InitMsg: Records=5823 - en_US
03:01:48.148    (INFO)     Trx.Start: **** ConnSH637094269088563142System.Random
03:01:48.148    (INFO)     Trx.Commit: **C** ConnSH637094269088563142System.Random
03:01:48.148    (INFO)     Trx.Start: **** ConnSH637094269089409673System.Random
03:01:49.149    (INFO)     Trx.Commit: **C** ConnSH637094269089409673System.Random
----------->     (WARNING)  GridTable.GetField: Not found: 'Created'
----------->     (WARNING)  GridTable.GetField: Not found: 'CreatedBy'
----------->     (WARNING)  GridTable.GetField: Not found: 'Updated'
----------->     (WARNING)  GridTable.GetField: Not found: 'UpdatedBy'
----------->     (WARNING)  GridTable.GetField: Not found: 'Created'
----------->     (WARNING)  GridTable.GetField: Not found: 'CreatedBy'
----------->     (WARNING)  GridTable.GetField: Not found: 'Updated'
----------->     (WARNING)  GridTable.GetField: Not found: 'UpdatedBy'
----------->     (WARNING)  GridTable.GetField: Not found: 'Created'
----------->     (WARNING)  GridTable.GetField: Not found: 'CreatedBy'
----------->     (WARNING)  GridTable.GetField: Not found: 'Updated'
----------->     (WARNING)  GridTable.GetField: Not found: 'UpdatedBy'
03:02:57.257    (INFO)     Trx.Start: **** ConnSH637094269772170585System.Random
03:02:57.257    (INFO)     Trx.Commit: **C** ConnSH637094269772170585System.Random
03:02:57.257    (INFO)     Trx.Start: **** ConnSH637094269773335350System.Random
03:02:57.257    (INFO)     Trx.Commit: **C** ConnSH637094269773335350System.Random
03:02:58.258    (INFO)     Trx.Start: **** ConnSH637094269781761354System.Random
03:02:58.258    (INFO)     Trx.Commit: **C** ConnSH637094269781761354System.Random
03:02:58.258    (INFO)     Trx.Start: **** ConnSH637094269782788995System.Random
03:02:58.258    (INFO)     Trx.Commit: **C** ConnSH637094269782788995System.Random
03:03:11.311    (INFO)     Trx.Start: **** ConnSH637094269910856849System.Random
03:03:11.311    (INFO)     Trx.Commit: **C** ConnSH637094269910856849System.Random
03:03:12.312    (INFO)     Trx.Start: **** ConnSH637094269924004882System.Random
03:03:12.312    (INFO)     Trx.Commit: **C** ConnSH637094269924004882System.Random
===========>     (SEVERE)   OracleHelper.ExecuteDataset: ORA-00904: "M_PRODUCTPRICE_VERSION"."C_CURRENCY_ID": invalid identifier [Query D] =>SELECT AD_Client_ID,AD_Org_ID,(SELECT pl.C_Currency_ID  FROM M_PriceList_Version plv INNER JOIN M_PriceList pl  ON (plv.M_PriceList_ID=pl.M_PriceList_ID)  WHERE plv.M_PriceList_Version_ID=M_ProductPrice_Version.M_PriceList_Version_ID) AS C_Currency_ID,C_UOM_ID,Created,CreatedBy,Export_ID,IsActive,(SELECT pl.IsTaxIncluded FROM M_PriceList_Version plv INNER JOIN M_PriceList pl  ON (plv.M_PriceList_ID=pl.M_PriceList_ID)  WHERE plv.M_PriceList_Version_ID=M_ProductPrice_Version.M_PriceList_Version_ID) AS IsTaxIncluded,IsVersionApproved,Lot,M_AttributeSetInstance_ID,M_PriceList_Version_ID,M_ProductPrice_Version_ID,M_Product_ID,PriceLimit,PriceList,PriceStd,Processed,ProcessedVersion,Processing,RecordVersion,Updated,UpdatedBy,VersionValidFrom,  (SELECT NVL(AD_Client.Name,'') FROM AD_Client WHERE AD_Client.AD_Client_ID=M_ProductPrice_Version.AD_Client_ID) AS AD_Client_ID_Text,  (SELECT NVL(AD_Org.Name,'') FROM AD_Org WHERE AD_Org.AD_Org_ID=M_ProductPrice_Version.AD_Org_ID) AS AD_Org_ID_Text,  (SELECT NVL(C_Currency.ISO_Code,'') FROM C_Currency WHERE C_Currency.C_Currency_ID=M_ProductPrice_Version.C_Currency_ID) AS C_Currency_ID_Text,  (SELECT NVL(C_UOM.Name,'') FROM C_UOM WHERE C_UOM.C_UOM_ID=M_ProductPrice_Version.C_UOM_ID) AS C_UOM_ID_Text,  (SELECT AD_User.Name FROM AD_User WHERE AD_User.Name IS NOT NULL  AND AD_User.AD_User_ID=M_ProductPrice_Version.CreatedBy) AS CreatedBy_Text,  (SELECT NVL(M_PriceList_Version.Name,'') FROM M_PriceList_Version WHERE M_PriceList_Version.M_PriceList_Version_ID=M_ProductPrice_Version.M_PriceList_Version_ID) AS M_PriceList_Version_ID_Text,  (SELECT NVL(M_Product.Name,'') FROM M_Product WHERE M_Product.M_Product_ID=M_ProductPrice_Version.M_Product_ID) AS M_Product_ID_Text,  (SELECT AD_User.Name FROM AD_User WHERE AD_User.Name IS NOT NULL  AND AD_User.AD_User_ID=M_ProductPrice_Version.UpdatedBy) AS UpdatedBy_Text FROM M_ProductPrice_Version WHERE AD_Client_ID IN (0,11) AND M_ProductPrice_Version_ID NOT IN ( SELECT Record_ID FROM AD_Private_Access WHERE AD_Table_ID = 1001183 AND AD_User_ID <> 101 AND IsActive = 'Y' ) AND M_ProductPrice_Version.ProcessedVersion = 'N'  ORDER BY M_ProductPrice_Version.VERSIONVALIDFROM DESC
03:03:31.331    (INFO)     MTable.GetPO: Using GenericPO for M_ProductPrice_Version
03:03:35.335    (INFO)     Trx.Start: **** ConnSH637094270156393664System.Random
03:03:35.335    (INFO)     Trx.Commit: **C** ConnSH637094270156393664System.Random
03:03:35.335    (INFO)     Trx.Start: **** ConnSH637094270157214890System.Random
03:03:35.335    (INFO)     Trx.Commit: **C** ConnSH637094270157214890System.Random
03:04:04.440    (INFO)     Trx.Start: **** ConnSH637094270445502221System.Random
03:04:04.440    (INFO)     Trx.Commit: **C** ConnSH637094270445502221System.Random
03:04:09.490    (INFO)     Trx.Start: **** ConnSH637094270491015795System.Random
03:04:09.490    (INFO)     Trx.Commit: **C** ConnSH637094270491015795System.Random
03:04:10.410    (INFO)     Trx.Start: **** ConnSH637094270505176759System.Random
03:04:10.410    (INFO)     Trx.Commit: **C** ConnSH637094270505176759System.Random
===========>     (SEVERE)   OracleHelper.ExecuteDataset: ORA-00904: "M_PRODUCTPRICE_VERSION"."C_CURRENCY_ID": invalid identifier [Query D] =>SELECT AD_Client_ID,AD_Org_ID,(SELECT pl.C_Currency_ID  FROM M_PriceList_Version plv INNER JOIN M_PriceList pl  ON (plv.M_PriceList_ID=pl.M_PriceList_ID)  WHERE plv.M_PriceList_Version_ID=M_ProductPrice_Version.M_PriceList_Version_ID) AS C_Currency_ID,C_UOM_ID,Created,CreatedBy,Export_ID,IsActive,(SELECT pl.IsTaxIncluded FROM M_PriceList_Version plv INNER JOIN M_PriceList pl  ON (plv.M_PriceList_ID=pl.M_PriceList_ID)  WHERE plv.M_PriceList_Version_ID=M_ProductPrice_Version.M_PriceList_Version_ID) AS IsTaxIncluded,IsVersionApproved,Lot,M_AttributeSetInstance_ID,M_PriceList_Version_ID,M_ProductPrice_Version_ID,M_Product_ID,PriceLimit,PriceList,PriceStd,Processed,ProcessedVersion,Processing,RecordVersion,Updated,UpdatedBy,VersionValidFrom,  (SELECT NVL(AD_Client.Name,'') FROM AD_Client WHERE AD_Client.AD_Client_ID=M_ProductPrice_Version.AD_Client_ID) AS AD_Client_ID_Text,  (SELECT NVL(AD_Org.Name,'') FROM AD_Org WHERE AD_Org.AD_Org_ID=M_ProductPrice_Version.AD_Org_ID) AS AD_Org_ID_Text,  (SELECT NVL(C_Currency.ISO_Code,'') FROM C_Currency WHERE C_Currency.C_Currency_ID=M_ProductPrice_Version.C_Currency_ID) AS C_Currency_ID_Text,  (SELECT NVL(C_UOM.Name,'') FROM C_UOM WHERE C_UOM.C_UOM_ID=M_ProductPrice_Version.C_UOM_ID) AS C_UOM_ID_Text,  (SELECT AD_User.Name FROM AD_User WHERE AD_User.Name IS NOT NULL  AND AD_User.AD_User_ID=M_ProductPrice_Version.CreatedBy) AS CreatedBy_Text,  (SELECT NVL(M_PriceList_Version.Name,'') FROM M_PriceList_Version WHERE M_PriceList_Version.M_PriceList_Version_ID=M_ProductPrice_Version.M_PriceList_Version_ID) AS M_PriceList_Version_ID_Text,  (SELECT NVL(M_Product.Name,'') FROM M_Product WHERE M_Product.M_Product_ID=M_ProductPrice_Version.M_Product_ID) AS M_Product_ID_Text,  (SELECT AD_User.Name FROM AD_User WHERE AD_User.Name IS NOT NULL  AND AD_User.AD_User_ID=M_ProductPrice_Version.UpdatedBy) AS UpdatedBy_Text FROM M_ProductPrice_Version WHERE AD_Client_ID IN (0,11) AND M_ProductPrice_Version_ID NOT IN ( SELECT Record_ID FROM AD_Private_Access WHERE AD_Table_ID = 1001183 AND AD_User_ID <> 101 AND IsActive = 'Y' ) AND M_ProductPrice_Version.ProcessedVersion = 'N'  ORDER BY M_ProductPrice_Version.VERSIONVALIDFROM DESC
03:04:56.456    (INFO)     MTable.GetPO: Using GenericPO for M_ProductPrice_Version
03:05:00.500    (INFO)     Trx.Start: **** ConnSH637094271006255028System.Random
03:05:00.500    (INFO)     Trx.Commit: **C** ConnSH637094271006255028System.Random
03:05:00.500    (INFO)     Trx.Start: **** ConnSH637094271007108393System.Random
03:05:00.500    (INFO)     Trx.Commit: **C** ConnSH637094271007108393System.Random
03:05:03.530    (INFO)     Trx.Start: **** ConnSH637094271038954609System.Random
03:05:03.530    (INFO)     Trx.Commit: **C** ConnSH637094271038954609System.Random
===========>     (SEVERE)   OracleHelper.ExecuteDataset: ORA-00904: "M_PRODUCTPRICE_VERSION"."C_CURRENCY_ID": invalid identifier [Query D] =>SELECT AD_Client_ID,AD_Org_ID,(SELECT pl.C_Currency_ID  FROM M_PriceList_Version plv INNER JOIN M_PriceList pl  ON (plv.M_PriceList_ID=pl.M_PriceList_ID)  WHERE plv.M_PriceList_Version_ID=M_ProductPrice_Version.M_PriceList_Version_ID) AS C_Currency_ID,C_UOM_ID,Created,CreatedBy,Export_ID,IsActive,(SELECT pl.IsTaxIncluded FROM M_PriceList_Version plv INNER JOIN M_PriceList pl  ON (plv.M_PriceList_ID=pl.M_PriceList_ID)  WHERE plv.M_PriceList_Version_ID=M_ProductPrice_Version.M_PriceList_Version_ID) AS IsTaxIncluded,IsVersionApproved,Lot,M_AttributeSetInstance_ID,M_PriceList_Version_ID,M_ProductPrice_Version_ID,M_Product_ID,PriceLimit,PriceList,PriceStd,Processed,ProcessedVersion,Processing,RecordVersion,Updated,UpdatedBy,VersionValidFrom,  (SELECT NVL(AD_Client.Name,'') FROM AD_Client WHERE AD_Client.AD_Client_ID=M_ProductPrice_Version.AD_Client_ID) AS AD_Client_ID_Text,  (SELECT NVL(AD_Org.Name,'') FROM AD_Org WHERE AD_Org.AD_Org_ID=M_ProductPrice_Version.AD_Org_ID) AS AD_Org_ID_Text,  (SELECT NVL(C_Currency.ISO_Code,'') FROM C_Currency WHERE C_Currency.C_Currency_ID=M_ProductPrice_Version.C_Currency_ID) AS C_Currency_ID_Text,  (SELECT NVL(C_UOM.Name,'') FROM C_UOM WHERE C_UOM.C_UOM_ID=M_ProductPrice_Version.C_UOM_ID) AS C_UOM_ID_Text,  (SELECT AD_User.Name FROM AD_User WHERE AD_User.Name IS NOT NULL  AND AD_User.AD_User_ID=M_ProductPrice_Version.CreatedBy) AS CreatedBy_Text,  (SELECT NVL(M_PriceList_Version.Name,'') FROM M_PriceList_Version WHERE M_PriceList_Version.M_PriceList_Version_ID=M_ProductPrice_Version.M_PriceList_Version_ID) AS M_PriceList_Version_ID_Text,  (SELECT NVL(M_Product.Name,'') FROM M_Product WHERE M_Product.M_Product_ID=M_ProductPrice_Version.M_Product_ID) AS M_Product_ID_Text,  (SELECT AD_User.Name FROM AD_User WHERE AD_User.Name IS NOT NULL  AND AD_User.AD_User_ID=M_ProductPrice_Version.UpdatedBy) AS UpdatedBy_Text FROM M_ProductPrice_Version WHERE AD_Client_ID IN (0,11) AND M_ProductPrice_Version_ID NOT IN ( SELECT Record_ID FROM AD_Private_Access WHERE AD_Table_ID = 1001183 AND AD_User_ID <> 101 AND IsActive = 'Y' ) AND M_ProductPrice_Version.ProcessedVersion = 'N'  ORDER BY M_ProductPrice_Version.VERSIONVALIDFROM DESC
===========>     (SEVERE)   OracleHelper.ExecuteDataset: ORA-00904: "M_PRODUCTPRICE_VERSION"."C_CURRENCY_ID": invalid identifier [Query D] =>SELECT AD_Client_ID,AD_Org_ID,(SELECT pl.C_Currency_ID  FROM M_PriceList_Version plv INNER JOIN M_PriceList pl  ON (plv.M_PriceList_ID=pl.M_PriceList_ID)  WHERE plv.M_PriceList_Version_ID=M_ProductPrice_Version.M_PriceList_Version_ID) AS C_Currency_ID,C_UOM_ID,Created,CreatedBy,Export_ID,IsActive,(SELECT pl.IsTaxIncluded FROM M_PriceList_Version plv INNER JOIN M_PriceList pl  ON (plv.M_PriceList_ID=pl.M_PriceList_ID)  WHERE plv.M_PriceList_Version_ID=M_ProductPrice_Version.M_PriceList_Version_ID) AS IsTaxIncluded,IsVersionApproved,Lot,M_AttributeSetInstance_ID,M_PriceList_Version_ID,M_ProductPrice_Version_ID,M_Product_ID,PriceLimit,PriceList,PriceStd,Processed,ProcessedVersion,Processing,RecordVersion,Updated,UpdatedBy,VersionValidFrom,  (SELECT NVL(AD_Client.Name,'') FROM AD_Client WHERE AD_Client.AD_Client_ID=M_ProductPrice_Version.AD_Client_ID) AS AD_Client_ID_Text,  (SELECT NVL(AD_Org.Name,'') FROM AD_Org WHERE AD_Org.AD_Org_ID=M_ProductPrice_Version.AD_Org_ID) AS AD_Org_ID_Text,  (SELECT NVL(C_Currency.ISO_Code,'') FROM C_Currency WHERE C_Currency.C_Currency_ID=M_ProductPrice_Version.C_Currency_ID) AS C_Currency_ID_Text,  (SELECT NVL(C_UOM.Name,'') FROM C_UOM WHERE C_UOM.C_UOM_ID=M_ProductPrice_Version.C_UOM_ID) AS C_UOM_ID_Text,  (SELECT AD_User.Name FROM AD_User WHERE AD_User.Name IS NOT NULL  AND AD_User.AD_User_ID=M_ProductPrice_Version.CreatedBy) AS CreatedBy_Text,  (SELECT NVL(M_PriceList_Version.Name,'') FROM M_PriceList_Version WHERE M_PriceList_Version.M_PriceList_Version_ID=M_ProductPrice_Version.M_PriceList_Version_ID) AS M_PriceList_Version_ID_Text,  (SELECT NVL(M_Product.Name,'') FROM M_Product WHERE M_Product.M_Product_ID=M_ProductPrice_Version.M_Product_ID) AS M_Product_ID_Text,  (SELECT AD_User.Name FROM AD_User WHERE AD_User.Name IS NOT NULL  AND AD_User.AD_User_ID=M_ProductPrice_Version.UpdatedBy) AS UpdatedBy_Text FROM M_ProductPrice_Version WHERE AD_Client_ID IN (0,11) AND M_ProductPrice_Version_ID NOT IN ( SELECT Record_ID FROM AD_Private_Access WHERE AD_Table_ID = 1001183 AND AD_User_ID <> 101 AND IsActive = 'Y' ) AND M_ProductPrice_Version.ProcessedVersion = 'N'  ORDER BY M_ProductPrice_Version.VERSIONVALIDFROM DESC
===========>     (SEVERE)   OracleHelper.ExecuteDataset: ORA-00904: "M_PRODUCTPRICE_VERSION"."C_CURRENCY_ID": invalid identifier [Query D] =>SELECT AD_Client_ID,AD_Org_ID,(SELECT pl.C_Currency_ID  FROM M_PriceList_Version plv INNER JOIN M_PriceList pl  ON (plv.M_PriceList_ID=pl.M_PriceList_ID)  WHERE plv.M_PriceList_Version_ID=M_ProductPrice_Version.M_PriceList_Version_ID) AS C_Currency_ID,C_UOM_ID,Created,CreatedBy,Export_ID,IsActive,(SELECT pl.IsTaxIncluded FROM M_PriceList_Version plv INNER JOIN M_PriceList pl  ON (plv.M_PriceList_ID=pl.M_PriceList_ID)  WHERE plv.M_PriceList_Version_ID=M_ProductPrice_Version.M_PriceList_Version_ID) AS IsTaxIncluded,IsVersionApproved,Lot,M_AttributeSetInstance_ID,M_PriceList_Version_ID,M_ProductPrice_Version_ID,M_Product_ID,PriceLimit,PriceList,PriceStd,Processed,ProcessedVersion,Processing,RecordVersion,Updated,UpdatedBy,VersionValidFrom,  (SELECT NVL(AD_Client.Name,'') FROM AD_Client WHERE AD_Client.AD_Client_ID=M_ProductPrice_Version.AD_Client_ID) AS AD_Client_ID_Text,  (SELECT NVL(AD_Org.Name,'') FROM AD_Org WHERE AD_Org.AD_Org_ID=M_ProductPrice_Version.AD_Org_ID) AS AD_Org_ID_Text,  (SELECT NVL(C_Currency.ISO_Code,'') FROM C_Currency WHERE C_Currency.C_Currency_ID=M_ProductPrice_Version.C_Currency_ID) AS C_Currency_ID_Text,  (SELECT NVL(C_UOM.Name,'') FROM C_UOM WHERE C_UOM.C_UOM_ID=M_ProductPrice_Version.C_UOM_ID) AS C_UOM_ID_Text,  (SELECT AD_User.Name FROM AD_User WHERE AD_User.Name IS NOT NULL  AND AD_User.AD_User_ID=M_ProductPrice_Version.CreatedBy) AS CreatedBy_Text,  (SELECT NVL(M_PriceList_Version.Name,'') FROM M_PriceList_Version WHERE M_PriceList_Version.M_PriceList_Version_ID=M_ProductPrice_Version.M_PriceList_Version_ID) AS M_PriceList_Version_ID_Text,  (SELECT NVL(M_Product.Name,'') FROM M_Product WHERE M_Product.M_Product_ID=M_ProductPrice_Version.M_Product_ID) AS M_Product_ID_Text,  (SELECT AD_User.Name FROM AD_User WHERE AD_User.Name IS NOT NULL  AND AD_User.AD_User_ID=M_ProductPrice_Version.UpdatedBy) AS UpdatedBy_Text FROM M_ProductPrice_Version WHERE AD_Client_ID IN (0,11) AND M_ProductPrice_Version_ID NOT IN ( SELECT Record_ID FROM AD_Private_Access WHERE AD_Table_ID = 1001183 AND AD_User_ID <> 101 AND IsActive = 'Y' ) AND M_ProductPrice_Version.ProcessedVersion = 'N'  ORDER BY M_ProductPrice_Version.VERSIONVALIDFROM DESC
03:30:24.302    (INFO)     Trx.Start: **** ConnSH637094286245586516System.Random
03:30:24.302    (INFO)     Trx.Commit: **C** ConnSH637094286245586516System.Random
03:30:24.302    (INFO)     CacheReset.DoIt: 
03:30:24.302    (INFO)     Env.Reset: finalCall=False
03:30:24.302    (INFO)     CacheMgt.Reset: #15 (7604)
03:30:24.302    (INFO)     MRole.Get: AD_Role_ID=0, AD_User_ID=0, reload=True
03:30:24.302    (INFO)     MRole.Get: MRole[0,System Administrator,UserLevel=S  ,AD_Client_ID=0,AD_Org_ID=0]
03:30:25.302    (INFO)     MRole.Get: AD_Role_ID=102, AD_User_ID=101, reload=True
03:30:25.302    (INFO)     MRole.Get: MRole[102,IdeasInc Admin,UserLevel= CO,AD_Client_ID IN (0,11),]
03:30:25.302    (INFO)     MChangeLog.FillChangeLog: #9
03:30:25.302    (INFO)     CacheMgt.Reset: AD_Process: #1 (1)
03:30:25.302    (INFO)     Trx.Start: **** ConnSH637094286252672431System.Random
03:30:25.302    (INFO)     Trx.Commit: **C** ConnSH637094286252672431System.Random
03:30:25.302    (INFO)     Trx.Start: **** ConnSH637094286253372576System.Random
03:30:25.302    (INFO)     Trx.Commit: **C** ConnSH637094286253372576System.Random
03:30:26.302    (INFO)     Msg.InitMsg: Records=5823 - en_US
03:30:26.302    (INFO)     Trx.Start: **** ConnSH637094286260351610System.Random
03:30:26.302    (INFO)     Trx.Commit: **C** ConnSH637094286260351610System.Random
03:30:26.302    (INFO)     Trx.Start: **** ConnSH637094286261054028System.Random
03:30:26.302    (INFO)     Trx.Commit: **C** ConnSH637094286261054028System.Random
----------->     (WARNING)  GridTable.GetField: Not found: 'Created'
----------->     (WARNING)  GridTable.GetField: Not found: 'CreatedBy'
----------->     (WARNING)  GridTable.GetField: Not found: 'Updated'
----------->     (WARNING)  GridTable.GetField: Not found: 'UpdatedBy'
03:30:29.302    (INFO)     Trx.Start: **** ConnSH637094286295706858System.Random
03:30:29.302    (INFO)     Trx.Commit: **C** ConnSH637094286295706858System.Random
03:30:29.302    (INFO)     Trx.Start: **** ConnSH637094286296564074System.Random
03:30:29.302    (INFO)     Trx.Commit: **C** ConnSH637094286296564074System.Random
03:30:30.303    (INFO)     Trx.Start: **** ConnSH637094286306170583System.Random
03:30:30.303    (INFO)     Trx.Commit: **C** ConnSH637094286306170583System.Random
03:30:30.303    (INFO)     Trx.Start: **** ConnSH637094286306944260System.Random
03:30:30.303    (INFO)     Trx.Commit: **C** ConnSH637094286306944260System.Random
03:34:24.342    (INFO)     Trx.Start: **** ConnSH637094288644448132System.Random
03:34:24.342    (INFO)     Trx.Commit: **C** ConnSH637094288644448132System.Random
03:34:24.342    (INFO)     CacheReset.DoIt: 
03:34:24.342    (INFO)     Env.Reset: finalCall=False
03:34:24.342    (INFO)     CacheMgt.Reset: #18 (9425)
03:34:24.342    (INFO)     MRole.Get: AD_Role_ID=0, AD_User_ID=0, reload=True
03:34:24.342    (INFO)     MRole.Get: MRole[0,System Administrator,UserLevel=S  ,AD_Client_ID=0,AD_Org_ID=0]
03:34:24.342    (INFO)     MRole.Get: AD_Role_ID=102, AD_User_ID=101, reload=True
03:34:24.342    (INFO)     MRole.Get: MRole[102,IdeasInc Admin,UserLevel= CO,AD_Client_ID IN (0,11),]
03:34:24.342    (INFO)     MChangeLog.FillChangeLog: #9
03:34:24.342    (INFO)     CacheMgt.Reset: AD_Process: #1 (1)
03:34:24.342    (INFO)     Trx.Start: **** ConnSH637094288648042162System.Random
03:34:24.342    (INFO)     Trx.Commit: **C** ConnSH637094288648042162System.Random
03:34:24.342    (INFO)     Trx.Start: **** ConnSH637094288648756315System.Random
03:34:24.342    (INFO)     Trx.Commit: **C** ConnSH637094288648756315System.Random
03:34:25.342    (INFO)     Msg.InitMsg: Records=5823 - en_US
03:34:25.342    (INFO)     Trx.Start: **** ConnSH637094288655376574System.Random
03:34:25.342    (INFO)     Trx.Commit: **C** ConnSH637094288655376574System.Random
03:34:25.342    (INFO)     Trx.Start: **** ConnSH637094288656125622System.Random
03:34:25.342    (INFO)     Trx.Commit: **C** ConnSH637094288656125622System.Random
03:34:28.342    (INFO)     Trx.Start: **** ConnSH637094288687208101System.Random
03:34:28.342    (INFO)     Trx.Commit: **C** ConnSH637094288687208101System.Random
03:34:28.342    (INFO)     Trx.Start: **** ConnSH637094288687954127System.Random
03:34:28.342    (INFO)     Trx.Commit: **C** ConnSH637094288687954127System.Random
03:34:28.342    (INFO)     CacheReset.DoIt: 
03:34:28.342    (INFO)     Env.Reset: finalCall=False
03:34:28.342    (INFO)     CacheMgt.Reset: #11 (5922)
03:34:28.342    (INFO)     MRole.Get: AD_Role_ID=0, AD_User_ID=0, reload=True
03:34:28.342    (INFO)     MRole.Get: MRole[0,System Administrator,UserLevel=S  ,AD_Client_ID=0,AD_Org_ID=0]
03:34:29.342    (INFO)     MRole.Get: AD_Role_ID=102, AD_User_ID=101, reload=True
03:34:29.342    (INFO)     MRole.Get: MRole[102,IdeasInc Admin,UserLevel= CO,AD_Client_ID IN (0,11),]
03:34:29.342    (INFO)     MChangeLog.FillChangeLog: #9
03:34:29.342    (INFO)     CacheMgt.Reset: AD_Process: #1 (1)
03:34:29.342    (INFO)     Trx.Start: **** ConnSH637094288691626789System.Random
03:34:29.342    (INFO)     Trx.Commit: **C** ConnSH637094288691626789System.Random
03:34:29.342    (INFO)     Trx.Start: **** ConnSH637094288692529722System.Random
03:34:29.342    (INFO)     Trx.Commit: **C** ConnSH637094288692529722System.Random
03:34:29.342    (INFO)     Msg.InitMsg: Records=5823 - en_US
03:34:29.342    (INFO)     Trx.Start: **** ConnSH637094288699037902System.Random
03:34:29.342    (INFO)     Trx.Commit: **C** ConnSH637094288699037902System.Random
03:34:29.342    (INFO)     Trx.Start: **** ConnSH637094288699738757System.Random
03:34:30.343    (INFO)     Trx.Commit: **C** ConnSH637094288699738757System.Random
----------->     (WARNING)  GridTable.GetField: Not found: 'Created'
----------->     (WARNING)  GridTable.GetField: Not found: 'CreatedBy'
----------->     (WARNING)  GridTable.GetField: Not found: 'Updated'
----------->     (WARNING)  GridTable.GetField: Not found: 'UpdatedBy'
03:34:32.343    (INFO)     Trx.Start: **** ConnSH637094288727979903System.Random
03:34:32.343    (INFO)     Trx.Commit: **C** ConnSH637094288727979903System.Random
03:34:32.343    (INFO)     Trx.Start: **** ConnSH637094288729332860System.Random
03:34:33.343    (INFO)     Trx.Commit: **C** ConnSH637094288729332860System.Random
03:44:10.441    (INFO)     Trx.Start: **** ConnSH637094294506168659System.Random
03:44:10.441    (INFO)     Trx.Commit: **C** ConnSH637094294506168659System.Random
03:44:10.441    (INFO)     Trx.Start: **** ConnSH637094294507426326System.Random
03:44:10.441    (INFO)     Trx.Commit: **C** ConnSH637094294507426326System.Random
*** 11/15/2019 5:48:02 PM VAdvantage Log ***
