*** 11/7/2019 3:28:20 PM VAdvantage Log  ***
----------->     (WARNING)  GridTable.GetField: Not found: 'Created'
----------->     (WARNING)  GridTable.GetField: Not found: 'CreatedBy'
----------->     (WARNING)  GridTable.GetField: Not found: 'Updated'
----------->     (WARNING)  GridTable.GetField: Not found: 'UpdatedBy'
----------->     (WARNING)  GridTable.GetField: Not found: 'Created'
----------->     (WARNING)  GridTable.GetField: Not found: 'CreatedBy'
----------->     (WARNING)  GridTable.GetField: Not found: 'Updated'
----------->     (WARNING)  GridTable.GetField: Not found: 'UpdatedBy'
----------->     (WARNING)  GridTable.GetField: Not found: 'Created'
----------->     (WARNING)  GridTable.GetField: Not found: 'CreatedBy'
----------->     (WARNING)  GridTable.GetField: Not found: 'Updated'
----------->     (WARNING)  GridTable.GetField: Not found: 'UpdatedBy'
----------->     (WARNING)  GridTable.GetField: Not found: 'Created'
----------->     (WARNING)  GridTable.GetField: Not found: 'CreatedBy'
----------->     (WARNING)  GridTable.GetField: Not found: 'Updated'
----------->     (WARNING)  GridTable.GetField: Not found: 'UpdatedBy'
----------->     (WARNING)  GridTable.GetField: Not found: 'Created'
----------->     (WARNING)  GridTable.GetField: Not found: 'CreatedBy'
----------->     (WARNING)  GridTable.GetField: Not found: 'Updated'
----------->     (WARNING)  GridTable.GetField: Not found: 'UpdatedBy'
----------->     (WARNING)  GridTable.GetField: Not found: 'Created'
----------->     (WARNING)  GridTable.GetField: Not found: 'CreatedBy'
----------->     (WARNING)  GridTable.GetField: Not found: 'Updated'
----------->     (WARNING)  GridTable.GetField: Not found: 'UpdatedBy'
03:28:20.282    (INFO)     Trx.Start: **** ConnSH637087373000925473System.Random
03:28:20.282    (INFO)     Trx.Commit: **C** ConnSH637087373000925473System.Random
03:28:21.282    (INFO)     Trx.Start: **** ConnSH637087373017345438System.Random
03:28:21.282    (INFO)     Trx.Commit: **C** ConnSH637087373017345438System.Random
----------->     (WARNING)  MInOut.GetActions: Column not found - C_DocTypeTarget_ID
03:28:37.283    (INFO)     Trx.Start: **** ConnSH637087373176255881System.Random
03:28:37.283    (INFO)     Trx.Commit: **C** ConnSH637087373176255881System.Random
03:28:37.283    (INFO)     MChangeLog.FillChangeLog: #9
03:28:38.283    (INFO)     Trx.Start: **** ConnSH637087373180698110System.Random
03:28:38.283    (INFO)     Trx.Commit: **C** ConnSH637087373180698110System.Random
03:28:38.283    (INFO)     Trx.Start: **** ConnSH637087373182802024System.Random
03:28:38.283    (INFO)     Trx.Commit: **C** ConnSH637087373182802024System.Random
03:28:38.283    (INFO)     Trx.Start: **** ConnSH637087373183181446System.Random
03:28:38.283    (INFO)     Trx.Commit: **C** ConnSH637087373183181446System.Random
03:28:38.283    (INFO)     MWFActivity.Run: MWFActivity[1233447,Node=(Start),State=ON,AD_User_ID=1005338,11/7/2019 9:58:38 AM]
03:28:38.283    (INFO)     MWFProcess.CheckActivities: MWFProcess[1080279, AD_Workflow_ID=117, WFState=OR]
03:28:38.283    (INFO)     MWFActivity.PerformWork: MWFNode[187-(Start),Action=Sleep:WaitTime=0] [VAdvantage.DataBase.Trx]
03:28:38.283    (INFO)     MWFProcess.CheckActivities: MWFProcess[1080279, AD_Workflow_ID=117, WFState=OR]
03:28:38.283    (INFO)     Trx.Start: **** ConnSH637087373186851331System.Random
03:28:38.283    (INFO)     Trx.Commit: **C** ConnSH637087373186851331System.Random
03:28:38.283    (INFO)     Trx.Start: **** ConnSH637087373187120888System.Random
03:28:38.283    (INFO)     Trx.Commit: **C** ConnSH637087373187120888System.Random
03:28:38.283    (INFO)     MWFActivity.Run: MWFActivity[1233448,Node=(DocPrepare),State=ON,AD_User_ID=1005338,11/7/2019 9:58:38 AM]
03:28:38.283    (INFO)     MWFProcess.CheckActivities: MWFProcess[1080279, AD_Workflow_ID=117, WFState=OR]
03:28:38.283    (INFO)     MWFActivity.PerformWork: MWFNode[189-(DocPrepare),Action=DocumentAction=PR] [VAdvantage.DataBase.Trx]
03:28:38.283    (INFO)     Trx.Start: **** WF_1573120718791
03:28:38.283    (INFO)     MInOut.PrepareIt: MInOut[1015106-1001503,DocStatus=DR]
===========>     (SEVERE)   MRole.AddAccessSQL: TableName not correctly parsed - TableNameIn=C_NonBusinessDay - VAdvantage.Classes.AccessSqlParser - #1 C_NONBUSINESSDAY
 = SELECT count(*) FROM C_NONBUSINESSDAY WHERE ISACTIVE = 'Y' AND C_CALENDAR_ID=1000006 AND AD_Org_ID IN (0, 1000008) AND DATE1=TO_DATE('11/7/2019', 'MM-DD-YY')
03:28:39.283    (INFO)     Trx.Commit: **C** WF_1573120718791
03:28:39.283    (INFO)     MWFProcess.CheckActivities: MWFProcess[1080279, AD_Workflow_ID=117, WFState=OR]
03:28:39.283    (INFO)     Trx.Start: **** ConnSH637087373193921133System.Random
03:28:39.283    (INFO)     Trx.Commit: **C** ConnSH637087373193921133System.Random
03:28:39.283    (INFO)     Trx.Start: **** ConnSH637087373194200675System.Random
03:28:39.283    (INFO)     Trx.Commit: **C** ConnSH637087373194200675System.Random
03:28:39.283    (INFO)     MWFActivity.Run: MWFActivity[1233449,Node=(DocComplete),State=ON,AD_User_ID=1005338,11/7/2019 9:58:39 AM]
03:28:39.283    (INFO)     MWFProcess.CheckActivities: MWFProcess[1080279, AD_Workflow_ID=117, WFState=OR]
03:28:39.283    (INFO)     MWFActivity.PerformWork: MWFNode[190-(DocComplete),Action=DocumentAction=CO] [VAdvantage.DataBase.Trx]
03:28:39.283    (INFO)     Trx.Start: **** WF_1573120719518
03:28:39.283    (INFO)     MInOut.PrepareIt: MInOut[1015106-1001503,DocStatus=IP]
===========>     (SEVERE)   MRole.AddAccessSQL: TableName not correctly parsed - TableNameIn=C_NonBusinessDay - VAdvantage.Classes.AccessSqlParser - #1 C_NONBUSINESSDAY
 = SELECT count(*) FROM C_NONBUSINESSDAY WHERE ISACTIVE = 'Y' AND C_CALENDAR_ID=1000006 AND AD_Org_ID IN (0, 1000008) AND DATE1=TO_DATE('11/7/2019', 'MM-DD-YY')
03:28:39.283    (INFO)     MInOut.ApproveIt: MInOut[1015106-1001503,DocStatus=IP]
03:28:39.283    (INFO)     MInOut.CompleteIt: MInOut[1015106-1001503,DocStatus=IP]
03:28:39.283    (INFO)     MInOut.CompleteIt: Line=10 - Qty=10Return False
----------->     (WARNING)  MStorage.GetQty: Column not found - Qty
03:28:40.284    (INFO)     Trx.Start: **** ConnSH637087373203027191System.Random
03:28:40.284    (INFO)     Trx.Commit: **C** ConnSH637087373203027191System.Random
03:28:40.284    (INFO)     Trx.Start: **** ConnSH637087373204123186System.Random
03:28:40.284    (INFO)     Trx.Commit: **C** ConnSH637087373204123186System.Random
----------->     (WARNING)  MOrder.GetVAPOS_POSTerminal_ID: Column not found - VAPOS_POSTerminal_ID
----------->     (WARNING)  MOrder.GetVAPOS_POSTerminal_ID: Column not found - VAPOS_POSTerminal_ID
----------->     (WARNING)  MOrder.GetVAPOS_POSTerminal_ID: Column not found - VAPOS_POSTerminal_ID
===========>     (SEVERE)   OracleHelper.ExecuteReader: ORA-00904: "VAPOS_POSTERMINAL_ID": invalid identifier [Query DR] SELECT VAPOS_POSTerminal_ID FROM C_Order WHERE C_Order_ID = 1014808
===========>     (SEVERE)   OracleHelper.ExecuteReader: ORA-00904: "VAPOS_POSTERMINAL_ID": invalid identifier [Query DR] SELECT VAPOS_POSTerminal_ID FROM C_Order WHERE C_Order_ID = 1014808
===========>     (SEVERE)   DB.GetSQLValue: SELECT VAPOS_POSTerminal_ID FROM C_Order WHERE C_Order_ID = 1014808 => ORA-00904: "VAPOS_POSTERMINAL_ID": invalid identifier
03:28:40.284    (INFO)     Trx.Start: **** ConnSH637087373209371185System.Random
03:28:40.284    (INFO)     Trx.Commit: **C** ConnSH637087373209371185System.Random
03:28:40.284    (INFO)     Trx.ExecuteDataSet: Trx Dataset WF_1573120719518 18
03:28:41.284    (INFO)     Trx.ExecuteQuery: Trx non-query WF_1573120719518 18
----------->     (WARNING)  MOrder.GetVAPOS_POSTerminal_ID: Column not found - VAPOS_POSTerminal_ID
----------->     (WARNING)  MOrder.GetVAPOS_POSTerminal_ID: Column not found - VAPOS_POSTerminal_ID
----------->     (WARNING)  MOrder.GetVAPOS_POSTerminal_ID: Column not found - VAPOS_POSTerminal_ID
===========>     (SEVERE)   OracleHelper.ExecuteReader: ORA-00904: "VAPOS_POSTERMINAL_ID": invalid identifier [Query DR] SELECT VAPOS_POSTerminal_ID FROM C_Order WHERE C_Order_ID = 1014808
===========>     (SEVERE)   OracleHelper.ExecuteReader: ORA-00904: "VAPOS_POSTERMINAL_ID": invalid identifier [Query DR] SELECT VAPOS_POSTerminal_ID FROM C_Order WHERE C_Order_ID = 1014808
===========>     (SEVERE)   DB.GetSQLValue: SELECT VAPOS_POSTerminal_ID FROM C_Order WHERE C_Order_ID = 1014808 => ORA-00904: "VAPOS_POSTERMINAL_ID": invalid identifier
03:28:41.284    (INFO)     Trx.Start: **** ConnSH637087373212289673System.Random
03:28:41.284    (INFO)     Trx.Commit: **C** ConnSH637087373212289673System.Random
03:28:41.284    (INFO)     MCostQueue.CreateProductCostsDetails: costing Calculation Start for window = Material Receipt and product = 1004430 AND ASI 0
03:28:41.284    (INFO)     Trx.Start: **** ConnSH637087373216962655System.Random
03:28:41.284    (INFO)     Trx.Commit: **C** ConnSH637087373216962655System.Random
03:28:41.284    (INFO)     Trx.Start: **** ConnSH637087373218631916System.Random
03:28:41.284    (INFO)     Trx.Commit: **C** ConnSH637087373218631916System.Random
03:28:41.284    (INFO)     Trx.Start: **** ConnSH637087373219357361System.Random
03:28:41.284    (INFO)     Trx.Commit: **C** ConnSH637087373219357361System.Random
03:28:41.284    (INFO)     Trx.Start: **** ConnSH637087373219846465System.Random
03:28:42.284    (INFO)     Trx.Commit: **C** ConnSH637087373219846465System.Random
03:28:42.284    (INFO)     Trx.Start: **** ConnSH637087373220106031System.Random
03:28:42.284    (INFO)     Trx.Commit: **C** ConnSH637087373220106031System.Random
----------->     (WARNING)  MCostDetail.GetA_Asset_ID: Column not found - A_Asset_ID
03:28:42.284    (INFO)     Trx.Start: **** ConnSH637087373222506628System.Random
03:28:42.284    (INFO)     Trx.Commit: **C** ConnSH637087373222506628System.Random
03:28:42.284    (INFO)     Trx.Start: **** ConnSH637087373223463771System.Random
03:28:42.284    (INFO)     Trx.Commit: **C** ConnSH637087373223463771System.Random
03:28:42.284    (INFO)     Trx.Start: **** ConnSH637087373224374860System.Random
03:28:42.284    (INFO)     Trx.Commit: **C** ConnSH637087373224374860System.Random
03:28:42.284    (INFO)     Trx.Start: **** ConnSH637087373224674560System.Random
03:28:42.284    (INFO)     Trx.Commit: **C** ConnSH637087373224674560System.Random
03:28:42.284    (INFO)     Trx.Start: **** ConnSH637087373225034162System.Random
03:28:42.284    (INFO)     Trx.Commit: **C** ConnSH637087373225034162System.Random
03:28:42.284    (INFO)     Trx.Start: **** ConnSH637087373225363596System.Random
03:28:42.284    (INFO)     Trx.Commit: **C** ConnSH637087373225363596System.Random
----------->     (WARNING)  MCostDetail.GetA_Asset_ID: Column not found - A_Asset_ID
03:28:42.284    (INFO)     Trx.Start: **** ConnSH637087373226343359System.Random
03:28:42.284    (INFO)     Trx.Commit: **C** ConnSH637087373226343359System.Random
03:28:42.284    (INFO)     Trx.Commit: **C** WF_1573120719518
03:28:42.284    (INFO)     MWFProcess.CheckActivities: MWFProcess[1080279, AD_Workflow_ID=117, WFState=OR]
03:33:23.332    (INFO)     Trx.Start: **** ConnSH637087376029935452System.Random
03:33:23.332    (INFO)     Trx.Commit: **C** ConnSH637087376029935452System.Random
----------->     (WARNING)  MInOut.GetActions: Column not found - C_DocTypeTarget_ID
03:33:28.332    (INFO)     Trx.Start: **** ConnSH637087376082198615System.Random
03:33:28.332    (INFO)     Trx.Commit: **C** ConnSH637087376082198615System.Random
03:33:28.332    (INFO)     Trx.Start: **** ConnSH637087376084777381System.Random
03:33:28.332    (INFO)     Trx.Commit: **C** ConnSH637087376084777381System.Random
03:33:28.332    (INFO)     Trx.Start: **** ConnSH637087376086826659System.Random
03:33:28.332    (INFO)     Trx.Commit: **C** ConnSH637087376086826659System.Random
03:33:28.332    (INFO)     Trx.Start: **** ConnSH637087376087107006System.Random
03:33:28.332    (INFO)     Trx.Commit: **C** ConnSH637087376087107006System.Random
03:33:28.332    (INFO)     MWFActivity.Run: MWFActivity[1233454,Node=(Start),State=ON,AD_User_ID=1005338,11/7/2019 10:03:28 AM]
03:33:28.332    (INFO)     MWFProcess.CheckActivities: MWFProcess[1080281, AD_Workflow_ID=117, WFState=OR]
03:33:28.332    (INFO)     MWFActivity.PerformWork: MWFNode[187-(Start),Action=Sleep:WaitTime=0] [VAdvantage.DataBase.Trx]
03:33:28.332    (INFO)     MWFProcess.CheckActivities: MWFProcess[1080281, AD_Workflow_ID=117, WFState=OR]
03:33:28.332    (INFO)     Trx.Start: **** ConnSH637087376089956788System.Random
03:33:29.332    (INFO)     Trx.Commit: **C** ConnSH637087376089956788System.Random
03:33:29.332    (INFO)     Trx.Start: **** ConnSH637087376090207306System.Random
03:33:29.332    (INFO)     Trx.Commit: **C** ConnSH637087376090207306System.Random
03:33:29.332    (INFO)     MWFActivity.Run: MWFActivity[1233455,Node=(DocPrepare),State=ON,AD_User_ID=1005338,11/7/2019 10:03:28 AM]
03:33:29.332    (INFO)     MWFProcess.CheckActivities: MWFProcess[1080281, AD_Workflow_ID=117, WFState=OR]
03:33:29.332    (INFO)     MWFActivity.PerformWork: MWFNode[189-(DocPrepare),Action=DocumentAction=PR] [VAdvantage.DataBase.Trx]
03:33:29.332    (INFO)     Trx.Start: **** WF_1573121009057
03:33:29.332    (INFO)     MInOut.PrepareIt: MInOut[1015107-1001504,DocStatus=DR]
===========>     (SEVERE)   MRole.AddAccessSQL: TableName not correctly parsed - TableNameIn=C_NonBusinessDay - VAdvantage.Classes.AccessSqlParser - #1 C_NONBUSINESSDAY
 = SELECT count(*) FROM C_NONBUSINESSDAY WHERE ISACTIVE = 'Y' AND C_CALENDAR_ID=1000006 AND AD_Org_ID IN (0, 1000008) AND DATE1=TO_DATE('11/7/2019', 'MM-DD-YY')
----------->     (WARNING)  MOrder.Load: (rs) - 117: C_Order.AmtDimGrandTotal (System.Int32)
03:33:29.332    (INFO)     Trx.Commit: **C** WF_1573121009057
03:33:29.332    (INFO)     MWFProcess.CheckActivities: MWFProcess[1080281, AD_Workflow_ID=117, WFState=OR]
03:33:29.332    (INFO)     Trx.Start: **** ConnSH637087376094428109System.Random
03:33:29.332    (INFO)     Trx.Commit: **C** ConnSH637087376094428109System.Random
03:33:29.332    (INFO)     Trx.Start: **** ConnSH637087376094698525System.Random
03:33:29.332    (INFO)     Trx.Commit: **C** ConnSH637087376094698525System.Random
03:33:29.332    (INFO)     MWFActivity.Run: MWFActivity[1233456,Node=(DocComplete),State=ON,AD_User_ID=1005338,11/7/2019 10:03:29 AM]
03:33:29.332    (INFO)     MWFProcess.CheckActivities: MWFProcess[1080281, AD_Workflow_ID=117, WFState=OR]
03:33:29.332    (INFO)     MWFActivity.PerformWork: MWFNode[190-(DocComplete),Action=DocumentAction=CO] [VAdvantage.DataBase.Trx]
03:33:29.332    (INFO)     Trx.Start: **** WF_1573121009515
03:33:29.332    (INFO)     MInOut.PrepareIt: MInOut[1015107-1001504,DocStatus=IP]
===========>     (SEVERE)   MRole.AddAccessSQL: TableName not correctly parsed - TableNameIn=C_NonBusinessDay - VAdvantage.Classes.AccessSqlParser - #1 C_NONBUSINESSDAY
 = SELECT count(*) FROM C_NONBUSINESSDAY WHERE ISACTIVE = 'Y' AND C_CALENDAR_ID=1000006 AND AD_Org_ID IN (0, 1000008) AND DATE1=TO_DATE('11/7/2019', 'MM-DD-YY')
----------->     (WARNING)  MOrder.Load: (rs) - 117: C_Order.AmtDimGrandTotal (System.Int32)
03:33:29.332    (INFO)     MInOut.ApproveIt: MInOut[1015107-1001504,DocStatus=IP]
03:33:29.332    (INFO)     MInOut.CompleteIt: MInOut[1015107-1001504,DocStatus=IP]
03:33:29.332    (INFO)     MInOut.CompleteIt: Line=10 - Qty=10Return False
----------->     (WARNING)  MOrder.Load: (rs) - 117: C_Order.AmtDimGrandTotal (System.Int32)
----------->     (WARNING)  MStorage.GetQty: Column not found - Qty
03:33:29.332    (INFO)     Trx.Start: **** ConnSH637087376098707836System.Random
03:33:29.332    (INFO)     Trx.Commit: **C** ConnSH637087376098707836System.Random
03:33:29.332    (INFO)     Trx.Start: **** ConnSH637087376099225908System.Random
03:33:29.332    (INFO)     Trx.Commit: **C** ConnSH637087376099225908System.Random
----------->     (WARNING)  MOrder.Load: (rs) - 117: C_Order.AmtDimGrandTotal (System.Int32)
----------->     (WARNING)  MOrder.Load: (rs) - 117: C_Order.AmtDimGrandTotal (System.Int32)
----------->     (WARNING)  MOrder.GetVAPOS_POSTerminal_ID: Column not found - VAPOS_POSTerminal_ID
----------->     (WARNING)  MOrder.GetVAPOS_POSTerminal_ID: Column not found - VAPOS_POSTerminal_ID
----------->     (WARNING)  MOrder.Load: (rs) - 117: C_Order.AmtDimGrandTotal (System.Int32)
----------->     (WARNING)  MOrder.GetVAPOS_POSTerminal_ID: Column not found - VAPOS_POSTerminal_ID
===========>     (SEVERE)   OracleHelper.ExecuteReader: ORA-00904: "VAPOS_POSTERMINAL_ID": invalid identifier [Query DR] SELECT VAPOS_POSTerminal_ID FROM C_Order WHERE C_Order_ID = 1014809
===========>     (SEVERE)   OracleHelper.ExecuteReader: ORA-00904: "VAPOS_POSTERMINAL_ID": invalid identifier [Query DR] SELECT VAPOS_POSTerminal_ID FROM C_Order WHERE C_Order_ID = 1014809
===========>     (SEVERE)   DB.GetSQLValue: SELECT VAPOS_POSTerminal_ID FROM C_Order WHERE C_Order_ID = 1014809 => ORA-00904: "VAPOS_POSTERMINAL_ID": invalid identifier
03:33:30.333    (INFO)     Trx.Start: **** ConnSH637087376102356316System.Random
03:33:30.333    (INFO)     Trx.Commit: **C** ConnSH637087376102356316System.Random
03:33:30.333    (INFO)     Trx.ExecuteDataSet: Trx Dataset WF_1573121009515 30
03:33:30.333    (INFO)     Trx.ExecuteQuery: Trx non-query WF_1573121009515 30
----------->     (WARNING)  MOrder.Load: (rs) - 117: C_Order.AmtDimGrandTotal (System.Int32)
----------->     (WARNING)  MOrder.Load: (rs) - 117: C_Order.AmtDimGrandTotal (System.Int32)
----------->     (WARNING)  MOrder.GetVAPOS_POSTerminal_ID: Column not found - VAPOS_POSTerminal_ID
----------->     (WARNING)  MOrder.GetVAPOS_POSTerminal_ID: Column not found - VAPOS_POSTerminal_ID
----------->     (WARNING)  MOrder.Load: (rs) - 117: C_Order.AmtDimGrandTotal (System.Int32)
----------->     (WARNING)  MOrder.GetVAPOS_POSTerminal_ID: Column not found - VAPOS_POSTerminal_ID
===========>     (SEVERE)   OracleHelper.ExecuteReader: ORA-00904: "VAPOS_POSTERMINAL_ID": invalid identifier [Query DR] SELECT VAPOS_POSTerminal_ID FROM C_Order WHERE C_Order_ID = 1014809
===========>     (SEVERE)   OracleHelper.ExecuteReader: ORA-00904: "VAPOS_POSTERMINAL_ID": invalid identifier [Query DR] SELECT VAPOS_POSTerminal_ID FROM C_Order WHERE C_Order_ID = 1014809
===========>     (SEVERE)   DB.GetSQLValue: SELECT VAPOS_POSTerminal_ID FROM C_Order WHERE C_Order_ID = 1014809 => ORA-00904: "VAPOS_POSTERMINAL_ID": invalid identifier
----------->     (WARNING)  MOrder.Load: (rs) - 117: C_Order.AmtDimGrandTotal (System.Int32)
----------->     (WARNING)  MOrder.Load: (rs) - 117: C_Order.AmtDimGrandTotal (System.Int32)
03:33:30.333    (INFO)     MCostQueue.CreateProductCostsDetails: costing Calculation Start for window = Material Receipt and product = 1004430 AND ASI 0
----------->     (WARNING)  MOrder.Load: (rs) - 117: C_Order.AmtDimGrandTotal (System.Int32)
03:33:30.333    (INFO)     Trx.Start: **** ConnSH637087376107663709System.Random
03:33:30.333    (INFO)     Trx.Commit: **C** ConnSH637087376107663709System.Random
03:33:30.333    (INFO)     Trx.Start: **** ConnSH637087376108577696System.Random
03:33:30.333    (INFO)     Trx.Commit: **C** ConnSH637087376108577696System.Random
03:33:30.333    (INFO)     Trx.Start: **** ConnSH637087376108848999System.Random
03:33:30.333    (INFO)     Trx.Commit: **C** ConnSH637087376108848999System.Random
03:33:30.333    (INFO)     Trx.Start: **** ConnSH637087376109168941System.Random
03:33:30.333    (INFO)     Trx.Commit: **C** ConnSH637087376109168941System.Random
03:33:30.333    (INFO)     Trx.Start: **** ConnSH637087376109449323System.Random
03:33:30.333    (INFO)     Trx.Commit: **C** ConnSH637087376109449323System.Random
----------->     (WARNING)  MCostDetail.GetA_Asset_ID: Column not found - A_Asset_ID
03:33:31.333    (INFO)     Trx.Start: **** ConnSH637087376110157522System.Random
03:33:31.333    (INFO)     Trx.Commit: **C** ConnSH637087376110157522System.Random
----------->     (WARNING)  MOrder.Load: (rs) - 117: C_Order.AmtDimGrandTotal (System.Int32)
03:33:31.333    (INFO)     Trx.Commit: **C** WF_1573121009515
03:33:31.333    (INFO)     MWFProcess.CheckActivities: MWFProcess[1080281, AD_Workflow_ID=117, WFState=OR]
----------->     (WARNING)  GridTable.GetField: Not found: 'Created'
----------->     (WARNING)  GridTable.GetField: Not found: 'CreatedBy'
----------->     (WARNING)  GridTable.GetField: Not found: 'Updated'
----------->     (WARNING)  GridTable.GetField: Not found: 'UpdatedBy'
----------->     (WARNING)  GridTable.GetField: Not found: 'Created'
----------->     (WARNING)  GridTable.GetField: Not found: 'CreatedBy'
----------->     (WARNING)  GridTable.GetField: Not found: 'Updated'
----------->     (WARNING)  GridTable.GetField: Not found: 'UpdatedBy'
----------->     (WARNING)  GridTable.GetField: Not found: 'Created'
----------->     (WARNING)  GridTable.GetField: Not found: 'CreatedBy'
----------->     (WARNING)  GridTable.GetField: Not found: 'Updated'
----------->     (WARNING)  GridTable.GetField: Not found: 'UpdatedBy'
----------->     (WARNING)  GridTable.GetField: Not found: 'Created'
----------->     (WARNING)  GridTable.GetField: Not found: 'CreatedBy'
----------->     (WARNING)  GridTable.GetField: Not found: 'Updated'
----------->     (WARNING)  GridTable.GetField: Not found: 'UpdatedBy'
03:34:51.345    (INFO)     Trx.Start: **** ConnSH637087376912068038System.Random
03:34:51.345    (INFO)     Trx.Commit: **C** ConnSH637087376912068038System.Random
03:34:52.345    (INFO)     Trx.Start: **** ConnSH637087376929018351System.Random
03:34:52.345    (INFO)     Trx.Commit: **C** ConnSH637087376929018351System.Random
03:34:59.345    (INFO)     Trx.Start: **** ConnSH637087376999550329System.Random
03:34:59.345    (INFO)     Trx.Commit: **C** ConnSH637087376999550329System.Random
----------->     (WARNING)  GridTable.GetField: Not found: 'Created'
----------->     (WARNING)  GridTable.GetField: Not found: 'CreatedBy'
----------->     (WARNING)  GridTable.GetField: Not found: 'Updated'
----------->     (WARNING)  GridTable.GetField: Not found: 'UpdatedBy'
----------->     (WARNING)  GridTable.GetField: Not found: 'Created'
----------->     (WARNING)  GridTable.GetField: Not found: 'CreatedBy'
----------->     (WARNING)  GridTable.GetField: Not found: 'Updated'
----------->     (WARNING)  GridTable.GetField: Not found: 'UpdatedBy'
----------->     (WARNING)  GridTable.GetField: Not found: 'Created'
----------->     (WARNING)  GridTable.GetField: Not found: 'CreatedBy'
----------->     (WARNING)  GridTable.GetField: Not found: 'Updated'
----------->     (WARNING)  GridTable.GetField: Not found: 'UpdatedBy'
----------->     (WARNING)  GridTable.GetField: Not found: 'Created'
----------->     (WARNING)  GridTable.GetField: Not found: 'CreatedBy'
----------->     (WARNING)  GridTable.GetField: Not found: 'Updated'
----------->     (WARNING)  GridTable.GetField: Not found: 'UpdatedBy'
03:35:10.351    (INFO)     Trx.Start: **** ConnSH637087377108583920System.Random
03:35:10.351    (INFO)     Trx.Commit: **C** ConnSH637087377108583920System.Random
03:35:11.351    (INFO)     Trx.Start: **** ConnSH637087377116265115System.Random
03:35:11.351    (INFO)     Trx.Commit: **C** ConnSH637087377116265115System.Random
03:35:27.352    (INFO)     Trx.Start: **** ConnSH637087377274807887System.Random
03:35:27.352    (INFO)     Trx.Commit: **C** ConnSH637087377274807887System.Random
*** 11/7/2019 6:34:08 PM VAdvantage Log ***
