*** 12/2/2019 5:45:32 PM VAdvantage Log  ***
05:45:32.453    (INFO)     Trx.Start: **** ConnSH637109055322620775System.Random
05:45:32.453    (INFO)     Trx.Commit: **C** ConnSH637109055322620775System.Random
05:45:32.453    (INFO)     MChangeLog.FillChangeLog: #9
05:45:32.453    (INFO)     CacheReset.DoIt: 
05:45:32.453    (INFO)     Env.Reset: finalCall=False
05:45:32.453    (INFO)     CacheMgt.Reset: #15 (6177)
05:45:32.453    (INFO)     MRole.Get: AD_Role_ID=0, AD_User_ID=0, reload=True
05:45:32.453    (INFO)     MRole.Get: MRole[0,System Administrator,UserLevel=S  ,AD_Client_ID=0,AD_Org_ID=0]
05:45:32.453    (INFO)     MRole.Get: AD_Role_ID=0, AD_User_ID=100, reload=True
05:45:32.453    (INFO)     MRole.Get: MRole[0,System Administrator,UserLevel=S  ,AD_Client_ID=0,AD_Org_ID=0]
05:45:32.453    (INFO)     MChangeLog.FillChangeLog: #9
05:45:32.453    (INFO)     CacheMgt.Reset: AD_Process: #1 (1)
05:45:32.453    (INFO)     Trx.Start: **** ConnSH637109055329898047System.Random
05:45:33.453    (INFO)     Trx.Commit: **C** ConnSH637109055329898047System.Random
05:45:33.453    (INFO)     Msg.InitMsg: Records=5823 - en_US
05:45:33.453    (INFO)     Trx.Start: **** ConnSH637109055337106746System.Random
05:45:33.453    (INFO)     Trx.Commit: **C** ConnSH637109055337106746System.Random
----------->     (WARNING)  GridTable.GetField: Not found: 'Created'
----------->     (WARNING)  GridTable.GetField: Not found: 'CreatedBy'
----------->     (WARNING)  GridTable.GetField: Not found: 'Updated'
----------->     (WARNING)  GridTable.GetField: Not found: 'UpdatedBy'
----------->     (WARNING)  GridTable.GetField: Not found: 'Created'
----------->     (WARNING)  GridTable.GetField: Not found: 'CreatedBy'
----------->     (WARNING)  GridTable.GetField: Not found: 'Updated'
----------->     (WARNING)  GridTable.GetField: Not found: 'UpdatedBy'
----------->     (WARNING)  GridTable.GetField: Not found: 'Created'
----------->     (WARNING)  GridTable.GetField: Not found: 'CreatedBy'
----------->     (WARNING)  GridTable.GetField: Not found: 'Updated'
----------->     (WARNING)  GridTable.GetField: Not found: 'UpdatedBy'
----------->     (WARNING)  GridTable.GetField: Not found: 'Created'
----------->     (WARNING)  GridTable.GetField: Not found: 'CreatedBy'
----------->     (WARNING)  GridTable.GetField: Not found: 'Updated'
----------->     (WARNING)  GridTable.GetField: Not found: 'UpdatedBy'
----------->     (WARNING)  GridTable.GetField: Not found: 'Created'
----------->     (WARNING)  GridTable.GetField: Not found: 'CreatedBy'
----------->     (WARNING)  GridTable.GetField: Not found: 'Updated'
----------->     (WARNING)  GridTable.GetField: Not found: 'UpdatedBy'
----------->     (WARNING)  GridTable.GetField: Not found: 'Created'
----------->     (WARNING)  GridTable.GetField: Not found: 'CreatedBy'
----------->     (WARNING)  GridTable.GetField: Not found: 'Updated'
----------->     (WARNING)  GridTable.GetField: Not found: 'UpdatedBy'
----------->     (WARNING)  GridTable.GetField: Not found: 'Created'
----------->     (WARNING)  GridTable.GetField: Not found: 'CreatedBy'
----------->     (WARNING)  GridTable.GetField: Not found: 'Updated'
----------->     (WARNING)  GridTable.GetField: Not found: 'UpdatedBy'
----------->     (WARNING)  GridTable.GetField: Not found: 'Created'
----------->     (WARNING)  GridTable.GetField: Not found: 'CreatedBy'
----------->     (WARNING)  GridTable.GetField: Not found: 'Updated'
----------->     (WARNING)  GridTable.GetField: Not found: 'UpdatedBy'
05:45:38.453    (INFO)     Trx.Start: **** ConnSH637109055385832230System.Random
05:45:38.453    (INFO)     Trx.Commit: **C** ConnSH637109055385832230System.Random
05:45:38.453    (INFO)     Trx.Start: **** ConnSH637109055387097871System.Random
05:45:38.453    (INFO)     Trx.Commit: **C** ConnSH637109055387097871System.Random
05:45:40.454    (INFO)     Trx.Start: **** ConnSH637109055400538379System.Random
05:45:40.454    (INFO)     Trx.Commit: **C** ConnSH637109055400538379System.Random
05:45:40.454    (INFO)     Trx.Start: **** ConnSH637109055401760714System.Random
05:45:40.454    (INFO)     Trx.Commit: **C** ConnSH637109055401760714System.Random
05:45:47.454    (INFO)     Trx.Start: **** ConnSH637109055474065269System.Random
05:45:47.454    (INFO)     Trx.Commit: **C** ConnSH637109055474065269System.Random
05:45:51.455    (INFO)     Trx.Start: **** GridDel637109055518857650
05:46:14.461    (INFO)     Trx.Start: **** ConnSH637109055741569330System.Random
05:46:14.461    (INFO)     Trx.Commit: **C** ConnSH637109055741569330System.Random
05:46:14.461    (INFO)     MSequence.DeleteTableSequence: True
05:46:14.461    (INFO)     CacheMgt.Reset: AD_Table: #2 (1)
05:46:14.461    (INFO)     MTable.DeleteRecord: True
05:46:14.461    (INFO)     Trx.Commit: **C** GridDel637109055518857650
05:46:18.461    (INFO)     Trx.Start: **** ConnSH637109055784314825System.Random
05:46:18.461    (INFO)     Trx.Commit: **C** ConnSH637109055784314825System.Random
05:46:23.462    (INFO)     Trx.Start: **** ConnSH637109055831007156System.Random
05:46:23.462    (INFO)     Trx.Commit: **C** ConnSH637109055831007156System.Random
05:46:23.462    (INFO)     ColumnSync.DoIt: C_Column_ID=2067
05:46:23.462    (INFO)     Trx.Start: **** SvrProcess
05:46:23.462    (INFO)     ColumnSync.AddLog: 0 - 1/1/0001 12:00:00 AM - 1 - ALTER TABLE C_TaxCategory MODIFY  AD_Client_ID  NUMBER(10) DEFAULT  NULL 
===========>     (SEVERE)   OracleHelper.ExecuteNonQuery: ORA-00936: missing expression [Query NQTrx]UPDATE C_TaxCategory SET AD_Client_ID=@#AD_Client_ID@ WHERE AD_Client_ID IS NULL
===========>     (SEVERE)   DB.ExecuteQuery: SvrProcess => ORA-00936: missing expression
----------->     (WARNING)  DB.ExecuteQuery: DBExecuteError - ORA-00936: missing expression
05:46:23.462    (INFO)     ColumnSync.AddLog: 0 - 1/1/0001 12:00:00 AM - -1 - UPDATE C_TaxCategory SET AD_Client_ID=@#AD_Client_ID@ WHERE AD_Client_ID IS NULL
05:46:24.462    (INFO)     ColumnSync.AddLog: 0 -  - 1 - ALTER TABLE C_TaxCategory DROP CONSTRAINT FK252_2067
05:46:24.462    (INFO)     ColumnSync.AddLog: 0 -  - 1 - ALTER TABLE C_TaxCategory ADD CONSTRAINT FK252_2067 FOREIGN KEY (AD_Client_ID) REFERENCES AD_Client (AD_Client_ID)
05:46:24.462    (INFO)     Trx.Start: **** ConnSH637109055841013379System.Random
05:46:24.462    (INFO)     Trx.Commit: **C** ConnSH637109055841013379System.Random
----------->     (WARNING)  MTable.CreateVersionInfo: Column not updateable - AD_Client_ID - NewValue=0 - OldValue=0
----------->     (WARNING)  MTable.CreateVersionInfo: Column not updateable - AD_Org_ID - NewValue=0 - OldValue=0
----------->     (WARNING)  MTable.CreateVersionInfo: Virtual Column - ConstraintName
----------->     (WARNING)  MTable.CreateVersionInfo: Column not updateable - LoadSeq - NewValue=60 - OldValue=
05:46:24.462    (INFO)     Trx.Start: **** ConnSH637109055843679034System.Random
05:46:24.462    (INFO)     Trx.Commit: **C** ConnSH637109055843679034System.Random
05:46:24.462    (INFO)     Trx.Start: **** ConnSH637109055844587304System.Random
05:46:24.462    (INFO)     Trx.Commit: **C** ConnSH637109055844587304System.Random
05:46:24.462    (INFO)     Trx.Start: **** ConnSH637109055847831955System.Random
05:46:24.462    (INFO)     Trx.Commit: **C** ConnSH637109055847831955System.Random
05:46:24.462    (INFO)     Trx.Start: **** ConnSH637109055849280303System.Random
05:46:25.462    (INFO)     Trx.Commit: **C** ConnSH637109055849280303System.Random
05:46:25.462    (INFO)     Trx.Start: **** ConnSH637109055850235015System.Random
05:46:25.462    (INFO)     Trx.Commit: **C** ConnSH637109055850235015System.Random
05:46:25.462    (INFO)     Trx.Start: **** ConnSH637109055853438599System.Random
05:46:25.462    (INFO)     Trx.Commit: **C** ConnSH637109055853438599System.Random
05:46:25.462    (INFO)     Trx.Start: **** ConnSH637109055854336468System.Random
05:46:25.462    (INFO)     Trx.Commit: **C** ConnSH637109055854336468System.Random
05:46:25.462    (INFO)     Trx.Start: **** ConnSH637109055857369536System.Random
05:46:25.462    (INFO)     Trx.Commit: **C** ConnSH637109055857369536System.Random
05:46:25.462    (INFO)     Trx.Start: **** ConnSH637109055858239897System.Random
05:46:25.462    (INFO)     Trx.Commit: **C** ConnSH637109055858239897System.Random
05:46:26.462    (INFO)     Trx.Start: **** ConnSH637109055861819256System.Random
05:46:26.462    (INFO)     Trx.Commit: **C** ConnSH637109055861819256System.Random
05:46:26.462    (INFO)     Trx.Start: **** ConnSH637109055862870515System.Random
05:46:26.462    (INFO)     Trx.Commit: **C** ConnSH637109055862870515System.Random
05:46:26.462    (INFO)     Trx.Start: **** ConnSH637109055866158621System.Random
05:46:26.462    (INFO)     Trx.Commit: **C** ConnSH637109055866158621System.Random
05:46:26.462    (INFO)     Trx.Start: **** ConnSH637109055867150810System.Random
05:46:26.462    (INFO)     Trx.Commit: **C** ConnSH637109055867150810System.Random
05:46:27.462    (INFO)     Trx.Start: **** ConnSH637109055870699362System.Random
05:46:27.462    (INFO)     Trx.Commit: **C** ConnSH637109055870699362System.Random
05:46:27.462    (INFO)     Trx.Start: **** ConnSH637109055871594305System.Random
05:46:27.462    (INFO)     Trx.Commit: **C** ConnSH637109055871594305System.Random
05:46:27.462    (INFO)     Trx.Start: **** ConnSH637109055874640324System.Random
05:46:27.462    (INFO)     Trx.Commit: **C** ConnSH637109055874640324System.Random
05:46:27.462    (INFO)     Trx.Start: **** ConnSH637109055875696105System.Random
05:46:27.462    (INFO)     Trx.Commit: **C** ConnSH637109055875696105System.Random
05:46:27.462    (INFO)     Trx.Start: **** ConnSH637109055878803266System.Random
05:46:27.462    (INFO)     Trx.Commit: **C** ConnSH637109055878803266System.Random
05:46:27.462    (INFO)     Trx.Start: **** ConnSH637109055879699341System.Random
05:46:28.462    (INFO)     Trx.Commit: **C** ConnSH637109055879699341System.Random
----------->     (WARNING)  MColumn.CreateVersionInfo: Column not updateable - AD_Client_ID - NewValue=0 - OldValue=0
----------->     (WARNING)  MColumn.CreateVersionInfo: Column not updateable - AD_Org_ID - NewValue=0 - OldValue=0
----------->     (WARNING)  MColumn.CreateVersionInfo: Column not updateable - AD_Table_ID - NewValue=252 - OldValue=
----------->     (WARNING)  MColumn.CreateVersionInfo: Virtual Column - ConstraintName
05:46:28.462    (INFO)     Trx.Start: **** ConnSH637109055882862539System.Random
05:46:28.462    (INFO)     Trx.Commit: **C** ConnSH637109055882862539System.Random
05:46:28.462    (INFO)     Trx.Start: **** ConnSH637109055883770316System.Random
05:46:28.462    (INFO)     Trx.Commit: **C** ConnSH637109055883770316System.Random
----------->     (WARNING)  MColumn.CreateVersionInfo: Column not updateable - AD_Client_ID - NewValue=0 - OldValue=0
----------->     (WARNING)  MColumn.CreateVersionInfo: Column not updateable - AD_Org_ID - NewValue=0 - OldValue=0
----------->     (WARNING)  MColumn.CreateVersionInfo: Column not updateable - AD_Table_ID - NewValue=252 - OldValue=
----------->     (WARNING)  MColumn.CreateVersionInfo: Virtual Column - ConstraintName
05:46:28.462    (INFO)     Trx.Start: **** ConnSH637109055888455595System.Random
05:46:28.462    (INFO)     Trx.Commit: **C** ConnSH637109055888455595System.Random
05:46:28.462    (INFO)     Trx.Start: **** ConnSH637109055889327705System.Random
05:46:29.462    (INFO)     Trx.Commit: **C** ConnSH637109055889327705System.Random
----------->     (WARNING)  MColumn.CreateVersionInfo: Column not updateable - AD_Client_ID - NewValue=0 - OldValue=0
----------->     (WARNING)  MColumn.CreateVersionInfo: Column not updateable - AD_Org_ID - NewValue=0 - OldValue=0
----------->     (WARNING)  MColumn.CreateVersionInfo: Column not updateable - AD_Table_ID - NewValue=252 - OldValue=
----------->     (WARNING)  MColumn.CreateVersionInfo: Virtual Column - ConstraintName
05:46:29.462    (INFO)     Trx.Start: **** ConnSH637109055894068705System.Random
05:46:29.462    (INFO)     Trx.Commit: **C** ConnSH637109055894068705System.Random
05:46:29.462    (INFO)     Trx.Start: **** ConnSH637109055894950800System.Random
05:46:29.462    (INFO)     Trx.Commit: **C** ConnSH637109055894950800System.Random
----------->     (WARNING)  MColumn.CreateVersionInfo: Column not updateable - AD_Client_ID - NewValue=0 - OldValue=0
----------->     (WARNING)  MColumn.CreateVersionInfo: Column not updateable - AD_Org_ID - NewValue=0 - OldValue=0
----------->     (WARNING)  MColumn.CreateVersionInfo: Column not updateable - AD_Table_ID - NewValue=252 - OldValue=
----------->     (WARNING)  MColumn.CreateVersionInfo: Virtual Column - ConstraintName
05:46:29.462    (INFO)     Trx.Start: **** ConnSH637109055899310694System.Random
05:46:30.463    (INFO)     Trx.Commit: **C** ConnSH637109055899310694System.Random
05:46:30.463    (INFO)     Trx.Start: **** ConnSH637109055900191415System.Random
05:46:30.463    (INFO)     Trx.Commit: **C** ConnSH637109055900191415System.Random
----------->     (WARNING)  MColumn.CreateVersionInfo: Column not updateable - AD_Client_ID - NewValue=0 - OldValue=0
----------->     (WARNING)  MColumn.CreateVersionInfo: Column not updateable - AD_Org_ID - NewValue=0 - OldValue=0
----------->     (WARNING)  MColumn.CreateVersionInfo: Column not updateable - AD_Table_ID - NewValue=252 - OldValue=
----------->     (WARNING)  MColumn.CreateVersionInfo: Virtual Column - ConstraintName
05:46:30.463    (INFO)     Trx.Start: **** ConnSH637109055904627866System.Random
05:46:30.463    (INFO)     Trx.Commit: **C** ConnSH637109055904627866System.Random
05:46:30.463    (INFO)     Trx.Start: **** ConnSH637109055905508996System.Random
05:46:30.463    (INFO)     Trx.Commit: **C** ConnSH637109055905508996System.Random
----------->     (WARNING)  MColumn.CreateVersionInfo: Column not updateable - AD_Client_ID - NewValue=0 - OldValue=0
----------->     (WARNING)  MColumn.CreateVersionInfo: Column not updateable - AD_Org_ID - NewValue=0 - OldValue=0
----------->     (WARNING)  MColumn.CreateVersionInfo: Column not updateable - AD_Table_ID - NewValue=252 - OldValue=
----------->     (WARNING)  MColumn.CreateVersionInfo: Virtual Column - ConstraintName
05:46:30.463    (INFO)     Trx.Start: **** ConnSH637109055909591814System.Random
05:46:31.463    (INFO)     Trx.Commit: **C** ConnSH637109055909591814System.Random
05:46:31.463    (INFO)     Trx.Start: **** ConnSH637109055910510146System.Random
05:46:31.463    (INFO)     Trx.Commit: **C** ConnSH637109055910510146System.Random
----------->     (WARNING)  MColumn.CreateVersionInfo: Column not updateable - AD_Client_ID - NewValue=0 - OldValue=0
----------->     (WARNING)  MColumn.CreateVersionInfo: Column not updateable - AD_Org_ID - NewValue=0 - OldValue=0
----------->     (WARNING)  MColumn.CreateVersionInfo: Column not updateable - AD_Table_ID - NewValue=252 - OldValue=
----------->     (WARNING)  MColumn.CreateVersionInfo: Virtual Column - ConstraintName
05:46:31.463    (INFO)     Trx.Start: **** ConnSH637109055914717885System.Random
05:46:31.463    (INFO)     Trx.Commit: **C** ConnSH637109055914717885System.Random
05:46:31.463    (INFO)     Trx.Start: **** ConnSH637109055915598158System.Random
05:46:31.463    (INFO)     Trx.Commit: **C** ConnSH637109055915598158System.Random
----------->     (WARNING)  MColumn.CreateVersionInfo: Column not updateable - AD_Client_ID - NewValue=0 - OldValue=0
----------->     (WARNING)  MColumn.CreateVersionInfo: Column not updateable - AD_Org_ID - NewValue=0 - OldValue=0
----------->     (WARNING)  MColumn.CreateVersionInfo: Column not updateable - AD_Table_ID - NewValue=252 - OldValue=
----------->     (WARNING)  MColumn.CreateVersionInfo: Virtual Column - ConstraintName
05:46:31.463    (INFO)     Trx.Start: **** ConnSH637109055919941153System.Random
05:46:32.463    (INFO)     Trx.Commit: **C** ConnSH637109055919941153System.Random
05:46:32.463    (INFO)     Trx.Start: **** ConnSH637109055920913071System.Random
05:46:32.463    (INFO)     Trx.Commit: **C** ConnSH637109055920913071System.Random
----------->     (WARNING)  MColumn.CreateVersionInfo: Column not updateable - AD_Client_ID - NewValue=0 - OldValue=0
----------->     (WARNING)  MColumn.CreateVersionInfo: Column not updateable - AD_Org_ID - NewValue=0 - OldValue=0
----------->     (WARNING)  MColumn.CreateVersionInfo: Column not updateable - AD_Table_ID - NewValue=252 - OldValue=
----------->     (WARNING)  MColumn.CreateVersionInfo: Virtual Column - ConstraintName
05:46:32.463    (INFO)     Trx.Start: **** ConnSH637109055925181373System.Random
05:46:32.463    (INFO)     Trx.Commit: **C** ConnSH637109055925181373System.Random
05:46:32.463    (INFO)     Trx.Start: **** ConnSH637109055926066032System.Random
05:46:32.463    (INFO)     Trx.Commit: **C** ConnSH637109055926066032System.Random
----------->     (WARNING)  MColumn.CreateVersionInfo: Column not updateable - AD_Client_ID - NewValue=0 - OldValue=0
----------->     (WARNING)  MColumn.CreateVersionInfo: Column not updateable - AD_Org_ID - NewValue=0 - OldValue=0
----------->     (WARNING)  MColumn.CreateVersionInfo: Column not updateable - AD_Table_ID - NewValue=252 - OldValue=
----------->     (WARNING)  MColumn.CreateVersionInfo: Virtual Column - ConstraintName
05:46:32.463    (INFO)     Trx.Start: **** ConnSH637109055929777362System.Random
05:46:33.463    (INFO)     Trx.Commit: **C** ConnSH637109055929777362System.Random
05:46:33.463    (INFO)     Trx.Start: **** ConnSH637109055930656539System.Random
05:46:33.463    (INFO)     Trx.Commit: **C** ConnSH637109055930656539System.Random
----------->     (WARNING)  MColumn.CreateVersionInfo: Column not updateable - AD_Client_ID - NewValue=0 - OldValue=0
----------->     (WARNING)  MColumn.CreateVersionInfo: Column not updateable - AD_Org_ID - NewValue=0 - OldValue=0
----------->     (WARNING)  MColumn.CreateVersionInfo: Column not updateable - AD_Table_ID - NewValue=252 - OldValue=
----------->     (WARNING)  MColumn.CreateVersionInfo: Virtual Column - ConstraintName
05:46:33.463    (INFO)     Trx.Start: **** ConnSH637109055934860403System.Random
05:46:33.463    (INFO)     Trx.Commit: **C** ConnSH637109055934860403System.Random
05:46:33.463    (INFO)     Trx.Start: **** ConnSH637109055935749521System.Random
05:46:33.463    (INFO)     Trx.Commit: **C** ConnSH637109055935749521System.Random
----------->     (WARNING)  MColumn.CreateVersionInfo: Column not updateable - AD_Client_ID - NewValue=0 - OldValue=0
----------->     (WARNING)  MColumn.CreateVersionInfo: Column not updateable - AD_Org_ID - NewValue=0 - OldValue=0
----------->     (WARNING)  MColumn.CreateVersionInfo: Column not updateable - AD_Table_ID - NewValue=252 - OldValue=
----------->     (WARNING)  MColumn.CreateVersionInfo: Virtual Column - ConstraintName
05:46:34.463    (INFO)     Trx.Start: **** ConnSH637109055939990000System.Random
05:46:34.463    (INFO)     Trx.Commit: **C** ConnSH637109055939990000System.Random
05:46:34.463    (INFO)     Trx.Start: **** ConnSH637109055940854442System.Random
05:46:34.463    (INFO)     Trx.Commit: **C** ConnSH637109055940854442System.Random
----------->     (WARNING)  MColumn.CreateVersionInfo: Column not updateable - AD_Client_ID - NewValue=0 - OldValue=0
----------->     (WARNING)  MColumn.CreateVersionInfo: Column not updateable - AD_Org_ID - NewValue=0 - OldValue=0
----------->     (WARNING)  MColumn.CreateVersionInfo: Column not updateable - AD_Table_ID - NewValue=252 - OldValue=
----------->     (WARNING)  MColumn.CreateVersionInfo: Virtual Column - ConstraintName
05:46:34.463    (INFO)     Trx.Start: **** ConnSH637109055945196678System.Random
05:46:34.463    (INFO)     Trx.Commit: **C** ConnSH637109055945196678System.Random
05:46:34.463    (INFO)     Trx.Start: **** ConnSH637109055946061305System.Random
05:46:34.463    (INFO)     Trx.Commit: **C** ConnSH637109055946061305System.Random
----------->     (WARNING)  MColumn.CreateVersionInfo: Column not updateable - AD_Client_ID - NewValue=0 - OldValue=0
----------->     (WARNING)  MColumn.CreateVersionInfo: Column not updateable - AD_Org_ID - NewValue=0 - OldValue=0
----------->     (WARNING)  MColumn.CreateVersionInfo: Column not updateable - AD_Table_ID - NewValue=252 - OldValue=
----------->     (WARNING)  MColumn.CreateVersionInfo: Virtual Column - ConstraintName
05:46:35.463    (INFO)     Trx.Start: **** ConnSH637109055950422358System.Random
05:46:35.463    (INFO)     Trx.Commit: **C** ConnSH637109055950422358System.Random
05:46:35.463    (INFO)     Trx.Start: **** ConnSH637109055951305803System.Random
05:46:35.463    (INFO)     Trx.Commit: **C** ConnSH637109055951305803System.Random
----------->     (WARNING)  MColumn.CreateVersionInfo: Column not updateable - AD_Client_ID - NewValue=0 - OldValue=0
----------->     (WARNING)  MColumn.CreateVersionInfo: Column not updateable - AD_Org_ID - NewValue=0 - OldValue=0
----------->     (WARNING)  MColumn.CreateVersionInfo: Column not updateable - AD_Table_ID - NewValue=252 - OldValue=
----------->     (WARNING)  MColumn.CreateVersionInfo: Virtual Column - ConstraintName
05:46:35.463    (INFO)     Trx.Start: **** ConnSH637109055955592645System.Random
05:46:35.463    (INFO)     Trx.Commit: **C** ConnSH637109055955592645System.Random
05:46:35.463    (INFO)     Trx.Start: **** ConnSH637109055956501506System.Random
05:46:35.463    (INFO)     Trx.Commit: **C** ConnSH637109055956501506System.Random
----------->     (WARNING)  MColumn.CreateVersionInfo: Column not updateable - AD_Client_ID - NewValue=0 - OldValue=0
----------->     (WARNING)  MColumn.CreateVersionInfo: Column not updateable - AD_Org_ID - NewValue=0 - OldValue=0
----------->     (WARNING)  MColumn.CreateVersionInfo: Column not updateable - AD_Table_ID - NewValue=252 - OldValue=
----------->     (WARNING)  MColumn.CreateVersionInfo: Virtual Column - ConstraintName
05:46:36.463    (INFO)     Trx.Start: **** ConnSH637109055960738894System.Random
05:46:36.463    (INFO)     Trx.Commit: **C** ConnSH637109055960738894System.Random
05:46:36.463    (INFO)     Trx.Start: **** ConnSH637109055961601162System.Random
05:46:36.463    (INFO)     Trx.Commit: **C** ConnSH637109055961601162System.Random
----------->     (WARNING)  MColumn.CreateVersionInfo: Column not updateable - AD_Client_ID - NewValue=0 - OldValue=0
----------->     (WARNING)  MColumn.CreateVersionInfo: Column not updateable - AD_Org_ID - NewValue=0 - OldValue=0
----------->     (WARNING)  MColumn.CreateVersionInfo: Column not updateable - AD_Table_ID - NewValue=252 - OldValue=
----------->     (WARNING)  MColumn.CreateVersionInfo: Virtual Column - ConstraintName
05:46:36.463    (INFO)     Trx.Start: **** ConnSH637109055965790630System.Random
05:46:36.463    (INFO)     Trx.Commit: **C** ConnSH637109055965790630System.Random
05:46:36.463    (INFO)     Trx.Start: **** ConnSH637109055966667006System.Random
05:46:36.463    (INFO)     Trx.Commit: **C** ConnSH637109055966667006System.Random
----------->     (WARNING)  MColumn.CreateVersionInfo: Column not updateable - AD_Client_ID - NewValue=0 - OldValue=0
----------->     (WARNING)  MColumn.CreateVersionInfo: Column not updateable - AD_Org_ID - NewValue=0 - OldValue=0
----------->     (WARNING)  MColumn.CreateVersionInfo: Column not updateable - AD_Table_ID - NewValue=252 - OldValue=
----------->     (WARNING)  MColumn.CreateVersionInfo: Virtual Column - ConstraintName
05:46:37.463    (INFO)     Trx.Start: **** ConnSH637109055971289100System.Random
05:46:37.463    (INFO)     Trx.Commit: **C** ConnSH637109055971289100System.Random
05:46:37.463    (INFO)     Trx.Start: **** ConnSH637109055972384854System.Random
05:46:37.463    (INFO)     Trx.Commit: **C** ConnSH637109055972384854System.Random
----------->     (WARNING)  MColumn.CreateVersionInfo: Column not updateable - AD_Client_ID - NewValue=0 - OldValue=0
----------->     (WARNING)  MColumn.CreateVersionInfo: Column not updateable - AD_Org_ID - NewValue=0 - OldValue=0
----------->     (WARNING)  MColumn.CreateVersionInfo: Column not updateable - AD_Table_ID - NewValue=252 - OldValue=
----------->     (WARNING)  MColumn.CreateVersionInfo: Virtual Column - ConstraintName
05:46:37.463    (INFO)     Trx.Start: **** ConnSH637109055976893187System.Random
05:46:37.463    (INFO)     Trx.Commit: **C** ConnSH637109055976893187System.Random
05:46:37.463    (INFO)     Trx.Start: **** ConnSH637109055977791546System.Random
05:46:37.463    (INFO)     Trx.Commit: **C** ConnSH637109055977791546System.Random
05:46:38.463    (INFO)     MasterVersions.AddLog: 0 - 1/1/0001 12:00:00 AM - 1 - CREATE TABLE C_TaxCategory_Ver (AD_Client_ID NUMBER(10), AD_Org_ID NUMBER(10), C_TaxCategory_ID NUMBER(10), C_TaxCategory_Ver_ID NUMBER(10) NOT NULL, C_Tax_ID NUMBER(10), CommodityCode NVARCHAR2(20), Created DATE DEFAULT SYSDATE, CreatedBy NUMBER(10) DEFAULT 0, Description NVARCHAR2(255), Export_ID NVARCHAR2(50), IsActive CHAR(1) DEFAULT 'Y' CHECK (IsActive IN ('Y','N')), IsDefault CHAR(1) DEFAULT 'N' CHECK (IsDefault IN ('Y','N')), IsVersionApproved CHAR(1) DEFAULT 'N' CHECK (IsVersionApproved IN ('Y','N')), Name NVARCHAR2(60), Processed CHAR(1) DEFAULT 'N' CHECK (Processed IN ('Y','N')), ProcessedVersion CHAR(1) DEFAULT 'N' CHECK (ProcessedVersion IN ('Y','N')), Processing CHAR(1) DEFAULT 'N' CHECK (Processing IN ('Y','N')), RecordVersion NUMBER(10), Updated DATE DEFAULT SYSDATE, UpdatedBy NUMBER(10) DEFAULT 0, VATAX_GenerateLines CHAR(1), VATAX_Location CHAR(1), VATAX_Preference1 CHAR(1), VATAX_Preference2 CHAR(1), VATAX_Preference3 CHAR(1), VersionLog NVARCHAR2(2000), VersionValidFrom DATE, CONSTRAINT PK1001217 PRIMARY KEY (C_TaxCategory_Ver_ID))
05:46:38.463    (INFO)     MasterVersions.InsertVersionData: Master Version Insertion QueryINSERT INTO C_TaxCategory_Ver(AD_Client_ID,AD_Org_ID,C_TaxCategory_ID,C_Tax_ID,CommodityCode,Created,CreatedBy,Description,Export_ID,IsActive,IsDefault,Name,Updated,UpdatedBy,VATAX_GenerateLines,VATAX_Location,VATAX_Preference1,VATAX_Preference2,VATAX_Preference3,VersionValidFrom,IsVersionApproved,ProcessedVersion,RecordVersion,Processed,Processing,VersionLog,C_TaxCategory_Ver_ID) SELECT AD_Client_ID,AD_Org_ID,C_TaxCategory_ID,C_Tax_ID,CommodityCode,Created,CreatedBy,Description,Export_ID,IsActive,IsDefault,Name,Updated,UpdatedBy,VATAX_GenerateLines,VATAX_Location,VATAX_Preference1,VATAX_Preference2,VATAX_Preference3,Created,'Y','Y',1,'Y','N','',C_TaxCategory_ID FROM C_TaxCategory WHERE C_TaxCategory_ID NOT IN (SELECT C_TaxCategory_ID FROM C_TaxCategory_Ver) :: Records Inserted ==>> 284
05:46:38.463    (INFO)     MasterVersions.InsertVersionData: Master Version Sequence Updated 1
05:46:38.463    (INFO)     CacheMgt.Reset: AD_Process: #1 (2)
05:46:38.463    (INFO)     Trx.Commit: **C** SvrProcess
05:46:38.463    (INFO)     CacheMgt.Reset: AD_Process: #1 (1)
05:46:42.464    (INFO)     Trx.Start: **** ConnSH637109056029540635System.Random
05:46:43.464    (INFO)     Trx.Commit: **C** ConnSH637109056029540635System.Random
05:46:45.464    (INFO)     Trx.Start: **** ConnSH637109056054446126System.Random
05:46:45.464    (INFO)     Trx.Commit: **C** ConnSH637109056054446126System.Random
05:46:53.465    (INFO)     Trx.Start: **** ConnSH637109056132501212System.Random
05:46:53.465    (INFO)     Trx.Commit: **C** ConnSH637109056132501212System.Random
05:48:46.484    (INFO)     Trx.Start: **** ConnSH637109057265428143System.Random
05:48:46.484    (INFO)     Trx.Commit: **C** ConnSH637109057265428143System.Random
05:48:46.484    (INFO)     CacheReset.DoIt: 
05:48:46.484    (INFO)     Env.Reset: finalCall=False
05:48:46.484    (INFO)     CacheMgt.Reset: #12 (5938)
05:48:46.484    (INFO)     MRole.Get: AD_Role_ID=0, AD_User_ID=0, reload=True
05:48:46.484    (INFO)     MRole.Get: MRole[0,System Administrator,UserLevel=S  ,AD_Client_ID=0,AD_Org_ID=0]
05:48:46.484    (INFO)     MRole.Get: AD_Role_ID=0, AD_User_ID=100, reload=True
05:48:46.484    (INFO)     MRole.Get: MRole[0,System Administrator,UserLevel=S  ,AD_Client_ID=0,AD_Org_ID=0]
05:48:46.484    (INFO)     MChangeLog.FillChangeLog: #9
05:48:47.484    (INFO)     CacheMgt.Reset: AD_Process: #1 (1)
05:48:47.484    (INFO)     Trx.Start: **** ConnSH637109057272797521System.Random
05:48:47.484    (INFO)     Trx.Commit: **C** ConnSH637109057272797521System.Random
05:48:48.484    (INFO)     Msg.InitMsg: Records=5823 - en_US
05:48:48.484    (INFO)     Trx.Start: **** ConnSH637109057280226889System.Random
05:48:48.484    (INFO)     Trx.Commit: **C** ConnSH637109057280226889System.Random
05:48:50.485    (INFO)     MSession.Logout: 06:33:10.461
===========>     (SEVERE)   LDAP.Validate: Error in LDAP for user IdeasIncAdmin : The server is not operational.

===========>     (SEVERE)   LDAP.Validate: Error in LDAP for user IdeasIncAdmin : The server is not operational.

05:49:47.494    (INFO)     MRole.Get: AD_Role_ID=102, AD_User_ID=101, reload=True
05:49:47.494    (INFO)     MRole.Get: MRole[102,IdeasInc Admin,UserLevel= CO,AD_Client_ID IN (0,11),]
05:49:47.494    (INFO)     MRole.Get: AD_Role_ID=102, AD_User_ID=101, reload=True
05:49:48.494    (INFO)     MRole.Get: MRole[102,IdeasInc Admin,UserLevel= CO,AD_Client_ID IN (0,11),]
05:49:48.494    (INFO)     MTree.Load: AD_Tree_ID=121, AD_User_ID=101, Editable=False, OnClient=True
===========>     (SEVERE)   MTree.LoadNodes: Nodes w/o parent - adding to root - System.Collections.Generic.List`1[VAdvantage.Classes.VTreeNode]
05:49:48.494    (INFO)     Trx.Start: **** ConnSH637109057887724052System.Random
05:49:48.494    (INFO)     Trx.Commit: **C** ConnSH637109057887724052System.Random
----------->     (WARNING)  AccessSqlParser.GetTableInfo: More than one FROM clause - SELECT AppointmentsInfo.Appointmentsinfo_id AS ID,AppointmentsInfo.AD_Client_ID,AppointmentsInfo.AD_Org_ID  FROM AppointmentsInfo JOIN AD_User ON AD_User.AD_User_ID =AppointmentsInfo.CreatedBy WHERE AppointmentsInfo.IsRead='N' AND AppointmentsInfo.istask ='N'  AND AppointmentsInfo.AD_User_ID  = 101  UNION SELECT AppointmentsInfo.Appointmentsinfo_id AS ID, AppointmentsInfo.AD_Client_ID,AppointmentsInfo.AD_Org_ID FROM AppointmentsInfo  JOIN AD_User ON AD_User.AD_User_ID = AppointmentsInfo.CreatedBy  WHERE (AppointmentsInfo.IsRead ='Y'   AND AppointmentsInfo.AD_User_ID = 101 )  AND AppointmentsInfo.istask ='N'  AND AppointmentsInfo.startDate BETWEEN to_date('12/01/19','mm/dd/yy') and to_date('12/09/19 23.59','mm/dd/yy HH24:MI')   OR  to_date('12/02/19','mm/dd/yy')  BETWEEN  AppointmentsInfo.startDate  AND AppointmentsInfo.endDate  AND  AppointmentsInfo.CreatedBy  !=101 AND AppointmentsInfo.AD_User_ID  = 101)
----------->     (WARNING)  AccessSqlParser.GetTableInfo: Could not remove ON AppointmentsInfo JOIN AD_User ON AD_User.AD_User_ID =AppointmentsInfo.CreatedBy
----------->     (WARNING)  GridTable.GetField: Not found: 'Created'
----------->     (WARNING)  GridTable.GetField: Not found: 'CreatedBy'
----------->     (WARNING)  GridTable.GetField: Not found: 'Updated'
----------->     (WARNING)  GridTable.GetField: Not found: 'UpdatedBy'
----------->     (WARNING)  GridTable.GetField: Not found: 'Created'
----------->     (WARNING)  GridTable.GetField: Not found: 'CreatedBy'
----------->     (WARNING)  GridTable.GetField: Not found: 'Updated'
----------->     (WARNING)  GridTable.GetField: Not found: 'UpdatedBy'
----------->     (WARNING)  GridTable.GetField: Not found: 'Created'
----------->     (WARNING)  GridTable.GetField: Not found: 'CreatedBy'
----------->     (WARNING)  GridTable.GetField: Not found: 'Updated'
----------->     (WARNING)  GridTable.GetField: Not found: 'UpdatedBy'
05:52:48.524    (INFO)     Trx.Start: **** ConnSH637109059681604961System.Random
05:52:48.524    (INFO)     Trx.Commit: **C** ConnSH637109059681604961System.Random
05:52:49.524    (INFO)     Trx.Start: **** ConnSH637109059692308366System.Random
05:52:49.524    (INFO)     Trx.Commit: **C** ConnSH637109059692308366System.Random
05:52:59.525    (INFO)     MTable.GetPO: Using GenericPO for C_TaxCategory_Ver
05:52:59.525    (INFO)     Trx.Start: **** ConnSH637109059794569168System.Random
05:52:59.525    (INFO)     Trx.Commit: **C** ConnSH637109059794569168System.Random
05:52:59.525    (INFO)     Trx.Start: **** ConnSH637109059796179488System.Random
05:52:59.525    (INFO)     Trx.Commit: **C** ConnSH637109059796179488System.Random
===========>     (SEVERE)   DB.ExecuteQuery:  => ORA-00942: table or view does not exist
----------->     (WARNING)  DB.ExecuteQuery: DBExecuteError - ORA-00942: table or view does not exist
05:53:00.530    (INFO)     Trx.Start: **** ConnSH637109059800598138System.Random
05:53:00.530    (INFO)     Trx.Commit: **C** ConnSH637109059800598138System.Random
05:54:40.544    (INFO)     MSession.Logout: 06:35:53.689
----------->     (WARNING)  MSession.Get: Session Processed=X_AD_Session[1028824]
===========>     (SEVERE)   LDAP.Validate: Error in LDAP for user IdeasIncAdmin : The server is not operational.

05:55:01.551    (INFO)     MRole.Get: AD_Role_ID=102, AD_User_ID=101, reload=True
05:55:01.551    (INFO)     MRole.Get: MRole[102,IdeasInc Admin,UserLevel= CO,AD_Client_ID IN (0,11),]
05:55:01.551    (INFO)     MTree.Load: AD_Tree_ID=121, AD_User_ID=101, Editable=False, OnClient=True
===========>     (SEVERE)   MTree.LoadNodes: Nodes w/o parent - adding to root - System.Collections.Generic.List`1[VAdvantage.Classes.VTreeNode]
05:55:02.552    (INFO)     Trx.Start: **** ConnSH637109061024309509System.Random
05:55:02.552    (INFO)     Trx.Commit: **C** ConnSH637109061024309509System.Random
----------->     (WARNING)  AccessSqlParser.GetTableInfo: More than one FROM clause - SELECT AppointmentsInfo.Appointmentsinfo_id AS ID,AppointmentsInfo.AD_Client_ID,AppointmentsInfo.AD_Org_ID  FROM AppointmentsInfo JOIN AD_User ON AD_User.AD_User_ID =AppointmentsInfo.CreatedBy WHERE AppointmentsInfo.IsRead='N' AND AppointmentsInfo.istask ='N'  AND AppointmentsInfo.AD_User_ID  = 101  UNION SELECT AppointmentsInfo.Appointmentsinfo_id AS ID, AppointmentsInfo.AD_Client_ID,AppointmentsInfo.AD_Org_ID FROM AppointmentsInfo  JOIN AD_User ON AD_User.AD_User_ID = AppointmentsInfo.CreatedBy  WHERE (AppointmentsInfo.IsRead ='Y'   AND AppointmentsInfo.AD_User_ID = 101 )  AND AppointmentsInfo.istask ='N'  AND AppointmentsInfo.startDate BETWEEN to_date('12/01/19','mm/dd/yy') and to_date('12/09/19 23.59','mm/dd/yy HH24:MI')   OR  to_date('12/02/19','mm/dd/yy')  BETWEEN  AppointmentsInfo.startDate  AND AppointmentsInfo.endDate  AND  AppointmentsInfo.CreatedBy  !=101 AND AppointmentsInfo.AD_User_ID  = 101)
----------->     (WARNING)  AccessSqlParser.GetTableInfo: Could not remove ON AppointmentsInfo JOIN AD_User ON AD_User.AD_User_ID =AppointmentsInfo.CreatedBy
05:55:06.556    (INFO)     AEnv.GetMWindowVO: Cached=VAdvantage.Controller.GridWindowVO
----------->     (WARNING)  GridTable.GetField: Not found: 'Created'
----------->     (WARNING)  GridTable.GetField: Not found: 'CreatedBy'
----------->     (WARNING)  GridTable.GetField: Not found: 'Updated'
----------->     (WARNING)  GridTable.GetField: Not found: 'UpdatedBy'
----------->     (WARNING)  GridTable.GetField: Not found: 'Created'
----------->     (WARNING)  GridTable.GetField: Not found: 'CreatedBy'
----------->     (WARNING)  GridTable.GetField: Not found: 'Updated'
----------->     (WARNING)  GridTable.GetField: Not found: 'UpdatedBy'
----------->     (WARNING)  GridTable.GetField: Not found: 'Created'
----------->     (WARNING)  GridTable.GetField: Not found: 'CreatedBy'
----------->     (WARNING)  GridTable.GetField: Not found: 'Updated'
----------->     (WARNING)  GridTable.GetField: Not found: 'UpdatedBy'
05:55:06.556    (INFO)     Trx.Start: **** ConnSH637109061066744401System.Random
05:55:06.556    (INFO)     Trx.Commit: **C** ConnSH637109061066744401System.Random
05:55:07.557    (INFO)     Trx.Start: **** ConnSH637109061075431510System.Random
05:55:07.557    (INFO)     Trx.Commit: **C** ConnSH637109061075431510System.Random
05:55:12.551    (INFO)     Trx.Start: **** ConnSH637109061122188741System.Random
05:55:12.551    (INFO)     Trx.Commit: **C** ConnSH637109061122188741System.Random
05:55:18.551    (INFO)     Trx.Start: **** ConnSH637109061182935608System.Random
05:55:18.551    (INFO)     Trx.Commit: **C** ConnSH637109061182935608System.Random
05:55:18.551    (INFO)     CacheReset.DoIt: 
05:55:18.551    (INFO)     Env.Reset: finalCall=False
05:55:18.551    (INFO)     CacheMgt.Reset: #19 (7911)
05:55:18.551    (INFO)     MRole.Get: AD_Role_ID=0, AD_User_ID=0, reload=True
05:55:18.551    (INFO)     MRole.Get: MRole[0,System Administrator,UserLevel=S  ,AD_Client_ID=0,AD_Org_ID=0]
05:55:18.551    (INFO)     MRole.Get: AD_Role_ID=102, AD_User_ID=101, reload=True
05:55:18.551    (INFO)     MRole.Get: MRole[102,IdeasInc Admin,UserLevel= CO,AD_Client_ID IN (0,11),]
05:55:18.551    (INFO)     MChangeLog.FillChangeLog: #9
05:55:18.551    (INFO)     CacheMgt.Reset: AD_Process: #1 (1)
05:55:18.551    (INFO)     Trx.Start: **** ConnSH637109061187624533System.Random
05:55:18.551    (INFO)     Trx.Commit: **C** ConnSH637109061187624533System.Random
05:55:18.551    (INFO)     Trx.Start: **** ConnSH637109061188551688System.Random
05:55:18.551    (INFO)     Trx.Commit: **C** ConnSH637109061188551688System.Random
05:55:19.551    (INFO)     Msg.InitMsg: Records=5823 - en_US
05:55:19.551    (INFO)     Trx.Start: **** ConnSH637109061195545238System.Random
05:55:19.551    (INFO)     Trx.Commit: **C** ConnSH637109061195545238System.Random
05:55:19.551    (INFO)     Trx.Start: **** ConnSH637109061196398763System.Random
05:55:19.551    (INFO)     Trx.Commit: **C** ConnSH637109061196398763System.Random
----------->     (WARNING)  GridTable.GetField: Not found: 'Created'
----------->     (WARNING)  GridTable.GetField: Not found: 'CreatedBy'
----------->     (WARNING)  GridTable.GetField: Not found: 'Updated'
----------->     (WARNING)  GridTable.GetField: Not found: 'UpdatedBy'
----------->     (WARNING)  GridTable.GetField: Not found: 'Created'
----------->     (WARNING)  GridTable.GetField: Not found: 'CreatedBy'
----------->     (WARNING)  GridTable.GetField: Not found: 'Updated'
----------->     (WARNING)  GridTable.GetField: Not found: 'UpdatedBy'
----------->     (WARNING)  GridTable.GetField: Not found: 'Created'
----------->     (WARNING)  GridTable.GetField: Not found: 'CreatedBy'
----------->     (WARNING)  GridTable.GetField: Not found: 'Updated'
----------->     (WARNING)  GridTable.GetField: Not found: 'UpdatedBy'
05:55:40.554    (INFO)     Trx.Start: **** ConnSH637109061400626067System.Random
05:55:40.554    (INFO)     Trx.Commit: **C** ConnSH637109061400626067System.Random
05:55:40.554    (INFO)     Trx.Start: **** ConnSH637109061401722933System.Random
05:55:40.554    (INFO)     Trx.Commit: **C** ConnSH637109061401722933System.Random
05:55:40.554    (INFO)     Trx.Start: **** ConnSH637109061405684871System.Random
05:55:40.554    (INFO)     Trx.Commit: **C** ConnSH637109061405684871System.Random
05:55:40.554    (INFO)     Trx.Start: **** ConnSH637109061406724729System.Random
