*** 10/7/2019 10:27:27 AM VAdvantage Log  ***
===========>     (SEVERE)   OracleHelper.ExecuteReader: ORA-03135: Connection lost contact [Query DR] SELECT * FROM AD_System ORDER BY AD_System_ID
===========>     (SEVERE)   OracleHelper.ExecuteReader: ORA-03135: Connection lost contact [Query DR] SELECT * FROM AD_System ORDER BY AD_System_ID
10:27:27.272    (INFO)     MRole.Get: AD_Role_ID=1000118, AD_User_ID=1005338, reload=True
10:27:27.272    (INFO)     MRole.Get: MRole[1000118,Vienna Group Admin,UserLevel= CO,AD_Client_ID IN(0,1000005),AD_Org_ID IN(0,1000008,1000009,1000017,1000018,1000019,1000020,1000021)]
10:27:27.272    (INFO)     MTree.Load: AD_Tree_ID=10, AD_User_ID=1005338, Editable=False, OnClient=True
===========>     (SEVERE)   MTree.LoadNodes: Nodes w/o parent - adding to root - System.Collections.Generic.List`1[VAdvantage.Classes.VTreeNode]
10:27:28.272    (INFO)     Trx.Start: **** ConnSH637060408482875538System.Random
10:27:28.272    (INFO)     Trx.Commit: **C** ConnSH637060408482875538System.Random
----------->     (WARNING)  AccessSqlParser.GetTableInfo: More than one FROM clause - SELECT AppointmentsInfo.Appointmentsinfo_id AS ID,AppointmentsInfo.AD_Client_ID,AppointmentsInfo.AD_Org_ID  FROM AppointmentsInfo JOIN AD_User ON AD_User.AD_User_ID =AppointmentsInfo.CreatedBy WHERE AppointmentsInfo.IsRead='N' AND AppointmentsInfo.istask ='N'  AND AppointmentsInfo.AD_User_ID  = 1005338  UNION SELECT AppointmentsInfo.Appointmentsinfo_id AS ID, AppointmentsInfo.AD_Client_ID,AppointmentsInfo.AD_Org_ID FROM AppointmentsInfo  JOIN AD_User ON AD_User.AD_User_ID = AppointmentsInfo.CreatedBy  WHERE (AppointmentsInfo.IsRead ='Y'   AND AppointmentsInfo.AD_User_ID = 1005338 )  AND AppointmentsInfo.istask ='N'  AND AppointmentsInfo.startDate BETWEEN to_date('10/06/19','mm/dd/yy') and to_date('10/14/19 23.59','mm/dd/yy HH24:MI')   OR  to_date('10/07/19','mm/dd/yy')  BETWEEN  AppointmentsInfo.startDate  AND AppointmentsInfo.endDate  AND  AppointmentsInfo.CreatedBy  !=1005338 AND AppointmentsInfo.AD_User_ID  = 1005338)
----------->     (WARNING)  AccessSqlParser.GetTableInfo: Could not remove ON AppointmentsInfo JOIN AD_User ON AD_User.AD_User_ID =AppointmentsInfo.CreatedBy
----------->     (WARNING)  GridTable.GetField: Not found: 'Created'
----------->     (WARNING)  GridTable.GetField: Not found: 'CreatedBy'
----------->     (WARNING)  GridTable.GetField: Not found: 'Updated'
----------->     (WARNING)  GridTable.GetField: Not found: 'UpdatedBy'
===========>     (SEVERE)   OracleHelper.ExecuteDataset: ORA-00942: table or view does not exist [Query D] => SELECT vadms_windowdoclink_id, record_id FROM VADMS_WindowDocLink wdl JOIN vadms_document doc ON wdl.VADMS_Document_ID  =doc.VADMS_Document_ID WHERE doc.vadms_docstatus!='DD' AND AD_Table_ID =224
----------->     (WARNING)  GridTable.GetField: Not found: 'Created'
----------->     (WARNING)  GridTable.GetField: Not found: 'CreatedBy'
----------->     (WARNING)  GridTable.GetField: Not found: 'Updated'
----------->     (WARNING)  GridTable.GetField: Not found: 'UpdatedBy'
===========>     (SEVERE)   OracleHelper.ExecuteDataset: ORA-00942: table or view does not exist [Query D] => SELECT vadms_windowdoclink_id, record_id FROM VADMS_WindowDocLink wdl JOIN vadms_document doc ON wdl.VADMS_Document_ID  =doc.VADMS_Document_ID WHERE doc.vadms_docstatus!='DD' AND AD_Table_ID =226
----------->     (WARNING)  GridTable.GetField: Not found: 'Created'
----------->     (WARNING)  GridTable.GetField: Not found: 'CreatedBy'
----------->     (WARNING)  GridTable.GetField: Not found: 'Updated'
----------->     (WARNING)  GridTable.GetField: Not found: 'UpdatedBy'
===========>     (SEVERE)   OracleHelper.ExecuteDataset: ORA-00942: table or view does not exist [Query D] => SELECT vadms_windowdoclink_id, record_id FROM VADMS_WindowDocLink wdl JOIN vadms_document doc ON wdl.VADMS_Document_ID  =doc.VADMS_Document_ID WHERE doc.vadms_docstatus!='DD' AND AD_Table_ID =1000666
10:27:37.273    (INFO)     Trx.Start: **** ConnSH637060408573675773System.Random
10:27:37.273    (INFO)     Trx.Commit: **C** ConnSH637060408573675773System.Random
----------->     (WARNING)  GridTable.GetField: Not found: 'Created'
----------->     (WARNING)  GridTable.GetField: Not found: 'CreatedBy'
----------->     (WARNING)  GridTable.GetField: Not found: 'Updated'
----------->     (WARNING)  GridTable.GetField: Not found: 'UpdatedBy'
===========>     (SEVERE)   OracleHelper.ExecuteDataset: ORA-00942: table or view does not exist [Query D] => SELECT vadms_windowdoclink_id, record_id FROM VADMS_WindowDocLink wdl JOIN vadms_document doc ON wdl.VADMS_Document_ID  =doc.VADMS_Document_ID WHERE doc.vadms_docstatus!='DD' AND AD_Table_ID =208
----------->     (WARNING)  GridTable.GetField: Not found: 'Created'
----------->     (WARNING)  GridTable.GetField: Not found: 'CreatedBy'
----------->     (WARNING)  GridTable.GetField: Not found: 'Updated'
----------->     (WARNING)  GridTable.GetField: Not found: 'UpdatedBy'
----------->     (WARNING)  GridTable.GetField: Not found: 'CreatedBy'
----------->     (WARNING)  GridTable.GetField: Not found: 'Updated'
----------->     (WARNING)  GridTable.GetField: Not found: 'UpdatedBy'
===========>     (SEVERE)   OracleHelper.ExecuteDataset: ORA-00942: table or view does not exist [Query D] => SELECT vadms_windowdoclink_id, record_id FROM VADMS_WindowDocLink wdl JOIN vadms_document doc ON wdl.VADMS_Document_ID  =doc.VADMS_Document_ID WHERE doc.vadms_docstatus!='DD' AND AD_Table_ID =808
----------->     (WARNING)  GridTable.GetField: Not found: 'Created'
----------->     (WARNING)  GridTable.GetField: Not found: 'CreatedBy'
----------->     (WARNING)  GridTable.GetField: Not found: 'Updated'
----------->     (WARNING)  GridTable.GetField: Not found: 'UpdatedBy'
===========>     (SEVERE)   OracleHelper.ExecuteDataset: ORA-00942: table or view does not exist [Query D] => SELECT vadms_windowdoclink_id, record_id FROM VADMS_WindowDocLink wdl JOIN vadms_document doc ON wdl.VADMS_Document_ID  =doc.VADMS_Document_ID WHERE doc.vadms_docstatus!='DD' AND AD_Table_ID =817
----------->     (WARNING)  GridTable.GetField: Not found: 'Created'
----------->     (WARNING)  GridTable.GetField: Not found: 'CreatedBy'
----------->     (WARNING)  GridTable.GetField: Not found: 'Updated'
----------->     (WARNING)  GridTable.GetField: Not found: 'UpdatedBy'
===========>     (SEVERE)   OracleHelper.ExecuteDataset: ORA-00942: table or view does not exist [Query D] => SELECT vadms_windowdoclink_id, record_id FROM VADMS_WindowDocLink wdl JOIN vadms_document doc ON wdl.VADMS_Document_ID  =doc.VADMS_Document_ID WHERE doc.vadms_docstatus!='DD' AND AD_Table_ID =1000643
10:27:39.273    (INFO)     Trx.Start: **** ConnSH637060408593628565System.Random
10:27:39.273    (INFO)     Trx.Commit: **C** ConnSH637060408593628565System.Random
10:27:40.274    (INFO)     Trx.Start: **** ConnSH637060408606283420System.Random
10:27:40.274    (INFO)     Trx.Commit: **C** ConnSH637060408606283420System.Random
10:27:42.274    (INFO)     Trx.Start: **** ConnSH637060408625268234System.Random
10:27:42.274    (INFO)     Trx.Commit: **C** ConnSH637060408625268234System.Random
10:27:52.275    (INFO)     AEnv.GetMWindowVO: Cached=VAdvantage.Controller.GridWindowVO
----------->     (WARNING)  GridTable.GetField: Not found: 'Created'
----------->     (WARNING)  GridTable.GetField: Not found: 'CreatedBy'
----------->     (WARNING)  GridTable.GetField: Not found: 'Updated'
----------->     (WARNING)  GridTable.GetField: Not found: 'UpdatedBy'
===========>     (SEVERE)   OracleHelper.ExecuteDataset: ORA-00942: table or view does not exist [Query D] => SELECT vadms_windowdoclink_id, record_id FROM VADMS_WindowDocLink wdl JOIN vadms_document doc ON wdl.VADMS_Document_ID  =doc.VADMS_Document_ID WHERE doc.vadms_docstatus!='DD' AND AD_Table_ID =224
----------->     (WARNING)  GridTable.GetField: Not found: 'Created'
----------->     (WARNING)  GridTable.GetField: Not found: 'CreatedBy'
----------->     (WARNING)  GridTable.GetField: Not found: 'Updated'
----------->     (WARNING)  GridTable.GetField: Not found: 'UpdatedBy'
===========>     (SEVERE)   OracleHelper.ExecuteDataset: ORA-00942: table or view does not exist [Query D] => SELECT vadms_windowdoclink_id, record_id FROM VADMS_WindowDocLink wdl JOIN vadms_document doc ON wdl.VADMS_Document_ID  =doc.VADMS_Document_ID WHERE doc.vadms_docstatus!='DD' AND AD_Table_ID =226
----------->     (WARNING)  GridTable.GetField: Not found: 'Created'
----------->     (WARNING)  GridTable.GetField: Not found: 'CreatedBy'
----------->     (WARNING)  GridTable.GetField: Not found: 'Updated'
----------->     (WARNING)  GridTable.GetField: Not found: 'UpdatedBy'
===========>     (SEVERE)   OracleHelper.ExecuteDataset: ORA-00942: table or view does not exist [Query D] => SELECT vadms_windowdoclink_id, record_id FROM VADMS_WindowDocLink wdl JOIN vadms_document doc ON wdl.VADMS_Document_ID  =doc.VADMS_Document_ID WHERE doc.vadms_docstatus!='DD' AND AD_Table_ID =1000666
10:27:52.275    (INFO)     Trx.Start: **** ConnSH637060408729139427System.Random
10:27:52.275    (INFO)     Trx.Commit: **C** ConnSH637060408729139427System.Random
10:27:53.275    (INFO)     Trx.Start: **** ConnSH637060408735350083System.Random
10:27:53.275    (INFO)     Trx.Commit: **C** ConnSH637060408735350083System.Random
10:28:03.283    (INFO)     Trx.Start: **** ConnSH637060408830207294System.Random
10:28:03.283    (INFO)     Trx.Commit: **C** ConnSH637060408830207294System.Random
10:28:05.285    (INFO)     Trx.Start: **** ConnSH637060408852257476System.Random
10:28:05.285    (INFO)     Trx.Commit: **C** ConnSH637060408852257476System.Random
10:28:08.288    (INFO)     Trx.Start: **** ConnSH637060408880309875System.Random
10:28:08.288    (INFO)     Trx.Commit: **C** ConnSH637060408880309875System.Random
----------->     (WARNING)  GridTable.GetField: Not found: 'Created'
----------->     (WARNING)  GridTable.GetField: Not found: 'CreatedBy'
----------->     (WARNING)  GridTable.GetField: Not found: 'Updated'
----------->     (WARNING)  GridTable.GetField: Not found: 'UpdatedBy'
----------->     (WARNING)  GridTable.GetField: Not found: 'Created'
----------->     (WARNING)  GridTable.GetField: Not found: 'CreatedBy'
----------->     (WARNING)  GridTable.GetField: Not found: 'Updated'
----------->     (WARNING)  GridTable.GetField: Not found: 'UpdatedBy'
10:28:31.283    (INFO)     Trx.Start: **** ConnSH637060409115131334System.Random
10:28:31.283    (INFO)     Trx.Commit: **C** ConnSH637060409115131334System.Random
===========>     (SEVERE)   DB_Oracle.ExecuteDatasetPaging: ORA-00904: "P"."M_PRODUCT_ID": invalid identifier [Query NQTrx]select * FROM (SELECT t.*, rownum AS row_num FROM (SELECT M_Product.M_Product_ID,NULL,NVL(M_Product.Name,''),M_Product.IsActive FROM M_Product WHERE p.M_Product_ID IN   (SELECT m_product_id   FROM m_productprice ppr  INNER JOIN m_pricelist_version plv  ON (ppr.m_pricelist_version_ID=plv.m_pricelist_version_ID )   INNER JOIN m_pricelist pl  ON (pl.m_pricelist_id=plv.m_pricelist_id )  WHERE ppr.isActive     ='Y'  AND plv.isactive     ='Y'  AND pl.isactive      ='Y'  ) AND M_Product.AD_Client_ID IN(0,1000005) AND (COALESCE(M_Product.AD_Org_ID,0) IN(0,0,1000008,1000009,1000017,1000018,1000019,1000020,1000021)) AND M_Product.M_Product_ID NOT IN ( SELECT Record_ID FROM AD_Private_Access WHERE AD_Table_ID = 208 AND AD_User_ID <> 1005338 AND IsActive = 'Y' ) ORDER BY 3) t ) WHERE row_num BETWEEN (((1 - 1) * 1000) + 1) AND ((1 * 1000))
10:28:32.283    (INFO)     Trx.Start: **** ConnSH637060409120598124System.Random
10:28:32.283    (INFO)     Trx.Commit: **C** ConnSH637060409120598124System.Random
----------->     (WARNING)  GridTable.GetField: Not found: 'Created'
----------->     (WARNING)  GridTable.GetField: Not found: 'CreatedBy'
----------->     (WARNING)  GridTable.GetField: Not found: 'Updated'
----------->     (WARNING)  GridTable.GetField: Not found: 'UpdatedBy'
----------->     (WARNING)  GridTable.GetField: Not found: 'Created'
----------->     (WARNING)  GridTable.GetField: Not found: 'CreatedBy'
----------->     (WARNING)  GridTable.GetField: Not found: 'Updated'
----------->     (WARNING)  GridTable.GetField: Not found: 'UpdatedBy'
----------->     (WARNING)  GridTable.GetField: Not found: 'Created'
----------->     (WARNING)  GridTable.GetField: Not found: 'CreatedBy'
----------->     (WARNING)  GridTable.GetField: Not found: 'Updated'
----------->     (WARNING)  GridTable.GetField: Not found: 'UpdatedBy'
----------->     (WARNING)  GridTable.GetField: Not found: 'Created'
----------->     (WARNING)  GridTable.GetField: Not found: 'CreatedBy'
----------->     (WARNING)  GridTable.GetField: Not found: 'Updated'
----------->     (WARNING)  GridTable.GetField: Not found: 'UpdatedBy'
10:29:05.295    (INFO)     Trx.Start: **** ConnSH637060409456802623System.Random
10:29:05.295    (INFO)     Trx.Commit: **C** ConnSH637060409456802623System.Random
10:29:06.296    (INFO)     Trx.Start: **** ConnSH637060409469627777System.Random
10:29:06.296    (INFO)     Trx.Commit: **C** ConnSH637060409469627777System.Random
10:29:18.291    (INFO)     Trx.Start: **** ConnSH637060409584474024System.Random
10:29:18.291    (INFO)     Trx.Commit: **C** ConnSH637060409584474024System.Random
10:29:48.294    (INFO)     Trx.Start: **** ConnSH637060409887992554System.Random
10:29:48.294    (INFO)     Trx.Commit: **C** ConnSH637060409887992554System.Random
10:29:56.295    (INFO)     Trx.Start: **** ConnSH637060409966635330System.Random
10:29:56.295    (INFO)     Trx.Commit: **C** ConnSH637060409966635330System.Random
10:30:15.301    (INFO)     MChangeLog.FillChangeLog: #9
10:30:18.301    (INFO)     Trx.Start: **** ConnSH637060410184749865System.Random
10:30:18.301    (INFO)     Trx.Commit: **C** ConnSH637060410184749865System.Random
10:30:18.301    (INFO)     Trx.Start: **** ConnSH637060410185614454System.Random
10:30:18.301    (INFO)     Trx.Commit: **C** ConnSH637060410185614454System.Random
10:30:26.302    (INFO)     Trx.Start: **** ConnSH637060410268317410System.Random
10:30:26.302    (INFO)     Trx.Commit: **C** ConnSH637060410268317410System.Random
10:30:39.303    (INFO)     Trx.Start: **** ConnSH637060410393688224System.Random
10:30:39.303    (INFO)     Trx.Commit: **C** ConnSH637060410393688224System.Random
