*** 11/6/2019 6:54:56 PM VAdvantage Log  ***
06:54:56.545    (INFO)     Trx.Start: **** ConnSH637086632966305880System.Random
06:54:56.545    (INFO)     Trx.Commit: **C** ConnSH637086632966305880System.Random
06:54:56.545    (INFO)     MChangeLog.FillChangeLog: #9
06:54:56.545    (INFO)     CacheReset.DoIt: 
06:54:56.545    (INFO)     Env.Reset: finalCall=False
06:54:56.545    (INFO)     CacheMgt.Reset: #16 (7872)
06:54:56.545    (INFO)     MRole.Get: AD_Role_ID=0, AD_User_ID=0, reload=True
06:54:57.545    (INFO)     MRole.Get: MRole[0,System Administrator,UserLevel=S  ,AD_Client_ID=0,AD_Org_ID=0]
06:54:57.545    (INFO)     MRole.Get: AD_Role_ID=102, AD_User_ID=101, reload=True
06:54:57.545    (INFO)     MRole.Get: MRole[102,IdeasInc Admin,UserLevel= CO,AD_Client_ID IN (0,11),]
06:54:57.545    (INFO)     MChangeLog.FillChangeLog: #9
06:54:57.545    (INFO)     CacheMgt.Reset: AD_Process: #1 (1)
06:54:57.545    (INFO)     Trx.Start: **** ConnSH637086632973235788System.Random
06:54:57.545    (INFO)     Trx.Commit: **C** ConnSH637086632973235788System.Random
06:54:57.545    (INFO)     Trx.Start: **** ConnSH637086632974782970System.Random
06:54:57.545    (INFO)     Trx.Commit: **C** ConnSH637086632974782970System.Random
06:54:58.545    (INFO)     Msg.InitMsg: Records=5818 - en_US
06:54:58.545    (INFO)     Trx.Start: **** ConnSH637086632981415687System.Random
06:54:58.545    (INFO)     Trx.Commit: **C** ConnSH637086632981415687System.Random
06:54:58.545    (INFO)     Trx.Start: **** ConnSH637086632982095683System.Random
06:54:58.545    (INFO)     Trx.Commit: **C** ConnSH637086632982095683System.Random
----------->     (WARNING)  GridTable.GetField: Not found: 'Created'
----------->     (WARNING)  GridTable.GetField: Not found: 'CreatedBy'
----------->     (WARNING)  GridTable.GetField: Not found: 'Updated'
----------->     (WARNING)  GridTable.GetField: Not found: 'UpdatedBy'
----------->     (WARNING)  GridTable.GetField: Not found: 'Created'
----------->     (WARNING)  GridTable.GetField: Not found: 'CreatedBy'
----------->     (WARNING)  GridTable.GetField: Not found: 'Updated'
----------->     (WARNING)  GridTable.GetField: Not found: 'UpdatedBy'
----------->     (WARNING)  GridTable.GetField: Not found: 'Created'
----------->     (WARNING)  GridTable.GetField: Not found: 'CreatedBy'
----------->     (WARNING)  GridTable.GetField: Not found: 'Updated'
----------->     (WARNING)  GridTable.GetField: Not found: 'UpdatedBy'
06:55:06.556    (INFO)     Trx.Start: **** ConnSH637086633067751726System.Random
06:55:06.556    (INFO)     Trx.Commit: **C** ConnSH637086633067751726System.Random
06:55:06.556    (INFO)     Trx.Start: **** ConnSH637086633068581677System.Random
06:55:06.556    (INFO)     Trx.Commit: **C** ConnSH637086633068581677System.Random
06:55:07.557    (INFO)     Trx.Start: **** ConnSH637086633074251606System.Random
06:55:07.557    (INFO)     Trx.Commit: **C** ConnSH637086633074251606System.Random
06:55:07.557    (INFO)     Trx.Start: **** ConnSH637086633075031603System.Random
06:55:07.557    (INFO)     Trx.Commit: **C** ConnSH637086633075031603System.Random
06:56:43.564    (INFO)     MTable.GetPO: Using GenericPO for C_TaxCategory_Version
06:56:43.564    (INFO)     Trx.Start: **** ConnSH637086634035782429System.Random
06:56:43.564    (INFO)     Trx.Commit: **C** ConnSH637086634035782429System.Random
06:56:43.564    (INFO)     Trx.Start: **** ConnSH637086634037152336System.Random
06:56:43.564    (INFO)     Trx.Commit: **C** ConnSH637086634037152336System.Random
===========>     (SEVERE)   DB.ExecuteQuery:  => ORA-00942: table or view does not exist
----------->     (WARNING)  DB.ExecuteQuery: DBExecuteError - ORA-00942: table or view does not exist
06:56:44.564    (INFO)     Trx.Start: **** ConnSH637086634040472374System.Random
06:56:44.564    (INFO)     Trx.Commit: **C** ConnSH637086634040472374System.Random
