*** 11/18/2019 6:20:29 PM VAdvantage Log  ***
06:20:29.202    (INFO)     Trx.Start: **** ConnSH637096980295196999System.Random
06:20:29.202    (INFO)     Trx.Commit: **C** ConnSH637096980295196999System.Random
06:20:29.202    (INFO)     MChangeLog.FillChangeLog: #9
06:20:29.202    (INFO)     CacheReset.DoIt: 
06:20:29.202    (INFO)     Env.Reset: finalCall=False
06:20:29.202    (INFO)     CacheMgt.Reset: #16 (7881)
06:20:29.202    (INFO)     MRole.Get: AD_Role_ID=0, AD_User_ID=0, reload=True
06:20:29.202    (INFO)     MRole.Get: MRole[0,System Administrator,UserLevel=S  ,AD_Client_ID=0,AD_Org_ID=0]
06:20:29.202    (INFO)     MRole.Get: AD_Role_ID=102, AD_User_ID=101, reload=True
06:20:30.203    (INFO)     MRole.Get: MRole[102,IdeasInc Admin,UserLevel= CO,AD_Client_ID IN (0,11),]
06:20:30.203    (INFO)     MChangeLog.FillChangeLog: #9
06:20:30.203    (INFO)     CacheMgt.Reset: AD_Process: #1 (1)
06:20:30.203    (INFO)     Trx.Start: **** ConnSH637096980301389817System.Random
06:20:30.203    (INFO)     Trx.Commit: **C** ConnSH637096980301389817System.Random
06:20:30.203    (INFO)     Trx.Start: **** ConnSH637096980302146840System.Random
06:20:30.203    (INFO)     Trx.Commit: **C** ConnSH637096980302146840System.Random
06:20:30.203    (INFO)     Msg.InitMsg: Records=5823 - en_US
06:20:30.203    (INFO)     Trx.Start: **** ConnSH637096980308611461System.Random
06:20:30.203    (INFO)     Trx.Commit: **C** ConnSH637096980308611461System.Random
06:20:30.203    (INFO)     Trx.Start: **** ConnSH637096980309365407System.Random
06:20:31.203    (INFO)     Trx.Commit: **C** ConnSH637096980309365407System.Random
----------->     (WARNING)  GridTable.GetField: Not found: 'Created'
----------->     (WARNING)  GridTable.GetField: Not found: 'CreatedBy'
----------->     (WARNING)  GridTable.GetField: Not found: 'Updated'
----------->     (WARNING)  GridTable.GetField: Not found: 'UpdatedBy'
06:20:34.203    (INFO)     Trx.Start: **** ConnSH637096980342175057System.Random
06:20:34.203    (INFO)     Trx.Commit: **C** ConnSH637096980342175057System.Random
06:20:34.203    (INFO)     Trx.Start: **** ConnSH637096980342956220System.Random
06:20:34.203    (INFO)     Trx.Commit: **C** ConnSH637096980342956220System.Random
06:20:36.203    (INFO)     Trx.Start: **** ConnSH637096980368311855System.Random
06:20:36.203    (INFO)     Trx.Commit: **C** ConnSH637096980368311855System.Random
06:20:36.203    (INFO)     Trx.Start: **** ConnSH637096980369584629System.Random
06:20:37.203    (INFO)     Trx.Commit: **C** ConnSH637096980369584629System.Random
06:21:49.214    (INFO)     Trx.Start: **** ConnSH637096981090412032System.Random
06:21:49.214    (INFO)     Trx.Commit: **C** ConnSH637096981090412032System.Random
06:21:56.215    (INFO)     Trx.Start: **** ConnSH637096981160841134System.Random
06:21:56.215    (INFO)     Trx.Commit: **C** ConnSH637096981160841134System.Random
06:21:56.215    (INFO)     Trx.Start: **** ConnSH637096981161889521System.Random
06:21:56.215    (INFO)     Trx.Commit: **C** ConnSH637096981161889521System.Random
06:21:56.215    (INFO)     Trx.Start: **** ConnSH637096981164952072System.Random
