*** 10/14/2019 5:39:38 PM VAdvantage Log  ***
===========>     (SEVERE)   OracleHelper.ExecuteDataset: ORA-00942: table or view does not exist [Query D] =>SELECT AD_Client_ID,AD_Image_ID,AD_Org_ID,BinaryData,Created,CreatedBy,Description,EntityType,Export_ID,ImageURL,IsActive,Name,Updated,UpdatedBy FROM AD_Image WHERE AD_Image_ID=:param0
===========>     (SEVERE)   MImage.Load: NO Data found for AD_Image_ID=1000070
===========>     (SEVERE)   OracleHelper.ExecuteDataset: ORA-00942: table or view does not exist [Query D] =>SELECT AD_Client_ID,AD_Image_ID,AD_Org_ID,BinaryData,Created,CreatedBy,Description,EntityType,Export_ID,ImageURL,IsActive,Name,Updated,UpdatedBy FROM AD_Image WHERE AD_Image_ID=:param0
===========>     (SEVERE)   MImage.Load: NO Data found for AD_Image_ID=1000071
===========>     (SEVERE)   OracleHelper.ExecuteReader: ORA-00942: table or view does not exist [Query DR]  SELECT AD_ModuleInfo_ID,AssemblyName,NameSpace, VersionNo,VersionID,prefix FROM AD_ModuleInfo WHERE Prefix != 'VIS_' AND IsActive='Y' AND AD_Client_ID = 0 
===========>     (SEVERE)   OracleHelper.ExecuteReader: ORA-00942: table or view does not exist [Query DR]  SELECT AD_ModuleInfo_ID,AssemblyName,NameSpace, VersionNo,VersionID,prefix FROM AD_ModuleInfo WHERE Prefix != 'VIS_' AND IsActive='Y' AND AD_Client_ID = 0 
===========>     (SEVERE)   OracleHelper.ExecuteDataset: ORA-00942: table or view does not exist [Query D] =>SELECT AD_Client_ID,AD_Image_ID,AD_Org_ID,BinaryData,Created,CreatedBy,Description,EntityType,Export_ID,ImageURL,IsActive,Name,Updated,UpdatedBy FROM AD_Image WHERE AD_Image_ID=:param0
===========>     (SEVERE)   MImage.Load: NO Data found for AD_Image_ID=1000072
===========>     (SEVERE)   OracleHelper.ExecuteReader: ORA-00942: table or view does not exist [Query DR]  SELECT AD_ModuleInfo_ID,AssemblyName,NameSpace, VersionNo,VersionID,prefix FROM AD_ModuleInfo WHERE Prefix != 'VIS_' AND IsActive='Y' AND AD_Client_ID = 0 
===========>     (SEVERE)   OracleHelper.ExecuteReader: ORA-00942: table or view does not exist [Query DR]  SELECT AD_ModuleInfo_ID,AssemblyName,NameSpace, VersionNo,VersionID,prefix FROM AD_ModuleInfo WHERE Prefix != 'VIS_' AND IsActive='Y' AND AD_Client_ID = 0 
===========>     (SEVERE)   OracleHelper.ExecuteDataset: ORA-00942: table or view does not exist [Query D] =>SELECT AD_Client_ID,AD_Image_ID,AD_Org_ID,BinaryData,Created,CreatedBy,Description,EntityType,Export_ID,ImageURL,IsActive,Name,Updated,UpdatedBy FROM AD_Image WHERE AD_Image_ID=:param0
===========>     (SEVERE)   MImage.Load: NO Data found for AD_Image_ID=1000016
===========>     (SEVERE)   OracleHelper.ExecuteDataset: ORA-00942: table or view does not exist [Query D] =>SELECT AD_Client_ID,AD_Image_ID,AD_Org_ID,BinaryData,Created,CreatedBy,Description,EntityType,Export_ID,ImageURL,IsActive,Name,Updated,UpdatedBy FROM AD_Image WHERE AD_Image_ID=:param0
===========>     (SEVERE)   MImage.Load: NO Data found for AD_Image_ID=1000017
===========>     (SEVERE)   OracleHelper.ExecuteReader: ORA-00942: table or view does not exist [Query DR]  SELECT AD_ModuleInfo_ID,AssemblyName,NameSpace, VersionNo,VersionID,prefix FROM AD_ModuleInfo WHERE Prefix != 'VIS_' AND IsActive='Y' AND AD_Client_ID = 0 
===========>     (SEVERE)   OracleHelper.ExecuteReader: ORA-00942: table or view does not exist [Query DR]  SELECT AD_ModuleInfo_ID,AssemblyName,NameSpace, VersionNo,VersionID,prefix FROM AD_ModuleInfo WHERE Prefix != 'VIS_' AND IsActive='Y' AND AD_Client_ID = 0 
===========>     (SEVERE)   OracleHelper.ExecuteReader: ORA-00942: table or view does not exist [Query DR]  SELECT AD_ModuleInfo_ID,AssemblyName,NameSpace, VersionNo,VersionID,prefix FROM AD_ModuleInfo WHERE Prefix != 'VIS_' AND IsActive='Y' AND AD_Client_ID = 0 
===========>     (SEVERE)   OracleHelper.ExecuteReader: ORA-00942: table or view does not exist [Query DR]  SELECT AD_ModuleInfo_ID,AssemblyName,NameSpace, VersionNo,VersionID,prefix FROM AD_ModuleInfo WHERE Prefix != 'VIS_' AND IsActive='Y' AND AD_Client_ID = 0 
===========>     (SEVERE)   OracleHelper.ExecuteReader: ORA-00942: table or view does not exist [Query DR]  SELECT AD_ModuleInfo_ID,AssemblyName,NameSpace, VersionNo,VersionID,prefix FROM AD_ModuleInfo WHERE Prefix != 'VIS_' AND IsActive='Y' AND AD_Client_ID = 0 
===========>     (SEVERE)   OracleHelper.ExecuteReader: ORA-00942: table or view does not exist [Query DR]  SELECT AD_ModuleInfo_ID,AssemblyName,NameSpace, VersionNo,VersionID,prefix FROM AD_ModuleInfo WHERE Prefix != 'VIS_' AND IsActive='Y' AND AD_Client_ID = 0 
===========>     (SEVERE)   OracleHelper.ExecuteReader: ORA-00942: table or view does not exist [Query DR]  SELECT AD_ModuleInfo_ID,AssemblyName,NameSpace, VersionNo,VersionID,prefix FROM AD_ModuleInfo WHERE Prefix != 'VIS_' AND IsActive='Y' AND AD_Client_ID = 0 
===========>     (SEVERE)   OracleHelper.ExecuteReader: ORA-00942: table or view does not exist [Query DR]  SELECT AD_ModuleInfo_ID,AssemblyName,NameSpace, VersionNo,VersionID,prefix FROM AD_ModuleInfo WHERE Prefix != 'VIS_' AND IsActive='Y' AND AD_Client_ID = 0 
===========>     (SEVERE)   OracleHelper.ExecuteReader: ORA-00942: table or view does not exist [Query DR]  SELECT AD_ModuleInfo_ID,AssemblyName,NameSpace, VersionNo,VersionID,prefix FROM AD_ModuleInfo WHERE Prefix != 'VIS_' AND IsActive='Y' AND AD_Client_ID = 0 
===========>     (SEVERE)   OracleHelper.ExecuteReader: ORA-00942: table or view does not exist [Query DR]  SELECT AD_ModuleInfo_ID,AssemblyName,NameSpace, VersionNo,VersionID,prefix FROM AD_ModuleInfo WHERE Prefix != 'VIS_' AND IsActive='Y' AND AD_Client_ID = 0 
===========>     (SEVERE)   OracleHelper.ExecuteReader: ORA-00942: table or view does not exist [Query DR]  SELECT AD_ModuleInfo_ID,AssemblyName,NameSpace, VersionNo,VersionID,prefix FROM AD_ModuleInfo WHERE Prefix != 'VIS_' AND IsActive='Y' AND AD_Client_ID = 0 
===========>     (SEVERE)   OracleHelper.ExecuteReader: ORA-00942: table or view does not exist [Query DR]  SELECT AD_ModuleInfo_ID,AssemblyName,NameSpace, VersionNo,VersionID,prefix FROM AD_ModuleInfo WHERE Prefix != 'VIS_' AND IsActive='Y' AND AD_Client_ID = 0 
===========>     (SEVERE)   OracleHelper.ExecuteReader: ORA-00942: table or view does not exist [Query DR]  SELECT AD_ModuleInfo_ID,AssemblyName,NameSpace, VersionNo,VersionID,prefix FROM AD_ModuleInfo WHERE Prefix != 'VIS_' AND IsActive='Y' AND AD_Client_ID = 0 
===========>     (SEVERE)   OracleHelper.ExecuteReader: ORA-00942: table or view does not exist [Query DR]  SELECT AD_ModuleInfo_ID,AssemblyName,NameSpace, VersionNo,VersionID,prefix FROM AD_ModuleInfo WHERE Prefix != 'VIS_' AND IsActive='Y' AND AD_Client_ID = 0 
===========>     (SEVERE)   OracleHelper.ExecuteReader: ORA-00942: table or view does not exist [Query DR]  SELECT AD_ModuleInfo_ID,AssemblyName,NameSpace, VersionNo,VersionID,prefix FROM AD_ModuleInfo WHERE Prefix != 'VIS_' AND IsActive='Y' AND AD_Client_ID = 0 
===========>     (SEVERE)   OracleHelper.ExecuteReader: ORA-00942: table or view does not exist [Query DR]  SELECT AD_ModuleInfo_ID,AssemblyName,NameSpace, VersionNo,VersionID,prefix FROM AD_ModuleInfo WHERE Prefix != 'VIS_' AND IsActive='Y' AND AD_Client_ID = 0 
===========>     (SEVERE)   OracleHelper.ExecuteReader: ORA-00942: table or view does not exist [Query DR]  SELECT AD_ModuleInfo_ID,AssemblyName,NameSpace, VersionNo,VersionID,prefix FROM AD_ModuleInfo WHERE Prefix != 'VIS_' AND IsActive='Y' AND AD_Client_ID = 0 
===========>     (SEVERE)   OracleHelper.ExecuteReader: ORA-00942: table or view does not exist [Query DR]  SELECT AD_ModuleInfo_ID,AssemblyName,NameSpace, VersionNo,VersionID,prefix FROM AD_ModuleInfo WHERE Prefix != 'VIS_' AND IsActive='Y' AND AD_Client_ID = 0 
===========>     (SEVERE)   OracleHelper.ExecuteReader: ORA-00942: table or view does not exist [Query DR]  SELECT AD_ModuleInfo_ID,AssemblyName,NameSpace, VersionNo,VersionID,prefix FROM AD_ModuleInfo WHERE Prefix != 'VIS_' AND IsActive='Y' AND AD_Client_ID = 0 
===========>     (SEVERE)   OracleHelper.ExecuteReader: ORA-00942: table or view does not exist [Query DR]  SELECT AD_ModuleInfo_ID,AssemblyName,NameSpace, VersionNo,VersionID,prefix FROM AD_ModuleInfo WHERE Prefix != 'VIS_' AND IsActive='Y' AND AD_Client_ID = 0 
===========>     (SEVERE)   OracleHelper.ExecuteReader: ORA-00942: table or view does not exist [Query DR]  SELECT AD_ModuleInfo_ID,AssemblyName,NameSpace, VersionNo,VersionID,prefix FROM AD_ModuleInfo WHERE Prefix != 'VIS_' AND IsActive='Y' AND AD_Client_ID = 0 
===========>     (SEVERE)   OracleHelper.ExecuteReader: ORA-00942: table or view does not exist [Query DR]  SELECT AD_ModuleInfo_ID,AssemblyName,NameSpace, VersionNo,VersionID,prefix FROM AD_ModuleInfo WHERE Prefix != 'VIS_' AND IsActive='Y' AND AD_Client_ID = 0 
===========>     (SEVERE)   OracleHelper.ExecuteReader: ORA-00942: table or view does not exist [Query DR]  SELECT AD_ModuleInfo_ID,AssemblyName,NameSpace, VersionNo,VersionID,prefix FROM AD_ModuleInfo WHERE Prefix != 'VIS_' AND IsActive='Y' AND AD_Client_ID = 0 
===========>     (SEVERE)   OracleHelper.ExecuteReader: ORA-00942: table or view does not exist [Query DR]  SELECT AD_ModuleInfo_ID,AssemblyName,NameSpace, VersionNo,VersionID,prefix FROM AD_ModuleInfo WHERE Prefix != 'VIS_' AND IsActive='Y' AND AD_Client_ID = 0 
===========>     (SEVERE)   OracleHelper.ExecuteReader: ORA-00942: table or view does not exist [Query DR]  SELECT AD_ModuleInfo_ID,AssemblyName,NameSpace, VersionNo,VersionID,prefix FROM AD_ModuleInfo WHERE Prefix != 'VIS_' AND IsActive='Y' AND AD_Client_ID = 0 
===========>     (SEVERE)   OracleHelper.ExecuteReader: ORA-00942: table or view does not exist [Query DR]  SELECT AD_ModuleInfo_ID,AssemblyName,NameSpace, VersionNo,VersionID,prefix FROM AD_ModuleInfo WHERE Prefix != 'VIS_' AND IsActive='Y' AND AD_Client_ID = 0 
===========>     (SEVERE)   OracleHelper.ExecuteReader: ORA-00942: table or view does not exist [Query DR]  SELECT AD_ModuleInfo_ID,AssemblyName,NameSpace, VersionNo,VersionID,prefix FROM AD_ModuleInfo WHERE Prefix != 'VIS_' AND IsActive='Y' AND AD_Client_ID = 0 
===========>     (SEVERE)   OracleHelper.ExecuteReader: ORA-00942: table or view does not exist [Query DR]  SELECT AD_ModuleInfo_ID,AssemblyName,NameSpace, VersionNo,VersionID,prefix FROM AD_ModuleInfo WHERE Prefix != 'VIS_' AND IsActive='Y' AND AD_Client_ID = 0 
===========>     (SEVERE)   OracleHelper.ExecuteReader: ORA-00942: table or view does not exist [Query DR]  SELECT AD_ModuleInfo_ID,AssemblyName,NameSpace, VersionNo,VersionID,prefix FROM AD_ModuleInfo WHERE Prefix != 'VIS_' AND IsActive='Y' AND AD_Client_ID = 0 
===========>     (SEVERE)   OracleHelper.ExecuteReader: ORA-00942: table or view does not exist [Query DR]  SELECT AD_ModuleInfo_ID,AssemblyName,NameSpace, VersionNo,VersionID,prefix FROM AD_ModuleInfo WHERE Prefix != 'VIS_' AND IsActive='Y' AND AD_Client_ID = 0 
===========>     (SEVERE)   OracleHelper.ExecuteReader: ORA-00942: table or view does not exist [Query DR]  SELECT AD_ModuleInfo_ID,AssemblyName,NameSpace, VersionNo,VersionID,prefix FROM AD_ModuleInfo WHERE Prefix != 'VIS_' AND IsActive='Y' AND AD_Client_ID = 0 
===========>     (SEVERE)   OracleHelper.ExecuteReader: ORA-00942: table or view does not exist [Query DR]  SELECT AD_ModuleInfo_ID,AssemblyName,NameSpace, VersionNo,VersionID,prefix FROM AD_ModuleInfo WHERE Prefix != 'VIS_' AND IsActive='Y' AND AD_Client_ID = 0 
===========>     (SEVERE)   OracleHelper.ExecuteReader: ORA-00942: table or view does not exist [Query DR]  SELECT AD_ModuleInfo_ID,AssemblyName,NameSpace, VersionNo,VersionID,prefix FROM AD_ModuleInfo WHERE Prefix != 'VIS_' AND IsActive='Y' AND AD_Client_ID = 0 
===========>     (SEVERE)   OracleHelper.ExecuteReader: ORA-00942: table or view does not exist [Query DR]  SELECT AD_ModuleInfo_ID,AssemblyName,NameSpace, VersionNo,VersionID,prefix FROM AD_ModuleInfo WHERE Prefix != 'VIS_' AND IsActive='Y' AND AD_Client_ID = 0 
===========>     (SEVERE)   OracleHelper.ExecuteReader: ORA-00942: table or view does not exist [Query DR]  SELECT AD_ModuleInfo_ID,AssemblyName,NameSpace, VersionNo,VersionID,prefix FROM AD_ModuleInfo WHERE Prefix != 'VIS_' AND IsActive='Y' AND AD_Client_ID = 0 
===========>     (SEVERE)   OracleHelper.ExecuteReader: ORA-00942: table or view does not exist [Query DR]  SELECT AD_ModuleInfo_ID,AssemblyName,NameSpace, VersionNo,VersionID,prefix FROM AD_ModuleInfo WHERE Prefix != 'VIS_' AND IsActive='Y' AND AD_Client_ID = 0 
===========>     (SEVERE)   OracleHelper.ExecuteReader: ORA-00942: table or view does not exist [Query DR]  SELECT AD_ModuleInfo_ID,AssemblyName,NameSpace, VersionNo,VersionID,prefix FROM AD_ModuleInfo WHERE Prefix != 'VIS_' AND IsActive='Y' AND AD_Client_ID = 0 
===========>     (SEVERE)   OracleHelper.ExecuteReader: ORA-00942: table or view does not exist [Query DR]  SELECT AD_ModuleInfo_ID,AssemblyName,NameSpace, VersionNo,VersionID,prefix FROM AD_ModuleInfo WHERE Prefix != 'VIS_' AND IsActive='Y' AND AD_Client_ID = 0 
===========>     (SEVERE)   OracleHelper.ExecuteReader: ORA-00942: table or view does not exist [Query DR]  SELECT AD_ModuleInfo_ID,AssemblyName,NameSpace, VersionNo,VersionID,prefix FROM AD_ModuleInfo WHERE Prefix != 'VIS_' AND IsActive='Y' AND AD_Client_ID = 0 
===========>     (SEVERE)   OracleHelper.ExecuteReader: ORA-00942: table or view does not exist [Query DR]  SELECT AD_ModuleInfo_ID,AssemblyName,NameSpace, VersionNo,VersionID,prefix FROM AD_ModuleInfo WHERE Prefix != 'VIS_' AND IsActive='Y' AND AD_Client_ID = 0 
===========>     (SEVERE)   OracleHelper.ExecuteReader: ORA-00942: table or view does not exist [Query DR]  SELECT AD_ModuleInfo_ID,AssemblyName,NameSpace, VersionNo,VersionID,prefix FROM AD_ModuleInfo WHERE Prefix != 'VIS_' AND IsActive='Y' AND AD_Client_ID = 0 
===========>     (SEVERE)   OracleHelper.ExecuteReader: ORA-00942: table or view does not exist [Query DR]  SELECT AD_ModuleInfo_ID,AssemblyName,NameSpace, VersionNo,VersionID,prefix FROM AD_ModuleInfo WHERE Prefix != 'VIS_' AND IsActive='Y' AND AD_Client_ID = 0 
===========>     (SEVERE)   OracleHelper.ExecuteReader: ORA-00942: table or view does not exist [Query DR]  SELECT AD_ModuleInfo_ID,AssemblyName,NameSpace, VersionNo,VersionID,prefix FROM AD_ModuleInfo WHERE Prefix != 'VIS_' AND IsActive='Y' AND AD_Client_ID = 0 
===========>     (SEVERE)   OracleHelper.ExecuteReader: ORA-00942: table or view does not exist [Query DR]  SELECT AD_ModuleInfo_ID,AssemblyName,NameSpace, VersionNo,VersionID,prefix FROM AD_ModuleInfo WHERE Prefix != 'VIS_' AND IsActive='Y' AND AD_Client_ID = 0 
===========>     (SEVERE)   OracleHelper.ExecuteReader: ORA-00942: table or view does not exist [Query DR]  SELECT AD_ModuleInfo_ID,AssemblyName,NameSpace, VersionNo,VersionID,prefix FROM AD_ModuleInfo WHERE Prefix != 'VIS_' AND IsActive='Y' AND AD_Client_ID = 0 
===========>     (SEVERE)   OracleHelper.ExecuteReader: ORA-00942: table or view does not exist [Query DR]  SELECT AD_ModuleInfo_ID,AssemblyName,NameSpace, VersionNo,VersionID,prefix FROM AD_ModuleInfo WHERE Prefix != 'VIS_' AND IsActive='Y' AND AD_Client_ID = 0 
===========>     (SEVERE)   OracleHelper.ExecuteReader: ORA-00942: table or view does not exist [Query DR]  SELECT AD_ModuleInfo_ID,AssemblyName,NameSpace, VersionNo,VersionID,prefix FROM AD_ModuleInfo WHERE Prefix != 'VIS_' AND IsActive='Y' AND AD_Client_ID = 0 
===========>     (SEVERE)   OracleHelper.ExecuteReader: ORA-00942: table or view does not exist [Query DR]  SELECT AD_ModuleInfo_ID,AssemblyName,NameSpace, VersionNo,VersionID,prefix FROM AD_ModuleInfo WHERE Prefix != 'VIS_' AND IsActive='Y' AND AD_Client_ID = 0 
===========>     (SEVERE)   OracleHelper.ExecuteReader: ORA-00942: table or view does not exist [Query DR]  SELECT AD_ModuleInfo_ID,AssemblyName,NameSpace, VersionNo,VersionID,prefix FROM AD_ModuleInfo WHERE Prefix != 'VIS_' AND IsActive='Y' AND AD_Client_ID = 0 
===========>     (SEVERE)   OracleHelper.ExecuteReader: ORA-00942: table or view does not exist [Query DR]  SELECT AD_ModuleInfo_ID,AssemblyName,NameSpace, VersionNo,VersionID,prefix FROM AD_ModuleInfo WHERE Prefix != 'VIS_' AND IsActive='Y' AND AD_Client_ID = 0 
===========>     (SEVERE)   OracleHelper.ExecuteReader: ORA-00942: table or view does not exist [Query DR]  SELECT AD_ModuleInfo_ID,AssemblyName,NameSpace, VersionNo,VersionID,prefix FROM AD_ModuleInfo WHERE Prefix != 'VIS_' AND IsActive='Y' AND AD_Client_ID = 0 
===========>     (SEVERE)   OracleHelper.ExecuteReader: ORA-00942: table or view does not exist [Query DR]  SELECT AD_ModuleInfo_ID,AssemblyName,NameSpace, VersionNo,VersionID,prefix FROM AD_ModuleInfo WHERE Prefix != 'VIS_' AND IsActive='Y' AND AD_Client_ID = 0 
===========>     (SEVERE)   OracleHelper.ExecuteReader: ORA-00942: table or view does not exist [Query DR]  SELECT AD_ModuleInfo_ID,AssemblyName,NameSpace, VersionNo,VersionID,prefix FROM AD_ModuleInfo WHERE Prefix != 'VIS_' AND IsActive='Y' AND AD_Client_ID = 0 
===========>     (SEVERE)   OracleHelper.ExecuteReader: ORA-00942: table or view does not exist [Query DR]  SELECT AD_ModuleInfo_ID,AssemblyName,NameSpace, VersionNo,VersionID,prefix FROM AD_ModuleInfo WHERE Prefix != 'VIS_' AND IsActive='Y' AND AD_Client_ID = 0 
===========>     (SEVERE)   OracleHelper.ExecuteReader: ORA-00942: table or view does not exist [Query DR]  SELECT AD_ModuleInfo_ID,AssemblyName,NameSpace, VersionNo,VersionID,prefix FROM AD_ModuleInfo WHERE Prefix != 'VIS_' AND IsActive='Y' AND AD_Client_ID = 0 
===========>     (SEVERE)   OracleHelper.ExecuteReader: ORA-00942: table or view does not exist [Query DR]  SELECT AD_ModuleInfo_ID,AssemblyName,NameSpace, VersionNo,VersionID,prefix FROM AD_ModuleInfo WHERE Prefix != 'VIS_' AND IsActive='Y' AND AD_Client_ID = 0 
===========>     (SEVERE)   OracleHelper.ExecuteReader: ORA-00942: table or view does not exist [Query DR]  SELECT AD_ModuleInfo_ID,AssemblyName,NameSpace, VersionNo,VersionID,prefix FROM AD_ModuleInfo WHERE Prefix != 'VIS_' AND IsActive='Y' AND AD_Client_ID = 0 
===========>     (SEVERE)   OracleHelper.ExecuteReader: ORA-00942: table or view does not exist [Query DR]  SELECT AD_ModuleInfo_ID,AssemblyName,NameSpace, VersionNo,VersionID,prefix FROM AD_ModuleInfo WHERE Prefix != 'VIS_' AND IsActive='Y' AND AD_Client_ID = 0 
===========>     (SEVERE)   OracleHelper.ExecuteReader: ORA-00942: table or view does not exist [Query DR]  SELECT AD_ModuleInfo_ID,AssemblyName,NameSpace, VersionNo,VersionID,prefix FROM AD_ModuleInfo WHERE Prefix != 'VIS_' AND IsActive='Y' AND AD_Client_ID = 0 
===========>     (SEVERE)   OracleHelper.ExecuteReader: ORA-00942: table or view does not exist [Query DR]  SELECT AD_ModuleInfo_ID,AssemblyName,NameSpace, VersionNo,VersionID,prefix FROM AD_ModuleInfo WHERE Prefix != 'VIS_' AND IsActive='Y' AND AD_Client_ID = 0 
===========>     (SEVERE)   OracleHelper.ExecuteReader: ORA-00942: table or view does not exist [Query DR]  SELECT AD_ModuleInfo_ID,AssemblyName,NameSpace, VersionNo,VersionID,prefix FROM AD_ModuleInfo WHERE Prefix != 'VIS_' AND IsActive='Y' AND AD_Client_ID = 0 
===========>     (SEVERE)   OracleHelper.ExecuteReader: ORA-00942: table or view does not exist [Query DR]  SELECT AD_ModuleInfo_ID,AssemblyName,NameSpace, VersionNo,VersionID,prefix FROM AD_ModuleInfo WHERE Prefix != 'VIS_' AND IsActive='Y' AND AD_Client_ID = 0 
===========>     (SEVERE)   OracleHelper.ExecuteReader: ORA-00942: table or view does not exist [Query DR]  SELECT AD_ModuleInfo_ID,AssemblyName,NameSpace, VersionNo,VersionID,prefix FROM AD_ModuleInfo WHERE Prefix != 'VIS_' AND IsActive='Y' AND AD_Client_ID = 0 
===========>     (SEVERE)   OracleHelper.ExecuteReader: ORA-00942: table or view does not exist [Query DR]  SELECT AD_ModuleInfo_ID,AssemblyName,NameSpace, VersionNo,VersionID,prefix FROM AD_ModuleInfo WHERE Prefix != 'VIS_' AND IsActive='Y' AND AD_Client_ID = 0 
===========>     (SEVERE)   OracleHelper.ExecuteReader: ORA-00942: table or view does not exist [Query DR]  SELECT AD_ModuleInfo_ID,AssemblyName,NameSpace, VersionNo,VersionID,prefix FROM AD_ModuleInfo WHERE Prefix != 'VIS_' AND IsActive='Y' AND AD_Client_ID = 0 
===========>     (SEVERE)   OracleHelper.ExecuteReader: ORA-00942: table or view does not exist [Query DR]  SELECT AD_ModuleInfo_ID,AssemblyName,NameSpace, VersionNo,VersionID,prefix FROM AD_ModuleInfo WHERE Prefix != 'VIS_' AND IsActive='Y' AND AD_Client_ID = 0 
===========>     (SEVERE)   OracleHelper.ExecuteReader: ORA-00942: table or view does not exist [Query DR]  SELECT AD_ModuleInfo_ID,AssemblyName,NameSpace, VersionNo,VersionID,prefix FROM AD_ModuleInfo WHERE Prefix != 'VIS_' AND IsActive='Y' AND AD_Client_ID = 0 
===========>     (SEVERE)   OracleHelper.ExecuteReader: ORA-00942: table or view does not exist [Query DR]  SELECT AD_ModuleInfo_ID,AssemblyName,NameSpace, VersionNo,VersionID,prefix FROM AD_ModuleInfo WHERE Prefix != 'VIS_' AND IsActive='Y' AND AD_Client_ID = 0 
===========>     (SEVERE)   OracleHelper.ExecuteReader: ORA-00942: table or view does not exist [Query DR]  SELECT AD_ModuleInfo_ID,AssemblyName,NameSpace, VersionNo,VersionID,prefix FROM AD_ModuleInfo WHERE Prefix != 'VIS_' AND IsActive='Y' AND AD_Client_ID = 0 
===========>     (SEVERE)   OracleHelper.ExecuteReader: ORA-00942: table or view does not exist [Query DR]  SELECT AD_ModuleInfo_ID,AssemblyName,NameSpace, VersionNo,VersionID,prefix FROM AD_ModuleInfo WHERE Prefix != 'VIS_' AND IsActive='Y' AND AD_Client_ID = 0 
===========>     (SEVERE)   OracleHelper.ExecuteReader: ORA-00942: table or view does not exist [Query DR]  SELECT AD_ModuleInfo_ID,AssemblyName,NameSpace, VersionNo,VersionID,prefix FROM AD_ModuleInfo WHERE Prefix != 'VIS_' AND IsActive='Y' AND AD_Client_ID = 0 
===========>     (SEVERE)   OracleHelper.ExecuteReader: ORA-00942: table or view does not exist [Query DR]  SELECT AD_ModuleInfo_ID,AssemblyName,NameSpace, VersionNo,VersionID,prefix FROM AD_ModuleInfo WHERE Prefix != 'VIS_' AND IsActive='Y' AND AD_Client_ID = 0 
===========>     (SEVERE)   OracleHelper.ExecuteReader: ORA-00942: table or view does not exist [Query DR]  SELECT AD_ModuleInfo_ID,AssemblyName,NameSpace, VersionNo,VersionID,prefix FROM AD_ModuleInfo WHERE Prefix != 'VIS_' AND IsActive='Y' AND AD_Client_ID = 0 
===========>     (SEVERE)   OracleHelper.ExecuteReader: ORA-00942: table or view does not exist [Query DR]  SELECT AD_ModuleInfo_ID,AssemblyName,NameSpace, VersionNo,VersionID,prefix FROM AD_ModuleInfo WHERE Prefix != 'VIS_' AND IsActive='Y' AND AD_Client_ID = 0 
===========>     (SEVERE)   OracleHelper.ExecuteReader: ORA-00942: table or view does not exist [Query DR]  SELECT AD_ModuleInfo_ID,AssemblyName,NameSpace, VersionNo,VersionID,prefix FROM AD_ModuleInfo WHERE Prefix != 'VIS_' AND IsActive='Y' AND AD_Client_ID = 0 
===========>     (SEVERE)   OracleHelper.ExecuteReader: ORA-00942: table or view does not exist [Query DR]  SELECT AD_ModuleInfo_ID,AssemblyName,NameSpace, VersionNo,VersionID,prefix FROM AD_ModuleInfo WHERE Prefix != 'VIS_' AND IsActive='Y' AND AD_Client_ID = 0 
===========>     (SEVERE)   OracleHelper.ExecuteReader: ORA-00942: table or view does not exist [Query DR]  SELECT AD_ModuleInfo_ID,AssemblyName,NameSpace, VersionNo,VersionID,prefix FROM AD_ModuleInfo WHERE Prefix != 'VIS_' AND IsActive='Y' AND AD_Client_ID = 0 
===========>     (SEVERE)   OracleHelper.ExecuteReader: ORA-00942: table or view does not exist [Query DR]  SELECT AD_ModuleInfo_ID,AssemblyName,NameSpace, VersionNo,VersionID,prefix FROM AD_ModuleInfo WHERE Prefix != 'VIS_' AND IsActive='Y' AND AD_Client_ID = 0 
===========>     (SEVERE)   OracleHelper.ExecuteReader: ORA-00942: table or view does not exist [Query DR]  SELECT AD_ModuleInfo_ID,AssemblyName,NameSpace, VersionNo,VersionID,prefix FROM AD_ModuleInfo WHERE Prefix != 'VIS_' AND IsActive='Y' AND AD_Client_ID = 0 
===========>     (SEVERE)   OracleHelper.ExecuteReader: ORA-00942: table or view does not exist [Query DR]  SELECT AD_ModuleInfo_ID,AssemblyName,NameSpace, VersionNo,VersionID,prefix FROM AD_ModuleInfo WHERE Prefix != 'VIS_' AND IsActive='Y' AND AD_Client_ID = 0 
===========>     (SEVERE)   OracleHelper.ExecuteReader: ORA-00942: table or view does not exist [Query DR]  SELECT AD_ModuleInfo_ID,AssemblyName,NameSpace, VersionNo,VersionID,prefix FROM AD_ModuleInfo WHERE Prefix != 'VIS_' AND IsActive='Y' AND AD_Client_ID = 0 
===========>     (SEVERE)   OracleHelper.ExecuteReader: ORA-00942: table or view does not exist [Query DR]  SELECT AD_ModuleInfo_ID,AssemblyName,NameSpace, VersionNo,VersionID,prefix FROM AD_ModuleInfo WHERE Prefix != 'VIS_' AND IsActive='Y' AND AD_Client_ID = 0 
===========>     (SEVERE)   OracleHelper.ExecuteReader: ORA-00942: table or view does not exist [Query DR]  SELECT AD_ModuleInfo_ID,AssemblyName,NameSpace, VersionNo,VersionID,prefix FROM AD_ModuleInfo WHERE Prefix != 'VIS_' AND IsActive='Y' AND AD_Client_ID = 0 
===========>     (SEVERE)   OracleHelper.ExecuteReader: ORA-00942: table or view does not exist [Query DR]  SELECT AD_ModuleInfo_ID,AssemblyName,NameSpace, VersionNo,VersionID,prefix FROM AD_ModuleInfo WHERE Prefix != 'VIS_' AND IsActive='Y' AND AD_Client_ID = 0 
===========>     (SEVERE)   OracleHelper.ExecuteReader: ORA-00942: table or view does not exist [Query DR]  SELECT AD_ModuleInfo_ID,AssemblyName,NameSpace, VersionNo,VersionID,prefix FROM AD_ModuleInfo WHERE Prefix != 'VIS_' AND IsActive='Y' AND AD_Client_ID = 0 
===========>     (SEVERE)   OracleHelper.ExecuteReader: ORA-00942: table or view does not exist [Query DR]  SELECT AD_ModuleInfo_ID,AssemblyName,NameSpace, VersionNo,VersionID,prefix FROM AD_ModuleInfo WHERE Prefix != 'VIS_' AND IsActive='Y' AND AD_Client_ID = 0 
===========>     (SEVERE)   OracleHelper.ExecuteReader: ORA-00942: table or view does not exist [Query DR]  SELECT AD_ModuleInfo_ID,AssemblyName,NameSpace, VersionNo,VersionID,prefix FROM AD_ModuleInfo WHERE Prefix != 'VIS_' AND IsActive='Y' AND AD_Client_ID = 0 
===========>     (SEVERE)   OracleHelper.ExecuteReader: ORA-00942: table or view does not exist [Query DR]  SELECT AD_ModuleInfo_ID,AssemblyName,NameSpace, VersionNo,VersionID,prefix FROM AD_ModuleInfo WHERE Prefix != 'VIS_' AND IsActive='Y' AND AD_Client_ID = 0 
===========>     (SEVERE)   OracleHelper.ExecuteReader: ORA-00942: table or view does not exist [Query DR]  SELECT AD_ModuleInfo_ID,AssemblyName,NameSpace, VersionNo,VersionID,prefix FROM AD_ModuleInfo WHERE Prefix != 'VIS_' AND IsActive='Y' AND AD_Client_ID = 0 
===========>     (SEVERE)   OracleHelper.ExecuteReader: ORA-00942: table or view does not exist [Query DR]  SELECT AD_ModuleInfo_ID,AssemblyName,NameSpace, VersionNo,VersionID,prefix FROM AD_ModuleInfo WHERE Prefix != 'VIS_' AND IsActive='Y' AND AD_Client_ID = 0 
===========>     (SEVERE)   OracleHelper.ExecuteReader: ORA-00942: table or view does not exist [Query DR]  SELECT AD_ModuleInfo_ID,AssemblyName,NameSpace, VersionNo,VersionID,prefix FROM AD_ModuleInfo WHERE Prefix != 'VIS_' AND IsActive='Y' AND AD_Client_ID = 0 
===========>     (SEVERE)   OracleHelper.ExecuteReader: ORA-00942: table or view does not exist [Query DR]  SELECT AD_ModuleInfo_ID,AssemblyName,NameSpace, VersionNo,VersionID,prefix FROM AD_ModuleInfo WHERE Prefix != 'VIS_' AND IsActive='Y' AND AD_Client_ID = 0 
===========>     (SEVERE)   OracleHelper.ExecuteReader: ORA-00942: table or view does not exist [Query DR]  SELECT AD_ModuleInfo_ID,AssemblyName,NameSpace, VersionNo,VersionID,prefix FROM AD_ModuleInfo WHERE Prefix != 'VIS_' AND IsActive='Y' AND AD_Client_ID = 0 
===========>     (SEVERE)   OracleHelper.ExecuteReader: ORA-00942: table or view does not exist [Query DR]  SELECT AD_ModuleInfo_ID,AssemblyName,NameSpace, VersionNo,VersionID,prefix FROM AD_ModuleInfo WHERE Prefix != 'VIS_' AND IsActive='Y' AND AD_Client_ID = 0 
===========>     (SEVERE)   OracleHelper.ExecuteReader: ORA-00942: table or view does not exist [Query DR]  SELECT AD_ModuleInfo_ID,AssemblyName,NameSpace, VersionNo,VersionID,prefix FROM AD_ModuleInfo WHERE Prefix != 'VIS_' AND IsActive='Y' AND AD_Client_ID = 0 
===========>     (SEVERE)   OracleHelper.ExecuteReader: ORA-00942: table or view does not exist [Query DR]  SELECT AD_ModuleInfo_ID,AssemblyName,NameSpace, VersionNo,VersionID,prefix FROM AD_ModuleInfo WHERE Prefix != 'VIS_' AND IsActive='Y' AND AD_Client_ID = 0 
===========>     (SEVERE)   OracleHelper.ExecuteReader: ORA-00942: table or view does not exist [Query DR]  SELECT AD_ModuleInfo_ID,AssemblyName,NameSpace, VersionNo,VersionID,prefix FROM AD_ModuleInfo WHERE Prefix != 'VIS_' AND IsActive='Y' AND AD_Client_ID = 0 
===========>     (SEVERE)   OracleHelper.ExecuteReader: ORA-00942: table or view does not exist [Query DR]  SELECT AD_ModuleInfo_ID,AssemblyName,NameSpace, VersionNo,VersionID,prefix FROM AD_ModuleInfo WHERE Prefix != 'VIS_' AND IsActive='Y' AND AD_Client_ID = 0 
===========>     (SEVERE)   OracleHelper.ExecuteReader: ORA-00942: table or view does not exist [Query DR]  SELECT AD_ModuleInfo_ID,AssemblyName,NameSpace, VersionNo,VersionID,prefix FROM AD_ModuleInfo WHERE Prefix != 'VIS_' AND IsActive='Y' AND AD_Client_ID = 0 
===========>     (SEVERE)   OracleHelper.ExecuteReader: ORA-00942: table or view does not exist [Query DR]  SELECT AD_ModuleInfo_ID,AssemblyName,NameSpace, VersionNo,VersionID,prefix FROM AD_ModuleInfo WHERE Prefix != 'VIS_' AND IsActive='Y' AND AD_Client_ID = 0 
===========>     (SEVERE)   OracleHelper.ExecuteReader: ORA-00942: table or view does not exist [Query DR]  SELECT AD_ModuleInfo_ID,AssemblyName,NameSpace, VersionNo,VersionID,prefix FROM AD_ModuleInfo WHERE Prefix != 'VIS_' AND IsActive='Y' AND AD_Client_ID = 0 
===========>     (SEVERE)   OracleHelper.ExecuteReader: ORA-00942: table or view does not exist [Query DR]  SELECT AD_ModuleInfo_ID,AssemblyName,NameSpace, VersionNo,VersionID,prefix FROM AD_ModuleInfo WHERE Prefix != 'VIS_' AND IsActive='Y' AND AD_Client_ID = 0 
===========>     (SEVERE)   OracleHelper.ExecuteReader: ORA-00942: table or view does not exist [Query DR]  SELECT AD_ModuleInfo_ID,AssemblyName,NameSpace, VersionNo,VersionID,prefix FROM AD_ModuleInfo WHERE Prefix != 'VIS_' AND IsActive='Y' AND AD_Client_ID = 0 
===========>     (SEVERE)   OracleHelper.ExecuteReader: ORA-00942: table or view does not exist [Query DR]  SELECT AD_ModuleInfo_ID,AssemblyName,NameSpace, VersionNo,VersionID,prefix FROM AD_ModuleInfo WHERE Prefix != 'VIS_' AND IsActive='Y' AND AD_Client_ID = 0 
----------->     (WARNING)  GridTable.GetField: Not found: 'Created'
----------->     (WARNING)  GridTable.GetField: Not found: 'CreatedBy'
----------->     (WARNING)  GridTable.GetField: Not found: 'Updated'
----------->     (WARNING)  GridTable.GetField: Not found: 'UpdatedBy'
===========>     (SEVERE)   OracleHelper.ExecuteDataset: ORA-00942: table or view does not exist [Query D] => SELECT distinct att.AD_Attachment_ID, att.Record_ID FROM AD_Attachment att  INNER JOIN AD_AttachmentLine al ON (al.AD_Attachment_id=att.AD_Attachment_id)  WHERE att.AD_Table_ID=318
===========>     (SEVERE)   OracleHelper.ExecuteDataset: ORA-00942: table or view does not exist [Query D] => SELECT vadms_windowdoclink_id, record_id FROM VADMS_WindowDocLink wdl JOIN vadms_document doc ON wdl.VADMS_Document_ID  =doc.VADMS_Document_ID WHERE doc.vadms_docstatus!='DD' AND AD_Table_ID =318
----------->     (WARNING)  GridTable.GetField: Not found: 'Created'
----------->     (WARNING)  GridTable.GetField: Not found: 'CreatedBy'
----------->     (WARNING)  GridTable.GetField: Not found: 'Updated'
----------->     (WARNING)  GridTable.GetField: Not found: 'UpdatedBy'
===========>     (SEVERE)   OracleHelper.ExecuteDataset: ORA-00942: table or view does not exist [Query D] => SELECT distinct att.AD_Attachment_ID, att.Record_ID FROM AD_Attachment att  INNER JOIN AD_AttachmentLine al ON (al.AD_Attachment_id=att.AD_Attachment_id)  WHERE att.AD_Table_ID=333
===========>     (SEVERE)   OracleHelper.ExecuteDataset: ORA-00942: table or view does not exist [Query D] => SELECT vadms_windowdoclink_id, record_id FROM VADMS_WindowDocLink wdl JOIN vadms_document doc ON wdl.VADMS_Document_ID  =doc.VADMS_Document_ID WHERE doc.vadms_docstatus!='DD' AND AD_Table_ID =333
----------->     (WARNING)  GridTable.GetField: Not found: 'Created'
----------->     (WARNING)  GridTable.GetField: Not found: 'CreatedBy'
----------->     (WARNING)  GridTable.GetField: Not found: 'Updated'
----------->     (WARNING)  GridTable.GetField: Not found: 'UpdatedBy'
----------->     (WARNING)  GridTable.GetField: Not found: 'Created'
----------->     (WARNING)  GridTable.GetField: Not found: 'CreatedBy'
----------->     (WARNING)  GridTable.GetField: Not found: 'Updated'
----------->     (WARNING)  GridTable.GetField: Not found: 'UpdatedBy'
===========>     (SEVERE)   OracleHelper.ExecuteDataset: ORA-00942: table or view does not exist [Query D] => SELECT distinct att.AD_Attachment_ID, att.Record_ID FROM AD_Attachment att  INNER JOIN AD_AttachmentLine al ON (al.AD_Attachment_id=att.AD_Attachment_id)  WHERE att.AD_Table_ID=551
===========>     (SEVERE)   OracleHelper.ExecuteDataset: ORA-00942: table or view does not exist [Query D] => SELECT vadms_windowdoclink_id, record_id FROM VADMS_WindowDocLink wdl JOIN vadms_document doc ON wdl.VADMS_Document_ID  =doc.VADMS_Document_ID WHERE doc.vadms_docstatus!='DD' AND AD_Table_ID =551
05:41:04.414    (INFO)     Trx.Start: **** ConnSH637066716648895277System.Random
05:41:04.414    (INFO)     Trx.Commit: **C** ConnSH637066716648895277System.Random
===========>     (SEVERE)   DB_Oracle.ExecuteDatasetPaging: ORA-00942: table or view does not exist [Query NQTrx]select * FROM (SELECT t.*, rownum AS row_num FROM (SELECT C_OrderLine.C_OrderLine_ID,NULL,NVL((SELECT NVL(C_Order.DocumentNo,'')||' - '||NVL(TRIM(TO_CHAR(C_Order.DateOrdered,'yyyy-MM-dd')),'') FROM C_Order WHERE C_OrderLine.C_Order_ID=C_Order.C_Order_ID),'') ||'_'|| NVL(TRIM(TO_CHAR(C_OrderLine.DateOrdered,'yyyy-MM-dd')),'') ||'_'|| NVL((SELECT NVL(M_Product.Name,'') FROM M_Product WHERE C_OrderLine.M_Product_ID=M_Product.M_Product_ID),'') ||'_'|| NVL(TRIM(TO_CHAR(C_OrderLine.Line,'TM9')),''),C_OrderLine.IsActive FROM C_OrderLine WHERE C_OrderLine.AD_Client_ID IN (0,11) AND C_OrderLine.C_OrderLine_ID NOT IN ( SELECT Record_ID FROM AD_Private_Access WHERE AD_Table_ID = 260 AND AD_User_ID <> 101 AND IsActive = 'Y' ) ORDER BY 3) t ) WHERE row_num BETWEEN (((1 - 1) * 1000) + 1) AND ((1 * 1000))
===========>     (SEVERE)   DB_Oracle.ExecuteDatasetPaging: ORA-00942: table or view does not exist [Query NQTrx]select * FROM (SELECT t.*, rownum AS row_num FROM (SELECT INT11_Section.INT11_Section_ID,NULL,NVL(INT11_Section.INT11_Name,'-1'),INT11_Section.IsActive FROM INT11_Section WHERE INT11_Section.INT11_Name IS NOT NULL  AND INT11_Section.AD_Client_ID IN (0,11) AND INT11_Section.INT11_Section_ID NOT IN ( SELECT Record_ID FROM AD_Private_Access WHERE AD_Table_ID = 1001025 AND AD_User_ID <> 101 AND IsActive = 'Y' ) ORDER BY 3) t ) WHERE row_num BETWEEN (((1 - 1) * 1000) + 1) AND ((1 * 1000))
===========>     (SEVERE)   DB_Oracle.ExecuteDatasetPaging: ORA-00942: table or view does not exist [Query NQTrx]select * FROM (SELECT t.*, rownum AS row_num FROM (SELECT INT11_SubSection.INT11_SubSection_ID,NULL,NVL(INT11_SubSection.INT11_Name,'-1'),INT11_SubSection.IsActive FROM INT11_SubSection WHERE INT11_SubSection.INT11_Name IS NOT NULL  AND INT11_SubSection.AD_Client_ID IN (0,11) AND INT11_SubSection.INT11_SubSection_ID NOT IN ( SELECT Record_ID FROM AD_Private_Access WHERE AD_Table_ID = 1001026 AND AD_User_ID <> 101 AND IsActive = 'Y' ) ORDER BY 3) t ) WHERE row_num BETWEEN (((1 - 1) * 1000) + 1) AND ((1 * 1000))
===========>     (SEVERE)   DB_Oracle.ExecuteDatasetPaging: ORA-00942: table or view does not exist [Query NQTrx]select * FROM (SELECT t.*, rownum AS row_num FROM (SELECT INT11_SOMilestone.INT11_SOMilestone_ID,NULL,NVL(INT11_SOMilestone.DocumentNo,''),INT11_SOMilestone.IsActive FROM INT11_SOMilestone WHERE INT11_SOMilestone.AD_Client_ID IN (0,11) AND INT11_SOMilestone.INT11_SOMilestone_ID NOT IN ( SELECT Record_ID FROM AD_Private_Access WHERE AD_Table_ID = 1001005 AND AD_User_ID <> 101 AND IsActive = 'Y' )) t ) WHERE row_num BETWEEN (((1 - 1) * 1000) + 1) AND ((1 * 1000))
05:41:07.417    (INFO)     Trx.Start: **** ConnSH637066716670591943System.Random
05:41:07.417    (INFO)     Trx.Commit: **C** ConnSH637066716670591943System.Random
===========>     (SEVERE)   DB_Oracle.ExecuteDatasetPaging: ORA-00942: table or view does not exist [Query NQTrx]select * FROM (SELECT t.*, rownum AS row_num FROM (SELECT M_Product.M_Product_ID,NULL,NVL(M_Product.Name,''),M_Product.IsActive FROM M_Product WHERE M_Product.IsSummary='N' AND M_Product.IsActive='Y'  AND M_Product.AD_Client_ID IN (0,11) AND M_Product.M_Product_ID NOT IN ( SELECT Record_ID FROM AD_Private_Access WHERE AD_Table_ID = 208 AND AD_User_ID <> 101 AND IsActive = 'Y' ) ORDER BY 3) t ) WHERE row_num BETWEEN (((1 - 1) * 1000) + 1) AND ((1 * 1000))
===========>     (SEVERE)   DB_Oracle.ExecuteDatasetPaging: ORA-00942: table or view does not exist [Query NQTrx]select * FROM (SELECT t.*, rownum AS row_num FROM (SELECT M_InOutLine.M_InOutLine_ID,NULL,NVL(TRIM(TO_CHAR(M_InOutLine.Line,'TM9')),'') ||'_'|| NVL(TRIM(TO_CHAR(M_InOutLine.MovementQty,'TM9')),'') ||'_'|| NVL((SELECT NVL(M_Product.Name,'') FROM M_Product WHERE M_InOutLine.M_Product_ID=M_Product.M_Product_ID),'') ||'_'|| NVL((SELECT NVL(M_InOut.DocumentNo,'')||' - '||NVL(TRIM(TO_CHAR(M_InOut.MovementDate,'yyyy-MM-dd')),'') FROM M_InOut WHERE M_InOutLine.M_InOut_ID=M_InOut.M_InOut_ID),''),M_InOutLine.IsActive FROM M_InOutLine WHERE M_InOutLine.AD_Client_ID IN (0,11) AND M_InOutLine.M_InOutLine_ID NOT IN ( SELECT Record_ID FROM AD_Private_Access WHERE AD_Table_ID = 320 AND AD_User_ID <> 101 AND IsActive = 'Y' ) ORDER BY 3) t ) WHERE row_num BETWEEN (((1 - 1) * 1000) + 1) AND ((1 * 1000))
===========>     (SEVERE)   OracleHelper.ExecuteDataset: ORA-00942: table or view does not exist [Query D] =>SELECT distinct att.AD_Attachment_ID, att.Record_ID FROM AD_Attachment att INNER JOIN AD_Attachmentline al ON (al.AD_Attachment_id=att.AD_Attachment_id) WHERE att.AD_Table_ID=:AD_Table_ID
05:41:23.412    (INFO)     Trx.Start: **** ConnSH637066716832214311System.Random
05:41:23.412    (INFO)     Trx.Commit: **C** ConnSH637066716832214311System.Random
===========>     (SEVERE)   OracleHelper.ExecuteReader: ORA-00942: table or view does not exist [Query DR] SELECT AD_Org_ID,(SELECT NVL(AD_Org.Name,'') FROM AD_Org WHERE zz.AD_Org_ID=AD_Org.AD_Org_ID),Account_ID,(SELECT NVL(C_ElementValue.Value,'')||' - '||NVL(C_ElementValue.Name,'') FROM C_ElementValue WHERE zz.Account_ID=C_ElementValue.C_ElementValue_ID),AmtAcctDr,AmtAcctCr,M_Product_ID,(SELECT NVL(M_Product.Name,'') FROM M_Product WHERE zz.M_Product_ID=M_Product.M_Product_ID),C_BPartner_ID,(SELECT NVL(C_BPartner.Name,'') FROM C_BPartner WHERE zz.C_BPartner_ID=C_BPartner.C_BPartner_ID),UserElement1_ID,(SELECT NVL(C_ProfitAndLoss.Name,'') FROM C_ProfitAndLoss WHERE zz.UserElement1_ID=C_ProfitAndLoss.C_ProfitAndLoss_ID),UserElement2_ID,(SELECT NVL(VAHRUAE_DepartmentMaster.VAHRUAE_Name,'') FROM VAHRUAE_DepartmentMaster WHERE zz.UserElement2_ID=VAHRUAE_DepartmentMaster.VAHRUAE_DepartmentMaster_ID),UserElement3_ID,(SELECT NVL(VAHRUAE_DepartmentMaster.VAHRUAE_Name,'') FROM VAHRUAE_DepartmentMaster WHERE zz.UserElement3_ID=VAHRUAE_DepartmentMaster.VAHRUAE_DepartmentMaster_ID),UserElement4_ID,(SELECT NVL(VAHRUAE_DepartmentMaster.VAHRUAE_Name,'') FROM VAHRUAE_DepartmentMaster WHERE zz.UserElement4_ID=VAHRUAE_DepartmentMaster.VAHRUAE_DepartmentMaster_ID),UserElement5_ID,(SELECT NVL(VAHRUAE_DepartmentMaster.VAHRUAE_Name,'') FROM VAHRUAE_DepartmentMaster WHERE zz.UserElement5_ID=VAHRUAE_DepartmentMaster.VAHRUAE_DepartmentMaster_ID),AD_OrgTrx_ID,(SELECT NVL(AD_Org.Name,'') FROM AD_Org WHERE zz.AD_OrgTrx_ID=AD_Org.AD_Org_ID),DateAcct,C_Period_ID,(SELECT NVL(C_Period.Name,'') FROM C_Period WHERE zz.C_Period_ID=C_Period.C_Period_ID),(SELECT AD_Ref_List.Name FROM AD_Ref_List WHERE AD_Ref_List.AD_Reference_ID=125 AND AD_Ref_List.Value=PostingType) FROM Fact_Acct zz WHERE zz.C_AcctSchema_ID=101 AND zz.AD_Table_ID=318 AND zz.Record_ID=1116698 AND zz.AD_Client_ID IN (0,11) AND zz.Fact_Acct_ID NOT IN ( SELECT Record_ID FROM AD_Private_Access WHERE AD_Table_ID = 270 AND AD_User_ID <> 101 AND IsActive = 'Y' ) ORDER BY zz.Fact_Acct_ID
===========>     (SEVERE)   OracleHelper.ExecuteReader: ORA-00942: table or view does not exist [Query DR] SELECT AD_Org_ID,(SELECT NVL(AD_Org.Name,'') FROM AD_Org WHERE zz.AD_Org_ID=AD_Org.AD_Org_ID),Account_ID,(SELECT NVL(C_ElementValue.Value,'')||' - '||NVL(C_ElementValue.Name,'') FROM C_ElementValue WHERE zz.Account_ID=C_ElementValue.C_ElementValue_ID),AmtAcctDr,AmtAcctCr,M_Product_ID,(SELECT NVL(M_Product.Name,'') FROM M_Product WHERE zz.M_Product_ID=M_Product.M_Product_ID),C_BPartner_ID,(SELECT NVL(C_BPartner.Name,'') FROM C_BPartner WHERE zz.C_BPartner_ID=C_BPartner.C_BPartner_ID),UserElement1_ID,(SELECT NVL(C_ProfitAndLoss.Name,'') FROM C_ProfitAndLoss WHERE zz.UserElement1_ID=C_ProfitAndLoss.C_ProfitAndLoss_ID),UserElement2_ID,(SELECT NVL(VAHRUAE_DepartmentMaster.VAHRUAE_Name,'') FROM VAHRUAE_DepartmentMaster WHERE zz.UserElement2_ID=VAHRUAE_DepartmentMaster.VAHRUAE_DepartmentMaster_ID),UserElement3_ID,(SELECT NVL(VAHRUAE_DepartmentMaster.VAHRUAE_Name,'') FROM VAHRUAE_DepartmentMaster WHERE zz.UserElement3_ID=VAHRUAE_DepartmentMaster.VAHRUAE_DepartmentMaster_ID),UserElement4_ID,(SELECT NVL(VAHRUAE_DepartmentMaster.VAHRUAE_Name,'') FROM VAHRUAE_DepartmentMaster WHERE zz.UserElement4_ID=VAHRUAE_DepartmentMaster.VAHRUAE_DepartmentMaster_ID),UserElement5_ID,(SELECT NVL(VAHRUAE_DepartmentMaster.VAHRUAE_Name,'') FROM VAHRUAE_DepartmentMaster WHERE zz.UserElement5_ID=VAHRUAE_DepartmentMaster.VAHRUAE_DepartmentMaster_ID),AD_OrgTrx_ID,(SELECT NVL(AD_Org.Name,'') FROM AD_Org WHERE zz.AD_OrgTrx_ID=AD_Org.AD_Org_ID),DateAcct,C_Period_ID,(SELECT NVL(C_Period.Name,'') FROM C_Period WHERE zz.C_Period_ID=C_Period.C_Period_ID),(SELECT AD_Ref_List.Name FROM AD_Ref_List WHERE AD_Ref_List.AD_Reference_ID=125 AND AD_Ref_List.Value=PostingType) FROM Fact_Acct zz WHERE zz.C_AcctSchema_ID=101 AND zz.AD_Table_ID=318 AND zz.Record_ID=1116698 AND zz.AD_Client_ID IN (0,11) AND zz.Fact_Acct_ID NOT IN ( SELECT Record_ID FROM AD_Private_Access WHERE AD_Table_ID = 270 AND AD_User_ID <> 101 AND IsActive = 'Y' ) ORDER BY zz.Fact_Acct_ID
===========>     (SEVERE)   RModelData.Query: SELECT AD_Org_ID,(SELECT NVL(AD_Org.Name,'') FROM AD_Org WHERE zz.AD_Org_ID=AD_Org.AD_Org_ID),Account_ID,(SELECT NVL(C_ElementValue.Value,'')||' - '||NVL(C_ElementValue.Name,'') FROM C_ElementValue WHERE zz.Account_ID=C_ElementValue.C_ElementValue_ID),AmtAcctDr,AmtAcctCr,M_Product_ID,(SELECT NVL(M_Product.Name,'') FROM M_Product WHERE zz.M_Product_ID=M_Product.M_Product_ID),C_BPartner_ID,(SELECT NVL(C_BPartner.Name,'') FROM C_BPartner WHERE zz.C_BPartner_ID=C_BPartner.C_BPartner_ID),UserElement1_ID,(SELECT NVL(C_ProfitAndLoss.Name,'') FROM C_ProfitAndLoss WHERE zz.UserElement1_ID=C_ProfitAndLoss.C_ProfitAndLoss_ID),UserElement2_ID,(SELECT NVL(VAHRUAE_DepartmentMaster.VAHRUAE_Name,'') FROM VAHRUAE_DepartmentMaster WHERE zz.UserElement2_ID=VAHRUAE_DepartmentMaster.VAHRUAE_DepartmentMaster_ID),UserElement3_ID,(SELECT NVL(VAHRUAE_DepartmentMaster.VAHRUAE_Name,'') FROM VAHRUAE_DepartmentMaster WHERE zz.UserElement3_ID=VAHRUAE_DepartmentMaster.VAHRUAE_DepartmentMaster_ID),UserElement4_ID,(SELECT NVL(VAHRUAE_DepartmentMaster.VAHRUAE_Name,'') FROM VAHRUAE_DepartmentMaster WHERE zz.UserElement4_ID=VAHRUAE_DepartmentMaster.VAHRUAE_DepartmentMaster_ID),UserElement5_ID,(SELECT NVL(VAHRUAE_DepartmentMaster.VAHRUAE_Name,'') FROM VAHRUAE_DepartmentMaster WHERE zz.UserElement5_ID=VAHRUAE_DepartmentMaster.VAHRUAE_DepartmentMaster_ID),AD_OrgTrx_ID,(SELECT NVL(AD_Org.Name,'') FROM AD_Org WHERE zz.AD_OrgTrx_ID=AD_Org.AD_Org_ID),DateAcct,C_Period_ID,(SELECT NVL(C_Period.Name,'') FROM C_Period WHERE zz.C_Period_ID=C_Period.C_Period_ID),(SELECT AD_Ref_List.Name FROM AD_Ref_List WHERE AD_Ref_List.AD_Reference_ID=125 AND AD_Ref_List.Value=PostingType) FROM Fact_Acct zz WHERE zz.C_AcctSchema_ID=101 AND zz.AD_Table_ID=318 AND zz.Record_ID=1116698 AND zz.AD_Client_ID IN (0,11) AND zz.Fact_Acct_ID NOT IN ( SELECT Record_ID FROM AD_Private_Access WHERE AD_Table_ID = 270 AND AD_User_ID <> 101 AND IsActive = 'Y' ) ORDER BY zz.Fact_Acct_ID => ORA-00942: table or view does not exist
