*** 12/2/2019 11:27:51 AM VAdvantage Log  ***
----------->     (WARNING)  GridTable.GetField: Not found: 'Created'
----------->     (WARNING)  GridTable.GetField: Not found: 'CreatedBy'
----------->     (WARNING)  GridTable.GetField: Not found: 'Updated'
----------->     (WARNING)  GridTable.GetField: Not found: 'UpdatedBy'
----------->     (WARNING)  GridTable.GetField: Not found: 'Created'
----------->     (WARNING)  GridTable.GetField: Not found: 'CreatedBy'
----------->     (WARNING)  GridTable.GetField: Not found: 'Updated'
----------->     (WARNING)  GridTable.GetField: Not found: 'UpdatedBy'
----------->     (WARNING)  GridTable.GetField: Not found: 'Created'
----------->     (WARNING)  GridTable.GetField: Not found: 'CreatedBy'
----------->     (WARNING)  GridTable.GetField: Not found: 'Updated'
----------->     (WARNING)  GridTable.GetField: Not found: 'UpdatedBy'
----------->     (WARNING)  GridTable.GetField: Not found: 'Created'
----------->     (WARNING)  GridTable.GetField: Not found: 'CreatedBy'
----------->     (WARNING)  GridTable.GetField: Not found: 'Updated'
----------->     (WARNING)  GridTable.GetField: Not found: 'UpdatedBy'
----------->     (WARNING)  GridTable.GetField: Not found: 'Created'
----------->     (WARNING)  GridTable.GetField: Not found: 'CreatedBy'
----------->     (WARNING)  GridTable.GetField: Not found: 'Updated'
----------->     (WARNING)  GridTable.GetField: Not found: 'UpdatedBy'
----------->     (WARNING)  GridTable.GetField: Not found: 'Created'
----------->     (WARNING)  GridTable.GetField: Not found: 'CreatedBy'
----------->     (WARNING)  GridTable.GetField: Not found: 'Updated'
----------->     (WARNING)  GridTable.GetField: Not found: 'UpdatedBy'
----------->     (WARNING)  GridTable.GetField: Not found: 'Created'
----------->     (WARNING)  GridTable.GetField: Not found: 'CreatedBy'
----------->     (WARNING)  GridTable.GetField: Not found: 'Updated'
----------->     (WARNING)  GridTable.GetField: Not found: 'UpdatedBy'
----------->     (WARNING)  GridTable.GetField: Not found: 'Created'
----------->     (WARNING)  GridTable.GetField: Not found: 'CreatedBy'
----------->     (WARNING)  GridTable.GetField: Not found: 'Updated'
----------->     (WARNING)  GridTable.GetField: Not found: 'UpdatedBy'
----------->     (WARNING)  GridTable.GetField: Not found: 'Created'
----------->     (WARNING)  GridTable.GetField: Not found: 'CreatedBy'
----------->     (WARNING)  GridTable.GetField: Not found: 'Updated'
----------->     (WARNING)  GridTable.GetField: Not found: 'UpdatedBy'
----------->     (WARNING)  GridTable.GetField: Not found: 'Created'
----------->     (WARNING)  GridTable.GetField: Not found: 'CreatedBy'
----------->     (WARNING)  GridTable.GetField: Not found: 'Updated'
----------->     (WARNING)  GridTable.GetField: Not found: 'UpdatedBy'
----------->     (WARNING)  GridTable.GetField: Not found: 'Created'
----------->     (WARNING)  GridTable.GetField: Not found: 'CreatedBy'
----------->     (WARNING)  GridTable.GetField: Not found: 'Updated'
----------->     (WARNING)  GridTable.GetField: Not found: 'UpdatedBy'
----------->     (WARNING)  GridTable.GetField: Not found: 'Created'
----------->     (WARNING)  GridTable.GetField: Not found: 'CreatedBy'
----------->     (WARNING)  GridTable.GetField: Not found: 'Updated'
----------->     (WARNING)  GridTable.GetField: Not found: 'UpdatedBy'
----------->     (WARNING)  GridTable.GetField: Not found: 'Created'
----------->     (WARNING)  GridTable.GetField: Not found: 'CreatedBy'
----------->     (WARNING)  GridTable.GetField: Not found: 'Updated'
----------->     (WARNING)  GridTable.GetField: Not found: 'UpdatedBy'
----------->     (WARNING)  GridTable.GetField: Not found: 'Created'
----------->     (WARNING)  GridTable.GetField: Not found: 'CreatedBy'
----------->     (WARNING)  GridTable.GetField: Not found: 'Updated'
----------->     (WARNING)  GridTable.GetField: Not found: 'UpdatedBy'
----------->     (WARNING)  GridTable.GetField: Not found: 'Created'
----------->     (WARNING)  GridTable.GetField: Not found: 'CreatedBy'
----------->     (WARNING)  GridTable.GetField: Not found: 'Updated'
----------->     (WARNING)  GridTable.GetField: Not found: 'UpdatedBy'
----------->     (WARNING)  GridTable.GetField: Not found: 'Created'
----------->     (WARNING)  GridTable.GetField: Not found: 'CreatedBy'
----------->     (WARNING)  GridTable.GetField: Not found: 'Updated'
----------->     (WARNING)  GridTable.GetField: Not found: 'UpdatedBy'
----------->     (WARNING)  GridTable.GetField: Not found: 'Created'
----------->     (WARNING)  GridTable.GetField: Not found: 'CreatedBy'
----------->     (WARNING)  GridTable.GetField: Not found: 'Updated'
----------->     (WARNING)  GridTable.GetField: Not found: 'UpdatedBy'
----------->     (WARNING)  GridTable.GetField: Not found: 'Created'
----------->     (WARNING)  GridTable.GetField: Not found: 'CreatedBy'
----------->     (WARNING)  GridTable.GetField: Not found: 'Updated'
----------->     (WARNING)  GridTable.GetField: Not found: 'UpdatedBy'
----------->     (WARNING)  GridTable.GetField: Not found: 'Created'
----------->     (WARNING)  GridTable.GetField: Not found: 'CreatedBy'
----------->     (WARNING)  GridTable.GetField: Not found: 'Updated'
----------->     (WARNING)  GridTable.GetField: Not found: 'UpdatedBy'
----------->     (WARNING)  GridTable.GetField: Not found: 'Created'
----------->     (WARNING)  GridTable.GetField: Not found: 'CreatedBy'
----------->     (WARNING)  GridTable.GetField: Not found: 'Updated'
----------->     (WARNING)  GridTable.GetField: Not found: 'UpdatedBy'
----------->     (WARNING)  GridTable.GetField: Not found: 'Created'
----------->     (WARNING)  GridTable.GetField: Not found: 'CreatedBy'
----------->     (WARNING)  GridTable.GetField: Not found: 'Updated'
----------->     (WARNING)  GridTable.GetField: Not found: 'UpdatedBy'
----------->     (WARNING)  GridTable.GetField: Not found: 'Created'
----------->     (WARNING)  GridTable.GetField: Not found: 'CreatedBy'
----------->     (WARNING)  GridTable.GetField: Not found: 'Updated'
----------->     (WARNING)  GridTable.GetField: Not found: 'UpdatedBy'
----------->     (WARNING)  GridTable.GetField: Not found: 'Created'
----------->     (WARNING)  GridTable.GetField: Not found: 'CreatedBy'
----------->     (WARNING)  GridTable.GetField: Not found: 'Updated'
----------->     (WARNING)  GridTable.GetField: Not found: 'UpdatedBy'
11:27:51.275    (INFO)     Trx.Start: **** ConnSH637108828719476532System.Random
11:27:52.275    (INFO)     Trx.Commit: **C** ConnSH637108828719476532System.Random
11:27:54.275    (INFO)     Trx.Start: **** ConnSH637108828743746185System.Random
11:27:54.275    (INFO)     Trx.Commit: **C** ConnSH637108828743746185System.Random
11:28:04.284    (INFO)     MTable.GetPO: Using GenericPO for M_Product_Ver
11:28:04.284    (INFO)     Trx.Start: **** ConnSH637108828843616709System.Random
11:28:04.284    (INFO)     Trx.Commit: **C** ConnSH637108828843616709System.Random
11:28:04.284    (INFO)     MChangeLog.FillChangeLog: #9
11:28:04.284    (INFO)     Trx.Start: **** ConnSH637108828844993120System.Random
11:28:04.284    (INFO)     Trx.Commit: **C** ConnSH637108828844993120System.Random
===========>     (SEVERE)   DB.ExecuteQuery:  => ORA-00942: table or view does not exist
----------->     (WARNING)  DB.ExecuteQuery: DBExecuteError - ORA-00942: table or view does not exist
11:28:05.285    (INFO)     MTable.GetPO: Using GenericPO for M_Product_Ver
11:28:05.285    (INFO)     Trx.Start: **** ConnSH637108828853407370System.Random
11:28:05.285    (INFO)     Trx.Commit: **C** ConnSH637108828853407370System.Random
11:28:05.285    (INFO)     Trx.Start: **** ConnSH637108828854928612System.Random
11:28:05.285    (INFO)     Trx.Commit: **C** ConnSH637108828854928612System.Random
11:28:05.285    (INFO)     Trx.Start: **** ConnSH637108828858358488System.Random
11:28:05.285    (INFO)     Trx.Commit: **C** ConnSH637108828858358488System.Random
11:28:06.286    (INFO)     MTable.GetPO: Using GenericPO for M_Product_Ver
11:28:06.286    (INFO)     Trx.Start: **** ConnSH637108828860208227System.Random
11:28:06.286    (INFO)     Trx.Commit: **C** ConnSH637108828860208227System.Random
11:28:06.286    (INFO)     Trx.Start: **** ConnSH637108828861266016System.Random
11:28:06.286    (INFO)     Trx.Commit: **C** ConnSH637108828861266016System.Random
11:28:06.286    (INFO)     Trx.Start: **** ConnSH637108828864429415System.Random
11:28:06.286    (INFO)     Trx.Commit: **C** ConnSH637108828864429415System.Random
11:28:06.286    (INFO)     Trx.Start: **** ConnSH637108828865533641System.Random
11:28:06.286    (INFO)     Trx.Commit: **C** ConnSH637108828865533641System.Random
11:28:06.286    (INFO)     MWFActivity.Run: MWFActivity[1293149,Node=M_Product,State=ON,AD_User_ID=102,12/2/2019 5:58:05 AM]
11:28:06.286    (INFO)     Trx.Start: **** ConnSH637108828868318897System.Random
11:28:06.286    (INFO)     Trx.Commit: **C** ConnSH637108828868318897System.Random
11:28:06.286    (INFO)     Trx.Start: **** ConnSH637108828869867314System.Random
11:28:07.287    (INFO)     Trx.Commit: **C** ConnSH637108828869867314System.Random
11:28:07.287    (INFO)     MWFProcess.CheckActivities: MWFProcess[1098263, AD_Workflow_ID=1000049, WFState=OR]
11:28:07.287    (INFO)     MWFActivity.PerformWork: MWFNode[1000191-M_Product,Action=Sleep:WaitTime=0] [VAdvantage.DataBase.Trx]
11:28:07.287    (INFO)     Trx.Start: **** ConnSH637108828871500534System.Random
11:28:07.287    (INFO)     Trx.Commit: **C** ConnSH637108828871500534System.Random
11:28:07.287    (INFO)     Trx.Start: **** ConnSH637108828872689754System.Random
11:28:07.287    (INFO)     Trx.Commit: **C** ConnSH637108828872689754System.Random
11:28:07.287    (INFO)     MWFProcess.CheckActivities: MWFProcess[1098263, AD_Workflow_ID=1000049, WFState=OR]
11:28:07.287    (INFO)     Trx.Start: **** ConnSH637108828874114047System.Random
11:28:07.287    (INFO)     Trx.Commit: **C** ConnSH637108828874114047System.Random
11:28:07.287    (INFO)     MTable.GetPO: Using GenericPO for M_Product_Ver
11:28:07.287    (INFO)     Trx.Start: **** ConnSH637108828876079014System.Random
11:28:07.287    (INFO)     Trx.Commit: **C** ConnSH637108828876079014System.Random
11:28:07.287    (INFO)     Trx.Start: **** ConnSH637108828877290066System.Random
11:28:07.287    (INFO)     Trx.Commit: **C** ConnSH637108828877290066System.Random
11:28:08.288    (INFO)     Trx.Start: **** ConnSH637108828880255879System.Random
11:28:08.288    (INFO)     Trx.Commit: **C** ConnSH637108828880255879System.Random
11:28:08.288    (INFO)     Trx.Start: **** ConnSH637108828881274709System.Random
11:28:08.288    (INFO)     Trx.Commit: **C** ConnSH637108828881274709System.Random
11:28:08.288    (INFO)     MWFActivity.Run: MWFActivity[1293150,Node=M_Product,State=ON,AD_User_ID=102,12/2/2019 5:58:07 AM]
11:28:08.288    (INFO)     Trx.Start: **** ConnSH637108828884856056System.Random
11:28:08.288    (INFO)     Trx.Commit: **C** ConnSH637108828884856056System.Random
11:28:08.288    (INFO)     Trx.Start: **** ConnSH637108828886035650System.Random
11:28:08.288    (INFO)     Trx.Commit: **C** ConnSH637108828886035650System.Random
11:28:08.288    (INFO)     MWFProcess.CheckActivities: MWFProcess[1098263, AD_Workflow_ID=1000049, WFState=OR]
11:28:08.288    (INFO)     MWFActivity.PerformWork: MWFNode[1000192-M_Product,Action=UserChoice:AD_Column_ID=1029360] [VAdvantage.DataBase.Trx]
11:28:08.288    (INFO)     Trx.Start: **** WF_1575266288726
11:28:08.288    (INFO)     Trx.Start: **** ConnSH637108828887832162System.Random
11:28:08.288    (INFO)     Trx.Commit: **C** ConnSH637108828887832162System.Random
11:28:08.288    (INFO)     Trx.Commit: **C** WF_1575266288726
11:28:08.288    (INFO)     Trx.Start: **** ConnSH637108828889159309System.Random
11:28:09.289    (INFO)     Trx.Commit: **C** ConnSH637108828889159309System.Random
11:28:09.289    (INFO)     Trx.Start: **** ConnSH637108828890452465System.Random
11:28:09.289    (INFO)     Trx.Commit: **C** ConnSH637108828890452465System.Random
11:28:09.289    (INFO)     MWFProcess.CheckActivities: MWFProcess[1098263, AD_Workflow_ID=1000049, WFState=OR]
11:28:09.289    (INFO)     Trx.Start: **** ConnSH637108828891713047System.Random
11:28:09.289    (INFO)     Trx.Commit: **C** ConnSH637108828891713047System.Random
11:28:09.289    (INFO)     Trx.Start: **** ConnSH637108828894226216System.Random
11:28:09.289    (INFO)     Trx.Commit: **C** ConnSH637108828894226216System.Random
----------->     (WARNING)  AccessSqlParser.GetTableInfo: Could not remove ON AD_WF_Activity AD_WF_Activity
                            JOIN AD_Window AD_Window ON AD_WF_Activity.Ad_Window_Id = AD_Window.Ad_Window_Id
                            JOIN AD_WF_NODE AD_WF_NODE ON AD_WF_NODE.AD_WF_NODE_ID=Ad_Wf_Activity.AD_WF_NODE_ID
                           
===========>     (SEVERE)   WFActivityModel.GetActivities:  SELECT a.*
                            FROM AD_WF_Activity a
                            WHERE a.Processed  ='N'
                            AND a.WFState      ='OS'
                            AND a.AD_Client_ID =11 
                            AND ( (a.AD_User_ID=101 
                            OR a.AD_User_ID   IN
                              (SELECT AD_User_ID
                              FROM AD_User_Substitute
                              WHERE IsActive   ='Y'
                              AND Substitute_ID=101 
                              AND (validfrom  <=sysdate)
                              AND (sysdate    <=validto )
                              ))
                            OR EXISTS
                              (SELECT *
                              FROM AD_WF_Responsible r
                              WHERE a.AD_WF_Responsible_ID=r.AD_WF_Responsible_ID
                              AND COALESCE(r.AD_User_ID,0)=0
                              AND (a.AD_User_ID           =101 
                              OR a.AD_User_ID            IS NULL
                              OR a.AD_User_ID            IN
                                (SELECT AD_User_ID
                                FROM AD_User_Substitute
                                WHERE IsActive   ='Y'
                                AND Substitute_ID=101 
                                AND (validfrom  <=sysdate)
                                AND (sysdate    <=validto )
                                ))
                              )
                            OR EXISTS
                              (SELECT *
                              FROM AD_WF_Responsible r
                              WHERE a.AD_WF_Responsible_ID=r.AD_WF_Responsible_ID
                              AND (r.AD_User_ID           =101 
                              OR a.AD_User_ID            IN
                                (SELECT AD_User_ID
                                FROM AD_User_Substitute
                                WHERE IsActive   ='Y'
                                AND Substitute_ID=101 
                                AND (validfrom  <=sysdate)
                                AND (sysdate    <=validto )
                                ))
                              )
                            OR EXISTS
                              (SELECT *
                              FROM AD_WF_Responsible r
                              INNER JOIN AD_User_Roles ur
                              ON (r.AD_Role_ID            =ur.AD_Role_ID)
                              WHERE a.AD_WF_Responsible_ID=r.AD_WF_Responsible_ID
                              AND (ur.AD_User_ID          =101 
                              OR a.AD_User_ID            IN
                                (SELECT AD_User_ID
                                FROM AD_User_Substitute
                                WHERE IsActive   ='Y'
                                AND Substitute_ID=101 
                                AND (validfrom  <=sysdate)
                                AND (sysdate    <=validto )
                                ))
                              AND r.responsibletype !='H'
                              ) )   ORDER BY Priority DESC, Created DESC
11:28:38.283    (INFO)     MTable.GetPO: Using GenericPO for M_Product_Ver
11:28:38.283    (INFO)     MTable.GetAssembly: Could not load file or assembly 'VADMSSvc' or one of its dependencies. The system cannot find the file specified.
11:28:38.283    (INFO)     MTable.GetPO: Using GenericPO for VADMS_MetaData
11:28:38.283    (INFO)     MTable.GetAssembly: Could not load file or assembly 'VADMSSvc' or one of its dependencies. The system cannot find the file specified.
11:28:38.283    (INFO)     MTable.GetPO: Using GenericPO for VADMS_MetaData
11:28:38.283    (INFO)     MTable.GetAssembly: Could not load file or assembly 'VADMSSvc' or one of its dependencies. The system cannot find the file specified.
11:28:38.283    (INFO)     MTable.GetPO: Using GenericPO for VADMS_MetaData
11:28:38.283    (INFO)     MTable.GetAssembly: Could not load file or assembly 'VADMSSvc' or one of its dependencies. The system cannot find the file specified.
11:28:38.283    (INFO)     MTable.GetPO: Using GenericPO for VADMS_MetaData
11:28:44.284    (INFO)     Trx.Start: **** ConnSH637108829245676888System.Random
11:28:44.284    (INFO)     Trx.Commit: **C** ConnSH637108829245676888System.Random
11:28:44.284    (INFO)     Trx.Start: **** ConnSH637108829246790951System.Random
11:28:44.284    (INFO)     Trx.Commit: **C** ConnSH637108829246790951System.Random
11:28:44.284    (INFO)     MWFProcess.CheckActivities: MWFProcess[1098263, AD_Workflow_ID=1000049, WFState=OS]
11:28:44.284    (INFO)     Trx.Start: **** ConnSH637108829247872694System.Random
11:28:44.284    (INFO)     Trx.Commit: **C** ConnSH637108829247872694System.Random
11:28:44.284    (INFO)     MTable.GetPO: Using GenericPO for M_Product_Ver
11:28:44.284    (INFO)     Trx.Start: **** ConnSH637108829249174864System.Random
11:28:45.284    (INFO)     Trx.Commit: **C** ConnSH637108829249174864System.Random
11:28:45.284    (INFO)     Trx.Start: **** ConnSH637108829250181228System.Random
11:28:45.284    (INFO)     Trx.Commit: **C** ConnSH637108829250181228System.Random
11:28:45.284    (INFO)     Trx.Start: **** ConnSH637108829251783639System.Random
11:28:45.284    (INFO)     Trx.Commit: **C** ConnSH637108829251783639System.Random
11:28:45.284    (INFO)     MWFProcess.CheckActivities: MWFProcess[1098263, AD_Workflow_ID=1000049, WFState=OR]
11:28:45.284    (INFO)     Trx.Start: **** ConnSH637108829253221487System.Random
11:28:45.284    (INFO)     Trx.Commit: **C** ConnSH637108829253221487System.Random
11:28:45.284    (INFO)     MTable.GetPO: Using GenericPO for M_Product_Ver
11:28:45.284    (INFO)     Trx.Start: **** ConnSH637108829255001275System.Random
11:28:45.284    (INFO)     Trx.Commit: **C** ConnSH637108829255001275System.Random
11:28:45.284    (INFO)     Trx.Start: **** ConnSH637108829255866747System.Random
11:28:45.284    (INFO)     Trx.Commit: **C** ConnSH637108829255866747System.Random
11:28:45.284    (INFO)     Trx.Start: **** ConnSH637108829258903438System.Random
11:28:45.284    (INFO)     Trx.Commit: **C** ConnSH637108829258903438System.Random
11:28:45.284    (INFO)     Trx.Start: **** ConnSH637108829259798948System.Random
11:28:46.284    (INFO)     Trx.Commit: **C** ConnSH637108829259798948System.Random
11:28:46.284    (INFO)     MWFActivity.Run: MWFActivity[1293151,Node=M_Product,State=ON,AD_User_ID=102,12/2/2019 5:58:45 AM]
11:28:46.284    (INFO)     Trx.Start: **** ConnSH637108829262016729System.Random
11:28:46.284    (INFO)     Trx.Commit: **C** ConnSH637108829262016729System.Random
11:28:46.284    (INFO)     Trx.Start: **** ConnSH637108829263194866System.Random
11:28:46.284    (INFO)     Trx.Commit: **C** ConnSH637108829263194866System.Random
11:28:46.284    (INFO)     MWFProcess.CheckActivities: MWFProcess[1098263, AD_Workflow_ID=1000049, WFState=OR]
11:28:46.284    (INFO)     MWFActivity.PerformWork: MWFNode[1000193-M_Product,Action=Sleep:WaitTime=0] [VAdvantage.DataBase.Trx]
11:28:46.284    (INFO)     Trx.Start: **** ConnSH637108829264194301System.Random
11:28:46.284    (INFO)     Trx.Commit: **C** ConnSH637108829264194301System.Random
11:28:46.284    (INFO)     Trx.Start: **** ConnSH637108829265386764System.Random
11:28:46.284    (INFO)     Trx.Commit: **C** ConnSH637108829265386764System.Random
11:28:46.284    (INFO)     MWFProcess.CheckActivities: MWFProcess[1098263, AD_Workflow_ID=1000049, WFState=OR]
11:28:46.284    (INFO)     Trx.Start: **** ConnSH637108829266958871System.Random
11:28:46.284    (INFO)     Trx.Commit: **C** ConnSH637108829266958871System.Random
11:28:46.284    (INFO)     Trx.Start: **** ConnSH637108829268150472System.Random
11:28:46.284    (INFO)     Trx.Commit: **C** ConnSH637108829268150472System.Random
11:28:46.284    (INFO)     MTable.GetPO: Using GenericPO for M_Product_Ver
----------->     (WARNING)  AccessSqlParser.GetTableInfo: Could not remove ON AD_WF_Activity AD_WF_Activity
                            JOIN AD_Window AD_Window ON AD_WF_Activity.Ad_Window_Id = AD_Window.Ad_Window_Id
                            JOIN AD_WF_NODE AD_WF_NODE ON AD_WF_NODE.AD_WF_NODE_ID=Ad_Wf_Activity.AD_WF_NODE_ID
                           
===========>     (SEVERE)   WFActivityModel.GetActivities:  SELECT a.*
                            FROM AD_WF_Activity a
                            WHERE a.Processed  ='N'
                            AND a.WFState      ='OS'
                            AND a.AD_Client_ID =11 
                            AND ( (a.AD_User_ID=101 
                            OR a.AD_User_ID   IN
                              (SELECT AD_User_ID
                              FROM AD_User_Substitute
                              WHERE IsActive   ='Y'
                              AND Substitute_ID=101 
                              AND (validfrom  <=sysdate)
                              AND (sysdate    <=validto )
                              ))
                            OR EXISTS
                              (SELECT *
                              FROM AD_WF_Responsible r
                              WHERE a.AD_WF_Responsible_ID=r.AD_WF_Responsible_ID
                              AND COALESCE(r.AD_User_ID,0)=0
                              AND (a.AD_User_ID           =101 
                              OR a.AD_User_ID            IS NULL
                              OR a.AD_User_ID            IN
                                (SELECT AD_User_ID
                                FROM AD_User_Substitute
                                WHERE IsActive   ='Y'
                                AND Substitute_ID=101 
                                AND (validfrom  <=sysdate)
                                AND (sysdate    <=validto )
                                ))
                              )
                            OR EXISTS
                              (SELECT *
                              FROM AD_WF_Responsible r
                              WHERE a.AD_WF_Responsible_ID=r.AD_WF_Responsible_ID
                              AND (r.AD_User_ID           =101 
                              OR a.AD_User_ID            IN
                                (SELECT AD_User_ID
                                FROM AD_User_Substitute
                                WHERE IsActive   ='Y'
                                AND Substitute_ID=101 
                                AND (validfrom  <=sysdate)
                                AND (sysdate    <=validto )
                                ))
                              )
                            OR EXISTS
                              (SELECT *
                              FROM AD_WF_Responsible r
                              INNER JOIN AD_User_Roles ur
                              ON (r.AD_Role_ID            =ur.AD_Role_ID)
                              WHERE a.AD_WF_Responsible_ID=r.AD_WF_Responsible_ID
                              AND (ur.AD_User_ID          =101 
                              OR a.AD_User_ID            IN
                                (SELECT AD_User_ID
                                FROM AD_User_Substitute
                                WHERE IsActive   ='Y'
                                AND Substitute_ID=101 
                                AND (validfrom  <=sysdate)
                                AND (sysdate    <=validto )
                                ))
                              AND r.responsibletype !='H'
                              ) )   ORDER BY Priority DESC, Created DESC
11:28:47.284    (INFO)     MTable.GetAssembly: Could not load file or assembly 'VADMSSvc' or one of its dependencies. The system cannot find the file specified.
11:28:47.284    (INFO)     MTable.GetPO: Using GenericPO for VADMS_MetaData
11:28:47.284    (INFO)     MTable.GetAssembly: Could not load file or assembly 'VADMSSvc' or one of its dependencies. The system cannot find the file specified.
11:28:47.284    (INFO)     MTable.GetPO: Using GenericPO for VADMS_MetaData
11:28:47.284    (INFO)     MTable.GetAssembly: Could not load file or assembly 'VADMSSvc' or one of its dependencies. The system cannot find the file specified.
11:28:47.284    (INFO)     MTable.GetPO: Using GenericPO for VADMS_MetaData
11:28:47.284    (INFO)     MTable.GetAssembly: Could not load file or assembly 'VADMSSvc' or one of its dependencies. The system cannot find the file specified.
11:28:47.284    (INFO)     MTable.GetPO: Using GenericPO for VADMS_MetaData
11:28:57.285    (INFO)     Trx.Start: **** ConnSH637108829372872257System.Random
11:28:57.285    (INFO)     Trx.Commit: **C** ConnSH637108829372872257System.Random
===========>     (SEVERE)   MProduct.UpdateRecords: Column not found - C_UOMGroup_ID
===========>     (SEVERE)   MProduct.UpdateRecords: Column not found - DownloadURL
----------->     (WARNING)  MProduct.UpdateRecords: Column not updateable - IsVerified - NewValue=False - OldValue=False
----------->     (WARNING)  MProduct.BeforeSave: Error - Could not Save Record. Transactions available in System.
----------->     (WARNING)  MProduct.UpdateRecords: beforeSave failed - MProduct[1004148-10000001]
----------->     (WARNING)  MasterVersionSchedules.UpdateRecords: ERROR - Could not Save Record. Transactions available in System.
11:28:57.285    (INFO)     CacheMgt.Reset: AD_Process: #1 (1)
11:29:02.292    (INFO)     Trx.Start: **** ConnSH637108829424292473System.Random
11:29:02.292    (INFO)     Trx.Commit: **C** ConnSH637108829424292473System.Random
11:29:06.296    (INFO)     Trx.Start: **** ConnSH637108829462533081System.Random
11:29:06.296    (INFO)     Trx.Commit: **C** ConnSH637108829462533081System.Random
11:29:10.291    (INFO)     Trx.Start: **** ConnSH637108829500903133System.Random
11:29:10.291    (INFO)     Trx.Commit: **C** ConnSH637108829500903133System.Random
===========>     (SEVERE)   LDAP.Validate: Error in LDAP for user IdeasIncAdmin : The server is not operational.

11:29:38.293    (INFO)     MRole.Get: AD_Role_ID=102, AD_User_ID=101, reload=True
11:29:38.293    (INFO)     MRole.Get: MRole[102,IdeasInc Admin,UserLevel= CO,AD_Client_ID IN (0,11),]
11:29:38.293    (INFO)     MTree.Load: AD_Tree_ID=121, AD_User_ID=101, Editable=False, OnClient=True
===========>     (SEVERE)   MTree.LoadNodes: Nodes w/o parent - adding to root - System.Collections.Generic.List`1[VAdvantage.Classes.VTreeNode]
11:29:38.293    (INFO)     Trx.Start: **** ConnSH637108829787322332System.Random
11:29:38.293    (INFO)     Trx.Commit: **C** ConnSH637108829787322332System.Random
----------->     (WARNING)  AccessSqlParser.GetTableInfo: More than one FROM clause - SELECT AppointmentsInfo.Appointmentsinfo_id AS ID,AppointmentsInfo.AD_Client_ID,AppointmentsInfo.AD_Org_ID  FROM AppointmentsInfo JOIN AD_User ON AD_User.AD_User_ID =AppointmentsInfo.CreatedBy WHERE AppointmentsInfo.IsRead='N' AND AppointmentsInfo.istask ='N'  AND AppointmentsInfo.AD_User_ID  = 101  UNION SELECT AppointmentsInfo.Appointmentsinfo_id AS ID, AppointmentsInfo.AD_Client_ID,AppointmentsInfo.AD_Org_ID FROM AppointmentsInfo  JOIN AD_User ON AD_User.AD_User_ID = AppointmentsInfo.CreatedBy  WHERE (AppointmentsInfo.IsRead ='Y'   AND AppointmentsInfo.AD_User_ID = 101 )  AND AppointmentsInfo.istask ='N'  AND AppointmentsInfo.startDate BETWEEN to_date('12/01/19','mm/dd/yy') and to_date('12/09/19 23.59','mm/dd/yy HH24:MI')   OR  to_date('12/02/19','mm/dd/yy')  BETWEEN  AppointmentsInfo.startDate  AND AppointmentsInfo.endDate  AND  AppointmentsInfo.CreatedBy  !=101 AND AppointmentsInfo.AD_User_ID  = 101)
----------->     (WARNING)  AccessSqlParser.GetTableInfo: Could not remove ON AppointmentsInfo JOIN AD_User ON AD_User.AD_User_ID =AppointmentsInfo.CreatedBy
11:29:55.295    (INFO)     Trx.Start: **** ConnSH637108829954943645System.Random
11:29:55.295    (INFO)     Trx.Commit: **C** ConnSH637108829954943645System.Random
===========>     (SEVERE)   MProduct.UpdateRecords: Column not found - C_UOMGroup_ID
===========>     (SEVERE)   MProduct.UpdateRecords: Column not found - DownloadURL
----------->     (WARNING)  MProduct.UpdateRecords: Column not updateable - IsVerified - NewValue=False - OldValue=False
----------->     (WARNING)  MProduct.BeforeSave: Error - Could not Save Record. Transactions available in System.
----------->     (WARNING)  MProduct.UpdateRecords: beforeSave failed - MProduct[1004148-10000001]
===========>     (SEVERE)   MProduct.UpdateRecords: Column not found - C_UOMGroup_ID
===========>     (SEVERE)   MProduct.UpdateRecords: Column not found - DownloadURL
----------->     (WARNING)  MProduct.UpdateRecords: Column not updateable - IsVerified - NewValue=False - OldValue=False
----------->     (WARNING)  MProduct.BeforeSave: Error - Could not Save Record. Transactions available in System.
----------->     (WARNING)  MProduct.UpdateRecords: beforeSave failed - MProduct[1004148-10000001]
----------->     (WARNING)  MasterVersionSchedules.UpdateRecords: ERROR - Could not Save Record. Transactions available in System.
