*** 10/22/2019 1:45:48 PM VAdvantage Log  ***
01:45:48.454    (INFO)     Trx.Start: **** ConnSH637073487481745954System.Random
01:45:48.454    (INFO)     Trx.Commit: **C** ConnSH637073487481745954System.Random
----------->     (WARNING)  GridTable.GetField: Not found: 'Created'
----------->     (WARNING)  GridTable.GetField: Not found: 'CreatedBy'
----------->     (WARNING)  GridTable.GetField: Not found: 'Updated'
----------->     (WARNING)  GridTable.GetField: Not found: 'UpdatedBy'
----------->     (WARNING)  GridTable.GetField: Not found: 'Created'
----------->     (WARNING)  GridTable.GetField: Not found: 'CreatedBy'
----------->     (WARNING)  GridTable.GetField: Not found: 'Updated'
----------->     (WARNING)  GridTable.GetField: Not found: 'UpdatedBy'
----------->     (WARNING)  GridTable.GetField: Not found: 'Created'
----------->     (WARNING)  GridTable.GetField: Not found: 'CreatedBy'
----------->     (WARNING)  GridTable.GetField: Not found: 'Updated'
----------->     (WARNING)  GridTable.GetField: Not found: 'UpdatedBy'
----------->     (WARNING)  GridTable.GetField: Not found: 'Created'
----------->     (WARNING)  GridTable.GetField: Not found: 'CreatedBy'
----------->     (WARNING)  GridTable.GetField: Not found: 'Updated'
----------->     (WARNING)  GridTable.GetField: Not found: 'UpdatedBy'
01:45:59.455    (INFO)     Trx.Start: **** ConnSH637073487596800078System.Random
01:45:59.455    (INFO)     Trx.Commit: **C** ConnSH637073487596800078System.Random
01:46:39.463    (INFO)     Trx.Start: **** ConnSH637073487992406631System.Random
01:46:39.463    (INFO)     Trx.Commit: **C** ConnSH637073487992406631System.Random
01:46:52.465    (INFO)     Trx.Start: **** ConnSH637073488124128073System.Random
01:46:52.465    (INFO)     Trx.Commit: **C** ConnSH637073488124128073System.Random
01:46:52.465    (INFO)     Trx.Start: **** ConnDDH637073488128983243System.Random
01:46:52.465    (INFO)     Trx.ExecuteDataSet: Trx Dataset ConnDDH637073488128983243System.Random 65
01:46:52.465    (INFO)     Trx.ExecuteQuery: Trx non-query ConnDDH637073488128983243System.Random 65
01:46:53.465    (INFO)     Trx.Commit: **C** ConnDDH637073488128983243System.Random
01:46:53.465    (INFO)     MChangeLog.FillChangeLog: #9
01:46:53.465    (INFO)     Trx.Start: **** ConnSH637073488130585921System.Random
01:46:54.465    (INFO)     Trx.Commit: **C** ConnSH637073488130585921System.Random
----------->     (WARNING)  AccessSqlParser.GetTableInfo: Could not remove ON C_AcctSchema CA, FRPT_AssignedOrg AO ON CA.C_AcctSchema_ID = AO.C_AcctSchema_ID
INNER JOIN C_AcctSchema_Element ASE ON (CA.C_AcctSchema_ID = ASE.C_AcctSchema_ID AND ElementType = 'AC')
01:47:01.471    (INFO)     Trx.Start: **** ConnSH637073488213398107System.Random
01:47:01.471    (INFO)     Trx.Commit: **C** ConnSH637073488213398107System.Random
01:47:01.471    (INFO)     Trx.Start: **** ConnSH637073488214811020System.Random
01:47:01.471    (INFO)     Trx.Commit: **C** ConnSH637073488214811020System.Random
01:47:02.472    (INFO)     Trx.Start: **** ConnSH637073488220626312System.Random
01:47:12.471    (INFO)     Trx.Commit: **C** ConnSH637073488220626312System.Random
01:47:12.471    (INFO)     Trx.Start: **** ConnSH637073488323946931System.Random
01:47:12.471    (INFO)     Trx.Commit: **C** ConnSH637073488323946931System.Random
