*** 10/16/2019 3:09:48 PM VAdvantage Log  ***
----------->     (WARNING)  GridTable.GetField: Not found: 'Created'
----------->     (WARNING)  GridTable.GetField: Not found: 'CreatedBy'
----------->     (WARNING)  GridTable.GetField: Not found: 'Updated'
----------->     (WARNING)  GridTable.GetField: Not found: 'UpdatedBy'
----------->     (WARNING)  GridTable.GetField: Not found: 'Created'
----------->     (WARNING)  GridTable.GetField: Not found: 'CreatedBy'
----------->     (WARNING)  GridTable.GetField: Not found: 'Updated'
----------->     (WARNING)  GridTable.GetField: Not found: 'UpdatedBy'
----------->     (WARNING)  GridTable.GetField: Not found: 'Created'
----------->     (WARNING)  GridTable.GetField: Not found: 'CreatedBy'
----------->     (WARNING)  GridTable.GetField: Not found: 'Updated'
----------->     (WARNING)  GridTable.GetField: Not found: 'UpdatedBy'
----------->     (WARNING)  GridTable.GetField: Not found: 'Created'
----------->     (WARNING)  GridTable.GetField: Not found: 'CreatedBy'
----------->     (WARNING)  GridTable.GetField: Not found: 'Updated'
----------->     (WARNING)  GridTable.GetField: Not found: 'UpdatedBy'
----------->     (WARNING)  GridTable.GetField: Not found: 'Created'
----------->     (WARNING)  GridTable.GetField: Not found: 'CreatedBy'
----------->     (WARNING)  GridTable.GetField: Not found: 'Updated'
----------->     (WARNING)  GridTable.GetField: Not found: 'UpdatedBy'
----------->     (WARNING)  GridTable.GetField: Not found: 'Created'
----------->     (WARNING)  GridTable.GetField: Not found: 'CreatedBy'
----------->     (WARNING)  GridTable.GetField: Not found: 'Updated'
----------->     (WARNING)  GridTable.GetField: Not found: 'UpdatedBy'
----------->     (WARNING)  GridTable.GetField: Not found: 'Created'
----------->     (WARNING)  GridTable.GetField: Not found: 'CreatedBy'
----------->     (WARNING)  GridTable.GetField: Not found: 'Updated'
----------->     (WARNING)  GridTable.GetField: Not found: 'UpdatedBy'
----------->     (WARNING)  GridTable.GetField: Not found: 'Created'
----------->     (WARNING)  GridTable.GetField: Not found: 'CreatedBy'
----------->     (WARNING)  GridTable.GetField: Not found: 'Updated'
----------->     (WARNING)  GridTable.GetField: Not found: 'UpdatedBy'
03:09:48.948    (INFO)     Trx.Start: **** ConnSH637068353885055700System.Random
03:09:48.948    (INFO)     Trx.Commit: **C** ConnSH637068353885055700System.Random
03:09:50.950    (INFO)     Trx.Start: **** ConnSH637068353908695662System.Random
03:09:50.950    (INFO)     Trx.Commit: **C** ConnSH637068353908695662System.Random
03:09:55.955    (INFO)     Trx.Start: **** ConnSH637068353955229553System.Random
03:09:55.955    (INFO)     Trx.Commit: **C** ConnSH637068353955229553System.Random
03:10:07.107    (INFO)     Trx.Start: **** ConnSH637068354073390560System.Random
03:10:07.107    (INFO)     Trx.Commit: **C** ConnSH637068354073390560System.Random
03:10:12.101    (INFO)     Trx.Start: **** ConnSH637068354123631625System.Random
03:10:12.101    (INFO)     Trx.Commit: **C** ConnSH637068354123631625System.Random
03:10:12.101    (INFO)     MChangeLog.FillChangeLog: #9
03:10:14.101    (INFO)     ColumnSync.DoIt: C_Column_ID=763
03:10:14.101    (INFO)     Trx.Start: **** SvrProcess
03:10:16.101    (INFO)     ColumnSync.AddLog: 0 - 1/1/0001 12:00:00 AM - 1 - ALTER TABLE Test MODIFY  AD_Client_ID  NUMBER(10) DEFAULT  NULL 
===========>     (SEVERE)   OracleHelper.ExecuteNonQuery: ORA-00936: missing expression [Query NQTrx]UPDATE Test SET AD_Client_ID=@#AD_Client_ID@ WHERE AD_Client_ID IS NULL
===========>     (SEVERE)   DB.ExecuteQuery: SvrProcess => ORA-00936: missing expression
----------->     (WARNING)  DB.ExecuteQuery: DBExecuteError - ORA-00936: missing expression
03:10:16.101    (INFO)     ColumnSync.AddLog: 0 - 1/1/0001 12:00:00 AM - -1 - UPDATE Test SET AD_Client_ID=@#AD_Client_ID@ WHERE AD_Client_ID IS NULL
