*** 10/22/2019 5:48:10 PM VAdvantage Log  ***
----------->     (WARNING)  GridTable.GetField: Not found: 'Created'
----------->     (WARNING)  GridTable.GetField: Not found: 'CreatedBy'
----------->     (WARNING)  GridTable.GetField: Not found: 'Updated'
----------->     (WARNING)  GridTable.GetField: Not found: 'UpdatedBy'
----------->     (WARNING)  GridTable.GetField: Not found: 'Created'
----------->     (WARNING)  GridTable.GetField: Not found: 'CreatedBy'
----------->     (WARNING)  GridTable.GetField: Not found: 'Updated'
----------->     (WARNING)  GridTable.GetField: Not found: 'UpdatedBy'
----------->     (WARNING)  GridTable.GetField: Not found: 'Created'
----------->     (WARNING)  GridTable.GetField: Not found: 'CreatedBy'
----------->     (WARNING)  GridTable.GetField: Not found: 'Updated'
----------->     (WARNING)  GridTable.GetField: Not found: 'UpdatedBy'
----------->     (WARNING)  GridTable.GetField: Not found: 'Created'
----------->     (WARNING)  GridTable.GetField: Not found: 'CreatedBy'
----------->     (WARNING)  GridTable.GetField: Not found: 'Updated'
----------->     (WARNING)  GridTable.GetField: Not found: 'UpdatedBy'
----------->     (WARNING)  GridTable.GetField: Not found: 'Created'
----------->     (WARNING)  GridTable.GetField: Not found: 'CreatedBy'
----------->     (WARNING)  GridTable.GetField: Not found: 'Updated'
----------->     (WARNING)  GridTable.GetField: Not found: 'UpdatedBy'
----------->     (WARNING)  GridTable.GetField: Not found: 'Created'
----------->     (WARNING)  GridTable.GetField: Not found: 'CreatedBy'
----------->     (WARNING)  GridTable.GetField: Not found: 'Updated'
----------->     (WARNING)  GridTable.GetField: Not found: 'UpdatedBy'
----------->     (WARNING)  GridTable.GetField: Not found: 'Created'
----------->     (WARNING)  GridTable.GetField: Not found: 'CreatedBy'
----------->     (WARNING)  GridTable.GetField: Not found: 'Updated'
----------->     (WARNING)  GridTable.GetField: Not found: 'UpdatedBy'
----------->     (WARNING)  GridTable.GetField: Not found: 'Created'
----------->     (WARNING)  GridTable.GetField: Not found: 'CreatedBy'
----------->     (WARNING)  GridTable.GetField: Not found: 'Updated'
----------->     (WARNING)  GridTable.GetField: Not found: 'UpdatedBy'
----------->     (WARNING)  GridTable.GetField: Not found: 'Created'
----------->     (WARNING)  GridTable.GetField: Not found: 'CreatedBy'
----------->     (WARNING)  GridTable.GetField: Not found: 'Updated'
----------->     (WARNING)  GridTable.GetField: Not found: 'UpdatedBy'
05:48:10.481    (INFO)     Trx.Start: **** ConnSH637073632906020688System.Random
05:48:10.481    (INFO)     Trx.Commit: **C** ConnSH637073632906020688System.Random
05:48:13.481    (INFO)     Trx.Start: **** ConnSH637073632936794038System.Random
05:48:13.481    (INFO)     Trx.Commit: **C** ConnSH637073632936794038System.Random
05:48:34.483    (INFO)     Trx.Start: **** ConnSH637073633149797255System.Random
05:48:35.483    (INFO)     Trx.Commit: **C** ConnSH637073633149797255System.Random
05:48:38.483    (INFO)     Trx.Start: **** ConnSH637073633182120414System.Random
05:48:38.483    (INFO)     Trx.Commit: **C** ConnSH637073633182120414System.Random
===========>     (SEVERE)   VLookUpInfo.GetLookup_TableDirEmbed: No Identifier records found: C_CashbookLine_ID
===========>     (SEVERE)   VLookUpInfo.GetLookup_TableDirEmbed: No Identifier records found: C_CashbookLine_ID
===========>     (SEVERE)   OracleHelper.ExecuteReader: ORA-00936: missing expression [Query DR] SELECT AD_Org_ID,(SELECT NVL(AD_Org.Name,'') FROM AD_Org WHERE zz.AD_Org_ID=AD_Org.AD_Org_ID),Account_ID,(SELECT NVL(C_ElementValue.Value,'')||' - '||NVL(C_ElementValue.Name,'') FROM C_ElementValue WHERE zz.Account_ID=C_ElementValue.C_ElementValue_ID),AmtAcctDr,AmtAcctCr,M_Product_ID,(SELECT NVL(M_Product.Name,'') FROM M_Product WHERE zz.M_Product_ID=M_Product.M_Product_ID),C_Project_ID,(SELECT NVL(C_Project.Name,'') FROM C_Project WHERE zz.C_Project_ID=C_Project.C_Project_ID),C_Campaign_ID,(SELECT NVL(C_Campaign.Name,'') FROM C_Campaign WHERE zz.C_Campaign_ID=C_Campaign.C_Campaign_ID),C_BPartner_ID,(SELECT NVL(C_BPartner.Name,'') FROM C_BPartner WHERE zz.C_BPartner_ID=C_BPartner.C_BPartner_ID),C_Activity_ID,(SELECT NVL(C_Activity.Name,'') FROM C_Activity WHERE zz.C_Activity_ID=C_Activity.C_Activity_ID),UserElement1_ID,(SELECT NVL(AD_User.Name,'') FROM AD_User WHERE zz.UserElement1_ID=AD_User.AD_User_ID),UserElement2_ID,(),AD_OrgTrx_ID,(SELECT NVL(AD_Org.Name,'') FROM AD_Org WHERE zz.AD_OrgTrx_ID=AD_Org.AD_Org_ID),UserElement8_ID,(),DateAcct,C_Period_ID,(SELECT NVL(C_Period.Name,'') FROM C_Period WHERE zz.C_Period_ID=C_Period.C_Period_ID),(SELECT AD_Ref_List.Name FROM AD_Ref_List WHERE AD_Ref_List.AD_Reference_ID=125 AND AD_Ref_List.Value=PostingType) FROM Fact_Acct zz WHERE zz.C_AcctSchema_ID=101 AND zz.AD_Table_ID=318 AND zz.Record_ID=1123792 AND zz.AD_Client_ID IN (0,11) ORDER BY zz.Fact_Acct_ID
===========>     (SEVERE)   OracleHelper.ExecuteReader: ORA-00936: missing expression [Query DR] SELECT AD_Org_ID,(SELECT NVL(AD_Org.Name,'') FROM AD_Org WHERE zz.AD_Org_ID=AD_Org.AD_Org_ID),Account_ID,(SELECT NVL(C_ElementValue.Value,'')||' - '||NVL(C_ElementValue.Name,'') FROM C_ElementValue WHERE zz.Account_ID=C_ElementValue.C_ElementValue_ID),AmtAcctDr,AmtAcctCr,M_Product_ID,(SELECT NVL(M_Product.Name,'') FROM M_Product WHERE zz.M_Product_ID=M_Product.M_Product_ID),C_Project_ID,(SELECT NVL(C_Project.Name,'') FROM C_Project WHERE zz.C_Project_ID=C_Project.C_Project_ID),C_Campaign_ID,(SELECT NVL(C_Campaign.Name,'') FROM C_Campaign WHERE zz.C_Campaign_ID=C_Campaign.C_Campaign_ID),C_BPartner_ID,(SELECT NVL(C_BPartner.Name,'') FROM C_BPartner WHERE zz.C_BPartner_ID=C_BPartner.C_BPartner_ID),C_Activity_ID,(SELECT NVL(C_Activity.Name,'') FROM C_Activity WHERE zz.C_Activity_ID=C_Activity.C_Activity_ID),UserElement1_ID,(SELECT NVL(AD_User.Name,'') FROM AD_User WHERE zz.UserElement1_ID=AD_User.AD_User_ID),UserElement2_ID,(),AD_OrgTrx_ID,(SELECT NVL(AD_Org.Name,'') FROM AD_Org WHERE zz.AD_OrgTrx_ID=AD_Org.AD_Org_ID),UserElement8_ID,(),DateAcct,C_Period_ID,(SELECT NVL(C_Period.Name,'') FROM C_Period WHERE zz.C_Period_ID=C_Period.C_Period_ID),(SELECT AD_Ref_List.Name FROM AD_Ref_List WHERE AD_Ref_List.AD_Reference_ID=125 AND AD_Ref_List.Value=PostingType) FROM Fact_Acct zz WHERE zz.C_AcctSchema_ID=101 AND zz.AD_Table_ID=318 AND zz.Record_ID=1123792 AND zz.AD_Client_ID IN (0,11) ORDER BY zz.Fact_Acct_ID
===========>     (SEVERE)   RModelData.Query: SELECT AD_Org_ID,(SELECT NVL(AD_Org.Name,'') FROM AD_Org WHERE zz.AD_Org_ID=AD_Org.AD_Org_ID),Account_ID,(SELECT NVL(C_ElementValue.Value,'')||' - '||NVL(C_ElementValue.Name,'') FROM C_ElementValue WHERE zz.Account_ID=C_ElementValue.C_ElementValue_ID),AmtAcctDr,AmtAcctCr,M_Product_ID,(SELECT NVL(M_Product.Name,'') FROM M_Product WHERE zz.M_Product_ID=M_Product.M_Product_ID),C_Project_ID,(SELECT NVL(C_Project.Name,'') FROM C_Project WHERE zz.C_Project_ID=C_Project.C_Project_ID),C_Campaign_ID,(SELECT NVL(C_Campaign.Name,'') FROM C_Campaign WHERE zz.C_Campaign_ID=C_Campaign.C_Campaign_ID),C_BPartner_ID,(SELECT NVL(C_BPartner.Name,'') FROM C_BPartner WHERE zz.C_BPartner_ID=C_BPartner.C_BPartner_ID),C_Activity_ID,(SELECT NVL(C_Activity.Name,'') FROM C_Activity WHERE zz.C_Activity_ID=C_Activity.C_Activity_ID),UserElement1_ID,(SELECT NVL(AD_User.Name,'') FROM AD_User WHERE zz.UserElement1_ID=AD_User.AD_User_ID),UserElement2_ID,(),AD_OrgTrx_ID,(SELECT NVL(AD_Org.Name,'') FROM AD_Org WHERE zz.AD_OrgTrx_ID=AD_Org.AD_Org_ID),UserElement8_ID,(),DateAcct,C_Period_ID,(SELECT NVL(C_Period.Name,'') FROM C_Period WHERE zz.C_Period_ID=C_Period.C_Period_ID),(SELECT AD_Ref_List.Name FROM AD_Ref_List WHERE AD_Ref_List.AD_Reference_ID=125 AND AD_Ref_List.Value=PostingType) FROM Fact_Acct zz WHERE zz.C_AcctSchema_ID=101 AND zz.AD_Table_ID=318 AND zz.Record_ID=1123792 AND zz.AD_Client_ID IN (0,11) ORDER BY zz.Fact_Acct_ID => ORA-00936: missing expression
===========>     (SEVERE)   VLookUpInfo.GetLookup_TableDirEmbed: No Identifier records found: C_CashbookLine_ID
===========>     (SEVERE)   VLookUpInfo.GetLookup_TableDirEmbed: No Identifier records found: C_CashbookLine_ID
===========>     (SEVERE)   OracleHelper.ExecuteReader: ORA-00936: missing expression [Query DR] SELECT AD_Org_ID,(SELECT NVL(AD_Org.Name,'') FROM AD_Org WHERE zz.AD_Org_ID=AD_Org.AD_Org_ID),Account_ID,(SELECT NVL(C_ElementValue.Value,'')||' - '||NVL(C_ElementValue.Name,'') FROM C_ElementValue WHERE zz.Account_ID=C_ElementValue.C_ElementValue_ID),AmtAcctDr,AmtAcctCr,M_Product_ID,(SELECT NVL(M_Product.Name,'') FROM M_Product WHERE zz.M_Product_ID=M_Product.M_Product_ID),C_Project_ID,(SELECT NVL(C_Project.Name,'') FROM C_Project WHERE zz.C_Project_ID=C_Project.C_Project_ID),C_Campaign_ID,(SELECT NVL(C_Campaign.Name,'') FROM C_Campaign WHERE zz.C_Campaign_ID=C_Campaign.C_Campaign_ID),C_BPartner_ID,(SELECT NVL(C_BPartner.Name,'') FROM C_BPartner WHERE zz.C_BPartner_ID=C_BPartner.C_BPartner_ID),C_Activity_ID,(SELECT NVL(C_Activity.Name,'') FROM C_Activity WHERE zz.C_Activity_ID=C_Activity.C_Activity_ID),UserElement1_ID,(SELECT NVL(AD_User.Name,'') FROM AD_User WHERE zz.UserElement1_ID=AD_User.AD_User_ID),UserElement2_ID,(),AD_OrgTrx_ID,(SELECT NVL(AD_Org.Name,'') FROM AD_Org WHERE zz.AD_OrgTrx_ID=AD_Org.AD_Org_ID),UserElement8_ID,(),DateAcct,C_Period_ID,(SELECT NVL(C_Period.Name,'') FROM C_Period WHERE zz.C_Period_ID=C_Period.C_Period_ID),(SELECT AD_Ref_List.Name FROM AD_Ref_List WHERE AD_Ref_List.AD_Reference_ID=125 AND AD_Ref_List.Value=PostingType) FROM Fact_Acct zz WHERE zz.C_AcctSchema_ID=101 AND zz.AD_Table_ID=318 AND zz.Record_ID=1123792 AND zz.AD_Client_ID IN (0,11) ORDER BY zz.Fact_Acct_ID
===========>     (SEVERE)   OracleHelper.ExecuteReader: ORA-00936: missing expression [Query DR] SELECT AD_Org_ID,(SELECT NVL(AD_Org.Name,'') FROM AD_Org WHERE zz.AD_Org_ID=AD_Org.AD_Org_ID),Account_ID,(SELECT NVL(C_ElementValue.Value,'')||' - '||NVL(C_ElementValue.Name,'') FROM C_ElementValue WHERE zz.Account_ID=C_ElementValue.C_ElementValue_ID),AmtAcctDr,AmtAcctCr,M_Product_ID,(SELECT NVL(M_Product.Name,'') FROM M_Product WHERE zz.M_Product_ID=M_Product.M_Product_ID),C_Project_ID,(SELECT NVL(C_Project.Name,'') FROM C_Project WHERE zz.C_Project_ID=C_Project.C_Project_ID),C_Campaign_ID,(SELECT NVL(C_Campaign.Name,'') FROM C_Campaign WHERE zz.C_Campaign_ID=C_Campaign.C_Campaign_ID),C_BPartner_ID,(SELECT NVL(C_BPartner.Name,'') FROM C_BPartner WHERE zz.C_BPartner_ID=C_BPartner.C_BPartner_ID),C_Activity_ID,(SELECT NVL(C_Activity.Name,'') FROM C_Activity WHERE zz.C_Activity_ID=C_Activity.C_Activity_ID),UserElement1_ID,(SELECT NVL(AD_User.Name,'') FROM AD_User WHERE zz.UserElement1_ID=AD_User.AD_User_ID),UserElement2_ID,(),AD_OrgTrx_ID,(SELECT NVL(AD_Org.Name,'') FROM AD_Org WHERE zz.AD_OrgTrx_ID=AD_Org.AD_Org_ID),UserElement8_ID,(),DateAcct,C_Period_ID,(SELECT NVL(C_Period.Name,'') FROM C_Period WHERE zz.C_Period_ID=C_Period.C_Period_ID),(SELECT AD_Ref_List.Name FROM AD_Ref_List WHERE AD_Ref_List.AD_Reference_ID=125 AND AD_Ref_List.Value=PostingType) FROM Fact_Acct zz WHERE zz.C_AcctSchema_ID=101 AND zz.AD_Table_ID=318 AND zz.Record_ID=1123792 AND zz.AD_Client_ID IN (0,11) ORDER BY zz.Fact_Acct_ID
===========>     (SEVERE)   RModelData.Query: SELECT AD_Org_ID,(SELECT NVL(AD_Org.Name,'') FROM AD_Org WHERE zz.AD_Org_ID=AD_Org.AD_Org_ID),Account_ID,(SELECT NVL(C_ElementValue.Value,'')||' - '||NVL(C_ElementValue.Name,'') FROM C_ElementValue WHERE zz.Account_ID=C_ElementValue.C_ElementValue_ID),AmtAcctDr,AmtAcctCr,M_Product_ID,(SELECT NVL(M_Product.Name,'') FROM M_Product WHERE zz.M_Product_ID=M_Product.M_Product_ID),C_Project_ID,(SELECT NVL(C_Project.Name,'') FROM C_Project WHERE zz.C_Project_ID=C_Project.C_Project_ID),C_Campaign_ID,(SELECT NVL(C_Campaign.Name,'') FROM C_Campaign WHERE zz.C_Campaign_ID=C_Campaign.C_Campaign_ID),C_BPartner_ID,(SELECT NVL(C_BPartner.Name,'') FROM C_BPartner WHERE zz.C_BPartner_ID=C_BPartner.C_BPartner_ID),C_Activity_ID,(SELECT NVL(C_Activity.Name,'') FROM C_Activity WHERE zz.C_Activity_ID=C_Activity.C_Activity_ID),UserElement1_ID,(SELECT NVL(AD_User.Name,'') FROM AD_User WHERE zz.UserElement1_ID=AD_User.AD_User_ID),UserElement2_ID,(),AD_OrgTrx_ID,(SELECT NVL(AD_Org.Name,'') FROM AD_Org WHERE zz.AD_OrgTrx_ID=AD_Org.AD_Org_ID),UserElement8_ID,(),DateAcct,C_Period_ID,(SELECT NVL(C_Period.Name,'') FROM C_Period WHERE zz.C_Period_ID=C_Period.C_Period_ID),(SELECT AD_Ref_List.Name FROM AD_Ref_List WHERE AD_Ref_List.AD_Reference_ID=125 AND AD_Ref_List.Value=PostingType) FROM Fact_Acct zz WHERE zz.C_AcctSchema_ID=101 AND zz.AD_Table_ID=318 AND zz.Record_ID=1123792 AND zz.AD_Client_ID IN (0,11) ORDER BY zz.Fact_Acct_ID => ORA-00936: missing expression
===========>     (SEVERE)   VLookUpInfo.GetLookup_TableDirEmbed: No Identifier records found: C_CashbookLine_ID
===========>     (SEVERE)   VLookUpInfo.GetLookup_TableDirEmbed: No Identifier records found: C_CashbookLine_ID
===========>     (SEVERE)   OracleHelper.ExecuteReader: ORA-00936: missing expression [Query DR] SELECT AD_Org_ID,(SELECT NVL(AD_Org.Name,'') FROM AD_Org WHERE zz.AD_Org_ID=AD_Org.AD_Org_ID),Account_ID,(SELECT NVL(C_ElementValue.Value,'')||' - '||NVL(C_ElementValue.Name,'') FROM C_ElementValue WHERE zz.Account_ID=C_ElementValue.C_ElementValue_ID),AmtAcctDr,AmtAcctCr,M_Product_ID,(SELECT NVL(M_Product.Name,'') FROM M_Product WHERE zz.M_Product_ID=M_Product.M_Product_ID),C_Project_ID,(SELECT NVL(C_Project.Name,'') FROM C_Project WHERE zz.C_Project_ID=C_Project.C_Project_ID),C_Campaign_ID,(SELECT NVL(C_Campaign.Name,'') FROM C_Campaign WHERE zz.C_Campaign_ID=C_Campaign.C_Campaign_ID),C_BPartner_ID,(SELECT NVL(C_BPartner.Name,'') FROM C_BPartner WHERE zz.C_BPartner_ID=C_BPartner.C_BPartner_ID),C_Activity_ID,(SELECT NVL(C_Activity.Name,'') FROM C_Activity WHERE zz.C_Activity_ID=C_Activity.C_Activity_ID),UserElement1_ID,(SELECT NVL(AD_User.Name,'') FROM AD_User WHERE zz.UserElement1_ID=AD_User.AD_User_ID),UserElement2_ID,(),AD_OrgTrx_ID,(SELECT NVL(AD_Org.Name,'') FROM AD_Org WHERE zz.AD_OrgTrx_ID=AD_Org.AD_Org_ID),UserElement8_ID,(),DateAcct,C_Period_ID,(SELECT NVL(C_Period.Name,'') FROM C_Period WHERE zz.C_Period_ID=C_Period.C_Period_ID),(SELECT AD_Ref_List.Name FROM AD_Ref_List WHERE AD_Ref_List.AD_Reference_ID=125 AND AD_Ref_List.Value=PostingType) FROM Fact_Acct zz WHERE zz.C_AcctSchema_ID=101 AND zz.AD_Table_ID=318 AND zz.Record_ID=1123792 AND zz.AD_Client_ID IN (0,11) ORDER BY zz.Fact_Acct_ID
===========>     (SEVERE)   OracleHelper.ExecuteReader: ORA-00936: missing expression [Query DR] SELECT AD_Org_ID,(SELECT NVL(AD_Org.Name,'') FROM AD_Org WHERE zz.AD_Org_ID=AD_Org.AD_Org_ID),Account_ID,(SELECT NVL(C_ElementValue.Value,'')||' - '||NVL(C_ElementValue.Name,'') FROM C_ElementValue WHERE zz.Account_ID=C_ElementValue.C_ElementValue_ID),AmtAcctDr,AmtAcctCr,M_Product_ID,(SELECT NVL(M_Product.Name,'') FROM M_Product WHERE zz.M_Product_ID=M_Product.M_Product_ID),C_Project_ID,(SELECT NVL(C_Project.Name,'') FROM C_Project WHERE zz.C_Project_ID=C_Project.C_Project_ID),C_Campaign_ID,(SELECT NVL(C_Campaign.Name,'') FROM C_Campaign WHERE zz.C_Campaign_ID=C_Campaign.C_Campaign_ID),C_BPartner_ID,(SELECT NVL(C_BPartner.Name,'') FROM C_BPartner WHERE zz.C_BPartner_ID=C_BPartner.C_BPartner_ID),C_Activity_ID,(SELECT NVL(C_Activity.Name,'') FROM C_Activity WHERE zz.C_Activity_ID=C_Activity.C_Activity_ID),UserElement1_ID,(SELECT NVL(AD_User.Name,'') FROM AD_User WHERE zz.UserElement1_ID=AD_User.AD_User_ID),UserElement2_ID,(),AD_OrgTrx_ID,(SELECT NVL(AD_Org.Name,'') FROM AD_Org WHERE zz.AD_OrgTrx_ID=AD_Org.AD_Org_ID),UserElement8_ID,(),DateAcct,C_Period_ID,(SELECT NVL(C_Period.Name,'') FROM C_Period WHERE zz.C_Period_ID=C_Period.C_Period_ID),(SELECT AD_Ref_List.Name FROM AD_Ref_List WHERE AD_Ref_List.AD_Reference_ID=125 AND AD_Ref_List.Value=PostingType) FROM Fact_Acct zz WHERE zz.C_AcctSchema_ID=101 AND zz.AD_Table_ID=318 AND zz.Record_ID=1123792 AND zz.AD_Client_ID IN (0,11) ORDER BY zz.Fact_Acct_ID
===========>     (SEVERE)   RModelData.Query: SELECT AD_Org_ID,(SELECT NVL(AD_Org.Name,'') FROM AD_Org WHERE zz.AD_Org_ID=AD_Org.AD_Org_ID),Account_ID,(SELECT NVL(C_ElementValue.Value,'')||' - '||NVL(C_ElementValue.Name,'') FROM C_ElementValue WHERE zz.Account_ID=C_ElementValue.C_ElementValue_ID),AmtAcctDr,AmtAcctCr,M_Product_ID,(SELECT NVL(M_Product.Name,'') FROM M_Product WHERE zz.M_Product_ID=M_Product.M_Product_ID),C_Project_ID,(SELECT NVL(C_Project.Name,'') FROM C_Project WHERE zz.C_Project_ID=C_Project.C_Project_ID),C_Campaign_ID,(SELECT NVL(C_Campaign.Name,'') FROM C_Campaign WHERE zz.C_Campaign_ID=C_Campaign.C_Campaign_ID),C_BPartner_ID,(SELECT NVL(C_BPartner.Name,'') FROM C_BPartner WHERE zz.C_BPartner_ID=C_BPartner.C_BPartner_ID),C_Activity_ID,(SELECT NVL(C_Activity.Name,'') FROM C_Activity WHERE zz.C_Activity_ID=C_Activity.C_Activity_ID),UserElement1_ID,(SELECT NVL(AD_User.Name,'') FROM AD_User WHERE zz.UserElement1_ID=AD_User.AD_User_ID),UserElement2_ID,(),AD_OrgTrx_ID,(SELECT NVL(AD_Org.Name,'') FROM AD_Org WHERE zz.AD_OrgTrx_ID=AD_Org.AD_Org_ID),UserElement8_ID,(),DateAcct,C_Period_ID,(SELECT NVL(C_Period.Name,'') FROM C_Period WHERE zz.C_Period_ID=C_Period.C_Period_ID),(SELECT AD_Ref_List.Name FROM AD_Ref_List WHERE AD_Ref_List.AD_Reference_ID=125 AND AD_Ref_List.Value=PostingType) FROM Fact_Acct zz WHERE zz.C_AcctSchema_ID=101 AND zz.AD_Table_ID=318 AND zz.Record_ID=1123792 AND zz.AD_Client_ID IN (0,11) ORDER BY zz.Fact_Acct_ID => ORA-00936: missing expression
06:13:24.132    (INFO)     MSession.Logout: 06:56:02.270
