*** 11/16/2019 4:24:24 PM VAdvantage Log  ***
04:24:24.242    (INFO)     MSession.Logout: 06:32:14.963
===========>     (SEVERE)   LDAP.Validate: Error in LDAP for user IdeasIncAdmin : The server is not operational.

===========>     (SEVERE)   LDAP.Validate: Error in LDAP for user IdeasIncAdmin : The server is not operational.

04:25:13.251    (INFO)     MRole.Get: AD_Role_ID=102, AD_User_ID=101, reload=True
04:25:13.251    (INFO)     MRole.Get: MRole[102,IdeasInc Admin,UserLevel= CO,AD_Client_ID IN (0,11),]
04:25:14.251    (INFO)     MRole.Get: AD_Role_ID=102, AD_User_ID=101, reload=True
04:25:14.251    (INFO)     MRole.Get: MRole[102,IdeasInc Admin,UserLevel= CO,AD_Client_ID IN (0,11),]
04:25:14.251    (INFO)     MTree.Load: AD_Tree_ID=121, AD_User_ID=101, Editable=False, OnClient=True
===========>     (SEVERE)   MTree.LoadNodes: Nodes w/o parent - adding to root - System.Collections.Generic.List`1[VAdvantage.Classes.VTreeNode]
04:25:14.251    (INFO)     Trx.Start: **** ConnSH637095183148316082System.Random
04:25:14.251    (INFO)     Trx.Commit: **C** ConnSH637095183148316082System.Random
----------->     (WARNING)  AccessSqlParser.GetTableInfo: More than one FROM clause - SELECT AppointmentsInfo.Appointmentsinfo_id AS ID,AppointmentsInfo.AD_Client_ID,AppointmentsInfo.AD_Org_ID  FROM AppointmentsInfo JOIN AD_User ON AD_User.AD_User_ID =AppointmentsInfo.CreatedBy WHERE AppointmentsInfo.IsRead='N' AND AppointmentsInfo.istask ='N'  AND AppointmentsInfo.AD_User_ID  = 101  UNION SELECT AppointmentsInfo.Appointmentsinfo_id AS ID, AppointmentsInfo.AD_Client_ID,AppointmentsInfo.AD_Org_ID FROM AppointmentsInfo  JOIN AD_User ON AD_User.AD_User_ID = AppointmentsInfo.CreatedBy  WHERE (AppointmentsInfo.IsRead ='Y'   AND AppointmentsInfo.AD_User_ID = 101 )  AND AppointmentsInfo.istask ='N'  AND AppointmentsInfo.startDate BETWEEN to_date('11/15/19','mm/dd/yy') and to_date('11/23/19 23.59','mm/dd/yy HH24:MI')   OR  to_date('11/16/19','mm/dd/yy')  BETWEEN  AppointmentsInfo.startDate  AND AppointmentsInfo.endDate  AND  AppointmentsInfo.CreatedBy  !=101 AND AppointmentsInfo.AD_User_ID  = 101)
----------->     (WARNING)  AccessSqlParser.GetTableInfo: Could not remove ON AppointmentsInfo JOIN AD_User ON AD_User.AD_User_ID =AppointmentsInfo.CreatedBy
04:25:24.252    (INFO)     Trx.Start: **** ConnSH637095183243322189System.Random
04:25:24.252    (INFO)     Trx.Commit: **C** ConnSH637095183243322189System.Random
04:25:24.252    (INFO)     MChangeLog.FillChangeLog: #9
04:25:24.252    (INFO)     CacheReset.DoIt: 
04:25:24.252    (INFO)     Env.Reset: finalCall=False
04:25:24.252    (INFO)     CacheMgt.Reset: #16 (7881)
04:25:24.252    (INFO)     MRole.Get: AD_Role_ID=0, AD_User_ID=0, reload=True
04:25:24.252    (INFO)     MRole.Get: MRole[0,System Administrator,UserLevel=S  ,AD_Client_ID=0,AD_Org_ID=0]
04:25:24.252    (INFO)     MRole.Get: AD_Role_ID=102, AD_User_ID=101, reload=True
04:25:24.252    (INFO)     MRole.Get: MRole[102,IdeasInc Admin,UserLevel= CO,AD_Client_ID IN (0,11),]
04:25:24.252    (INFO)     MChangeLog.FillChangeLog: #9
04:25:24.252    (INFO)     CacheMgt.Reset: AD_Process: #1 (1)
04:25:24.252    (INFO)     Trx.Start: **** ConnSH637095183249566697System.Random
04:25:25.252    (INFO)     Trx.Commit: **C** ConnSH637095183249566697System.Random
04:25:25.252    (INFO)     Trx.Start: **** ConnSH637095183250844259System.Random
04:25:25.252    (INFO)     Trx.Commit: **C** ConnSH637095183250844259System.Random
04:25:25.252    (INFO)     Msg.InitMsg: Records=5823 - en_US
04:25:25.252    (INFO)     Trx.Start: **** ConnSH637095183259112194System.Random
04:25:25.252    (INFO)     Trx.Commit: **C** ConnSH637095183259112194System.Random
04:25:26.252    (INFO)     Trx.Start: **** ConnSH637095183260003764System.Random
04:25:26.252    (INFO)     Trx.Commit: **C** ConnSH637095183260003764System.Random
----------->     (WARNING)  GridTable.GetField: Not found: 'Created'
----------->     (WARNING)  GridTable.GetField: Not found: 'CreatedBy'
----------->     (WARNING)  GridTable.GetField: Not found: 'Updated'
----------->     (WARNING)  GridTable.GetField: Not found: 'UpdatedBy'
----------->     (WARNING)  GridTable.GetField: Not found: 'Created'
----------->     (WARNING)  GridTable.GetField: Not found: 'CreatedBy'
----------->     (WARNING)  GridTable.GetField: Not found: 'Updated'
----------->     (WARNING)  GridTable.GetField: Not found: 'UpdatedBy'
----------->     (WARNING)  GridTable.GetField: Not found: 'Created'
----------->     (WARNING)  GridTable.GetField: Not found: 'CreatedBy'
----------->     (WARNING)  GridTable.GetField: Not found: 'Updated'
----------->     (WARNING)  GridTable.GetField: Not found: 'UpdatedBy'
04:25:34.253    (INFO)     Trx.Start: **** ConnSH637095183348086644System.Random
04:25:34.253    (INFO)     Trx.Commit: **C** ConnSH637095183348086644System.Random
04:25:34.253    (INFO)     Trx.Start: **** ConnSH637095183349043728System.Random
04:25:35.253    (INFO)     Trx.Commit: **C** ConnSH637095183349043728System.Random
04:25:35.253    (INFO)     Trx.Start: **** ConnSH637095183355506527System.Random
04:25:35.253    (INFO)     Trx.Commit: **C** ConnSH637095183355506527System.Random
04:25:35.253    (INFO)     Trx.Start: **** ConnSH637095183356502390System.Random
04:25:35.253    (INFO)     Trx.Commit: **C** ConnSH637095183356502390System.Random
04:25:37.253    (INFO)     Trx.Start: **** ConnSH637095183378849254System.Random
04:25:37.253    (INFO)     Trx.Commit: **C** ConnSH637095183378849254System.Random
04:25:39.253    (INFO)     Trx.Start: **** ConnSH637095183393769684System.Random
04:25:39.253    (INFO)     Trx.Commit: **C** ConnSH637095183393769684System.Random
04:28:22.282    (INFO)     MTable.GetPO: Using GenericPO for M_ProductPrice_Version
===========>     (SEVERE)   OracleHelper.ExecuteScalar: ORA-00904: "M_PRODUCTPRICE_ID": invalid identifier[Query SLR]SELECT  MAX(NVL(RecordVersion,0)) + 1 FROM M_ProductPrice_Version WHERE M_ProductPrice_ID = -1
