*** 11/26/2019 5:49:17 PM VAdvantage Log  ***
05:49:17.491    (INFO)     Trx.Start: **** ConnSH637103873572390928System.Random
05:49:17.491    (INFO)     Trx.Commit: **C** ConnSH637103873572390928System.Random
05:49:17.491    (INFO)     MChangeLog.FillChangeLog: #9
05:49:17.491    (INFO)     CacheReset.DoIt: 
05:49:17.491    (INFO)     Env.Reset: finalCall=False
05:49:17.491    (INFO)     CacheMgt.Reset: #16 (7884)
05:49:17.491    (INFO)     MRole.Get: AD_Role_ID=0, AD_User_ID=0, reload=True
05:49:17.491    (INFO)     MRole.Get: MRole[0,System Administrator,UserLevel=S  ,AD_Client_ID=0,AD_Org_ID=0]
05:49:17.491    (INFO)     MRole.Get: AD_Role_ID=102, AD_User_ID=101, reload=True
05:49:17.491    (INFO)     MRole.Get: MRole[102,IdeasInc Admin,UserLevel= CO,AD_Client_ID IN (0,11),]
05:49:17.491    (INFO)     MChangeLog.FillChangeLog: #9
05:49:17.491    (INFO)     CacheMgt.Reset: AD_Process: #1 (1)
05:49:17.491    (INFO)     Trx.Start: **** ConnSH637103873579060596System.Random
05:49:17.491    (INFO)     Trx.Commit: **C** ConnSH637103873579060596System.Random
05:49:17.491    (INFO)     Trx.Start: **** ConnSH637103873579960567System.Random
05:49:18.491    (INFO)     Trx.Commit: **C** ConnSH637103873579960567System.Random
05:49:18.491    (INFO)     Msg.InitMsg: Records=5823 - en_US
05:49:18.491    (INFO)     Trx.Start: **** ConnSH637103873588210068System.Random
05:49:18.491    (INFO)     Trx.Commit: **C** ConnSH637103873588210068System.Random
05:49:18.491    (INFO)     Trx.Start: **** ConnSH637103873588990079System.Random
05:49:18.491    (INFO)     Trx.Commit: **C** ConnSH637103873588990079System.Random
----------->     (WARNING)  GridTable.GetField: Not found: 'Created'
----------->     (WARNING)  GridTable.GetField: Not found: 'CreatedBy'
----------->     (WARNING)  GridTable.GetField: Not found: 'Updated'
----------->     (WARNING)  GridTable.GetField: Not found: 'UpdatedBy'
----------->     (WARNING)  GridTable.GetField: Not found: 'Created'
----------->     (WARNING)  GridTable.GetField: Not found: 'CreatedBy'
----------->     (WARNING)  GridTable.GetField: Not found: 'Updated'
----------->     (WARNING)  GridTable.GetField: Not found: 'UpdatedBy'
----------->     (WARNING)  GridTable.GetField: Not found: 'Created'
----------->     (WARNING)  GridTable.GetField: Not found: 'CreatedBy'
----------->     (WARNING)  GridTable.GetField: Not found: 'Updated'
----------->     (WARNING)  GridTable.GetField: Not found: 'UpdatedBy'
05:49:22.492    (INFO)     Trx.Start: **** ConnSH637103873620148359System.Random
05:49:22.492    (INFO)     Trx.Commit: **C** ConnSH637103873620148359System.Random
05:49:22.492    (INFO)     Trx.Start: **** ConnSH637103873621258336System.Random
05:49:22.492    (INFO)     Trx.Commit: **C** ConnSH637103873621258336System.Random
05:49:22.492    (INFO)     Trx.Start: **** ConnSH637103873626997962System.Random
05:49:22.492    (INFO)     Trx.Commit: **C** ConnSH637103873626997962System.Random
05:49:22.492    (INFO)     Trx.Start: **** ConnSH637103873627867911System.Random
05:49:22.492    (INFO)     Trx.Commit: **C** ConnSH637103873627867911System.Random
----------->     (WARNING)  GridTable.GetField: Not found: 'Created'
----------->     (WARNING)  GridTable.GetField: Not found: 'CreatedBy'
----------->     (WARNING)  GridTable.GetField: Not found: 'Updated'
----------->     (WARNING)  GridTable.GetField: Not found: 'UpdatedBy'
----------->     (WARNING)  GridTable.GetField: Not found: 'Created'
----------->     (WARNING)  GridTable.GetField: Not found: 'CreatedBy'
----------->     (WARNING)  GridTable.GetField: Not found: 'Updated'
----------->     (WARNING)  GridTable.GetField: Not found: 'UpdatedBy'
----------->     (WARNING)  GridTable.GetField: Not found: 'Created'
----------->     (WARNING)  GridTable.GetField: Not found: 'CreatedBy'
----------->     (WARNING)  GridTable.GetField: Not found: 'Updated'
----------->     (WARNING)  GridTable.GetField: Not found: 'UpdatedBy'
----------->     (WARNING)  GridTable.GetField: Not found: 'Created'
----------->     (WARNING)  GridTable.GetField: Not found: 'CreatedBy'
----------->     (WARNING)  GridTable.GetField: Not found: 'Updated'
----------->     (WARNING)  GridTable.GetField: Not found: 'UpdatedBy'
----------->     (WARNING)  GridTable.GetField: Not found: 'Created'
----------->     (WARNING)  GridTable.GetField: Not found: 'CreatedBy'
----------->     (WARNING)  GridTable.GetField: Not found: 'Updated'
----------->     (WARNING)  GridTable.GetField: Not found: 'UpdatedBy'
----------->     (WARNING)  GridTable.GetField: Not found: 'Created'
----------->     (WARNING)  GridTable.GetField: Not found: 'CreatedBy'
----------->     (WARNING)  GridTable.GetField: Not found: 'Updated'
----------->     (WARNING)  GridTable.GetField: Not found: 'UpdatedBy'
----------->     (WARNING)  GridTable.GetField: Not found: 'Created'
----------->     (WARNING)  GridTable.GetField: Not found: 'CreatedBy'
----------->     (WARNING)  GridTable.GetField: Not found: 'Updated'
----------->     (WARNING)  GridTable.GetField: Not found: 'UpdatedBy'
----------->     (WARNING)  GridTable.GetField: Not found: 'Created'
----------->     (WARNING)  GridTable.GetField: Not found: 'CreatedBy'
----------->     (WARNING)  GridTable.GetField: Not found: 'Updated'
----------->     (WARNING)  GridTable.GetField: Not found: 'UpdatedBy'
----------->     (WARNING)  GridTable.GetField: Not found: 'Created'
----------->     (WARNING)  GridTable.GetField: Not found: 'CreatedBy'
----------->     (WARNING)  GridTable.GetField: Not found: 'Updated'
----------->     (WARNING)  GridTable.GetField: Not found: 'UpdatedBy'
----------->     (WARNING)  GridTable.GetField: Not found: 'Created'
----------->     (WARNING)  GridTable.GetField: Not found: 'CreatedBy'
----------->     (WARNING)  GridTable.GetField: Not found: 'Updated'
----------->     (WARNING)  GridTable.GetField: Not found: 'UpdatedBy'
----------->     (WARNING)  GridTable.GetField: Not found: 'Created'
----------->     (WARNING)  GridTable.GetField: Not found: 'CreatedBy'
----------->     (WARNING)  GridTable.GetField: Not found: 'Updated'
----------->     (WARNING)  GridTable.GetField: Not found: 'UpdatedBy'
----------->     (WARNING)  GridTable.GetField: Not found: 'Created'
----------->     (WARNING)  GridTable.GetField: Not found: 'CreatedBy'
----------->     (WARNING)  GridTable.GetField: Not found: 'Updated'
----------->     (WARNING)  GridTable.GetField: Not found: 'UpdatedBy'
----------->     (WARNING)  GridTable.GetField: Not found: 'Created'
----------->     (WARNING)  GridTable.GetField: Not found: 'CreatedBy'
----------->     (WARNING)  GridTable.GetField: Not found: 'Updated'
----------->     (WARNING)  GridTable.GetField: Not found: 'UpdatedBy'
----------->     (WARNING)  GridTable.GetField: Not found: 'Created'
----------->     (WARNING)  GridTable.GetField: Not found: 'CreatedBy'
----------->     (WARNING)  GridTable.GetField: Not found: 'Updated'
----------->     (WARNING)  GridTable.GetField: Not found: 'UpdatedBy'
----------->     (WARNING)  GridTable.GetField: Not found: 'Created'
----------->     (WARNING)  GridTable.GetField: Not found: 'CreatedBy'
----------->     (WARNING)  GridTable.GetField: Not found: 'Updated'
----------->     (WARNING)  GridTable.GetField: Not found: 'UpdatedBy'
----------->     (WARNING)  GridTable.GetField: Not found: 'Created'
----------->     (WARNING)  GridTable.GetField: Not found: 'CreatedBy'
----------->     (WARNING)  GridTable.GetField: Not found: 'Updated'
----------->     (WARNING)  GridTable.GetField: Not found: 'UpdatedBy'
----------->     (WARNING)  GridTable.GetField: Not found: 'Created'
----------->     (WARNING)  GridTable.GetField: Not found: 'CreatedBy'
----------->     (WARNING)  GridTable.GetField: Not found: 'Updated'
----------->     (WARNING)  GridTable.GetField: Not found: 'UpdatedBy'
----------->     (WARNING)  GridTable.GetField: Not found: 'Created'
----------->     (WARNING)  GridTable.GetField: Not found: 'CreatedBy'
----------->     (WARNING)  GridTable.GetField: Not found: 'Updated'
----------->     (WARNING)  GridTable.GetField: Not found: 'UpdatedBy'
----------->     (WARNING)  GridTable.GetField: Not found: 'Created'
----------->     (WARNING)  GridTable.GetField: Not found: 'CreatedBy'
----------->     (WARNING)  GridTable.GetField: Not found: 'Updated'
----------->     (WARNING)  GridTable.GetField: Not found: 'UpdatedBy'
----------->     (WARNING)  GridTable.GetField: Not found: 'Created'
----------->     (WARNING)  GridTable.GetField: Not found: 'CreatedBy'
----------->     (WARNING)  GridTable.GetField: Not found: 'Updated'
----------->     (WARNING)  GridTable.GetField: Not found: 'UpdatedBy'
----------->     (WARNING)  GridTable.GetField: Not found: 'Created'
----------->     (WARNING)  GridTable.GetField: Not found: 'CreatedBy'
----------->     (WARNING)  GridTable.GetField: Not found: 'Updated'
----------->     (WARNING)  GridTable.GetField: Not found: 'UpdatedBy'
----------->     (WARNING)  GridTable.GetField: Not found: 'Created'
----------->     (WARNING)  GridTable.GetField: Not found: 'CreatedBy'
----------->     (WARNING)  GridTable.GetField: Not found: 'Updated'
----------->     (WARNING)  GridTable.GetField: Not found: 'UpdatedBy'
----------->     (WARNING)  GridTable.GetField: Not found: 'Created'
----------->     (WARNING)  GridTable.GetField: Not found: 'CreatedBy'
----------->     (WARNING)  GridTable.GetField: Not found: 'Updated'
----------->     (WARNING)  GridTable.GetField: Not found: 'UpdatedBy'
05:49:36.493    (INFO)     Trx.Start: **** ConnSH637103873767243553System.Random
05:49:36.493    (INFO)     Trx.Commit: **C** ConnSH637103873767243553System.Random
05:49:38.493    (INFO)     Trx.Start: **** ConnSH637103873786388241System.Random
05:49:38.493    (INFO)     Trx.Commit: **C** ConnSH637103873786388241System.Random
===========>     (SEVERE)   VLookUpInfo.GetLookup_DisplayColumn: No Identifier records found: C_CONSOLIDATIONREFERENCE
===========>     (SEVERE)   VLookUpInfo.GetLookup_DisplayColumn: No Identifier records found: VA204_RewardCardM
----------->     (WARNING)  AccessSqlParser.GetTableInfo: More than one FROM clause - SELECT VA204_RewardCardM.VA204_RewardCardM_ID,NULL,NULL,VA204_RewardCardM.IsActive FROM VA204_RewardCardM WHERE VA204_RewardCardM.VA204_RewardCardM_ID NOT IN( SELECT VA204_RewardCardM_ID 
  FROM C_BPartner
  WHERE VA204_RewardCardM_ID IS NOT NULL)
----------->     (WARNING)  AccessSqlParser.GetTableInfo: More than one FROM clause - SELECT VA204_RewardCardM.VA204_RewardCardM_ID,NULL,NULL,VA204_RewardCardM.IsActive FROM VA204_RewardCardM WHERE VA204_RewardCardM.VA204_RewardCardM_ID NOT IN( SELECT VA204_RewardCardM_ID 
  FROM C_BPartner
  WHERE VA204_RewardCardM_ID IS NOT NULL)
----------->     (WARNING)  GridTable.GetField: Not found: 'Created'
----------->     (WARNING)  GridTable.GetField: Not found: 'CreatedBy'
----------->     (WARNING)  GridTable.GetField: Not found: 'Updated'
----------->     (WARNING)  GridTable.GetField: Not found: 'UpdatedBy'
----------->     (WARNING)  GridTable.GetField: Not found: 'Created'
----------->     (WARNING)  GridTable.GetField: Not found: 'CreatedBy'
----------->     (WARNING)  GridTable.GetField: Not found: 'Updated'
----------->     (WARNING)  GridTable.GetField: Not found: 'UpdatedBy'
----------->     (WARNING)  GridTable.GetField: Not found: 'Created'
----------->     (WARNING)  GridTable.GetField: Not found: 'CreatedBy'
----------->     (WARNING)  GridTable.GetField: Not found: 'Updated'
----------->     (WARNING)  GridTable.GetField: Not found: 'UpdatedBy'
----------->     (WARNING)  GridTable.GetField: Not found: 'Created'
----------->     (WARNING)  GridTable.GetField: Not found: 'CreatedBy'
----------->     (WARNING)  GridTable.GetField: Not found: 'Updated'
----------->     (WARNING)  GridTable.GetField: Not found: 'UpdatedBy'
----------->     (WARNING)  GridTable.GetField: Not found: 'Created'
----------->     (WARNING)  GridTable.GetField: Not found: 'CreatedBy'
----------->     (WARNING)  GridTable.GetField: Not found: 'Updated'
----------->     (WARNING)  GridTable.GetField: Not found: 'UpdatedBy'
----------->     (WARNING)  GridTable.GetField: Not found: 'Created'
----------->     (WARNING)  GridTable.GetField: Not found: 'CreatedBy'
----------->     (WARNING)  GridTable.GetField: Not found: 'Updated'
----------->     (WARNING)  GridTable.GetField: Not found: 'UpdatedBy'
----------->     (WARNING)  GridTable.GetField: Not found: 'Created'
----------->     (WARNING)  GridTable.GetField: Not found: 'CreatedBy'
----------->     (WARNING)  GridTable.GetField: Not found: 'Updated'
----------->     (WARNING)  GridTable.GetField: Not found: 'UpdatedBy'
----------->     (WARNING)  GridTable.GetField: Not found: 'Created'
----------->     (WARNING)  GridTable.GetField: Not found: 'CreatedBy'
----------->     (WARNING)  GridTable.GetField: Not found: 'Updated'
----------->     (WARNING)  GridTable.GetField: Not found: 'UpdatedBy'
----------->     (WARNING)  GridTable.GetField: Not found: 'Created'
----------->     (WARNING)  GridTable.GetField: Not found: 'CreatedBy'
----------->     (WARNING)  GridTable.GetField: Not found: 'Updated'
----------->     (WARNING)  GridTable.GetField: Not found: 'UpdatedBy'
----------->     (WARNING)  GridTable.GetField: Not found: 'Created'
----------->     (WARNING)  GridTable.GetField: Not found: 'CreatedBy'
----------->     (WARNING)  GridTable.GetField: Not found: 'Updated'
----------->     (WARNING)  GridTable.GetField: Not found: 'UpdatedBy'
----------->     (WARNING)  GridTable.GetField: Not found: 'Created'
----------->     (WARNING)  GridTable.GetField: Not found: 'CreatedBy'
----------->     (WARNING)  GridTable.GetField: Not found: 'Updated'
----------->     (WARNING)  GridTable.GetField: Not found: 'UpdatedBy'
----------->     (WARNING)  GridTable.GetField: Not found: 'Created'
----------->     (WARNING)  GridTable.GetField: Not found: 'CreatedBy'
----------->     (WARNING)  GridTable.GetField: Not found: 'Updated'
----------->     (WARNING)  GridTable.GetField: Not found: 'UpdatedBy'
----------->     (WARNING)  GridTable.GetField: Not found: 'Created'
----------->     (WARNING)  GridTable.GetField: Not found: 'CreatedBy'
----------->     (WARNING)  GridTable.GetField: Not found: 'Updated'
----------->     (WARNING)  GridTable.GetField: Not found: 'UpdatedBy'
05:49:53.495    (INFO)     Trx.Start: **** ConnSH637103873935439493System.Random
05:49:53.495    (INFO)     Trx.Commit: **C** ConnSH637103873935439493System.Random
===========>     (SEVERE)   DB_Oracle.ExecuteDatasetPaging: ORA-00918: column ambiguously defined [Query NQTrx]select * FROM (SELECT t.*, rownum AS row_num FROM (SELECT C_CONSOLIDATIONREFERENCE.C_CONSOLIDATIONREFERENCE_ID,NULL,NULL,C_CONSOLIDATIONREFERENCE.IsActive FROM C_CONSOLIDATIONREFERENCE WHERE C_CONSOLIDATIONREFERENCE.AD_Client_ID IN (0,11) ORDER BY 3) t ) WHERE row_num BETWEEN (((1 - 1) * 1000) + 1) AND ((1 * 1000))
===========>     (SEVERE)   DB_Oracle.ExecuteDatasetPaging: ORA-00942: table or view does not exist [Query NQTrx]select * FROM (SELECT t.*, rownum AS row_num FROM (SELECT VA204_RewardCardM.VA204_RewardCardM_ID,NULL,NULL,VA204_RewardCardM.IsActive FROM VA204_RewardCardM WHERE VA204_RewardCardM.VA204_RewardCardM_ID NOT IN( SELECT VA204_RewardCardM_ID 
  FROM C_BPartner
  WHERE VA204_RewardCardM_ID IS NOT NULL) AND VA204_RewardCardM.AD_Client_ID IN (0,11) ORDER BY 3) t ) WHERE row_num BETWEEN (((1 - 1) * 1000) + 1) AND ((1 * 1000))
05:49:56.495    (INFO)     Trx.Start: **** ConnSH637103873967309147System.Random
05:49:56.495    (INFO)     Trx.Commit: **C** ConnSH637103873967309147System.Random
===========>     (SEVERE)   VLookUpInfo.GetLookup_DisplayColumn: No Identifier records found: VA204_RewardCardM
----------->     (WARNING)  AccessSqlParser.GetTableInfo: More than one FROM clause - SELECT VA204_RewardCardM.VA204_RewardCardM_ID,NULL,NULL,VA204_RewardCardM.IsActive FROM VA204_RewardCardM WHERE VA204_RewardCardM.VA204_RewardCardM_ID NOT IN( SELECT VA204_RewardCardM_ID 
  FROM C_BPartner
  WHERE VA204_RewardCardM_ID IS NOT NULL)
----------->     (WARNING)  AccessSqlParser.GetTableInfo: More than one FROM clause - SELECT VA204_RewardCardM.VA204_RewardCardM_ID,NULL,NULL,VA204_RewardCardM.IsActive FROM VA204_RewardCardM WHERE VA204_RewardCardM.VA204_RewardCardM_ID NOT IN( SELECT VA204_RewardCardM_ID 
  FROM C_BPartner
  WHERE VA204_RewardCardM_ID IS NOT NULL)
----------->     (WARNING)  AccessSqlParser.GetTableInfo: Could not remove ON AD_User usr, C_BPartner bp ON usr.C_BPartner_ID=bp.C_BPartner_ID
----------->     (WARNING)  AccessSqlParser.GetTableInfo: Could not remove ON AD_User usr, C_BPartner bp ON usr.C_BPartner_ID=bp.C_BPartner_ID
===========>     (SEVERE)   VLookUpInfo.GetLookup_DisplayColumn: No Identifier records found: VAPOS_RewardCardM
===========>     (SEVERE)   OracleHelper.ExecuteDataset: ORA-00904: "C_BPARTNER_ID": invalid identifier [Query D] =>SELECT count(*) FROM C_AllocationHdr WHERE  ( C_BPartner_ID=1007458 ) 
===========>     (SEVERE)   OracleHelper.ExecuteDataset: ORA-00904: "VAMFG_RV_M_WORKORDERVALUENEW"."VAMFG_WOTYPE": invalid identifier [Query D] =>SELECT count(*) FROM VAMFG_RV_M_WorkOrderValue WHERE  ( C_BPartner_ID=1007458 )  AND VAMFG_RV_M_WorkOrderValueNew.VAMFG_WOType='S'
===========>     (SEVERE)   VLookUpInfo.GetLookup_DisplayColumn: No Identifier records found: C_CONSOLIDATIONREFERENCE
----------->     (WARNING)  GridTable.GetField: Not found: 'Created'
----------->     (WARNING)  GridTable.GetField: Not found: 'CreatedBy'
----------->     (WARNING)  GridTable.GetField: Not found: 'Updated'
----------->     (WARNING)  GridTable.GetField: Not found: 'UpdatedBy'
05:50:28.502    (INFO)     Trx.Start: **** ConnSH637103874283455354System.Random
05:50:28.502    (INFO)     Trx.Commit: **C** ConnSH637103874283455354System.Random
05:50:28.502    (INFO)     Trx.Start: **** ConnSH637103874287374834System.Random
05:50:28.502    (INFO)     Trx.Commit: **C** ConnSH637103874287374834System.Random
===========>     (SEVERE)   DB_Oracle.ExecuteDatasetPaging: ORA-00918: column ambiguously defined [Query NQTrx]select * FROM (SELECT t.*, rownum AS row_num FROM (SELECT C_CONSOLIDATIONREFERENCE.C_CONSOLIDATIONREFERENCE_ID,NULL,NULL,C_CONSOLIDATIONREFERENCE.IsActive FROM C_CONSOLIDATIONREFERENCE WHERE C_CONSOLIDATIONREFERENCE.AD_Client_ID IN (0,11) ORDER BY 3) t ) WHERE row_num BETWEEN (((1 - 1) * 1000) + 1) AND ((1 * 1000))
