*** 11/29/2019 4:40:00 PM VAdvantage Log  ***
04:40:00.400    (INFO)     Trx.Start: **** ConnSH637106424001327483System.Random
04:40:00.400    (INFO)     Trx.Commit: **C** ConnSH637106424001327483System.Random
04:40:00.400    (INFO)     MChangeLog.FillChangeLog: #9
===========>     (SEVERE)   MProduct.UpdateRecords: Column not found - C_UOMGroup_ID
===========>     (SEVERE)   MProduct.UpdateRecords: Column not found - DownloadURL
----------->     (WARNING)  MProduct.UpdateRecords: Column not updateable - IsVerified - NewValue=False - OldValue=False
===========>     (SEVERE)   MProduct.UpdateRecords: Column not found - M_Product_Ver_ID
----------->     (WARNING)  MProduct.BeforeSave: Error - Could not Save Record. Transactions available in System.
----------->     (WARNING)  MProduct.UpdateRecords: beforeSave failed - MProduct[1004148-10000001]
----------->     (WARNING)  MasterVersionSchedules.UpdateRecords: ERROR - Could not Save Record. Transactions available in System.
04:43:06.436    (INFO)     CacheMgt.Reset: AD_Process: #1 (1)
04:44:26.442    (INFO)     MSession.Logout: 06:35:51.789
===========>     (SEVERE)   LDAP.Validate: Error in LDAP for user IdeasIncAdmin : The server is not operational.

04:47:33.473    (INFO)     MRole.Get: AD_Role_ID=102, AD_User_ID=101, reload=True
04:47:33.473    (INFO)     MRole.Get: MRole[102,IdeasInc Admin,UserLevel= CO,AD_Client_ID IN (0,11),]
04:47:33.473    (INFO)     MTree.Load: AD_Tree_ID=121, AD_User_ID=101, Editable=False, OnClient=True
===========>     (SEVERE)   MTree.LoadNodes: Nodes w/o parent - adding to root - System.Collections.Generic.List`1[VAdvantage.Classes.VTreeNode]
04:47:34.473    (INFO)     Trx.Start: **** ConnSH637106428541377829System.Random
04:47:34.473    (INFO)     Trx.Commit: **C** ConnSH637106428541377829System.Random
----------->     (WARNING)  AccessSqlParser.GetTableInfo: More than one FROM clause - SELECT AppointmentsInfo.Appointmentsinfo_id AS ID,AppointmentsInfo.AD_Client_ID,AppointmentsInfo.AD_Org_ID  FROM AppointmentsInfo JOIN AD_User ON AD_User.AD_User_ID =AppointmentsInfo.CreatedBy WHERE AppointmentsInfo.IsRead='N' AND AppointmentsInfo.istask ='N'  AND AppointmentsInfo.AD_User_ID  = 101  UNION SELECT AppointmentsInfo.Appointmentsinfo_id AS ID, AppointmentsInfo.AD_Client_ID,AppointmentsInfo.AD_Org_ID FROM AppointmentsInfo  JOIN AD_User ON AD_User.AD_User_ID = AppointmentsInfo.CreatedBy  WHERE (AppointmentsInfo.IsRead ='Y'   AND AppointmentsInfo.AD_User_ID = 101 )  AND AppointmentsInfo.istask ='N'  AND AppointmentsInfo.startDate BETWEEN to_date('11/28/19','mm/dd/yy') and to_date('12/06/19 23.59','mm/dd/yy HH24:MI')   OR  to_date('11/29/19','mm/dd/yy')  BETWEEN  AppointmentsInfo.startDate  AND AppointmentsInfo.endDate  AND  AppointmentsInfo.CreatedBy  !=101 AND AppointmentsInfo.AD_User_ID  = 101)
----------->     (WARNING)  AccessSqlParser.GetTableInfo: Could not remove ON AppointmentsInfo JOIN AD_User ON AD_User.AD_User_ID =AppointmentsInfo.CreatedBy
04:47:41.474    (INFO)     Trx.Start: **** ConnSH637106428610010845System.Random
04:47:41.474    (INFO)     Trx.Commit: **C** ConnSH637106428610010845System.Random
04:47:41.474    (INFO)     CacheReset.DoIt: 
04:47:41.474    (INFO)     Env.Reset: finalCall=False
04:47:41.474    (INFO)     CacheMgt.Reset: #17 (7891)
04:47:41.474    (INFO)     MRole.Get: AD_Role_ID=0, AD_User_ID=0, reload=True
04:47:41.474    (INFO)     MRole.Get: MRole[0,System Administrator,UserLevel=S  ,AD_Client_ID=0,AD_Org_ID=0]
04:47:41.474    (INFO)     MRole.Get: AD_Role_ID=102, AD_User_ID=101, reload=True
04:47:41.474    (INFO)     MRole.Get: MRole[102,IdeasInc Admin,UserLevel= CO,AD_Client_ID IN (0,11),]
04:47:41.474    (INFO)     MChangeLog.FillChangeLog: #9
04:47:41.474    (INFO)     CacheMgt.Reset: AD_Process: #1 (1)
04:47:41.474    (INFO)     Trx.Start: **** ConnSH637106428615409304System.Random
04:47:41.474    (INFO)     Trx.Commit: **C** ConnSH637106428615409304System.Random
04:47:41.474    (INFO)     Trx.Start: **** ConnSH637106428616263176System.Random
04:47:41.474    (INFO)     Trx.Commit: **C** ConnSH637106428616263176System.Random
04:47:42.474    (INFO)     Msg.InitMsg: Records=5823 - en_US
04:47:42.474    (INFO)     Trx.Start: **** ConnSH637106428622781107System.Random
04:47:42.474    (INFO)     Trx.Commit: **C** ConnSH637106428622781107System.Random
04:47:42.474    (INFO)     Trx.Start: **** ConnSH637106428623531438System.Random
04:47:42.474    (INFO)     Trx.Commit: **C** ConnSH637106428623531438System.Random
04:47:56.475    (INFO)     Trx.Start: **** ConnSH637106428762213724System.Random
04:47:56.475    (INFO)     Trx.Commit: **C** ConnSH637106428762213724System.Random
04:47:56.475    (INFO)     Trx.Start: **** ConnSH637106428763044084System.Random
04:47:56.475    (INFO)     Trx.Commit: **C** ConnSH637106428763044084System.Random
===========>     (SEVERE)   MProduct.UpdateRecords: Column not found - C_UOMGroup_ID
===========>     (SEVERE)   MProduct.UpdateRecords: Column not found - DownloadURL
----------->     (WARNING)  MProduct.UpdateRecords: Column not updateable - IsVerified - NewValue=False - OldValue=False
===========>     (SEVERE)   MProduct.UpdateRecords: Column not found - M_Product_Ver_ID
----------->     (WARNING)  MProduct.BeforeSave: Error - Could not Save Record. Transactions available in System.
----------->     (WARNING)  MProduct.UpdateRecords: beforeSave failed - MProduct[1004148-10000001]
----------->     (WARNING)  MProduct.BeforeSave: Error - Could not Save Record. Transactions available in System.
----------->     (WARNING)  MProduct.BeforeSave: Error - Could not Save Record. Transactions available in System.
----------->     (WARNING)  MProduct.UpdateRecords: beforeSave failed - MProduct[1004148-10000001]
----------->     (WARNING)  MasterVersionSchedules.UpdateRecords: ERROR - Could not Save Record. Transactions available in System.
