*** 10/31/2019 12:00:38 PM VAdvantage Log  ***
12:00:38.038    (INFO)     MSession.Logout: 06:30:19.293
===========>     (SEVERE)   LDAP.Validate: Error in LDAP for user IdeasIncAdmin : The server is not operational.

===========>     (SEVERE)   LDAP.Validate: Error in LDAP for user IdeasIncAdmin : The server is not operational.

12:01:29.129    (INFO)     MRole.Get: AD_Role_ID=102, AD_User_ID=101, reload=True
12:01:29.129    (INFO)     MRole.Get: MRole[102,IdeasInc Admin,UserLevel= CO,AD_Client_ID IN (0,11),]
12:01:29.129    (INFO)     MRole.Get: AD_Role_ID=102, AD_User_ID=101, reload=True
12:01:29.129    (INFO)     MRole.Get: MRole[102,IdeasInc Admin,UserLevel= CO,AD_Client_ID IN (0,11),]
12:01:29.129    (INFO)     MTree.Load: AD_Tree_ID=121, AD_User_ID=101, Editable=False, OnClient=True
===========>     (SEVERE)   MTree.LoadNodes: Nodes w/o parent - adding to root - System.Collections.Generic.List`1[VAdvantage.Classes.VTreeNode]
12:01:30.130    (INFO)     Trx.Start: **** ConnSH637081200901128373System.Random
12:01:30.130    (INFO)     Trx.Commit: **C** ConnSH637081200901128373System.Random
----------->     (WARNING)  AccessSqlParser.GetTableInfo: More than one FROM clause - SELECT AppointmentsInfo.Appointmentsinfo_id AS ID,AppointmentsInfo.AD_Client_ID,AppointmentsInfo.AD_Org_ID  FROM AppointmentsInfo JOIN AD_User ON AD_User.AD_User_ID =AppointmentsInfo.CreatedBy WHERE AppointmentsInfo.IsRead='N' AND AppointmentsInfo.istask ='N'  AND AppointmentsInfo.AD_User_ID  = 101  UNION SELECT AppointmentsInfo.Appointmentsinfo_id AS ID, AppointmentsInfo.AD_Client_ID,AppointmentsInfo.AD_Org_ID FROM AppointmentsInfo  JOIN AD_User ON AD_User.AD_User_ID = AppointmentsInfo.CreatedBy  WHERE (AppointmentsInfo.IsRead ='Y'   AND AppointmentsInfo.AD_User_ID = 101 )  AND AppointmentsInfo.istask ='N'  AND AppointmentsInfo.startDate BETWEEN to_date('10/30/19','mm/dd/yy') and to_date('11/07/19 23.59','mm/dd/yy HH24:MI')   OR  to_date('10/31/19','mm/dd/yy')  BETWEEN  AppointmentsInfo.startDate  AND AppointmentsInfo.endDate  AND  AppointmentsInfo.CreatedBy  !=101 AND AppointmentsInfo.AD_User_ID  = 101)
----------->     (WARNING)  AccessSqlParser.GetTableInfo: Could not remove ON AppointmentsInfo JOIN AD_User ON AD_User.AD_User_ID =AppointmentsInfo.CreatedBy
12:01:37.137    (INFO)     Trx.Start: **** ConnSH637081200973432405System.Random
12:01:37.137    (INFO)     Trx.Commit: **C** ConnSH637081200973432405System.Random
12:01:37.137    (INFO)     MChangeLog.FillChangeLog: #9
12:01:37.137    (INFO)     CacheReset.DoIt: 
12:01:37.137    (INFO)     Env.Reset: finalCall=False
12:01:37.137    (INFO)     CacheMgt.Reset: #16 (7873)
12:01:37.137    (INFO)     MRole.Get: AD_Role_ID=0, AD_User_ID=0, reload=True
12:01:37.137    (INFO)     MRole.Get: MRole[0,System Administrator,UserLevel=S  ,AD_Client_ID=0,AD_Org_ID=0]
12:01:37.137    (INFO)     MRole.Get: AD_Role_ID=102, AD_User_ID=101, reload=True
12:01:37.137    (INFO)     MRole.Get: MRole[102,IdeasInc Admin,UserLevel= CO,AD_Client_ID IN (0,11),]
12:01:37.137    (INFO)     MChangeLog.FillChangeLog: #9
12:01:38.138    (INFO)     CacheMgt.Reset: AD_Process: #1 (1)
12:01:38.138    (INFO)     Trx.Start: **** ConnSH637081200982027763System.Random
12:01:38.138    (INFO)     Trx.Commit: **C** ConnSH637081200982027763System.Random
12:01:38.138    (INFO)     Trx.Start: **** ConnSH637081200983287595System.Random
12:01:38.138    (INFO)     Trx.Commit: **C** ConnSH637081200983287595System.Random
12:01:39.139    (INFO)     Msg.InitMsg: Records=5818 - en_US
12:01:39.139    (INFO)     Trx.Start: **** ConnSH637081200992178087System.Random
12:01:39.139    (INFO)     Trx.Commit: **C** ConnSH637081200992178087System.Random
12:01:39.139    (INFO)     Trx.Start: **** ConnSH637081200993088513System.Random
12:01:39.139    (INFO)     Trx.Commit: **C** ConnSH637081200993088513System.Random
----------->     (WARNING)  GridTable.GetField: Not found: 'Created'
----------->     (WARNING)  GridTable.GetField: Not found: 'CreatedBy'
----------->     (WARNING)  GridTable.GetField: Not found: 'Updated'
----------->     (WARNING)  GridTable.GetField: Not found: 'UpdatedBy'
12:01:42.142    (INFO)     Trx.Start: **** ConnSH637081201022476902System.Random
12:01:42.142    (INFO)     Trx.Commit: **C** ConnSH637081201022476902System.Random
12:01:42.142    (INFO)     Trx.Start: **** ConnSH637081201023326850System.Random
12:01:42.142    (INFO)     Trx.Commit: **C** ConnSH637081201023326850System.Random
12:01:42.142    (INFO)     Trx.Start: **** ConnSH637081201028766858System.Random
12:01:42.142    (INFO)     Trx.Commit: **C** ConnSH637081201028766858System.Random
12:01:43.143    (INFO)     Trx.Start: **** ConnSH637081201030136691System.Random
12:01:43.143    (INFO)     Trx.Commit: **C** ConnSH637081201030136691System.Random
12:01:55.155    (INFO)     MTable.GetPO: Using GenericPO for Test_Version
12:02:21.221    (INFO)     Trx.Start: **** ConnSH637081201417919369System.Random
12:02:21.221    (INFO)     Trx.Commit: **C** ConnSH637081201417919369System.Random
12:02:21.221    (INFO)     Trx.Start: **** ConnSH637081201418929354System.Random
12:02:21.221    (INFO)     Trx.Commit: **C** ConnSH637081201418929354System.Random
12:02:42.242    (INFO)     Trx.Start: **** ConnSH637081201622896632System.Random
12:02:42.242    (INFO)     Trx.Commit: **C** ConnSH637081201622896632System.Random
12:04:23.423    (INFO)     MTable.GetPO: Using GenericPO for Test_Version
12:04:25.425    (INFO)     Trx.Start: **** ConnSH637081202651435915System.Random
12:04:25.425    (INFO)     Trx.Commit: **C** ConnSH637081202651435915System.Random
12:04:25.425    (INFO)     Trx.Start: **** ConnSH637081202652225851System.Random
12:04:25.425    (INFO)     Trx.Commit: **C** ConnSH637081202652225851System.Random
12:06:52.652    (INFO)     Trx.Start: **** ConnSH637081204127027763System.Random
12:06:52.652    (INFO)     Trx.Commit: **C** ConnSH637081204127027763System.Random
