*** 11/14/2019 11:46:47 AM VAdvantage Log  ***
----------->     (WARNING)  GridTable.GetField: Not found: 'Created'
----------->     (WARNING)  GridTable.GetField: Not found: 'CreatedBy'
----------->     (WARNING)  GridTable.GetField: Not found: 'Updated'
----------->     (WARNING)  GridTable.GetField: Not found: 'UpdatedBy'
----------->     (WARNING)  GridTable.GetField: Not found: 'Created'
----------->     (WARNING)  GridTable.GetField: Not found: 'CreatedBy'
----------->     (WARNING)  GridTable.GetField: Not found: 'Updated'
----------->     (WARNING)  GridTable.GetField: Not found: 'UpdatedBy'
----------->     (WARNING)  GridTable.GetField: Not found: 'Created'
----------->     (WARNING)  GridTable.GetField: Not found: 'CreatedBy'
----------->     (WARNING)  GridTable.GetField: Not found: 'Updated'
----------->     (WARNING)  GridTable.GetField: Not found: 'UpdatedBy'
----------->     (WARNING)  GridTable.GetField: Not found: 'Created'
----------->     (WARNING)  GridTable.GetField: Not found: 'CreatedBy'
----------->     (WARNING)  GridTable.GetField: Not found: 'Updated'
----------->     (WARNING)  GridTable.GetField: Not found: 'UpdatedBy'
----------->     (WARNING)  GridTable.GetField: Not found: 'Created'
----------->     (WARNING)  GridTable.GetField: Not found: 'CreatedBy'
----------->     (WARNING)  GridTable.GetField: Not found: 'Updated'
----------->     (WARNING)  GridTable.GetField: Not found: 'UpdatedBy'
----------->     (WARNING)  GridTable.GetField: Not found: 'Created'
----------->     (WARNING)  GridTable.GetField: Not found: 'CreatedBy'
----------->     (WARNING)  GridTable.GetField: Not found: 'Updated'
----------->     (WARNING)  GridTable.GetField: Not found: 'UpdatedBy'
----------->     (WARNING)  GridTable.GetField: Not found: 'Created'
----------->     (WARNING)  GridTable.GetField: Not found: 'CreatedBy'
----------->     (WARNING)  GridTable.GetField: Not found: 'Updated'
----------->     (WARNING)  GridTable.GetField: Not found: 'UpdatedBy'
----------->     (WARNING)  GridTable.GetField: Not found: 'Created'
----------->     (WARNING)  GridTable.GetField: Not found: 'CreatedBy'
----------->     (WARNING)  GridTable.GetField: Not found: 'Updated'
----------->     (WARNING)  GridTable.GetField: Not found: 'UpdatedBy'
----------->     (WARNING)  GridTable.GetField: Not found: 'Created'
----------->     (WARNING)  GridTable.GetField: Not found: 'CreatedBy'
----------->     (WARNING)  GridTable.GetField: Not found: 'Updated'
----------->     (WARNING)  GridTable.GetField: Not found: 'UpdatedBy'
----------->     (WARNING)  GridTable.GetField: Not found: 'Created'
----------->     (WARNING)  GridTable.GetField: Not found: 'CreatedBy'
----------->     (WARNING)  GridTable.GetField: Not found: 'Updated'
----------->     (WARNING)  GridTable.GetField: Not found: 'UpdatedBy'
----------->     (WARNING)  GridTable.GetField: Not found: 'Created'
----------->     (WARNING)  GridTable.GetField: Not found: 'CreatedBy'
----------->     (WARNING)  GridTable.GetField: Not found: 'Updated'
----------->     (WARNING)  GridTable.GetField: Not found: 'UpdatedBy'
----------->     (WARNING)  GridTable.GetField: Not found: 'Created'
----------->     (WARNING)  GridTable.GetField: Not found: 'CreatedBy'
----------->     (WARNING)  GridTable.GetField: Not found: 'Updated'
----------->     (WARNING)  GridTable.GetField: Not found: 'UpdatedBy'
----------->     (WARNING)  GridTable.GetField: Not found: 'Created'
----------->     (WARNING)  GridTable.GetField: Not found: 'CreatedBy'
----------->     (WARNING)  GridTable.GetField: Not found: 'Updated'
----------->     (WARNING)  GridTable.GetField: Not found: 'UpdatedBy'
----------->     (WARNING)  GridTable.GetField: Not found: 'Created'
----------->     (WARNING)  GridTable.GetField: Not found: 'CreatedBy'
----------->     (WARNING)  GridTable.GetField: Not found: 'Updated'
----------->     (WARNING)  GridTable.GetField: Not found: 'UpdatedBy'
----------->     (WARNING)  GridTable.GetField: Not found: 'Created'
----------->     (WARNING)  GridTable.GetField: Not found: 'CreatedBy'
----------->     (WARNING)  GridTable.GetField: Not found: 'Updated'
----------->     (WARNING)  GridTable.GetField: Not found: 'UpdatedBy'
----------->     (WARNING)  GridTable.GetField: Not found: 'Created'
----------->     (WARNING)  GridTable.GetField: Not found: 'CreatedBy'
----------->     (WARNING)  GridTable.GetField: Not found: 'Updated'
----------->     (WARNING)  GridTable.GetField: Not found: 'UpdatedBy'
----------->     (WARNING)  GridTable.GetField: Not found: 'Created'
----------->     (WARNING)  GridTable.GetField: Not found: 'CreatedBy'
----------->     (WARNING)  GridTable.GetField: Not found: 'Updated'
----------->     (WARNING)  GridTable.GetField: Not found: 'UpdatedBy'
----------->     (WARNING)  GridTable.GetField: Not found: 'Created'
----------->     (WARNING)  GridTable.GetField: Not found: 'CreatedBy'
----------->     (WARNING)  GridTable.GetField: Not found: 'Updated'
----------->     (WARNING)  GridTable.GetField: Not found: 'UpdatedBy'
----------->     (WARNING)  GridTable.GetField: Not found: 'Created'
----------->     (WARNING)  GridTable.GetField: Not found: 'CreatedBy'
----------->     (WARNING)  GridTable.GetField: Not found: 'Updated'
----------->     (WARNING)  GridTable.GetField: Not found: 'UpdatedBy'
----------->     (WARNING)  GridTable.GetField: Not found: 'Created'
----------->     (WARNING)  GridTable.GetField: Not found: 'CreatedBy'
----------->     (WARNING)  GridTable.GetField: Not found: 'Updated'
----------->     (WARNING)  GridTable.GetField: Not found: 'UpdatedBy'
----------->     (WARNING)  GridTable.GetField: Not found: 'Created'
----------->     (WARNING)  GridTable.GetField: Not found: 'CreatedBy'
----------->     (WARNING)  GridTable.GetField: Not found: 'Updated'
----------->     (WARNING)  GridTable.GetField: Not found: 'UpdatedBy'
----------->     (WARNING)  GridTable.GetField: Not found: 'Created'
----------->     (WARNING)  GridTable.GetField: Not found: 'CreatedBy'
----------->     (WARNING)  GridTable.GetField: Not found: 'Updated'
----------->     (WARNING)  GridTable.GetField: Not found: 'UpdatedBy'
11:46:47.464    (INFO)     Trx.Start: **** ConnSH637093288075627285System.Random
11:46:47.464    (INFO)     Trx.Commit: **C** ConnSH637093288075627285System.Random
11:46:52.465    (INFO)     Trx.Start: **** ConnSH637093288129278651System.Random
11:46:52.465    (INFO)     Trx.Commit: **C** ConnSH637093288129278651System.Random
===========>     (SEVERE)   OracleHelper.ExecuteScalar: ORA-06553: PLS-306: wrong number or types of arguments in call to 'UPCUNIQUE'[Query SLR]SELECT UPCUNIQUE('p','') as productID FROM Dual
----------->     (WARNING)  MProduct.DataSavePO: beforeSave - MProduct[0-test UPC 2]
===========>     (SEVERE)   OracleHelper.ExecuteScalar: ORA-06553: PLS-306: wrong number or types of arguments in call to 'UPCUNIQUE'[Query SLR]SELECT UPCUNIQUE('p','') as productID FROM Dual
----------->     (WARNING)  MProduct.DataSavePO: beforeSave - MProduct[0-test UPC 2]
===========>     (SEVERE)   OracleHelper.ExecuteScalar: ORA-06553: PLS-306: wrong number or types of arguments in call to 'UPCUNIQUE'[Query SLR]SELECT UPCUNIQUE('p','') as productID FROM Dual
----------->     (WARNING)  MProduct.DataSavePO: beforeSave - MProduct[0-test UPC 2]
