*** 11/14/2019 11:32:51 AM VAdvantage Log  ***
----------->     (WARNING)  GridTable.GetField: Not found: 'Created'
----------->     (WARNING)  GridTable.GetField: Not found: 'CreatedBy'
----------->     (WARNING)  GridTable.GetField: Not found: 'Updated'
----------->     (WARNING)  GridTable.GetField: Not found: 'UpdatedBy'
----------->     (WARNING)  GridTable.GetField: Not found: 'Created'
----------->     (WARNING)  GridTable.GetField: Not found: 'CreatedBy'
----------->     (WARNING)  GridTable.GetField: Not found: 'Updated'
----------->     (WARNING)  GridTable.GetField: Not found: 'UpdatedBy'
----------->     (WARNING)  GridTable.GetField: Not found: 'Created'
----------->     (WARNING)  GridTable.GetField: Not found: 'CreatedBy'
----------->     (WARNING)  GridTable.GetField: Not found: 'Updated'
----------->     (WARNING)  GridTable.GetField: Not found: 'UpdatedBy'
----------->     (WARNING)  GridTable.GetField: Not found: 'Created'
----------->     (WARNING)  GridTable.GetField: Not found: 'CreatedBy'
----------->     (WARNING)  GridTable.GetField: Not found: 'Updated'
----------->     (WARNING)  GridTable.GetField: Not found: 'UpdatedBy'
----------->     (WARNING)  GridTable.GetField: Not found: 'Created'
----------->     (WARNING)  GridTable.GetField: Not found: 'CreatedBy'
----------->     (WARNING)  GridTable.GetField: Not found: 'Updated'
----------->     (WARNING)  GridTable.GetField: Not found: 'UpdatedBy'
----------->     (WARNING)  GridTable.GetField: Not found: 'Created'
----------->     (WARNING)  GridTable.GetField: Not found: 'CreatedBy'
----------->     (WARNING)  GridTable.GetField: Not found: 'Updated'
----------->     (WARNING)  GridTable.GetField: Not found: 'UpdatedBy'
----------->     (WARNING)  GridTable.GetField: Not found: 'Created'
----------->     (WARNING)  GridTable.GetField: Not found: 'CreatedBy'
----------->     (WARNING)  GridTable.GetField: Not found: 'Updated'
----------->     (WARNING)  GridTable.GetField: Not found: 'UpdatedBy'
----------->     (WARNING)  GridTable.GetField: Not found: 'Created'
----------->     (WARNING)  GridTable.GetField: Not found: 'CreatedBy'
----------->     (WARNING)  GridTable.GetField: Not found: 'Updated'
----------->     (WARNING)  GridTable.GetField: Not found: 'UpdatedBy'
----------->     (WARNING)  GridTable.GetField: Not found: 'Created'
----------->     (WARNING)  GridTable.GetField: Not found: 'CreatedBy'
----------->     (WARNING)  GridTable.GetField: Not found: 'Updated'
----------->     (WARNING)  GridTable.GetField: Not found: 'UpdatedBy'
----------->     (WARNING)  GridTable.GetField: Not found: 'Created'
----------->     (WARNING)  GridTable.GetField: Not found: 'CreatedBy'
----------->     (WARNING)  GridTable.GetField: Not found: 'Updated'
----------->     (WARNING)  GridTable.GetField: Not found: 'UpdatedBy'
----------->     (WARNING)  GridTable.GetField: Not found: 'Created'
----------->     (WARNING)  GridTable.GetField: Not found: 'CreatedBy'
----------->     (WARNING)  GridTable.GetField: Not found: 'Updated'
----------->     (WARNING)  GridTable.GetField: Not found: 'UpdatedBy'
----------->     (WARNING)  GridTable.GetField: Not found: 'Created'
----------->     (WARNING)  GridTable.GetField: Not found: 'CreatedBy'
----------->     (WARNING)  GridTable.GetField: Not found: 'Updated'
----------->     (WARNING)  GridTable.GetField: Not found: 'UpdatedBy'
----------->     (WARNING)  GridTable.GetField: Not found: 'Created'
----------->     (WARNING)  GridTable.GetField: Not found: 'CreatedBy'
----------->     (WARNING)  GridTable.GetField: Not found: 'Updated'
----------->     (WARNING)  GridTable.GetField: Not found: 'UpdatedBy'
----------->     (WARNING)  GridTable.GetField: Not found: 'Created'
----------->     (WARNING)  GridTable.GetField: Not found: 'CreatedBy'
----------->     (WARNING)  GridTable.GetField: Not found: 'Updated'
----------->     (WARNING)  GridTable.GetField: Not found: 'UpdatedBy'
----------->     (WARNING)  GridTable.GetField: Not found: 'Created'
----------->     (WARNING)  GridTable.GetField: Not found: 'CreatedBy'
----------->     (WARNING)  GridTable.GetField: Not found: 'Updated'
----------->     (WARNING)  GridTable.GetField: Not found: 'UpdatedBy'
----------->     (WARNING)  GridTable.GetField: Not found: 'Created'
----------->     (WARNING)  GridTable.GetField: Not found: 'CreatedBy'
----------->     (WARNING)  GridTable.GetField: Not found: 'Updated'
----------->     (WARNING)  GridTable.GetField: Not found: 'UpdatedBy'
----------->     (WARNING)  GridTable.GetField: Not found: 'Created'
----------->     (WARNING)  GridTable.GetField: Not found: 'CreatedBy'
----------->     (WARNING)  GridTable.GetField: Not found: 'Updated'
----------->     (WARNING)  GridTable.GetField: Not found: 'UpdatedBy'
----------->     (WARNING)  GridTable.GetField: Not found: 'Created'
----------->     (WARNING)  GridTable.GetField: Not found: 'CreatedBy'
----------->     (WARNING)  GridTable.GetField: Not found: 'Updated'
----------->     (WARNING)  GridTable.GetField: Not found: 'UpdatedBy'
----------->     (WARNING)  GridTable.GetField: Not found: 'Created'
----------->     (WARNING)  GridTable.GetField: Not found: 'CreatedBy'
----------->     (WARNING)  GridTable.GetField: Not found: 'Updated'
----------->     (WARNING)  GridTable.GetField: Not found: 'UpdatedBy'
----------->     (WARNING)  GridTable.GetField: Not found: 'Created'
----------->     (WARNING)  GridTable.GetField: Not found: 'CreatedBy'
----------->     (WARNING)  GridTable.GetField: Not found: 'Updated'
----------->     (WARNING)  GridTable.GetField: Not found: 'UpdatedBy'
----------->     (WARNING)  GridTable.GetField: Not found: 'Created'
----------->     (WARNING)  GridTable.GetField: Not found: 'CreatedBy'
----------->     (WARNING)  GridTable.GetField: Not found: 'Updated'
----------->     (WARNING)  GridTable.GetField: Not found: 'UpdatedBy'
----------->     (WARNING)  GridTable.GetField: Not found: 'Created'
----------->     (WARNING)  GridTable.GetField: Not found: 'CreatedBy'
----------->     (WARNING)  GridTable.GetField: Not found: 'Updated'
----------->     (WARNING)  GridTable.GetField: Not found: 'UpdatedBy'
11:32:51.325    (INFO)     Trx.Start: **** ConnSH637093279718763716System.Random
11:32:51.325    (INFO)     Trx.Commit: **C** ConnSH637093279718763716System.Random
11:32:56.325    (INFO)     Trx.Start: **** ConnSH637093279761920454System.Random
11:32:56.325    (INFO)     Trx.Commit: **C** ConnSH637093279761920454System.Random
11:34:42.344    (INFO)     Trx.Start: **** ConnSH637093280822076960System.Random
11:34:42.344    (INFO)     Trx.Commit: **C** ConnSH637093280822076960System.Random
11:34:42.344    (INFO)     MChangeLog.FillChangeLog: #9
11:34:42.344    (INFO)     Trx.Start: **** ConnSH637093280823056941System.Random
11:34:42.344    (INFO)     Trx.Commit: **C** ConnSH637093280823056941System.Random
11:34:44.344    (INFO)     MTable.GetAssembly: Could not load file or assembly 'FRPTSvc' or one of its dependencies. The system cannot find the file specified.
11:34:44.344    (INFO)     MTable.GetPO: Using GenericPO for FRPT_Product_Acct
11:34:44.344    (INFO)     Trx.Start: **** ConnSH637093280847096519System.Random
11:34:44.344    (INFO)     Trx.Commit: **C** ConnSH637093280847096519System.Random
11:34:44.344    (INFO)     Trx.Start: **** ConnSH637093280847846499System.Random
11:34:44.344    (INFO)     Trx.Commit: **C** ConnSH637093280847846499System.Random
11:34:45.344    (INFO)     MTable.GetAssembly: Could not load file or assembly 'FRPTSvc' or one of its dependencies. The system cannot find the file specified.
11:34:46.344    (INFO)     MTable.GetPO: Using GenericPO for FRPT_Product_Acct
11:34:46.344    (INFO)     Trx.Start: **** ConnSH637093280860237685System.Random
11:34:46.344    (INFO)     Trx.Commit: **C** ConnSH637093280860237685System.Random
11:34:46.344    (INFO)     Trx.Start: **** ConnSH637093280860797673System.Random
11:34:46.344    (INFO)     Trx.Commit: **C** ConnSH637093280860797673System.Random
11:34:46.344    (INFO)     MTable.GetAssembly: Could not load file or assembly 'FRPTSvc' or one of its dependencies. The system cannot find the file specified.
11:34:46.344    (INFO)     MTable.GetPO: Using GenericPO for FRPT_Product_Acct
11:34:46.344    (INFO)     Trx.Start: **** ConnSH637093280866698172System.Random
11:34:46.344    (INFO)     Trx.Commit: **C** ConnSH637093280866698172System.Random
11:34:46.344    (INFO)     Trx.Start: **** ConnSH637093280867138635System.Random
11:34:46.344    (INFO)     Trx.Commit: **C** ConnSH637093280867138635System.Random
11:34:47.344    (INFO)     MTable.GetAssembly: Could not load file or assembly 'FRPTSvc' or one of its dependencies. The system cannot find the file specified.
11:34:47.344    (INFO)     MTable.GetPO: Using GenericPO for FRPT_Product_Acct
11:34:47.344    (INFO)     Trx.Start: **** ConnSH637093280872671348System.Random
11:34:47.344    (INFO)     Trx.Commit: **C** ConnSH637093280872671348System.Random
11:34:47.344    (INFO)     Trx.Start: **** ConnSH637093280873169907System.Random
11:34:47.344    (INFO)     Trx.Commit: **C** ConnSH637093280873169907System.Random
11:34:47.344    (INFO)     MTable.GetAssembly: Could not load file or assembly 'FRPTSvc' or one of its dependencies. The system cannot find the file specified.
11:34:47.344    (INFO)     MTable.GetPO: Using GenericPO for FRPT_Product_Acct
11:34:47.344    (INFO)     Trx.Start: **** ConnSH637093280879104390System.Random
11:34:47.344    (INFO)     Trx.Commit: **C** ConnSH637093280879104390System.Random
11:34:47.344    (INFO)     Trx.Start: **** ConnSH637093280879636068System.Random
11:34:47.344    (INFO)     Trx.Commit: **C** ConnSH637093280879636068System.Random
11:34:48.344    (INFO)     MTable.GetAssembly: Could not load file or assembly 'FRPTSvc' or one of its dependencies. The system cannot find the file specified.
11:34:48.344    (INFO)     MTable.GetPO: Using GenericPO for FRPT_Product_Acct
11:34:48.344    (INFO)     Trx.Start: **** ConnSH637093280885567303System.Random
11:34:48.344    (INFO)     Trx.Commit: **C** ConnSH637093280885567303System.Random
11:34:48.344    (INFO)     Trx.Start: **** ConnSH637093280886027816System.Random
11:34:48.344    (INFO)     Trx.Commit: **C** ConnSH637093280886027816System.Random
11:34:49.344    (INFO)     MTable.GetAssembly: Could not load file or assembly 'FRPTSvc' or one of its dependencies. The system cannot find the file specified.
11:34:49.344    (INFO)     MTable.GetPO: Using GenericPO for FRPT_Product_Acct
11:34:49.344    (INFO)     Trx.Start: **** ConnSH637093280891663066System.Random
11:34:49.344    (INFO)     Trx.Commit: **C** ConnSH637093280891663066System.Random
11:34:49.344    (INFO)     Trx.Start: **** ConnSH637093280892035526System.Random
11:34:49.344    (INFO)     Trx.Commit: **C** ConnSH637093280892035526System.Random
11:34:49.344    (INFO)     MTable.GetAssembly: Could not load file or assembly 'FRPTSvc' or one of its dependencies. The system cannot find the file specified.
11:34:49.344    (INFO)     MTable.GetPO: Using GenericPO for FRPT_Product_Acct
11:34:49.344    (INFO)     Trx.Start: **** ConnSH637093280897201415System.Random
11:34:49.344    (INFO)     Trx.Commit: **C** ConnSH637093280897201415System.Random
11:34:49.344    (INFO)     Trx.Start: **** ConnSH637093280897621580System.Random
11:34:49.344    (INFO)     Trx.Commit: **C** ConnSH637093280897621580System.Random
11:34:50.345    (INFO)     MTable.GetAssembly: Could not load file or assembly 'FRPTSvc' or one of its dependencies. The system cannot find the file specified.
11:34:50.345    (INFO)     MTable.GetPO: Using GenericPO for FRPT_Product_Acct
11:34:50.345    (INFO)     Trx.Start: **** ConnSH637093280902748199System.Random
11:34:50.345    (INFO)     Trx.Commit: **C** ConnSH637093280902748199System.Random
11:34:50.345    (INFO)     Trx.Start: **** ConnSH637093280903168422System.Random
11:34:50.345    (INFO)     Trx.Commit: **C** ConnSH637093280903168422System.Random
11:34:50.345    (INFO)     MTable.GetAssembly: Could not load file or assembly 'FRPTSvc' or one of its dependencies. The system cannot find the file specified.
11:34:50.345    (INFO)     MTable.GetPO: Using GenericPO for FRPT_Product_Acct
11:34:50.345    (INFO)     Trx.Start: **** ConnSH637093280907723732System.Random
11:34:50.345    (INFO)     Trx.Commit: **C** ConnSH637093280907723732System.Random
11:34:50.345    (INFO)     Trx.Start: **** ConnSH637093280907964772System.Random
11:34:50.345    (INFO)     Trx.Commit: **C** ConnSH637093280907964772System.Random
11:34:51.345    (INFO)     MTable.GetAssembly: Could not load file or assembly 'FRPTSvc' or one of its dependencies. The system cannot find the file specified.
11:34:51.345    (INFO)     MTable.GetPO: Using GenericPO for FRPT_Product_Acct
11:34:51.345    (INFO)     Trx.Start: **** ConnSH637093280912564195System.Random
11:34:51.345    (INFO)     Trx.Commit: **C** ConnSH637093280912564195System.Random
11:34:51.345    (INFO)     Trx.Start: **** ConnSH637093280912844124System.Random
11:34:51.345    (INFO)     Trx.Commit: **C** ConnSH637093280912844124System.Random
11:34:51.345    (INFO)     MTable.GetAssembly: Could not load file or assembly 'FRPTSvc' or one of its dependencies. The system cannot find the file specified.
11:34:51.345    (INFO)     MTable.GetPO: Using GenericPO for FRPT_Product_Acct
11:34:51.345    (INFO)     Trx.Start: **** ConnSH637093280917260741System.Random
11:34:51.345    (INFO)     Trx.Commit: **C** ConnSH637093280917260741System.Random
11:34:51.345    (INFO)     Trx.Start: **** ConnSH637093280917540736System.Random
11:34:51.345    (INFO)     Trx.Commit: **C** ConnSH637093280917540736System.Random
11:34:52.345    (INFO)     MTable.GetAssembly: Could not load file or assembly 'FRPTSvc' or one of its dependencies. The system cannot find the file specified.
11:34:52.345    (INFO)     MTable.GetPO: Using GenericPO for FRPT_Product_Acct
11:34:52.345    (INFO)     Trx.Start: **** ConnSH637093280922220380System.Random
11:34:52.345    (INFO)     Trx.Commit: **C** ConnSH637093280922220380System.Random
11:34:52.345    (INFO)     Trx.Start: **** ConnSH637093280922530308System.Random
11:34:52.345    (INFO)     Trx.Commit: **C** ConnSH637093280922530308System.Random
11:34:52.345    (INFO)     MTable.GetAssembly: Could not load file or assembly 'FRPTSvc' or one of its dependencies. The system cannot find the file specified.
11:34:52.345    (INFO)     MTable.GetPO: Using GenericPO for FRPT_Product_Acct
11:34:52.345    (INFO)     Trx.Start: **** ConnSH637093280927382477System.Random
11:34:52.345    (INFO)     Trx.Commit: **C** ConnSH637093280927382477System.Random
11:34:52.345    (INFO)     Trx.Start: **** ConnSH637093280927672602System.Random
11:34:52.345    (INFO)     Trx.Commit: **C** ConnSH637093280927672602System.Random
11:34:53.345    (INFO)     MTable.GetAssembly: Could not load file or assembly 'FRPTSvc' or one of its dependencies. The system cannot find the file specified.
11:34:53.345    (INFO)     MTable.GetPO: Using GenericPO for FRPT_Product_Acct
11:34:53.345    (INFO)     Trx.Start: **** ConnSH637093280932419517System.Random
11:34:53.345    (INFO)     Trx.Commit: **C** ConnSH637093280932419517System.Random
11:34:53.345    (INFO)     Trx.Start: **** ConnSH637093280932794252System.Random
11:34:53.345    (INFO)     Trx.Commit: **C** ConnSH637093280932794252System.Random
11:34:53.345    (INFO)     MTable.GetAssembly: Could not load file or assembly 'FRPTSvc' or one of its dependencies. The system cannot find the file specified.
11:34:53.345    (INFO)     MTable.GetPO: Using GenericPO for FRPT_Product_Acct
11:34:53.345    (INFO)     Trx.Start: **** ConnSH637093280937455290System.Random
11:34:53.345    (INFO)     Trx.Commit: **C** ConnSH637093280937455290System.Random
11:34:53.345    (INFO)     Trx.Start: **** ConnSH637093280937735414System.Random
11:34:53.345    (INFO)     Trx.Commit: **C** ConnSH637093280937735414System.Random
11:34:54.345    (INFO)     MTable.GetAssembly: Could not load file or assembly 'FRPTSvc' or one of its dependencies. The system cannot find the file specified.
11:34:54.345    (INFO)     MTable.GetPO: Using GenericPO for FRPT_Product_Acct
11:34:54.345    (INFO)     Trx.Start: **** ConnSH637093280942007236System.Random
11:34:54.345    (INFO)     Trx.Commit: **C** ConnSH637093280942007236System.Random
11:34:54.345    (INFO)     Trx.Start: **** ConnSH637093280942317385System.Random
11:34:54.345    (INFO)     Trx.Commit: **C** ConnSH637093280942317385System.Random
11:34:54.345    (INFO)     MTable.GetAssembly: Could not load file or assembly 'FRPTSvc' or one of its dependencies. The system cannot find the file specified.
11:34:54.345    (INFO)     MTable.GetPO: Using GenericPO for FRPT_Product_Acct
11:34:54.345    (INFO)     Trx.Start: **** ConnSH637093280946547220System.Random
11:34:54.345    (INFO)     Trx.Commit: **C** ConnSH637093280946547220System.Random
11:34:54.345    (INFO)     Trx.Start: **** ConnSH637093280947146565System.Random
11:34:54.345    (INFO)     Trx.Commit: **C** ConnSH637093280947146565System.Random
11:34:55.345    (INFO)     MTable.GetAssembly: Could not load file or assembly 'FRPTSvc' or one of its dependencies. The system cannot find the file specified.
11:34:55.345    (INFO)     MTable.GetPO: Using GenericPO for FRPT_Product_Acct
11:34:55.345    (INFO)     Trx.Start: **** ConnSH637093280952621275System.Random
11:34:55.345    (INFO)     Trx.Commit: **C** ConnSH637093280952621275System.Random
11:34:55.345    (INFO)     Trx.Start: **** ConnSH637093280953144248System.Random
11:34:55.345    (INFO)     Trx.Commit: **C** ConnSH637093280953144248System.Random
11:34:55.345    (INFO)     MTable.GetAssembly: Could not load file or assembly 'FRPTSvc' or one of its dependencies. The system cannot find the file specified.
11:34:55.345    (INFO)     MTable.GetPO: Using GenericPO for FRPT_Product_Acct
11:34:55.345    (INFO)     Trx.Start: **** ConnSH637093280959046212System.Random
11:34:55.345    (INFO)     Trx.Commit: **C** ConnSH637093280959046212System.Random
11:34:55.345    (INFO)     Trx.Start: **** ConnSH637093280959336212System.Random
11:34:55.345    (INFO)     Trx.Commit: **C** ConnSH637093280959336212System.Random
11:34:56.345    (INFO)     MTable.GetAssembly: Could not load file or assembly 'FRPTSvc' or one of its dependencies. The system cannot find the file specified.
11:34:56.345    (INFO)     MTable.GetPO: Using GenericPO for FRPT_Product_Acct
11:34:56.345    (INFO)     Trx.Start: **** ConnSH637093280963988288System.Random
11:34:56.345    (INFO)     Trx.Commit: **C** ConnSH637093280963988288System.Random
11:34:56.345    (INFO)     Trx.Start: **** ConnSH637093280964585333System.Random
11:34:56.345    (INFO)     Trx.Commit: **C** ConnSH637093280964585333System.Random
11:34:56.345    (INFO)     MTable.GetAssembly: Could not load file or assembly 'FRPTSvc' or one of its dependencies. The system cannot find the file specified.
11:34:57.345    (INFO)     MTable.GetPO: Using GenericPO for FRPT_Product_Acct
11:34:57.345    (INFO)     Trx.Start: **** ConnSH637093280970283995System.Random
11:34:57.345    (INFO)     Trx.Commit: **C** ConnSH637093280970283995System.Random
11:34:57.345    (INFO)     Trx.Start: **** ConnSH637093280970896866System.Random
11:34:57.345    (INFO)     Trx.Commit: **C** ConnSH637093280970896866System.Random
11:34:57.345    (INFO)     MTable.GetAssembly: Could not load file or assembly 'FRPTSvc' or one of its dependencies. The system cannot find the file specified.
11:34:57.345    (INFO)     MTable.GetPO: Using GenericPO for FRPT_Product_Acct
11:34:57.345    (INFO)     Trx.Start: **** ConnSH637093280976374450System.Random
11:34:57.345    (INFO)     Trx.Commit: **C** ConnSH637093280976374450System.Random
11:34:57.345    (INFO)     Trx.Start: **** ConnSH637093280976815300System.Random
11:34:57.345    (INFO)     Trx.Commit: **C** ConnSH637093280976815300System.Random
11:34:58.345    (INFO)     MTable.GetAssembly: Could not load file or assembly 'FRPTSvc' or one of its dependencies. The system cannot find the file specified.
11:34:58.345    (INFO)     MTable.GetPO: Using GenericPO for FRPT_Product_Acct
11:34:58.345    (INFO)     Trx.Start: **** ConnSH637093280981932515System.Random
11:34:58.345    (INFO)     Trx.Commit: **C** ConnSH637093280981932515System.Random
11:34:58.345    (INFO)     Trx.Start: **** ConnSH637093280982412506System.Random
11:34:58.345    (INFO)     Trx.Commit: **C** ConnSH637093280982412506System.Random
11:34:58.345    (INFO)     MTable.GetAssembly: Could not load file or assembly 'FRPTSvc' or one of its dependencies. The system cannot find the file specified.
11:34:58.345    (INFO)     MTable.GetPO: Using GenericPO for FRPT_Product_Acct
11:34:58.345    (INFO)     Trx.Start: **** ConnSH637093280987915451System.Random
11:34:58.345    (INFO)     Trx.Commit: **C** ConnSH637093280987915451System.Random
11:34:58.345    (INFO)     Trx.Start: **** ConnSH637093280988385883System.Random
11:34:58.345    (INFO)     Trx.Commit: **C** ConnSH637093280988385883System.Random
11:34:59.345    (INFO)     MTable.GetAssembly: Could not load file or assembly 'FRPTSvc' or one of its dependencies. The system cannot find the file specified.
11:34:59.345    (INFO)     MTable.GetPO: Using GenericPO for FRPT_Product_Acct
11:34:59.345    (INFO)     Trx.Start: **** ConnSH637093280993209186System.Random
11:34:59.345    (INFO)     Trx.Commit: **C** ConnSH637093280993209186System.Random
11:34:59.345    (INFO)     Trx.Start: **** ConnSH637093280993469356System.Random
11:34:59.345    (INFO)     Trx.Commit: **C** ConnSH637093280993469356System.Random
11:34:59.345    (INFO)     MTable.GetAssembly: Could not load file or assembly 'FRPTSvc' or one of its dependencies. The system cannot find the file specified.
11:34:59.345    (INFO)     MTable.GetPO: Using GenericPO for FRPT_Product_Acct
11:34:59.345    (INFO)     Trx.Start: **** ConnSH637093280997987152System.Random
11:34:59.345    (INFO)     Trx.Commit: **C** ConnSH637093280997987152System.Random
11:34:59.345    (INFO)     Trx.Start: **** ConnSH637093280998293075System.Random
11:34:59.345    (INFO)     Trx.Commit: **C** ConnSH637093280998293075System.Random
11:35:00.350    (INFO)     MTable.GetAssembly: Could not load file or assembly 'FRPTSvc' or one of its dependencies. The system cannot find the file specified.
11:35:00.350    (INFO)     MTable.GetPO: Using GenericPO for FRPT_Product_Acct
11:35:00.350    (INFO)     Trx.Start: **** ConnSH637093281002780111System.Random
11:35:00.350    (INFO)     Trx.Commit: **C** ConnSH637093281002780111System.Random
11:35:00.350    (INFO)     Trx.Start: **** ConnSH637093281003100894System.Random
11:35:00.350    (INFO)     Trx.Commit: **C** ConnSH637093281003100894System.Random
11:35:00.350    (INFO)     MTable.GetAssembly: Could not load file or assembly 'FRPTSvc' or one of its dependencies. The system cannot find the file specified.
11:35:00.350    (INFO)     MTable.GetPO: Using GenericPO for FRPT_Product_Acct
11:35:00.350    (INFO)     Trx.Start: **** ConnSH637093281007602986System.Random
11:35:00.350    (INFO)     Trx.Commit: **C** ConnSH637093281007602986System.Random
11:35:00.350    (INFO)     Trx.Start: **** ConnSH637093281007925755System.Random
11:35:00.350    (INFO)     Trx.Commit: **C** ConnSH637093281007925755System.Random
11:35:01.351    (INFO)     MTable.GetAssembly: Could not load file or assembly 'FRPTSvc' or one of its dependencies. The system cannot find the file specified.
11:35:01.351    (INFO)     MTable.GetPO: Using GenericPO for FRPT_Product_Acct
11:35:01.351    (INFO)     Trx.Start: **** ConnSH637093281012576859System.Random
11:35:01.351    (INFO)     Trx.Commit: **C** ConnSH637093281012576859System.Random
11:35:01.351    (INFO)     Trx.Start: **** ConnSH637093281012917954System.Random
11:35:01.351    (INFO)     Trx.Commit: **C** ConnSH637093281012917954System.Random
11:35:01.351    (INFO)     MTable.GetAssembly: Could not load file or assembly 'FRPTSvc' or one of its dependencies. The system cannot find the file specified.
11:35:01.351    (INFO)     MTable.GetPO: Using GenericPO for FRPT_Product_Acct
11:35:01.351    (INFO)     Trx.Start: **** ConnSH637093281018158987System.Random
11:35:01.351    (INFO)     Trx.Commit: **C** ConnSH637093281018158987System.Random
11:35:01.351    (INFO)     Trx.Start: **** ConnSH637093281018719377System.Random
11:35:01.351    (INFO)     Trx.Commit: **C** ConnSH637093281018719377System.Random
11:35:02.352    (INFO)     MTable.GetAssembly: Could not load file or assembly 'FRPTSvc' or one of its dependencies. The system cannot find the file specified.
11:35:02.352    (INFO)     MTable.GetPO: Using GenericPO for FRPT_Product_Acct
11:35:02.352    (INFO)     Trx.Start: **** ConnSH637093281024439029System.Random
11:35:02.352    (INFO)     Trx.Commit: **C** ConnSH637093281024439029System.Random
11:35:02.352    (INFO)     Trx.Start: **** ConnSH637093281024899297System.Random
11:35:02.352    (INFO)     Trx.Commit: **C** ConnSH637093281024899297System.Random
11:35:02.352    (INFO)     MTable.GetAssembly: Could not load file or assembly 'FRPTSvc' or one of its dependencies. The system cannot find the file specified.
11:35:03.353    (INFO)     MTable.GetPO: Using GenericPO for FRPT_Product_Acct
11:35:03.353    (INFO)     Trx.Start: **** ConnSH637093281031203121System.Random
11:35:03.353    (INFO)     Trx.Commit: **C** ConnSH637093281031203121System.Random
11:35:03.353    (INFO)     Trx.Start: **** ConnSH637093281031661688System.Random
11:35:03.353    (INFO)     Trx.Commit: **C** ConnSH637093281031661688System.Random
11:35:03.353    (INFO)     MTable.GetAssembly: Could not load file or assembly 'FRPTSvc' or one of its dependencies. The system cannot find the file specified.
11:35:03.353    (INFO)     MTable.GetPO: Using GenericPO for FRPT_Product_Acct
11:35:03.353    (INFO)     Trx.Start: **** ConnSH637093281037159491System.Random
11:35:03.353    (INFO)     Trx.Commit: **C** ConnSH637093281037159491System.Random
11:35:03.353    (INFO)     Trx.Start: **** ConnSH637093281037681168System.Random
11:35:03.353    (INFO)     Trx.Commit: **C** ConnSH637093281037681168System.Random
11:35:04.354    (INFO)     MTable.GetAssembly: Could not load file or assembly 'FRPTSvc' or one of its dependencies. The system cannot find the file specified.
11:35:04.354    (INFO)     MTable.GetPO: Using GenericPO for FRPT_Product_Acct
11:35:04.354    (INFO)     Trx.Start: **** ConnSH637093281043246044System.Random
11:35:04.354    (INFO)     Trx.Commit: **C** ConnSH637093281043246044System.Random
11:35:04.354    (INFO)     Trx.Start: **** ConnSH637093281043726027System.Random
11:35:04.354    (INFO)     Trx.Commit: **C** ConnSH637093281043726027System.Random
11:35:04.354    (INFO)     MTable.GetAssembly: Could not load file or assembly 'FRPTSvc' or one of its dependencies. The system cannot find the file specified.
11:35:04.354    (INFO)     MTable.GetPO: Using GenericPO for FRPT_Product_Acct
11:35:04.354    (INFO)     Trx.Start: **** ConnSH637093281049084121System.Random
11:35:04.354    (INFO)     Trx.Commit: **C** ConnSH637093281049084121System.Random
11:35:04.354    (INFO)     Trx.Start: **** ConnSH637093281049594133System.Random
11:35:04.354    (INFO)     Trx.Commit: **C** ConnSH637093281049594133System.Random
11:35:05.355    (INFO)     MTable.GetAssembly: Could not load file or assembly 'FRPTSvc' or one of its dependencies. The system cannot find the file specified.
11:35:05.355    (INFO)     MTable.GetPO: Using GenericPO for FRPT_Product_Acct
11:35:05.355    (INFO)     Trx.Start: **** ConnSH637093281056020951System.Random
11:35:05.355    (INFO)     Trx.Commit: **C** ConnSH637093281056020951System.Random
11:35:05.355    (INFO)     Trx.Start: **** ConnSH637093281056541252System.Random
11:35:05.355    (INFO)     Trx.Commit: **C** ConnSH637093281056541252System.Random
11:35:06.356    (INFO)     MTable.GetAssembly: Could not load file or assembly 'FRPTSvc' or one of its dependencies. The system cannot find the file specified.
11:35:06.356    (INFO)     MTable.GetPO: Using GenericPO for FRPT_Product_Acct
11:35:06.356    (INFO)     Trx.Start: **** ConnSH637093281062382874System.Random
11:35:06.356    (INFO)     Trx.Commit: **C** ConnSH637093281062382874System.Random
11:35:06.356    (INFO)     Trx.Start: **** ConnSH637093281062872870System.Random
11:35:06.356    (INFO)     Trx.Commit: **C** ConnSH637093281062872870System.Random
11:35:06.356    (INFO)     MTable.GetAssembly: Could not load file or assembly 'FRPTSvc' or one of its dependencies. The system cannot find the file specified.
11:35:06.356    (INFO)     MTable.GetPO: Using GenericPO for FRPT_Product_Acct
11:35:06.356    (INFO)     Trx.Start: **** ConnSH637093281068966821System.Random
11:35:06.356    (INFO)     Trx.Commit: **C** ConnSH637093281068966821System.Random
11:35:06.356    (INFO)     Trx.Start: **** ConnSH637093281069366831System.Random
