*** 11/26/2019 5:31:57 PM VAdvantage Log  ***
05:31:57.315    (INFO)     Trx.Start: **** ConnSH637103863173119371System.Random
05:31:57.315    (INFO)     Trx.Commit: **C** ConnSH637103863173119371System.Random
05:31:57.315    (INFO)     MChangeLog.FillChangeLog: #9
05:31:57.315    (INFO)     CacheReset.DoIt: 
05:31:57.315    (INFO)     Env.Reset: finalCall=False
05:31:57.315    (INFO)     CacheMgt.Reset: #16 (7884)
05:31:57.315    (INFO)     MRole.Get: AD_Role_ID=0, AD_User_ID=0, reload=True
05:31:57.315    (INFO)     MRole.Get: MRole[0,System Administrator,UserLevel=S  ,AD_Client_ID=0,AD_Org_ID=0]
05:31:57.315    (INFO)     MRole.Get: AD_Role_ID=102, AD_User_ID=101, reload=True
05:31:57.315    (INFO)     MRole.Get: MRole[102,IdeasInc Admin,UserLevel= CO,AD_Client_ID IN (0,11),]
05:31:57.315    (INFO)     MChangeLog.FillChangeLog: #9
05:31:57.315    (INFO)     CacheMgt.Reset: AD_Process: #1 (1)
05:31:57.315    (INFO)     Trx.Start: **** ConnSH637103863179938789System.Random
05:31:58.315    (INFO)     Trx.Commit: **C** ConnSH637103863179938789System.Random
05:31:58.315    (INFO)     Trx.Start: **** ConnSH637103863181088692System.Random
05:31:58.315    (INFO)     Trx.Commit: **C** ConnSH637103863181088692System.Random
05:31:58.315    (INFO)     Msg.InitMsg: Records=5823 - en_US
05:31:58.315    (INFO)     Trx.Start: **** ConnSH637103863188875615System.Random
05:31:58.315    (INFO)     Trx.Commit: **C** ConnSH637103863188875615System.Random
05:31:58.315    (INFO)     Trx.Start: **** ConnSH637103863189736811System.Random
05:31:59.315    (INFO)     Trx.Commit: **C** ConnSH637103863189736811System.Random
----------->     (WARNING)  GridTable.GetField: Not found: 'Created'
----------->     (WARNING)  GridTable.GetField: Not found: 'CreatedBy'
----------->     (WARNING)  GridTable.GetField: Not found: 'Updated'
----------->     (WARNING)  GridTable.GetField: Not found: 'UpdatedBy'
----------->     (WARNING)  GridTable.GetField: Not found: 'Created'
----------->     (WARNING)  GridTable.GetField: Not found: 'CreatedBy'
----------->     (WARNING)  GridTable.GetField: Not found: 'Updated'
----------->     (WARNING)  GridTable.GetField: Not found: 'UpdatedBy'
----------->     (WARNING)  GridTable.GetField: Not found: 'Created'
----------->     (WARNING)  GridTable.GetField: Not found: 'CreatedBy'
----------->     (WARNING)  GridTable.GetField: Not found: 'Updated'
----------->     (WARNING)  GridTable.GetField: Not found: 'UpdatedBy'
05:32:02.322    (INFO)     Trx.Start: **** ConnSH637103863225108133System.Random
05:32:02.322    (INFO)     Trx.Commit: **C** ConnSH637103863225108133System.Random
05:32:02.322    (INFO)     Trx.Start: **** ConnSH637103863225987173System.Random
05:32:02.322    (INFO)     Trx.Commit: **C** ConnSH637103863225987173System.Random
05:32:03.323    (INFO)     Trx.Start: **** ConnSH637103863231437581System.Random
05:32:03.323    (INFO)     Trx.Commit: **C** ConnSH637103863231437581System.Random
05:32:03.323    (INFO)     Trx.Start: **** ConnSH637103863232277496System.Random
05:32:03.323    (INFO)     Trx.Commit: **C** ConnSH637103863232277496System.Random
----------->     (WARNING)  GridTable.GetField: Not found: 'Created'
----------->     (WARNING)  GridTable.GetField: Not found: 'CreatedBy'
----------->     (WARNING)  GridTable.GetField: Not found: 'Updated'
----------->     (WARNING)  GridTable.GetField: Not found: 'UpdatedBy'
----------->     (WARNING)  GridTable.GetField: Not found: 'Created'
----------->     (WARNING)  GridTable.GetField: Not found: 'CreatedBy'
----------->     (WARNING)  GridTable.GetField: Not found: 'Updated'
----------->     (WARNING)  GridTable.GetField: Not found: 'UpdatedBy'
----------->     (WARNING)  GridTable.GetField: Not found: 'Created'
----------->     (WARNING)  GridTable.GetField: Not found: 'CreatedBy'
----------->     (WARNING)  GridTable.GetField: Not found: 'Updated'
----------->     (WARNING)  GridTable.GetField: Not found: 'UpdatedBy'
----------->     (WARNING)  GridTable.GetField: Not found: 'Created'
----------->     (WARNING)  GridTable.GetField: Not found: 'CreatedBy'
----------->     (WARNING)  GridTable.GetField: Not found: 'Updated'
----------->     (WARNING)  GridTable.GetField: Not found: 'UpdatedBy'
----------->     (WARNING)  GridTable.GetField: Not found: 'Created'
----------->     (WARNING)  GridTable.GetField: Not found: 'CreatedBy'
----------->     (WARNING)  GridTable.GetField: Not found: 'Updated'
----------->     (WARNING)  GridTable.GetField: Not found: 'UpdatedBy'
----------->     (WARNING)  GridTable.GetField: Not found: 'Created'
----------->     (WARNING)  GridTable.GetField: Not found: 'CreatedBy'
----------->     (WARNING)  GridTable.GetField: Not found: 'Updated'
----------->     (WARNING)  GridTable.GetField: Not found: 'UpdatedBy'
----------->     (WARNING)  GridTable.GetField: Not found: 'Created'
----------->     (WARNING)  GridTable.GetField: Not found: 'CreatedBy'
----------->     (WARNING)  GridTable.GetField: Not found: 'Updated'
----------->     (WARNING)  GridTable.GetField: Not found: 'UpdatedBy'
----------->     (WARNING)  GridTable.GetField: Not found: 'Created'
----------->     (WARNING)  GridTable.GetField: Not found: 'CreatedBy'
----------->     (WARNING)  GridTable.GetField: Not found: 'Updated'
----------->     (WARNING)  GridTable.GetField: Not found: 'UpdatedBy'
----------->     (WARNING)  GridTable.GetField: Not found: 'Created'
----------->     (WARNING)  GridTable.GetField: Not found: 'CreatedBy'
----------->     (WARNING)  GridTable.GetField: Not found: 'Updated'
----------->     (WARNING)  GridTable.GetField: Not found: 'UpdatedBy'
----------->     (WARNING)  GridTable.GetField: Not found: 'Created'
----------->     (WARNING)  GridTable.GetField: Not found: 'CreatedBy'
----------->     (WARNING)  GridTable.GetField: Not found: 'Updated'
----------->     (WARNING)  GridTable.GetField: Not found: 'UpdatedBy'
----------->     (WARNING)  GridTable.GetField: Not found: 'Created'
----------->     (WARNING)  GridTable.GetField: Not found: 'CreatedBy'
----------->     (WARNING)  GridTable.GetField: Not found: 'Updated'
----------->     (WARNING)  GridTable.GetField: Not found: 'UpdatedBy'
----------->     (WARNING)  GridTable.GetField: Not found: 'Created'
----------->     (WARNING)  GridTable.GetField: Not found: 'CreatedBy'
----------->     (WARNING)  GridTable.GetField: Not found: 'Updated'
----------->     (WARNING)  GridTable.GetField: Not found: 'UpdatedBy'
----------->     (WARNING)  GridTable.GetField: Not found: 'Created'
----------->     (WARNING)  GridTable.GetField: Not found: 'CreatedBy'
----------->     (WARNING)  GridTable.GetField: Not found: 'Updated'
----------->     (WARNING)  GridTable.GetField: Not found: 'UpdatedBy'
----------->     (WARNING)  GridTable.GetField: Not found: 'Created'
----------->     (WARNING)  GridTable.GetField: Not found: 'CreatedBy'
----------->     (WARNING)  GridTable.GetField: Not found: 'Updated'
----------->     (WARNING)  GridTable.GetField: Not found: 'UpdatedBy'
----------->     (WARNING)  GridTable.GetField: Not found: 'Created'
----------->     (WARNING)  GridTable.GetField: Not found: 'CreatedBy'
----------->     (WARNING)  GridTable.GetField: Not found: 'Updated'
----------->     (WARNING)  GridTable.GetField: Not found: 'UpdatedBy'
----------->     (WARNING)  GridTable.GetField: Not found: 'Created'
----------->     (WARNING)  GridTable.GetField: Not found: 'CreatedBy'
----------->     (WARNING)  GridTable.GetField: Not found: 'Updated'
----------->     (WARNING)  GridTable.GetField: Not found: 'UpdatedBy'
----------->     (WARNING)  GridTable.GetField: Not found: 'Created'
----------->     (WARNING)  GridTable.GetField: Not found: 'CreatedBy'
----------->     (WARNING)  GridTable.GetField: Not found: 'Updated'
----------->     (WARNING)  GridTable.GetField: Not found: 'UpdatedBy'
----------->     (WARNING)  GridTable.GetField: Not found: 'Created'
----------->     (WARNING)  GridTable.GetField: Not found: 'CreatedBy'
----------->     (WARNING)  GridTable.GetField: Not found: 'Updated'
----------->     (WARNING)  GridTable.GetField: Not found: 'UpdatedBy'
----------->     (WARNING)  GridTable.GetField: Not found: 'Created'
----------->     (WARNING)  GridTable.GetField: Not found: 'CreatedBy'
----------->     (WARNING)  GridTable.GetField: Not found: 'Updated'
----------->     (WARNING)  GridTable.GetField: Not found: 'UpdatedBy'
----------->     (WARNING)  GridTable.GetField: Not found: 'Created'
----------->     (WARNING)  GridTable.GetField: Not found: 'CreatedBy'
----------->     (WARNING)  GridTable.GetField: Not found: 'Updated'
----------->     (WARNING)  GridTable.GetField: Not found: 'UpdatedBy'
----------->     (WARNING)  GridTable.GetField: Not found: 'Created'
----------->     (WARNING)  GridTable.GetField: Not found: 'CreatedBy'
----------->     (WARNING)  GridTable.GetField: Not found: 'Updated'
----------->     (WARNING)  GridTable.GetField: Not found: 'UpdatedBy'
----------->     (WARNING)  GridTable.GetField: Not found: 'Created'
----------->     (WARNING)  GridTable.GetField: Not found: 'CreatedBy'
----------->     (WARNING)  GridTable.GetField: Not found: 'Updated'
----------->     (WARNING)  GridTable.GetField: Not found: 'UpdatedBy'
----------->     (WARNING)  GridTable.GetField: Not found: 'Created'
----------->     (WARNING)  GridTable.GetField: Not found: 'CreatedBy'
----------->     (WARNING)  GridTable.GetField: Not found: 'Updated'
----------->     (WARNING)  GridTable.GetField: Not found: 'UpdatedBy'
05:32:20.322    (INFO)     Trx.Start: **** ConnSH637103863403297130System.Random
05:32:20.322    (INFO)     Trx.Commit: **C** ConnSH637103863403297130System.Random
05:32:22.322    (INFO)     Trx.Start: **** ConnSH637103863420995034System.Random
05:32:22.322    (INFO)     Trx.Commit: **C** ConnSH637103863420995034System.Random
===========>     (SEVERE)   LDAP.Validate: Error in LDAP for user IdeasIncAdmin : The server is not operational.

===========>     (SEVERE)   LDAP.Validate: Error in LDAP for user IdeasIncAdmin : The server is not operational.

05:33:39.333    (INFO)     MRole.Get: AD_Role_ID=102, AD_User_ID=101, reload=True
05:33:39.333    (INFO)     MRole.Get: MRole[102,IdeasInc Admin,UserLevel= CO,AD_Client_ID IN (0,11),]
05:33:39.333    (INFO)     MTree.Load: AD_Tree_ID=121, AD_User_ID=101, Editable=False, OnClient=True
===========>     (SEVERE)   MTree.LoadNodes: Nodes w/o parent - adding to root - System.Collections.Generic.List`1[VAdvantage.Classes.VTreeNode]
05:33:40.334    (INFO)     Trx.Start: **** ConnSH637103864200700129System.Random
05:33:40.334    (INFO)     Trx.Commit: **C** ConnSH637103864200700129System.Random
----------->     (WARNING)  AccessSqlParser.GetTableInfo: More than one FROM clause - SELECT AppointmentsInfo.Appointmentsinfo_id AS ID,AppointmentsInfo.AD_Client_ID,AppointmentsInfo.AD_Org_ID  FROM AppointmentsInfo JOIN AD_User ON AD_User.AD_User_ID =AppointmentsInfo.CreatedBy WHERE AppointmentsInfo.IsRead='N' AND AppointmentsInfo.istask ='N'  AND AppointmentsInfo.AD_User_ID  = 101  UNION SELECT AppointmentsInfo.Appointmentsinfo_id AS ID, AppointmentsInfo.AD_Client_ID,AppointmentsInfo.AD_Org_ID FROM AppointmentsInfo  JOIN AD_User ON AD_User.AD_User_ID = AppointmentsInfo.CreatedBy  WHERE (AppointmentsInfo.IsRead ='Y'   AND AppointmentsInfo.AD_User_ID = 101 )  AND AppointmentsInfo.istask ='N'  AND AppointmentsInfo.startDate BETWEEN to_date('11/25/19','mm/dd/yy') and to_date('12/03/19 23.59','mm/dd/yy HH24:MI')   OR  to_date('11/26/19','mm/dd/yy')  BETWEEN  AppointmentsInfo.startDate  AND AppointmentsInfo.endDate  AND  AppointmentsInfo.CreatedBy  !=101 AND AppointmentsInfo.AD_User_ID  = 101)
----------->     (WARNING)  AccessSqlParser.GetTableInfo: Could not remove ON AppointmentsInfo JOIN AD_User ON AD_User.AD_User_ID =AppointmentsInfo.CreatedBy
05:34:06.346    (INFO)     AEnv.GetMWindowVO: Cached=VAdvantage.Controller.GridWindowVO
----------->     (WARNING)  GridTable.GetField: Not found: 'Created'
----------->     (WARNING)  GridTable.GetField: Not found: 'CreatedBy'
----------->     (WARNING)  GridTable.GetField: Not found: 'Updated'
----------->     (WARNING)  GridTable.GetField: Not found: 'UpdatedBy'
----------->     (WARNING)  GridTable.GetField: Not found: 'Created'
----------->     (WARNING)  GridTable.GetField: Not found: 'CreatedBy'
----------->     (WARNING)  GridTable.GetField: Not found: 'Updated'
----------->     (WARNING)  GridTable.GetField: Not found: 'UpdatedBy'
----------->     (WARNING)  GridTable.GetField: Not found: 'Created'
----------->     (WARNING)  GridTable.GetField: Not found: 'CreatedBy'
----------->     (WARNING)  GridTable.GetField: Not found: 'Updated'
----------->     (WARNING)  GridTable.GetField: Not found: 'UpdatedBy'
05:34:06.346    (INFO)     Trx.Start: **** ConnSH637103864464231943System.Random
05:34:06.346    (INFO)     Trx.Commit: **C** ConnSH637103864464231943System.Random
05:34:07.347    (INFO)     Trx.Start: **** ConnSH637103864470651443System.Random
05:34:07.347    (INFO)     Trx.Commit: **C** ConnSH637103864470651443System.Random
05:34:14.341    (INFO)     Trx.Start: **** ConnSH637103864548405339System.Random
05:34:14.341    (INFO)     Trx.Commit: **C** ConnSH637103864548405339System.Random
05:34:21.342    (INFO)     Trx.Start: **** ConnSH637103864612662066System.Random
05:34:21.342    (INFO)     Trx.Commit: **C** ConnSH637103864612662066System.Random
05:34:21.342    (INFO)     CacheReset.DoIt: 
05:34:21.342    (INFO)     Env.Reset: finalCall=False
05:34:21.342    (INFO)     CacheMgt.Reset: #19 (7937)
05:34:21.342    (INFO)     MRole.Get: AD_Role_ID=0, AD_User_ID=0, reload=True
05:34:21.342    (INFO)     MRole.Get: MRole[0,System Administrator,UserLevel=S  ,AD_Client_ID=0,AD_Org_ID=0]
05:34:21.342    (INFO)     MRole.Get: AD_Role_ID=102, AD_User_ID=101, reload=True
05:34:21.342    (INFO)     MRole.Get: MRole[102,IdeasInc Admin,UserLevel= CO,AD_Client_ID IN (0,11),]
05:34:21.342    (INFO)     MChangeLog.FillChangeLog: #9
05:34:21.342    (INFO)     CacheMgt.Reset: AD_Process: #1 (1)
05:34:21.342    (INFO)     Trx.Start: **** ConnSH637103864616870215System.Random
05:34:21.342    (INFO)     Trx.Commit: **C** ConnSH637103864616870215System.Random
05:34:21.342    (INFO)     Trx.Start: **** ConnSH637103864617631656System.Random
05:34:21.342    (INFO)     Trx.Commit: **C** ConnSH637103864617631656System.Random
05:34:22.342    (INFO)     Msg.InitMsg: Records=5823 - en_US
05:34:22.342    (INFO)     Trx.Start: **** ConnSH637103864624456523System.Random
05:34:22.342    (INFO)     Trx.Commit: **C** ConnSH637103864624456523System.Random
05:34:22.342    (INFO)     Trx.Start: **** ConnSH637103864625393446System.Random
05:34:22.342    (INFO)     Trx.Commit: **C** ConnSH637103864625393446System.Random
----------->     (WARNING)  GridTable.GetField: Not found: 'Created'
----------->     (WARNING)  GridTable.GetField: Not found: 'CreatedBy'
----------->     (WARNING)  GridTable.GetField: Not found: 'Updated'
----------->     (WARNING)  GridTable.GetField: Not found: 'UpdatedBy'
----------->     (WARNING)  GridTable.GetField: Not found: 'Created'
----------->     (WARNING)  GridTable.GetField: Not found: 'CreatedBy'
----------->     (WARNING)  GridTable.GetField: Not found: 'Updated'
----------->     (WARNING)  GridTable.GetField: Not found: 'UpdatedBy'
----------->     (WARNING)  GridTable.GetField: Not found: 'Created'
----------->     (WARNING)  GridTable.GetField: Not found: 'CreatedBy'
----------->     (WARNING)  GridTable.GetField: Not found: 'Updated'
----------->     (WARNING)  GridTable.GetField: Not found: 'UpdatedBy'
05:34:25.342    (INFO)     Trx.Start: **** ConnSH637103864654084215System.Random
05:34:25.342    (INFO)     Trx.Commit: **C** ConnSH637103864654084215System.Random
