*** 11/5/2019 12:09:36 PM VAdvantage Log  ***
12:09:36.936    (INFO)     Trx.Start: **** ConnSH637085525769686476System.Random
12:09:37.937    (INFO)     Trx.Commit: **C** ConnSH637085525769686476System.Random
12:09:37.937    (INFO)     MChangeLog.FillChangeLog: #9
12:09:45.945    (INFO)     Trx.Start: **** SvrProcess
12:09:58.958    (INFO)     Trx.Start: **** ConnSH637085525981213376System.Random
12:09:58.958    (INFO)     Trx.Commit: **C** ConnSH637085525981213376System.Random
12:10:42.104    (INFO)     Trx.Start: **** ConnSH637085526421429960System.Random
12:10:42.104    (INFO)     Trx.Commit: **C** ConnSH637085526421429960System.Random
12:10:42.104    (INFO)     Trx.Start: **** ConnSH637085526423030521System.Random
12:10:42.104    (INFO)     Trx.Commit: **C** ConnSH637085526423030521System.Random
12:10:42.104    (INFO)     Trx.Start: **** ConnSH637085526423450370System.Random
12:10:42.104    (INFO)     Trx.Commit: **C** ConnSH637085526423450370System.Random
12:10:42.104    (INFO)     Trx.Start: **** ConnSH637085526423840359System.Random
12:10:42.104    (INFO)     Trx.Commit: **C** ConnSH637085526423840359System.Random
12:10:42.104    (INFO)     Trx.Start: **** ConnSH637085526424130418System.Random
12:10:42.104    (INFO)     Trx.Commit: **C** ConnSH637085526424130418System.Random
12:10:42.104    (INFO)     Trx.Start: **** ConnSH637085526424500816System.Random
12:10:42.104    (INFO)     Trx.Commit: **C** ConnSH637085526424500816System.Random
12:10:42.104    (INFO)     Trx.Start: **** ConnSH637085526424761361System.Random
12:10:42.104    (INFO)     Trx.Commit: **C** ConnSH637085526424761361System.Random
12:10:42.104    (INFO)     Trx.Start: **** ConnSH637085526425057613System.Random
12:10:42.104    (INFO)     Trx.Commit: **C** ConnSH637085526425057613System.Random
12:10:42.104    (INFO)     Trx.Start: **** ConnSH637085526425407599System.Random
12:10:42.104    (INFO)     Trx.Commit: **C** ConnSH637085526425407599System.Random
12:10:42.104    (INFO)     Trx.Start: **** ConnSH637085526425677587System.Random
12:10:42.104    (INFO)     Trx.Commit: **C** ConnSH637085526425677587System.Random
12:10:42.104    (INFO)     Trx.Start: **** ConnSH637085526426001791System.Random
12:10:42.104    (INFO)     Trx.Commit: **C** ConnSH637085526426001791System.Random
12:10:42.104    (INFO)     Trx.Start: **** ConnSH637085526426341694System.Random
12:10:42.104    (INFO)     Trx.Commit: **C** ConnSH637085526426341694System.Random
12:10:42.104    (INFO)     Trx.Start: **** ConnSH637085526426621777System.Random
12:10:42.104    (INFO)     Trx.Commit: **C** ConnSH637085526426621777System.Random
12:10:42.104    (INFO)     Trx.Start: **** ConnSH637085526426857960System.Random
12:10:42.104    (INFO)     Trx.Commit: **C** ConnSH637085526426857960System.Random
12:10:42.104    (INFO)     Trx.Start: **** ConnSH637085526427138282System.Random
12:10:42.104    (INFO)     Trx.Commit: **C** ConnSH637085526427138282System.Random
12:10:42.104    (INFO)     Trx.Start: **** ConnSH637085526427445357System.Random
12:10:42.104    (INFO)     Trx.Commit: **C** ConnSH637085526427445357System.Random
12:10:42.104    (INFO)     Trx.Start: **** ConnSH637085526427825353System.Random
12:10:42.104    (INFO)     Trx.Commit: **C** ConnSH637085526427825353System.Random
12:10:42.104    (INFO)     Trx.Start: **** ConnSH637085526428235313System.Random
12:10:42.104    (INFO)     Trx.Commit: **C** ConnSH637085526428235313System.Random
12:10:42.104    (INFO)     Trx.Start: **** ConnSH637085526428480567System.Random
12:10:42.104    (INFO)     Trx.Commit: **C** ConnSH637085526428480567System.Random
12:10:42.104    (INFO)     Trx.Start: **** ConnSH637085526428791274System.Random
12:10:42.104    (INFO)     Trx.Commit: **C** ConnSH637085526428791274System.Random
12:10:42.104    (INFO)     Trx.Start: **** ConnSH637085526429082696System.Random
12:10:42.104    (INFO)     Trx.Commit: **C** ConnSH637085526429082696System.Random
12:10:42.104    (INFO)     Trx.Start: **** ConnSH637085526429343447System.Random
12:10:42.104    (INFO)     Trx.Commit: **C** ConnSH637085526429343447System.Random
12:10:42.104    (INFO)     Trx.Start: **** ConnSH637085526429706905System.Random
12:10:42.104    (INFO)     Trx.Commit: **C** ConnSH637085526429706905System.Random
12:10:43.104    (INFO)     Trx.Start: **** ConnSH637085526430116965System.Random
12:10:43.104    (INFO)     Trx.Commit: **C** ConnSH637085526430116965System.Random
12:10:43.104    (INFO)     Trx.Start: **** ConnSH637085526430517215System.Random
12:10:43.104    (INFO)     Trx.Commit: **C** ConnSH637085526430517215System.Random
12:10:43.104    (INFO)     Trx.Start: **** ConnSH637085526430827328System.Random
12:10:43.104    (INFO)     Trx.Commit: **C** ConnSH637085526430827328System.Random
12:10:43.104    (INFO)     Trx.Start: **** ConnSH637085526431154491System.Random
12:10:43.104    (INFO)     Trx.Commit: **C** ConnSH637085526431154491System.Random
12:10:43.104    (INFO)     Trx.Start: **** ConnSH637085526431507317System.Random
12:10:43.104    (INFO)     Trx.Commit: **C** ConnSH637085526431507317System.Random
12:10:43.104    (INFO)     Trx.Start: **** ConnSH637085526431867309System.Random
12:10:43.104    (INFO)     Trx.Commit: **C** ConnSH637085526431867309System.Random
12:10:43.104    (INFO)     Trx.Start: **** ConnSH637085526432197291System.Random
12:10:43.104    (INFO)     Trx.Commit: **C** ConnSH637085526432197291System.Random
12:10:43.104    (INFO)     Trx.Start: **** ConnSH637085526432507299System.Random
12:10:43.104    (INFO)     Trx.Commit: **C** ConnSH637085526432507299System.Random
12:10:43.104    (INFO)     Trx.Start: **** ConnSH637085526432757352System.Random
12:10:43.104    (INFO)     Trx.Commit: **C** ConnSH637085526432757352System.Random
12:10:43.104    (INFO)     Trx.Start: **** ConnSH637085526433037310System.Random
12:10:43.104    (INFO)     Trx.Commit: **C** ConnSH637085526433037310System.Random
12:10:43.104    (INFO)     Trx.Start: **** ConnSH637085526433307304System.Random
12:10:43.104    (INFO)     Trx.Commit: **C** ConnSH637085526433307304System.Random
12:10:43.104    (INFO)     Trx.Start: **** ConnSH637085526433737327System.Random
12:10:43.104    (INFO)     Trx.Commit: **C** ConnSH637085526433737327System.Random
12:10:43.104    (INFO)     Trx.Start: **** ConnSH637085526434029099System.Random
12:10:43.104    (INFO)     Trx.Commit: **C** ConnSH637085526434029099System.Random
12:10:43.104    (INFO)     Trx.Start: **** ConnSH637085526434422658System.Random
12:10:43.104    (INFO)     Trx.Commit: **C** ConnSH637085526434422658System.Random
12:10:43.104    (INFO)     Trx.Start: **** ConnSH637085526434923849System.Random
12:10:43.104    (INFO)     Trx.Commit: **C** ConnSH637085526434923849System.Random
12:10:43.104    (INFO)     Trx.Start: **** ConnSH637085526435374075System.Random
12:10:43.104    (INFO)     Trx.Commit: **C** ConnSH637085526435374075System.Random
12:10:43.104    (INFO)     Trx.Start: **** ConnSH637085526435767366System.Random
12:10:43.104    (INFO)     Trx.Commit: **C** ConnSH637085526435767366System.Random
12:10:43.104    (INFO)     Trx.Start: **** ConnSH637085526436197366System.Random
12:10:43.104    (INFO)     Trx.Commit: **C** ConnSH637085526436197366System.Random
12:10:43.104    (INFO)     Trx.Start: **** ConnSH637085526436499970System.Random
12:10:43.104    (INFO)     Trx.Commit: **C** ConnSH637085526436499970System.Random
12:10:43.104    (INFO)     Trx.Start: **** ConnSH637085526436761328System.Random
12:10:43.104    (INFO)     Trx.Commit: **C** ConnSH637085526436761328System.Random
12:10:43.104    (INFO)     Trx.Start: **** ConnSH637085526437097543System.Random
12:10:43.104    (INFO)     Trx.Commit: **C** ConnSH637085526437097543System.Random
12:10:43.104    (INFO)     Trx.Start: **** ConnSH637085526437438454System.Random
12:10:43.104    (INFO)     Trx.Commit: **C** ConnSH637085526437438454System.Random
12:10:43.104    (INFO)     Trx.Start: **** ConnSH637085526437791283System.Random
12:10:43.104    (INFO)     Trx.Commit: **C** ConnSH637085526437791283System.Random
12:10:43.104    (INFO)     Trx.Start: **** ConnSH637085526438041585System.Random
12:10:43.104    (INFO)     Trx.Commit: **C** ConnSH637085526438041585System.Random
12:10:43.104    (INFO)     Trx.Start: **** ConnSH637085526438366787System.Random
12:10:43.104    (INFO)     Trx.Commit: **C** ConnSH637085526438366787System.Random
12:10:43.104    (INFO)     Trx.Start: **** ConnSH637085526438716730System.Random
12:10:43.104    (INFO)     Trx.Commit: **C** ConnSH637085526438716730System.Random
12:10:43.104    (INFO)     Trx.Start: **** ConnSH637085526439067014System.Random
12:10:43.104    (INFO)     Trx.Commit: **C** ConnSH637085526439067014System.Random
12:10:43.104    (INFO)     Trx.Start: **** ConnSH637085526439429114System.Random
12:10:43.104    (INFO)     Trx.Commit: **C** ConnSH637085526439429114System.Random
12:10:43.104    (INFO)     Trx.Start: **** ConnSH637085526439715110System.Random
12:10:43.104    (INFO)     Trx.Commit: **C** ConnSH637085526439715110System.Random
12:10:44.104    (INFO)     Trx.Start: **** ConnSH637085526440104679System.Random
12:10:44.104    (INFO)     Trx.Commit: **C** ConnSH637085526440104679System.Random
12:10:44.104    (INFO)     Trx.Start: **** ConnSH637085526440568839System.Random
12:10:44.104    (INFO)     Trx.Commit: **C** ConnSH637085526440568839System.Random
12:10:44.104    (INFO)     Trx.Start: **** ConnSH637085526440825571System.Random
12:10:44.104    (INFO)     Trx.Commit: **C** ConnSH637085526440825571System.Random
12:10:44.104    (INFO)     Trx.Start: **** ConnSH637085526441236525System.Random
12:10:44.104    (INFO)     Trx.Commit: **C** ConnSH637085526441236525System.Random
12:10:44.104    (INFO)     Trx.Start: **** ConnSH637085526441675231System.Random
12:10:44.104    (INFO)     Trx.Commit: **C** ConnSH637085526441675231System.Random
12:10:44.104    (INFO)     Trx.Start: **** ConnSH637085526442065867System.Random
12:10:44.104    (INFO)     Trx.Commit: **C** ConnSH637085526442065867System.Random
12:10:44.104    (INFO)     Trx.Start: **** ConnSH637085526442429956System.Random
12:10:44.104    (INFO)     Trx.Commit: **C** ConnSH637085526442429956System.Random
12:10:44.104    (INFO)     Trx.Start: **** ConnSH637085526442959458System.Random
12:10:44.104    (INFO)     Trx.Commit: **C** ConnSH637085526442959458System.Random
12:10:44.104    (INFO)     Trx.Start: **** ConnSH637085526443269428System.Random
12:10:44.104    (INFO)     Trx.Commit: **C** ConnSH637085526443269428System.Random
12:10:44.104    (INFO)     Trx.Start: **** ConnSH637085526444030313System.Random
12:10:44.104    (INFO)     Trx.Commit: **C** ConnSH637085526444030313System.Random
12:10:44.104    (INFO)     Trx.Start: **** ConnSH637085526444580407System.Random
12:10:44.104    (INFO)     Trx.Commit: **C** ConnSH637085526444580407System.Random
12:10:44.104    (INFO)     Trx.Start: **** ConnSH637085526444947069System.Random
12:10:44.104    (INFO)     Trx.Commit: **C** ConnSH637085526444947069System.Random
12:10:44.104    (INFO)     Trx.Start: **** ConnSH637085526445277605System.Random
12:10:44.104    (INFO)     Trx.Commit: **C** ConnSH637085526445277605System.Random
12:10:44.104    (INFO)     Trx.Start: **** ConnSH637085526445627000System.Random
12:10:44.104    (INFO)     Trx.Commit: **C** ConnSH637085526445627000System.Random
12:10:44.104    (INFO)     Trx.Start: **** ConnSH637085526446139311System.Random
12:10:44.104    (INFO)     Trx.Commit: **C** ConnSH637085526446139311System.Random
12:10:44.104    (INFO)     Trx.Start: **** ConnSH637085526446515917System.Random
12:10:44.104    (INFO)     Trx.Commit: **C** ConnSH637085526446515917System.Random
12:10:44.104    (INFO)     Trx.Start: **** ConnSH637085526446905949System.Random
12:10:44.104    (INFO)     Trx.Commit: **C** ConnSH637085526446905949System.Random
12:10:44.104    (INFO)     Trx.Start: **** ConnSH637085526447390320System.Random
12:10:44.104    (INFO)     Trx.Commit: **C** ConnSH637085526447390320System.Random
12:10:44.104    (INFO)     Trx.Start: **** ConnSH637085526447700449System.Random
12:10:44.104    (INFO)     Trx.Commit: **C** ConnSH637085526447700449System.Random
12:10:44.104    (INFO)     Trx.Start: **** ConnSH637085526448051115System.Random
12:10:44.104    (INFO)     Trx.Commit: **C** ConnSH637085526448051115System.Random
12:10:44.104    (INFO)     Trx.Start: **** ConnSH637085526448401905System.Random
12:10:44.104    (INFO)     Trx.Commit: **C** ConnSH637085526448401905System.Random
12:10:44.104    (INFO)     Trx.Start: **** ConnSH637085526448791926System.Random
12:10:44.104    (INFO)     Trx.Commit: **C** ConnSH637085526448791926System.Random
12:10:44.104    (INFO)     Trx.Start: **** ConnSH637085526449132482System.Random
12:10:44.104    (INFO)     Trx.Commit: **C** ConnSH637085526449132482System.Random
12:10:44.104    (INFO)     Trx.Start: **** ConnSH637085526449553455System.Random
12:10:44.104    (INFO)     Trx.Commit: **C** ConnSH637085526449553455System.Random
12:10:44.104    (INFO)     Trx.Start: **** ConnSH637085526449964016System.Random
12:10:45.104    (INFO)     Trx.Commit: **C** ConnSH637085526449964016System.Random
12:10:45.104    (INFO)     Trx.Start: **** ConnSH637085526450414183System.Random
12:10:45.104    (INFO)     Trx.Commit: **C** ConnSH637085526450414183System.Random
12:10:45.104    (INFO)     Trx.Start: **** ConnSH637085526450884235System.Random
12:10:45.104    (INFO)     Trx.Commit: **C** ConnSH637085526450884235System.Random
12:10:45.104    (INFO)     Trx.Start: **** ConnSH637085526451234420System.Random
12:10:45.104    (INFO)     Trx.Commit: **C** ConnSH637085526451234420System.Random
12:10:45.104    (INFO)     Trx.Start: **** ConnSH637085526451634842System.Random
12:10:45.104    (INFO)     Trx.Commit: **C** ConnSH637085526451634842System.Random
12:10:45.104    (INFO)     Trx.Start: **** ConnSH637085526451981566System.Random
12:10:45.104    (INFO)     Trx.Commit: **C** ConnSH637085526451981566System.Random
