*** 12/2/2019 1:13:05 PM VAdvantage Log  ***
01:13:05.135    (INFO)     Trx.Start: **** ConnSH637108891857253892System.Random
01:13:05.135    (INFO)     Trx.Commit: **C** ConnSH637108891857253892System.Random
01:13:05.135    (INFO)     MChangeLog.FillChangeLog: #9
01:13:28.132    (INFO)     MTable.GetPO: Using GenericPO for M_ProductPrice_Ver
----------->     (WARNING)  GenericPO.UpdateRecords: Column not found - C_Currency_ID
----------->     (WARNING)  GenericPO.UpdateRecords: Column not found - IsTaxIncluded
----------->     (WARNING)  MProductPrice.UpdateRecords: Virtual Column - IsTaxIncluded
01:13:52.135    (INFO)     CacheMgt.Reset: AD_Process: #1 (1)
----------->     (WARNING)  GridTable.GetField: Not found: 'Created'
----------->     (WARNING)  GridTable.GetField: Not found: 'CreatedBy'
----------->     (WARNING)  GridTable.GetField: Not found: 'Updated'
----------->     (WARNING)  GridTable.GetField: Not found: 'UpdatedBy'
----------->     (WARNING)  GridTable.GetField: Not found: 'Created'
----------->     (WARNING)  GridTable.GetField: Not found: 'CreatedBy'
----------->     (WARNING)  GridTable.GetField: Not found: 'Updated'
----------->     (WARNING)  GridTable.GetField: Not found: 'UpdatedBy'
----------->     (WARNING)  GridTable.GetField: Not found: 'Created'
----------->     (WARNING)  GridTable.GetField: Not found: 'CreatedBy'
----------->     (WARNING)  GridTable.GetField: Not found: 'Updated'
----------->     (WARNING)  GridTable.GetField: Not found: 'UpdatedBy'
01:14:07.147    (INFO)     Trx.Start: **** ConnSH637108892475478008System.Random
01:14:07.147    (INFO)     Trx.Commit: **C** ConnSH637108892475478008System.Random
01:14:08.148    (INFO)     Trx.Start: **** ConnSH637108892482748855System.Random
01:14:08.148    (INFO)     Trx.Commit: **C** ConnSH637108892482748855System.Random
01:14:10.141    (INFO)     Trx.Start: **** ConnSH637108892505818412System.Random
01:14:10.141    (INFO)     Trx.Commit: **C** ConnSH637108892505818412System.Random
01:14:13.141    (INFO)     Trx.Start: **** ConnSH637108892535529159System.Random
01:14:13.141    (INFO)     Trx.Commit: **C** ConnSH637108892535529159System.Random
01:14:14.141    (INFO)     Trx.Start: **** ConnSH637108892546024719System.Random
01:14:14.141    (INFO)     Trx.Commit: **C** ConnSH637108892546024719System.Random
01:14:22.142    (INFO)     MRole.Get: AD_Role_ID=0, AD_User_ID=0, reload=True
01:14:22.142    (INFO)     MRole.Get: MRole[0,System Administrator,UserLevel=S  ,AD_Client_ID=0,AD_Org_ID=0]
01:14:29.142    (INFO)     MTable.GetPO: Using GenericPO for M_ProductPrice_Ver
01:14:29.142    (INFO)     Trx.Start: **** ConnSH637108892696808289System.Random
01:14:29.142    (INFO)     Trx.Commit: **C** ConnSH637108892696808289System.Random
01:14:29.142    (INFO)     Trx.Start: **** ConnSH637108892697738330System.Random
01:14:29.142    (INFO)     Trx.Commit: **C** ConnSH637108892697738330System.Random
01:14:31.143    (INFO)     Trx.Start: **** ConnSH637108892716576632System.Random
01:14:31.143    (INFO)     Trx.Commit: **C** ConnSH637108892716576632System.Random
01:14:42.144    (INFO)     Trx.Start: **** ConnSH637108892821344098System.Random
01:14:42.144    (INFO)     Trx.Commit: **C** ConnSH637108892821344098System.Random
01:14:55.145    (INFO)     Trx.Start: **** ConnSH637108892959163461System.Random
01:14:55.145    (INFO)     Trx.Commit: **C** ConnSH637108892959163461System.Random
01:15:10.151    (INFO)     MTable.GetPO: Using GenericPO for M_ProductPrice_Ver
----------->     (WARNING)  GenericPO.UpdateRecords: Column not found - C_Currency_ID
----------->     (WARNING)  GenericPO.UpdateRecords: Column not found - IsTaxIncluded
----------->     (WARNING)  MProductPrice.UpdateRecords: Virtual Column - IsTaxIncluded
01:15:15.151    (INFO)     CacheMgt.Reset: AD_Process: #1 (1)
01:15:20.152    (INFO)     Trx.Start: **** ConnSH637108893203573711System.Random
01:15:20.152    (INFO)     Trx.Commit: **C** ConnSH637108893203573711System.Random
