*** 11/12/2019 11:50:52 AM VAdvantage Log  ***
11:50:52.505    (INFO)     Trx.Start: **** ConnSH637091562528442496System.Random
11:50:53.505    (INFO)     Trx.Commit: **C** ConnSH637091562528442496System.Random
11:50:53.505    (INFO)     Trx.Start: **** ConnSH637091562536602708System.Random
11:50:53.505    (INFO)     Trx.Commit: **C** ConnSH637091562536602708System.Random
11:50:57.505    (INFO)     Trx.Start: **** ConnSH637091562572675158System.Random
11:50:57.505    (INFO)     Trx.Commit: **C** ConnSH637091562572675158System.Random
11:51:00.510    (INFO)     Trx.Start: **** ConnSH637091562603028233System.Random
11:51:00.510    (INFO)     Trx.Commit: **C** ConnSH637091562603028233System.Random
----------->     (WARNING)  MInvoice.Load: (rs) - 90: C_Invoice.AmtDimGrandTotal (System.Int32)
11:51:09.519    (INFO)     Trx.Start: **** ConnSH637091562690618632System.Random
11:51:09.519    (INFO)     Trx.Commit: **C** ConnSH637091562690618632System.Random
----------->     (WARNING)  MInvoice.Load: (rs) - 90: C_Invoice.AmtDimGrandTotal (System.Int32)
11:51:09.519    (INFO)     Trx.Start: **** ConnSH637091562697930621System.Random
11:51:09.519    (INFO)     Trx.Commit: **C** ConnSH637091562697930621System.Random
----------->     (WARNING)  MInvoice.Load: (rs) - 90: C_Invoice.AmtDimGrandTotal (System.Int32)
11:51:10.511    (INFO)     Trx.Start: **** ConnSH637091562700639079System.Random
11:51:10.511    (INFO)     Trx.Commit: **C** ConnSH637091562700639079System.Random
11:51:10.511    (INFO)     Trx.Start: **** ConnSH637091562701139421System.Random
11:51:10.511    (INFO)     Trx.Commit: **C** ConnSH637091562701139421System.Random
11:51:10.511    (INFO)     MWFActivity.Run: MWFActivity[1233523,Node=(Start),State=ON,AD_User_ID=1005338,11/12/2019 6:21:09 AM]
11:51:10.511    (INFO)     MWFProcess.CheckActivities: MWFProcess[1080304, AD_Workflow_ID=118, WFState=OR]
11:51:10.511    (INFO)     MWFActivity.PerformWork: MWFNode[191-(Start),Action=Sleep:WaitTime=0] [VAdvantage.DataBase.Trx]
11:51:10.511    (INFO)     MWFProcess.CheckActivities: MWFProcess[1080304, AD_Workflow_ID=118, WFState=OR]
----------->     (WARNING)  MInvoice.Load: (rs) - 90: C_Invoice.AmtDimGrandTotal (System.Int32)
----------->     (WARNING)  MInvoice.Load: (rs) - 90: C_Invoice.AmtDimGrandTotal (System.Int32)
11:51:10.511    (INFO)     Trx.Start: **** ConnSH637091562705792216System.Random
11:51:10.511    (INFO)     Trx.Commit: **C** ConnSH637091562705792216System.Random
11:51:10.511    (INFO)     Trx.Start: **** ConnSH637091562706102241System.Random
11:51:10.511    (INFO)     Trx.Commit: **C** ConnSH637091562706102241System.Random
11:51:10.511    (INFO)     MWFActivity.Run: MWFActivity[1233524,Node=(DocPrepare),State=ON,AD_User_ID=1005338,11/12/2019 6:21:10 AM]
11:51:10.511    (INFO)     MWFProcess.CheckActivities: MWFProcess[1080304, AD_Workflow_ID=118, WFState=OR]
11:51:10.511    (INFO)     MWFActivity.PerformWork: MWFNode[193-(DocPrepare),Action=DocumentAction=PR] [VAdvantage.DataBase.Trx]
11:51:10.511    (INFO)     Trx.Start: **** WF_1573539670652
----------->     (WARNING)  MInvoice.GetPO: (rs) - 90: C_Invoice.AmtDimGrandTotal (System.Int32)
11:51:10.511    (INFO)     MInvoice.PrepareIt: MInvoice[1118695-1001177,GrandTotal=302.40]
===========>     (SEVERE)   MRole.AddAccessSQL: TableName not correctly parsed - TableNameIn=C_NonBusinessDay - VAdvantage.Classes.AccessSqlParser - #1 C_NONBUSINESSDAY
 = SELECT count(*) FROM C_NONBUSINESSDAY WHERE ISACTIVE = 'Y' AND C_CALENDAR_ID=1000006 AND AD_Org_ID IN (0, 1000008) AND DATE1=TO_DATE('11/12/2019', 'MM-DD-YY')
11:51:11.511    (INFO)     MConversionRate.GetRate: Not found - CurFrom=100, CurTo=304, 11/12/2019 12:00:00 AM, Type=114, Client=1000005, Org=1000008
11:51:11.511    (INFO)     MConversionRate.GetRate: Not found - CurFrom=100, CurTo=304, 11/12/2019 12:00:00 AM, Type=114, Client=1000005, Org=1000008
11:51:11.511    (INFO)     MConversionRate.GetRate: Not found - CurFrom=304, CurTo=100, 11/12/2019 12:00:00 AM, Type=114, Client=1000005, Org=1000008
11:51:12.511    (INFO)     Trx.Start: **** ConnSH637091562720127923System.Random
11:51:12.511    (INFO)     Trx.Commit: **C** ConnSH637091562720127923System.Random
----------->     (WARNING)  MInvoice.Load: (rs) - 90: C_Invoice.AmtDimGrandTotal (System.Int32)
11:51:12.511    (INFO)     CacheMgt.Reset: C_Invoice: #1 (0)
11:51:12.511    (INFO)     MInvoiceLine.AllocateLandedCosts: Deleted #1
11:51:12.511    (INFO)     Trx.Start: **** ConnSH637091562724232274System.Random
11:51:12.511    (INFO)     Trx.Commit: **C** ConnSH637091562724232274System.Random
----------->     (WARNING)  MLandedCostAllocation.AllocateLandedCosts: Column not found - IsActive
11:51:12.511    (INFO)     MInvoiceLine.AllocateLandedCosts: Inserted 1
11:51:12.511    (INFO)     CacheMgt.Reset: C_Invoice: #1 (0)
11:51:12.511    (INFO)     Trx.Commit: **C** WF_1573539670652
11:51:12.511    (INFO)     MWFProcess.CheckActivities: MWFProcess[1080304, AD_Workflow_ID=118, WFState=OR]
----------->     (WARNING)  MInvoice.Load: (rs) - 90: C_Invoice.AmtDimGrandTotal (System.Int32)
11:51:12.511    (INFO)     Trx.Start: **** ConnSH637091562726933713System.Random
11:51:12.511    (INFO)     Trx.Commit: **C** ConnSH637091562726933713System.Random
11:51:12.511    (INFO)     Trx.Start: **** ConnSH637091562727216610System.Random
11:51:12.511    (INFO)     Trx.Commit: **C** ConnSH637091562727216610System.Random
11:51:12.511    (INFO)     MWFActivity.Run: MWFActivity[1233525,Node=(DocComplete),State=ON,AD_User_ID=1005338,11/12/2019 6:21:12 AM]
11:51:12.511    (INFO)     MWFProcess.CheckActivities: MWFProcess[1080304, AD_Workflow_ID=118, WFState=OR]
11:51:12.511    (INFO)     MWFActivity.PerformWork: MWFNode[194-(DocComplete),Action=DocumentAction=CO] [VAdvantage.DataBase.Trx]
11:51:12.511    (INFO)     Trx.Start: **** WF_1573539672784
----------->     (WARNING)  MInvoice.GetPO: (rs) - 90: C_Invoice.AmtDimGrandTotal (System.Int32)
----------->     (WARNING)  MInvoice.CompleteIt: TStart time of invoice completion : 11/12/2019 6:21:12 AM
11:51:12.511    (INFO)     MInvoice.PrepareIt: MInvoice[1118695-1001177,GrandTotal=302.40]
===========>     (SEVERE)   MRole.AddAccessSQL: TableName not correctly parsed - TableNameIn=C_NonBusinessDay - VAdvantage.Classes.AccessSqlParser - #1 C_NONBUSINESSDAY
 = SELECT count(*) FROM C_NONBUSINESSDAY WHERE ISACTIVE = 'Y' AND C_CALENDAR_ID=1000006 AND AD_Org_ID IN (0, 1000008) AND DATE1=TO_DATE('11/12/2019', 'MM-DD-YY')
11:51:13.511    (INFO)     MConversionRate.GetRate: Not found - CurFrom=100, CurTo=304, 11/12/2019 12:00:00 AM, Type=114, Client=1000005, Org=1000008
11:51:13.511    (INFO)     MConversionRate.GetRate: Not found - CurFrom=100, CurTo=304, 11/12/2019 12:00:00 AM, Type=114, Client=1000005, Org=1000008
11:51:13.511    (INFO)     MConversionRate.GetRate: Not found - CurFrom=304, CurTo=100, 11/12/2019 12:00:00 AM, Type=114, Client=1000005, Org=1000008
11:51:13.511    (INFO)     Trx.Start: **** ConnSH637091562731282379System.Random
11:51:13.511    (INFO)     Trx.Commit: **C** ConnSH637091562731282379System.Random
----------->     (WARNING)  MInvoice.Load: (rs) - 90: C_Invoice.AmtDimGrandTotal (System.Int32)
11:51:13.511    (INFO)     CacheMgt.Reset: C_Invoice: #1 (0)
11:51:13.511    (INFO)     MInvoiceLine.AllocateLandedCosts: Deleted #1
11:51:13.511    (INFO)     Trx.Start: **** ConnSH637091562733165945System.Random
11:51:13.511    (INFO)     Trx.Commit: **C** ConnSH637091562733165945System.Random
----------->     (WARNING)  MLandedCostAllocation.AllocateLandedCosts: Column not found - IsActive
11:51:13.511    (INFO)     MInvoiceLine.AllocateLandedCosts: Inserted 1
11:51:13.511    (INFO)     MInvoice.CompleteIt: MInvoice[1118695-1001177,GrandTotal=302.40 (#1)]
11:51:13.511    (INFO)     MCostQueue.CreateProductCostsDetails: costing Calculation Start for window = Invoice(Vendor)
----------->     (WARNING)  MInvoice.Load: (rs) - 90: C_Invoice.AmtDimGrandTotal (System.Int32)
----------->     (WARNING)  MInvoice.Load: (rs) - 90: C_Invoice.AmtDimGrandTotal (System.Int32)
11:51:13.511    (INFO)     Trx.Start: **** ConnSH637091562739637115System.Random
11:51:14.511    (INFO)     Trx.Commit: **C** ConnSH637091562739637115System.Random
----------->     (WARNING)  MCostDetail.GetA_Asset_ID: Column not found - A_Asset_ID
11:51:15.511    (INFO)     Trx.Start: **** ConnSH637091562752162353System.Random
11:51:15.511    (INFO)     Trx.Commit: **C** ConnSH637091562752162353System.Random
----------->     (WARNING)  MInvoice.Load: (rs) - 90: C_Invoice.AmtDimGrandTotal (System.Int32)
11:51:15.511    (INFO)     MConversionRate.GetRate: Not found - CurFrom=100, CurTo=304, 11/12/2019 12:00:00 AM, Type=114, Client=1000005, Org=1000008
----------->     (WARNING)  MInvoice.Load: (rs) - 90: C_Invoice.AmtDimGrandTotal (System.Int32)
11:51:15.511    (INFO)     MConversionRate.GetRate: Not found - CurFrom=100, CurTo=304, 11/12/2019 12:00:00 AM, Type=114, Client=1000005, Org=1000008
11:51:15.511    (INFO)     MConversionRate.GetRate: Not found - CurFrom=100, CurTo=304, 11/12/2019 12:00:00 AM, Type=114, Client=1000005, Org=1000008
----------->     (WARNING)  MUser.BeforeSave: Column not found - VA037_BIUserName
----------->     (WARNING)  MUser.BeforeSave: Column not found - VA037_YellowfinRoles_ID
----------->     (WARNING)  MUser.BeforeSave: Column not found - VA037_BIUser
----------->     (WARNING)  MUser.BeforeSave: Column not found - VA037_IsLinkExistingUser
----------->     (WARNING)  MUser.AfterSave: Aftersave start - 
----------->     (WARNING)  MUser.AfterSave: Aftersave success - 
----------->     (WARNING)  MUser.AfterSave: Aftersave createJasperUser - 
11:51:16.511    (INFO)     CacheMgt.Reset: AD_User: #1 (1)
----------->     (WARNING)  MInvoice.CompleteIt:  start at  11/12/2019 6:21:12 AM -  End at 11/12/2019 6:21:16 AM - 1001177
11:51:16.511    (INFO)     CacheMgt.Reset: C_Invoice: #1 (0)
11:51:16.511    (INFO)     Trx.Commit: **C** WF_1573539672784
11:51:16.511    (INFO)     MWFProcess.CheckActivities: MWFProcess[1080304, AD_Workflow_ID=118, WFState=OR]
*** 11/12/2019 4:46:27 PM VAdvantage Log ***
