*** 11/5/2019 1:44:28 PM VAdvantage Log  ***
01:44:28.442    (INFO)     Trx.Start: **** ConnSH637085582683116786System.Random
01:44:28.442    (INFO)     Trx.Commit: **C** ConnSH637085582683116786System.Random
01:44:28.442    (INFO)     MChangeLog.FillChangeLog: #9
01:44:36.443    (INFO)     Trx.Start: **** SvrProcess
01:44:37.443    (INFO)     Trx.Start: **** ConnSH637085582770443471System.Random
01:44:37.443    (INFO)     Trx.Commit: **C** ConnSH637085582770443471System.Random
01:44:37.443    (INFO)     Trx.Start: **** ConnSH637085582771259356System.Random
01:44:37.443    (INFO)     Trx.Commit: **C** ConnSH637085582771259356System.Random
01:44:37.443    (INFO)     Trx.Start: **** ConnSH637085582771759023System.Random
01:44:37.443    (INFO)     Trx.Commit: **C** ConnSH637085582771759023System.Random
01:44:37.443    (INFO)     Trx.Start: **** ConnSH637085582772068976System.Random
01:44:37.443    (INFO)     Trx.Commit: **C** ConnSH637085582772068976System.Random
01:44:37.443    (INFO)     Trx.Start: **** ConnSH637085582773389226System.Random
01:44:37.443    (INFO)     Trx.Commit: **C** ConnSH637085582773389226System.Random
01:44:37.443    (INFO)     Trx.Start: **** ConnSH637085582773847330System.Random
01:44:37.443    (INFO)     Trx.Commit: **C** ConnSH637085582773847330System.Random
01:44:37.443    (INFO)     Trx.Start: **** ConnSH637085582774257323System.Random
01:44:37.443    (INFO)     Trx.Commit: **C** ConnSH637085582774257323System.Random
01:44:37.443    (INFO)     Trx.Start: **** ConnSH637085582774647332System.Random
01:44:37.443    (INFO)     Trx.Commit: **C** ConnSH637085582774647332System.Random
01:44:37.443    (INFO)     Trx.Start: **** ConnSH637085582775267589System.Random
01:44:37.443    (INFO)     Trx.Commit: **C** ConnSH637085582775267589System.Random
01:44:37.443    (INFO)     Trx.Start: **** ConnSH637085582775897802System.Random
01:44:37.443    (INFO)     Trx.Commit: **C** ConnSH637085582775897802System.Random
01:44:37.443    (INFO)     Trx.Start: **** ConnSH637085582776287962System.Random
01:44:37.443    (INFO)     Trx.Commit: **C** ConnSH637085582776287962System.Random
01:44:37.443    (INFO)     Trx.Start: **** ConnSH637085582777448137System.Random
01:44:37.443    (INFO)     Trx.Commit: **C** ConnSH637085582777448137System.Random
01:44:37.443    (INFO)     Trx.Start: **** ConnSH637085582777888608System.Random
01:44:37.443    (INFO)     Trx.Commit: **C** ConnSH637085582777888608System.Random
01:44:37.443    (INFO)     Trx.Start: **** ConnSH637085582778288636System.Random
01:44:37.443    (INFO)     Trx.Commit: **C** ConnSH637085582778288636System.Random
01:44:37.443    (INFO)     Trx.Start: **** ConnSH637085582778838594System.Random
01:44:37.443    (INFO)     Trx.Commit: **C** ConnSH637085582778838594System.Random
01:44:37.443    (INFO)     Trx.Start: **** ConnSH637085582779928562System.Random
01:44:38.443    (INFO)     Trx.Commit: **C** ConnSH637085582779928562System.Random
01:44:38.443    (INFO)     Trx.Start: **** ConnSH637085582780448574System.Random
01:44:38.443    (INFO)     Trx.Commit: **C** ConnSH637085582780448574System.Random
01:44:38.443    (INFO)     Trx.Start: **** ConnSH637085582780828578System.Random
01:44:38.443    (INFO)     Trx.Commit: **C** ConnSH637085582780828578System.Random
01:44:38.443    (INFO)     Trx.Start: **** ConnSH637085582781358593System.Random
01:44:38.443    (INFO)     Trx.Commit: **C** ConnSH637085582781358593System.Random
01:44:38.443    (INFO)     Trx.Start: **** ConnSH637085582781818604System.Random
01:44:38.443    (INFO)     Trx.Commit: **C** ConnSH637085582781818604System.Random
01:44:38.443    (INFO)     Trx.Start: **** ConnSH637085582782188662System.Random
01:44:38.443    (INFO)     Trx.Commit: **C** ConnSH637085582782188662System.Random
01:44:38.443    (INFO)     Trx.Start: **** ConnSH637085582782538663System.Random
01:44:38.443    (INFO)     Trx.Commit: **C** ConnSH637085582782538663System.Random
01:44:38.443    (INFO)     Trx.Start: **** ConnSH637085582783038605System.Random
01:44:38.443    (INFO)     Trx.Commit: **C** ConnSH637085582783038605System.Random
01:44:38.443    (INFO)     Trx.Start: **** ConnSH637085582783318606System.Random
01:44:38.443    (INFO)     Trx.Commit: **C** ConnSH637085582783318606System.Random
01:44:38.443    (INFO)     Trx.Start: **** ConnSH637085582783868671System.Random
01:44:38.443    (INFO)     Trx.Commit: **C** ConnSH637085582783868671System.Random
01:44:38.443    (INFO)     Trx.Start: **** ConnSH637085582784298619System.Random
01:44:38.443    (INFO)     Trx.Commit: **C** ConnSH637085582784298619System.Random
01:44:38.443    (INFO)     Trx.Start: **** ConnSH637085582784628694System.Random
01:44:38.443    (INFO)     Trx.Commit: **C** ConnSH637085582784628694System.Random
01:44:38.443    (INFO)     Trx.Start: **** ConnSH637085582784988639System.Random
01:44:38.443    (INFO)     Trx.Commit: **C** ConnSH637085582784988639System.Random
01:44:38.443    (INFO)     Trx.Start: **** ConnSH637085582785329122System.Random
01:44:38.443    (INFO)     Trx.Commit: **C** ConnSH637085582785329122System.Random
01:44:38.443    (INFO)     Trx.Start: **** ConnSH637085582786010303System.Random
01:44:38.443    (INFO)     Trx.Commit: **C** ConnSH637085582786010303System.Random
01:44:38.443    (INFO)     Trx.Start: **** ConnSH637085582786387974System.Random
01:44:38.443    (INFO)     Trx.Commit: **C** ConnSH637085582786387974System.Random
01:44:38.443    (INFO)     Trx.Start: **** ConnSH637085582786737920System.Random
01:44:38.443    (INFO)     Trx.Commit: **C** ConnSH637085582786737920System.Random
01:44:38.443    (INFO)     Trx.Start: **** ConnSH637085582787237966System.Random
01:44:38.443    (INFO)     Trx.Commit: **C** ConnSH637085582787237966System.Random
01:44:38.443    (INFO)     Trx.Start: **** ConnSH637085582787625033System.Random
01:44:38.443    (INFO)     Trx.Commit: **C** ConnSH637085582787625033System.Random
01:44:38.443    (INFO)     Trx.Start: **** ConnSH637085582788002081System.Random
01:44:38.443    (INFO)     Trx.Commit: **C** ConnSH637085582788002081System.Random
01:44:38.443    (INFO)     Trx.Start: **** ConnSH637085582788382001System.Random
01:44:38.443    (INFO)     Trx.Commit: **C** ConnSH637085582788382001System.Random
01:44:38.443    (INFO)     Trx.Start: **** ConnSH637085582788763756System.Random
01:44:38.443    (INFO)     Trx.Commit: **C** ConnSH637085582788763756System.Random
01:44:38.443    (INFO)     Trx.Start: **** ConnSH637085582789124176System.Random
01:44:38.443    (INFO)     Trx.Commit: **C** ConnSH637085582789124176System.Random
01:44:38.443    (INFO)     Trx.Start: **** ConnSH637085582789467935System.Random
01:44:38.443    (INFO)     Trx.Commit: **C** ConnSH637085582789467935System.Random
01:44:38.443    (INFO)     Trx.Start: **** ConnSH637085582789934905System.Random
01:44:39.443    (INFO)     Trx.Commit: **C** ConnSH637085582789934905System.Random
01:44:39.443    (INFO)     Trx.Start: **** ConnSH637085582790325541System.Random
01:44:39.443    (INFO)     Trx.Commit: **C** ConnSH637085582790325541System.Random
01:44:39.443    (INFO)     Trx.Start: **** ConnSH637085582790666417System.Random
01:44:39.443    (INFO)     Trx.Commit: **C** ConnSH637085582790666417System.Random
01:44:39.443    (INFO)     Trx.Start: **** ConnSH637085582791007214System.Random
01:44:39.443    (INFO)     Trx.Commit: **C** ConnSH637085582791007214System.Random
