*** 11/5/2019 11:24:51 AM VAdvantage Log  ***
11:24:51.245    (INFO)     Trx.Start: **** ConnSH637085498919301598System.Random
11:24:52.245    (INFO)     Trx.Commit: **C** ConnSH637085498919301598System.Random
11:24:52.245    (INFO)     MChangeLog.FillChangeLog: #9
11:24:52.245    (INFO)     CacheReset.DoIt: 
11:24:52.245    (INFO)     Env.Reset: finalCall=False
11:24:52.245    (INFO)     CacheMgt.Reset: #16 (7874)
11:24:52.245    (INFO)     MRole.Get: AD_Role_ID=0, AD_User_ID=0, reload=True
11:24:52.245    (INFO)     MRole.Get: MRole[0,System Administrator,UserLevel=S  ,AD_Client_ID=0,AD_Org_ID=0]
11:24:52.245    (INFO)     MRole.Get: AD_Role_ID=102, AD_User_ID=101, reload=True
11:24:52.245    (INFO)     MRole.Get: MRole[102,IdeasInc Admin,UserLevel= CO,AD_Client_ID IN (0,11),]
11:24:52.245    (INFO)     MChangeLog.FillChangeLog: #9
11:24:52.245    (INFO)     CacheMgt.Reset: AD_Process: #1 (1)
11:24:52.245    (INFO)     Trx.Start: **** ConnSH637085498926480293System.Random
11:24:52.245    (INFO)     Trx.Commit: **C** ConnSH637085498926480293System.Random
11:24:52.245    (INFO)     Trx.Start: **** ConnSH637085498927667656System.Random
11:24:52.245    (INFO)     Trx.Commit: **C** ConnSH637085498927667656System.Random
11:24:53.245    (INFO)     Msg.InitMsg: Records=5818 - en_US
11:24:53.245    (INFO)     Trx.Start: **** ConnSH637085498937931715System.Random
11:24:53.245    (INFO)     Trx.Commit: **C** ConnSH637085498937931715System.Random
11:24:53.245    (INFO)     Trx.Start: **** ConnSH637085498938702446System.Random
11:24:53.245    (INFO)     Trx.Commit: **C** ConnSH637085498938702446System.Random
----------->     (WARNING)  GridTable.GetField: Not found: 'Created'
----------->     (WARNING)  GridTable.GetField: Not found: 'CreatedBy'
----------->     (WARNING)  GridTable.GetField: Not found: 'Updated'
----------->     (WARNING)  GridTable.GetField: Not found: 'UpdatedBy'
11:24:56.245    (INFO)     Trx.Start: **** ConnSH637085498963298423System.Random
11:24:56.245    (INFO)     Trx.Commit: **C** ConnSH637085498963298423System.Random
11:24:56.245    (INFO)     Trx.Start: **** ConnSH637085498964159009System.Random
11:24:56.245    (INFO)     Trx.Commit: **C** ConnSH637085498964159009System.Random
11:24:59.245    (INFO)     Trx.Start: **** ConnSH637085498990725984System.Random
11:24:59.245    (INFO)     Trx.Commit: **C** ConnSH637085498990725984System.Random
11:24:59.245    (INFO)     Trx.Start: **** ConnSH637085498991665974System.Random
11:24:59.245    (INFO)     Trx.Commit: **C** ConnSH637085498991665974System.Random
11:25:09.259    (INFO)     MTable.GetPO: Using GenericPO for Test_Version
11:25:14.251    (INFO)     Trx.Start: **** ConnSH637085499146006841System.Random
11:25:14.251    (INFO)     Trx.Commit: **C** ConnSH637085499146006841System.Random
11:25:14.251    (INFO)     Trx.Start: **** ConnSH637085499146766844System.Random
11:25:14.251    (INFO)     Trx.Commit: **C** ConnSH637085499146766844System.Random
11:25:15.251    (INFO)     MTable.GetPO: Using GenericPO for Test_Version
11:25:16.251    (INFO)     Trx.Start: **** ConnSH637085499160284448System.Random
11:25:16.251    (INFO)     Trx.Commit: **C** ConnSH637085499160284448System.Random
11:25:16.251    (INFO)     Trx.Start: **** ConnSH637085499161315131System.Random
11:25:16.251    (INFO)     Trx.Commit: **C** ConnSH637085499161315131System.Random
11:25:16.251    (INFO)     Trx.Start: **** ConnSH637085499163195538System.Random
11:25:16.251    (INFO)     Trx.Commit: **C** ConnSH637085499163195538System.Random
11:32:38.323    (INFO)     MTable.GetPO: Using GenericPO for Test_Version
11:32:38.323    (INFO)     Trx.Start: **** ConnSH637085503587633375System.Random
11:32:38.323    (INFO)     Trx.Commit: **C** ConnSH637085503587633375System.Random
11:32:38.323    (INFO)     Trx.Start: **** ConnSH637085503588603287System.Random
11:32:38.323    (INFO)     Trx.Commit: **C** ConnSH637085503588603287System.Random
11:32:39.323    (INFO)     Trx.Start: **** ConnSH637085503591113051System.Random
11:32:39.323    (INFO)     Trx.Commit: **C** ConnSH637085503591113051System.Random
11:32:39.323    (INFO)     Trx.Start: **** ConnSH637085503592072969System.Random
11:32:39.323    (INFO)     Trx.Commit: **C** ConnSH637085503592072969System.Random
11:32:39.323    (INFO)     MWFActivity.Run: MWFActivity[1292497,Node=Start,State=ON,AD_User_ID=101,11/5/2019 5:55:16 AM]
11:32:39.323    (INFO)     Trx.Start: **** ConnSH637085503594422766System.Random
11:32:39.323    (INFO)     Trx.Commit: **C** ConnSH637085503594422766System.Random
11:32:39.323    (INFO)     Trx.Start: **** ConnSH637085503595252688System.Random
11:32:39.323    (INFO)     Trx.Commit: **C** ConnSH637085503595252688System.Random
11:32:42.324    (INFO)     MWFProcess.CheckActivities: MWFProcess[1098035, AD_Workflow_ID=1000040, WFState=OR]
11:32:52.325    (INFO)     MWFActivity.PerformWork: MWFNode[1000166-Start,Action=Sleep:WaitTime=0] [VAdvantage.DataBase.Trx]
11:32:52.325    (INFO)     Trx.Start: **** ConnSH637085503722931118System.Random
11:32:52.325    (INFO)     Trx.Commit: **C** ConnSH637085503722931118System.Random
11:32:52.325    (INFO)     Trx.Start: **** ConnSH637085503723731040System.Random
11:32:52.325    (INFO)     Trx.Commit: **C** ConnSH637085503723731040System.Random
11:32:52.325    (INFO)     MWFProcess.CheckActivities: MWFProcess[1098035, AD_Workflow_ID=1000040, WFState=OR]
11:32:52.325    (INFO)     Trx.Start: **** ConnSH637085503724580979System.Random
11:32:52.325    (INFO)     Trx.Commit: **C** ConnSH637085503724580979System.Random
11:32:56.325    (INFO)     MTable.GetPO: Using GenericPO for Test_Version
11:32:56.325    (INFO)     Trx.Start: **** ConnSH637085503765137670System.Random
11:32:56.325    (INFO)     Trx.Commit: **C** ConnSH637085503765137670System.Random
11:32:56.325    (INFO)     Trx.Start: **** ConnSH637085503765707572System.Random
11:32:56.325    (INFO)     Trx.Commit: **C** ConnSH637085503765707572System.Random
11:32:56.325    (INFO)     Trx.Start: **** ConnSH637085503769247293System.Random
11:32:56.325    (INFO)     Trx.Commit: **C** ConnSH637085503769247293System.Random
11:32:56.325    (INFO)     Trx.Start: **** ConnSH637085503769847254System.Random
11:32:57.325    (INFO)     Trx.Commit: **C** ConnSH637085503769847254System.Random
11:32:57.325    (INFO)     MWFActivity.Run: MWFActivity[1292498,Node=Approval,State=ON,AD_User_ID=101,11/5/2019 6:02:52 AM]
11:32:57.325    (INFO)     Trx.Start: **** ConnSH637085503771857092System.Random
11:32:57.325    (INFO)     Trx.Commit: **C** ConnSH637085503771857092System.Random
11:32:57.325    (INFO)     Trx.Start: **** ConnSH637085503772507053System.Random
11:32:57.325    (INFO)     Trx.Commit: **C** ConnSH637085503772507053System.Random
11:32:57.325    (INFO)     MWFProcess.CheckActivities: MWFProcess[1098035, AD_Workflow_ID=1000040, WFState=OR]
11:32:57.325    (INFO)     MWFActivity.PerformWork: MWFNode[1000167-Approval,Action=UserChoice:AD_Column_ID=1027736] [VAdvantage.DataBase.Trx]
11:32:57.325    (INFO)     Trx.Start: **** ConnSH637085503773776943System.Random
11:32:57.325    (INFO)     Trx.Commit: **C** ConnSH637085503773776943System.Random
11:32:57.325    (INFO)     Trx.Start: **** ConnSH637085503774456901System.Random
11:32:57.325    (INFO)     Trx.Commit: **C** ConnSH637085503774456901System.Random
11:32:57.325    (INFO)     MWFProcess.CheckActivities: MWFProcess[1098035, AD_Workflow_ID=1000040, WFState=OR]
11:32:57.325    (INFO)     Trx.Start: **** ConnSH637085503775186834System.Random
11:32:57.325    (INFO)     Trx.Commit: **C** ConnSH637085503775186834System.Random
11:33:00.330    (INFO)     Trx.Start: **** ConnSH637085503803894599System.Random
11:33:00.330    (INFO)     Trx.Commit: **C** ConnSH637085503803894599System.Random
11:33:09.339    (INFO)     MTable.GetPO: Using GenericPO for Test_Version
11:33:09.339    (INFO)     Trx.Start: **** ConnSH637085503895490624System.Random
11:33:09.339    (INFO)     Trx.Commit: **C** ConnSH637085503895490624System.Random
11:33:09.339    (INFO)     Trx.Start: **** ConnSH637085503896050567System.Random
11:33:09.339    (INFO)     Trx.Commit: **C** ConnSH637085503896050567System.Random
11:33:10.331    (INFO)     MTable.GetPO: Using GenericPO for Test_Version
11:33:10.331    (INFO)     Trx.Start: **** ConnSH637085503906729746System.Random
11:33:10.331    (INFO)     Trx.Commit: **C** ConnSH637085503906729746System.Random
11:33:10.331    (INFO)     Trx.Start: **** ConnSH637085503907289693System.Random
11:33:10.331    (INFO)     Trx.Commit: **C** ConnSH637085503907289693System.Random
11:33:50.335    (INFO)     Trx.Start: **** ConnSH637085504304414281System.Random
11:33:50.335    (INFO)     Trx.Commit: **C** ConnSH637085504304414281System.Random
11:34:03.343    (INFO)     MTable.GetPO: Using GenericPO for Test_Version
11:34:03.343    (INFO)     Trx.Start: **** ConnSH637085504439926643System.Random
11:34:04.344    (INFO)     Trx.Commit: **C** ConnSH637085504439926643System.Random
11:34:04.344    (INFO)     Trx.Start: **** ConnSH637085504440596595System.Random
11:34:04.344    (INFO)     Trx.Commit: **C** ConnSH637085504440596595System.Random
11:34:04.344    (INFO)     Trx.Start: **** ConnSH637085504443486363System.Random
11:34:04.344    (INFO)     Trx.Commit: **C** ConnSH637085504443486363System.Random
11:34:04.344    (INFO)     Trx.Start: **** ConnSH637085504444146309System.Random
11:34:04.344    (INFO)     Trx.Commit: **C** ConnSH637085504444146309System.Random
11:34:07.347    (INFO)     MWFActivity.Run: MWFActivity[1292499,Node=Start,State=ON,AD_User_ID=101,11/5/2019 6:04:03 AM]
11:34:10.341    (INFO)     Trx.Start: **** ConnSH637085504504171620System.Random
11:34:10.341    (INFO)     Trx.Commit: **C** ConnSH637085504504171620System.Random
11:34:10.341    (INFO)     Trx.Start: **** ConnSH637085504505011555System.Random
11:34:10.341    (INFO)     Trx.Commit: **C** ConnSH637085504505011555System.Random
11:34:10.341    (INFO)     MWFProcess.CheckActivities: MWFProcess[1098036, AD_Workflow_ID=1000040, WFState=OR]
11:34:13.341    (INFO)     MWFActivity.PerformWork: MWFNode[1000166-Start,Action=Sleep:WaitTime=0] [VAdvantage.DataBase.Trx]
11:34:35.343    (INFO)     Trx.Start: **** ConnSH637085504750042392System.Random
11:34:35.343    (INFO)     Trx.Commit: **C** ConnSH637085504750042392System.Random
11:34:35.343    (INFO)     Trx.Start: **** ConnSH637085504750982331System.Random
11:34:35.343    (INFO)     Trx.Commit: **C** ConnSH637085504750982331System.Random
11:34:35.343    (INFO)     MWFProcess.CheckActivities: MWFProcess[1098036, AD_Workflow_ID=1000040, WFState=OR]
11:34:35.343    (INFO)     Trx.Start: **** ConnSH637085504752042238System.Random
11:34:35.343    (INFO)     Trx.Commit: **C** ConnSH637085504752042238System.Random
11:34:36.343    (INFO)     MTable.GetPO: Using GenericPO for Test_Version
11:34:36.343    (INFO)     Trx.Start: **** ConnSH637085504762131435System.Random
11:34:36.343    (INFO)     Trx.Commit: **C** ConnSH637085504762131435System.Random
11:34:36.343    (INFO)     Trx.Start: **** ConnSH637085504762811453System.Random
11:34:36.343    (INFO)     Trx.Commit: **C** ConnSH637085504762811453System.Random
11:34:36.343    (INFO)     Trx.Start: **** ConnSH637085504765161207System.Random
11:34:36.343    (INFO)     Trx.Commit: **C** ConnSH637085504765161207System.Random
11:34:36.343    (INFO)     Trx.Start: **** ConnSH637085504765971179System.Random
11:34:36.343    (INFO)     Trx.Commit: **C** ConnSH637085504765971179System.Random
11:34:36.343    (INFO)     MWFActivity.Run: MWFActivity[1292500,Node=Approval,State=ON,AD_User_ID=101,11/5/2019 6:04:35 AM]
11:34:36.343    (INFO)     Trx.Start: **** ConnSH637085504768051022System.Random
11:34:36.343    (INFO)     Trx.Commit: **C** ConnSH637085504768051022System.Random
11:34:36.343    (INFO)     Trx.Start: **** ConnSH637085504768950912System.Random
11:34:36.343    (INFO)     Trx.Commit: **C** ConnSH637085504768950912System.Random
11:34:36.343    (INFO)     MWFProcess.CheckActivities: MWFProcess[1098036, AD_Workflow_ID=1000040, WFState=OR]
11:34:36.343    (INFO)     MWFActivity.PerformWork: MWFNode[1000167-Approval,Action=UserChoice:AD_Column_ID=1027736] [VAdvantage.DataBase.Trx]
11:34:37.343    (INFO)     Trx.Start: **** ConnSH637085504770040839System.Random
11:34:37.343    (INFO)     Trx.Commit: **C** ConnSH637085504770040839System.Random
11:34:37.343    (INFO)     Trx.Start: **** ConnSH637085504770900779System.Random
11:34:37.343    (INFO)     Trx.Commit: **C** ConnSH637085504770900779System.Random
11:34:37.343    (INFO)     MWFProcess.CheckActivities: MWFProcess[1098036, AD_Workflow_ID=1000040, WFState=OR]
11:34:37.343    (INFO)     Trx.Start: **** ConnSH637085504771900690System.Random
11:34:37.343    (INFO)     Trx.Commit: **C** ConnSH637085504771900690System.Random
11:34:37.343    (INFO)     Trx.Start: **** ConnSH637085504776240347System.Random
11:34:37.343    (INFO)     Trx.Commit: **C** ConnSH637085504776240347System.Random
11:35:00.350    (INFO)     MTable.GetPO: Using GenericPO for Test_Version
11:35:00.350    (INFO)     Trx.Start: **** ConnSH637085505004638782System.Random
11:35:00.350    (INFO)     Trx.Commit: **C** ConnSH637085505004638782System.Random
11:35:00.350    (INFO)     Trx.Start: **** ConnSH637085505005368727System.Random
11:35:00.350    (INFO)     Trx.Commit: **C** ConnSH637085505005368727System.Random
11:35:01.351    (INFO)     MTable.GetPO: Using GenericPO for Test_Version
11:35:01.351    (INFO)     Trx.Start: **** ConnSH637085505017077815System.Random
11:35:01.351    (INFO)     Trx.Commit: **C** ConnSH637085505017077815System.Random
11:35:01.351    (INFO)     Trx.Start: **** ConnSH637085505017787754System.Random
11:35:01.351    (INFO)     Trx.Commit: **C** ConnSH637085505017787754System.Random
11:36:06.366    (INFO)     Trx.Start: **** ConnSH637085505662844791System.Random
11:36:06.366    (INFO)     Trx.Commit: **C** ConnSH637085505662844791System.Random
11:36:07.367    (INFO)     MTable.GetPO: Using GenericPO for Test_Version
11:36:07.367    (INFO)     Trx.Start: **** ConnSH637085505671914134System.Random
11:36:07.367    (INFO)     Trx.Commit: **C** ConnSH637085505671914134System.Random
11:36:07.367    (INFO)     Trx.Start: **** ConnSH637085505672675838System.Random
11:36:07.367    (INFO)     Trx.Commit: **C** ConnSH637085505672675838System.Random
11:36:07.367    (INFO)     Trx.Start: **** ConnSH637085505675345778System.Random
11:36:07.367    (INFO)     Trx.Commit: **C** ConnSH637085505675345778System.Random
11:36:07.367    (INFO)     Trx.Start: **** ConnSH637085505676035734System.Random
11:36:07.367    (INFO)     Trx.Commit: **C** ConnSH637085505676035734System.Random
11:36:07.367    (INFO)     MWFActivity.Run: MWFActivity[1292501,Node=Start,State=ON,AD_User_ID=101,11/5/2019 6:06:06 AM]
11:36:07.367    (INFO)     Trx.Start: **** ConnSH637085505677935586System.Random
11:36:07.367    (INFO)     Trx.Commit: **C** ConnSH637085505677935586System.Random
11:36:07.367    (INFO)     Trx.Start: **** ConnSH637085505678765511System.Random
11:36:07.367    (INFO)     Trx.Commit: **C** ConnSH637085505678765511System.Random
11:36:07.367    (INFO)     MWFProcess.CheckActivities: MWFProcess[1098037, AD_Workflow_ID=1000040, WFState=OR]
11:36:07.367    (INFO)     MWFActivity.PerformWork: MWFNode[1000166-Start,Action=Sleep:WaitTime=0] [VAdvantage.DataBase.Trx]
11:36:07.367    (INFO)     Trx.Start: **** ConnSH637085505679705453System.Random
11:36:08.368    (INFO)     Trx.Commit: **C** ConnSH637085505679705453System.Random
11:36:08.368    (INFO)     Trx.Start: **** ConnSH637085505680525373System.Random
11:36:08.368    (INFO)     Trx.Commit: **C** ConnSH637085505680525373System.Random
11:36:08.368    (INFO)     MWFProcess.CheckActivities: MWFProcess[1098037, AD_Workflow_ID=1000040, WFState=OR]
11:36:08.368    (INFO)     Trx.Start: **** ConnSH637085505681475365System.Random
11:36:08.368    (INFO)     Trx.Commit: **C** ConnSH637085505681475365System.Random
11:36:09.369    (INFO)     MTable.GetPO: Using GenericPO for Test_Version
11:36:09.369    (INFO)     Trx.Start: **** ConnSH637085505691413702System.Random
11:36:09.369    (INFO)     Trx.Commit: **C** ConnSH637085505691413702System.Random
11:36:09.369    (INFO)     Trx.Start: **** ConnSH637085505692103710System.Random
11:36:09.369    (INFO)     Trx.Commit: **C** ConnSH637085505692103710System.Random
11:36:09.369    (INFO)     Trx.Start: **** ConnSH637085505694203938System.Random
11:36:09.369    (INFO)     Trx.Commit: **C** ConnSH637085505694203938System.Random
11:36:09.369    (INFO)     Trx.Start: **** ConnSH637085505694919738System.Random
11:36:09.369    (INFO)     Trx.Commit: **C** ConnSH637085505694919738System.Random
11:36:09.369    (INFO)     MWFActivity.Run: MWFActivity[1292502,Node=Approval,State=ON,AD_User_ID=101,11/5/2019 6:06:08 AM]
11:36:09.369    (INFO)     Trx.Start: **** ConnSH637085505696920108System.Random
11:36:09.369    (INFO)     Trx.Commit: **C** ConnSH637085505696920108System.Random
11:36:09.369    (INFO)     Trx.Start: **** ConnSH637085505697809998System.Random
11:36:09.369    (INFO)     Trx.Commit: **C** ConnSH637085505697809998System.Random
11:36:09.369    (INFO)     MWFProcess.CheckActivities: MWFProcess[1098037, AD_Workflow_ID=1000040, WFState=OR]
11:36:09.369    (INFO)     MWFActivity.PerformWork: MWFNode[1000167-Approval,Action=UserChoice:AD_Column_ID=1027736] [VAdvantage.DataBase.Trx]
11:36:14.361    (INFO)     Trx.Start: **** ConnSH637085505744713738System.Random
11:36:14.361    (INFO)     Trx.Commit: **C** ConnSH637085505744713738System.Random
11:36:14.361    (INFO)     Trx.Start: **** ConnSH637085505745753674System.Random
11:36:14.361    (INFO)     Trx.Commit: **C** ConnSH637085505745753674System.Random
11:36:14.361    (INFO)     MWFProcess.CheckActivities: MWFProcess[1098037, AD_Workflow_ID=1000040, WFState=OR]
11:36:14.361    (INFO)     Trx.Start: **** ConnSH637085505746603601System.Random
11:36:14.361    (INFO)     Trx.Commit: **C** ConnSH637085505746603601System.Random
11:36:15.361    (INFO)     Trx.Start: **** ConnSH637085505750899099System.Random
11:36:15.361    (INFO)     Trx.Commit: **C** ConnSH637085505750899099System.Random
11:36:27.362    (INFO)     Trx.Start: **** ConnSH637085505876486089System.Random
11:36:27.362    (INFO)     Trx.Commit: **C** ConnSH637085505876486089System.Random
11:36:27.362    (INFO)     CacheReset.DoIt: 
11:36:27.362    (INFO)     Env.Reset: finalCall=False
11:36:27.362    (INFO)     CacheMgt.Reset: #22 (9436)
11:36:27.362    (INFO)     MRole.Get: AD_Role_ID=0, AD_User_ID=0, reload=True
11:36:27.362    (INFO)     MRole.Get: MRole[0,System Administrator,UserLevel=S  ,AD_Client_ID=0,AD_Org_ID=0]
11:36:27.362    (INFO)     MRole.Get: AD_Role_ID=102, AD_User_ID=101, reload=True
11:36:27.362    (INFO)     MRole.Get: MRole[102,IdeasInc Admin,UserLevel= CO,AD_Client_ID IN (0,11),]
11:36:27.362    (INFO)     MChangeLog.FillChangeLog: #9
11:36:41.364    (INFO)     CacheMgt.Reset: AD_Process: #1 (1)
11:36:41.364    (INFO)     Trx.Start: **** ConnSH637085506017632584System.Random
11:36:41.364    (INFO)     Trx.Commit: **C** ConnSH637085506017632584System.Random
11:36:41.364    (INFO)     Trx.Start: **** ConnSH637085506018479108System.Random
11:36:41.364    (INFO)     Trx.Commit: **C** ConnSH637085506018479108System.Random
11:36:42.364    (INFO)     Msg.InitMsg: Records=5818 - en_US
11:36:42.364    (INFO)     Trx.Start: **** ConnSH637085506026814741System.Random
11:36:42.364    (INFO)     Trx.Commit: **C** ConnSH637085506026814741System.Random
11:36:42.364    (INFO)     Trx.Start: **** ConnSH637085506027504971System.Random
11:36:42.364    (INFO)     Trx.Commit: **C** ConnSH637085506027504971System.Random
----------->     (WARNING)  GridTable.GetField: Not found: 'Created'
----------->     (WARNING)  GridTable.GetField: Not found: 'CreatedBy'
----------->     (WARNING)  GridTable.GetField: Not found: 'Updated'
----------->     (WARNING)  GridTable.GetField: Not found: 'UpdatedBy'
11:36:50.365    (INFO)     Trx.Start: **** ConnSH637085506100946446System.Random
11:36:50.365    (INFO)     Trx.Commit: **C** ConnSH637085506100946446System.Random
11:36:50.365    (INFO)     Trx.Start: **** ConnSH637085506102089246System.Random
11:36:50.365    (INFO)     Trx.Commit: **C** ConnSH637085506102089246System.Random
11:36:50.365    (INFO)     Trx.Start: **** ConnSH637085506105566309System.Random
11:36:50.365    (INFO)     Trx.Commit: **C** ConnSH637085506105566309System.Random
11:36:50.365    (INFO)     Trx.Start: **** ConnSH637085506106446293System.Random
11:36:50.365    (INFO)     Trx.Commit: **C** ConnSH637085506106446293System.Random
11:37:00.370    (INFO)     MTable.GetPO: Using GenericPO for Test_Version
11:37:00.370    (INFO)     Trx.Start: **** ConnSH637085506206055381System.Random
11:37:00.370    (INFO)     Trx.Commit: **C** ConnSH637085506206055381System.Random
11:37:00.370    (INFO)     Trx.Start: **** ConnSH637085506206709531System.Random
11:37:00.370    (INFO)     Trx.Commit: **C** ConnSH637085506206709531System.Random
11:37:01.371    (INFO)     MTable.GetPO: Using GenericPO for Test_Version
11:37:01.371    (INFO)     Trx.Start: **** ConnSH637085506218586669System.Random
11:37:01.371    (INFO)     Trx.Commit: **C** ConnSH637085506218586669System.Random
11:37:01.371    (INFO)     Trx.Start: **** ConnSH637085506219256564System.Random
11:37:01.371    (INFO)     Trx.Commit: **C** ConnSH637085506219256564System.Random
11:37:35.373    (INFO)     Trx.Start: **** ConnSH637085506556773162System.Random
11:37:35.373    (INFO)     Trx.Commit: **C** ConnSH637085506556773162System.Random
11:37:36.373    (INFO)     MTable.GetPO: Using GenericPO for Test_Version
11:37:36.373    (INFO)     Trx.Start: **** ConnSH637085506566902367System.Random
11:37:36.373    (INFO)     Trx.Commit: **C** ConnSH637085506566902367System.Random
11:37:36.373    (INFO)     Trx.Start: **** ConnSH637085506567563922System.Random
11:37:36.373    (INFO)     Trx.Commit: **C** ConnSH637085506567563922System.Random
11:37:37.373    (INFO)     Trx.Start: **** ConnSH637085506570087362System.Random
11:37:37.373    (INFO)     Trx.Commit: **C** ConnSH637085506570087362System.Random
11:37:37.373    (INFO)     Trx.Start: **** ConnSH637085506570757297System.Random
11:37:37.373    (INFO)     Trx.Commit: **C** ConnSH637085506570757297System.Random
11:37:37.373    (INFO)     MWFActivity.Run: MWFActivity[1292503,Node=Start,State=ON,AD_User_ID=101,11/5/2019 6:07:35 AM]
11:37:37.373    (INFO)     Trx.Start: **** ConnSH637085506572675990System.Random
11:37:37.373    (INFO)     Trx.Commit: **C** ConnSH637085506572675990System.Random
11:37:37.373    (INFO)     Trx.Start: **** ConnSH637085506573517730System.Random
11:37:37.373    (INFO)     Trx.Commit: **C** ConnSH637085506573517730System.Random
11:37:37.373    (INFO)     MWFProcess.CheckActivities: MWFProcess[1098038, AD_Workflow_ID=1000040, WFState=OR]
11:37:37.373    (INFO)     MWFActivity.PerformWork: MWFNode[1000166-Start,Action=Sleep:WaitTime=0] [VAdvantage.DataBase.Trx]
11:37:37.373    (INFO)     Trx.Start: **** ConnSH637085506574623397System.Random
11:37:37.373    (INFO)     Trx.Commit: **C** ConnSH637085506574623397System.Random
11:37:37.373    (INFO)     Trx.Start: **** ConnSH637085506575494035System.Random
11:37:37.373    (INFO)     Trx.Commit: **C** ConnSH637085506575494035System.Random
11:37:37.373    (INFO)     MWFProcess.CheckActivities: MWFProcess[1098038, AD_Workflow_ID=1000040, WFState=OR]
11:37:37.373    (INFO)     Trx.Start: **** ConnSH637085506576613938System.Random
11:37:37.373    (INFO)     Trx.Commit: **C** ConnSH637085506576613938System.Random
11:37:38.373    (INFO)     MTable.GetPO: Using GenericPO for Test_Version
11:37:38.373    (INFO)     Trx.Start: **** ConnSH637085506586449731System.Random
11:37:38.373    (INFO)     Trx.Commit: **C** ConnSH637085506586449731System.Random
11:37:38.373    (INFO)     Trx.Start: **** ConnSH637085506587119664System.Random
11:37:38.373    (INFO)     Trx.Commit: **C** ConnSH637085506587119664System.Random
11:37:39.373    (INFO)     Trx.Start: **** ConnSH637085506590281848System.Random
11:37:39.373    (INFO)     Trx.Commit: **C** ConnSH637085506590281848System.Random
11:37:39.373    (INFO)     Trx.Start: **** ConnSH637085506590951760System.Random
11:37:39.373    (INFO)     Trx.Commit: **C** ConnSH637085506590951760System.Random
11:37:39.373    (INFO)     MWFActivity.Run: MWFActivity[1292504,Node=Approval,State=ON,AD_User_ID=101,11/5/2019 6:07:37 AM]
11:37:39.373    (INFO)     Trx.Start: **** ConnSH637085506592866174System.Random
11:37:39.373    (INFO)     Trx.Commit: **C** ConnSH637085506592866174System.Random
11:37:39.373    (INFO)     Trx.Start: **** ConnSH637085506593676181System.Random
11:37:39.373    (INFO)     Trx.Commit: **C** ConnSH637085506593676181System.Random
11:37:39.373    (INFO)     MWFProcess.CheckActivities: MWFProcess[1098038, AD_Workflow_ID=1000040, WFState=OR]
11:37:39.373    (INFO)     MWFActivity.PerformWork: MWFNode[1000167-Approval,Action=UserChoice:AD_Column_ID=1027736] [VAdvantage.DataBase.Trx]
11:37:51.375    (INFO)     Trx.Start: **** ConnSH637085506715482029System.Random
11:37:51.375    (INFO)     Trx.Commit: **C** ConnSH637085506715482029System.Random
11:37:51.375    (INFO)     Trx.Start: **** ConnSH637085506716341965System.Random
11:37:51.375    (INFO)     Trx.Commit: **C** ConnSH637085506716341965System.Random
11:37:51.375    (INFO)     MWFProcess.CheckActivities: MWFProcess[1098038, AD_Workflow_ID=1000040, WFState=OR]
11:37:51.375    (INFO)     Trx.Start: **** ConnSH637085506717381877System.Random
11:37:51.375    (INFO)     Trx.Commit: **C** ConnSH637085506717381877System.Random
11:37:54.375    (INFO)     Trx.Start: **** ConnSH637085506744527390System.Random
11:37:54.375    (INFO)     Trx.Commit: **C** ConnSH637085506744527390System.Random
11:38:07.387    (INFO)     MTable.GetPO: Using GenericPO for Test_Version
11:38:07.387    (INFO)     Trx.Start: **** ConnSH637085506871651991System.Random
11:38:07.387    (INFO)     Trx.Commit: **C** ConnSH637085506871651991System.Random
11:38:07.387    (INFO)     Trx.Start: **** ConnSH637085506872341944System.Random
11:38:07.387    (INFO)     Trx.Commit: **C** ConnSH637085506872341944System.Random
11:39:41.394    (INFO)     MTable.GetPO: Using GenericPO for Test_Version
11:40:10.401    (INFO)     MTable.GetPO: Using GenericPO for Test_Version
----------->     (WARNING)  GenericPO.Load: failed
11:40:22.402    (INFO)     Trx.Start: **** ConnSH637085508225054064System.Random
11:40:22.402    (INFO)     Trx.Commit: **C** ConnSH637085508225054064System.Random
11:40:22.402    (INFO)     Trx.Start: **** ConnSH637085508225924018System.Random
11:40:22.402    (INFO)     Trx.Commit: **C** ConnSH637085508225924018System.Random
11:40:25.402    (INFO)     Trx.Start: **** ConnSH637085508251002306System.Random
11:40:25.402    (INFO)     Trx.Commit: **C** ConnSH637085508251002306System.Random
11:40:26.402    (INFO)     MTable.GetPO: Using GenericPO for Test_Version
11:40:26.402    (INFO)     Trx.Start: **** ConnSH637085508260801634System.Random
11:40:26.402    (INFO)     Trx.Commit: **C** ConnSH637085508260801634System.Random
11:40:26.402    (INFO)     Trx.Start: **** ConnSH637085508261501658System.Random
11:40:26.402    (INFO)     Trx.Commit: **C** ConnSH637085508261501658System.Random
11:40:26.402    (INFO)     Trx.Start: **** ConnSH637085508264061431System.Random
11:40:26.402    (INFO)     Trx.Commit: **C** ConnSH637085508264061431System.Random
11:40:26.402    (INFO)     Trx.Start: **** ConnSH637085508264721399System.Random
11:40:26.402    (INFO)     Trx.Commit: **C** ConnSH637085508264721399System.Random
11:40:26.402    (INFO)     MWFActivity.Run: MWFActivity[1292505,Node=Start,State=ON,AD_User_ID=101,11/5/2019 6:10:25 AM]
11:40:26.402    (INFO)     Trx.Start: **** ConnSH637085508266581305System.Random
11:40:26.402    (INFO)     Trx.Commit: **C** ConnSH637085508266581305System.Random
11:40:26.402    (INFO)     Trx.Start: **** ConnSH637085508267411199System.Random
11:40:26.402    (INFO)     Trx.Commit: **C** ConnSH637085508267411199System.Random
11:40:26.402    (INFO)     MWFProcess.CheckActivities: MWFProcess[1098039, AD_Workflow_ID=1000040, WFState=OR]
11:40:26.402    (INFO)     MWFActivity.PerformWork: MWFNode[1000166-Start,Action=Sleep:WaitTime=0] [VAdvantage.DataBase.Trx]
11:40:26.402    (INFO)     Trx.Start: **** ConnSH637085508268321185System.Random
11:40:26.402    (INFO)     Trx.Commit: **C** ConnSH637085508268321185System.Random
11:40:26.402    (INFO)     Trx.Start: **** ConnSH637085508269161074System.Random
11:40:26.402    (INFO)     Trx.Commit: **C** ConnSH637085508269161074System.Random
11:40:27.402    (INFO)     MWFProcess.CheckActivities: MWFProcess[1098039, AD_Workflow_ID=1000040, WFState=OR]
11:40:27.402    (INFO)     Trx.Start: **** ConnSH637085508270111005System.Random
11:40:27.402    (INFO)     Trx.Commit: **C** ConnSH637085508270111005System.Random
11:40:28.402    (INFO)     MTable.GetPO: Using GenericPO for Test_Version
11:40:28.402    (INFO)     Trx.Start: **** ConnSH637085508281350254System.Random
11:40:28.402    (INFO)     Trx.Commit: **C** ConnSH637085508281350254System.Random
11:40:28.402    (INFO)     Trx.Start: **** ConnSH637085508282100205System.Random
11:40:28.402    (INFO)     Trx.Commit: **C** ConnSH637085508282100205System.Random
11:40:28.402    (INFO)     Trx.Start: **** ConnSH637085508284330041System.Random
11:40:28.402    (INFO)     Trx.Commit: **C** ConnSH637085508284330041System.Random
11:40:28.402    (INFO)     Trx.Start: **** ConnSH637085508285070073System.Random
11:40:28.402    (INFO)     Trx.Commit: **C** ConnSH637085508285070073System.Random
11:40:28.402    (INFO)     MWFActivity.Run: MWFActivity[1292506,Node=Approval,State=ON,AD_User_ID=101,11/5/2019 6:10:27 AM]
11:40:28.402    (INFO)     Trx.Start: **** ConnSH637085508287159882System.Random
11:40:28.402    (INFO)     Trx.Commit: **C** ConnSH637085508287159882System.Random
11:40:28.402    (INFO)     Trx.Start: **** ConnSH637085508288059808System.Random
11:40:28.402    (INFO)     Trx.Commit: **C** ConnSH637085508288059808System.Random
11:40:28.402    (INFO)     MWFProcess.CheckActivities: MWFProcess[1098039, AD_Workflow_ID=1000040, WFState=OR]
11:40:28.402    (INFO)     MWFActivity.PerformWork: MWFNode[1000167-Approval,Action=UserChoice:AD_Column_ID=1027736] [VAdvantage.DataBase.Trx]
11:40:28.402    (INFO)     Trx.Start: **** ConnSH637085508289349718System.Random
11:40:28.402    (INFO)     Trx.Commit: **C** ConnSH637085508289349718System.Random
11:40:29.402    (INFO)     Trx.Start: **** ConnSH637085508290169717System.Random
11:40:29.402    (INFO)     Trx.Commit: **C** ConnSH637085508290169717System.Random
11:40:29.402    (INFO)     MWFProcess.CheckActivities: MWFProcess[1098039, AD_Workflow_ID=1000040, WFState=OR]
11:40:29.402    (INFO)     Trx.Start: **** ConnSH637085508291039656System.Random
11:40:29.402    (INFO)     Trx.Commit: **C** ConnSH637085508291039656System.Random
11:40:29.402    (INFO)     Trx.Start: **** ConnSH637085508295729295System.Random
11:40:29.402    (INFO)     Trx.Commit: **C** ConnSH637085508295729295System.Random
11:40:44.404    (INFO)     MTable.GetPO: Using GenericPO for Test_Version
11:40:44.404    (INFO)     Trx.Start: **** ConnSH637085508443771701System.Random
11:40:44.404    (INFO)     Trx.Commit: **C** ConnSH637085508443771701System.Random
11:40:44.404    (INFO)     Trx.Start: **** ConnSH637085508444461613System.Random
11:40:44.404    (INFO)     Trx.Commit: **C** ConnSH637085508444461613System.Random
11:40:48.404    (INFO)     MTable.GetPO: Using GenericPO for Test_Version
11:40:56.405    (INFO)     Trx.Start: **** ConnSH637085508563183602System.Random
11:40:56.405    (INFO)     Trx.Commit: **C** ConnSH637085508563183602System.Random
11:40:56.405    (INFO)     Trx.Start: **** ConnSH637085508563973531System.Random
11:40:56.405    (INFO)     Trx.Commit: **C** ConnSH637085508563973531System.Random
11:40:56.405    (INFO)     Trx.Start: **** ConnSH637085508565883396System.Random
11:40:56.405    (INFO)     Trx.Commit: **C** ConnSH637085508565883396System.Random
11:40:57.405    (INFO)     MTable.GetPO: Using GenericPO for Test_Version
11:40:57.405    (INFO)     Trx.Start: **** ConnSH637085508575042778System.Random
11:40:57.405    (INFO)     Trx.Commit: **C** ConnSH637085508575042778System.Random
11:40:57.405    (INFO)     Trx.Start: **** ConnSH637085508575782721System.Random
11:40:57.405    (INFO)     Trx.Commit: **C** ConnSH637085508575782721System.Random
11:40:57.405    (INFO)     Trx.Start: **** ConnSH637085508577982597System.Random
11:40:57.405    (INFO)     Trx.Commit: **C** ConnSH637085508577982597System.Random
11:40:57.405    (INFO)     Trx.Start: **** ConnSH637085508578672530System.Random
11:40:57.405    (INFO)     Trx.Commit: **C** ConnSH637085508578672530System.Random
11:40:58.405    (INFO)     MWFActivity.Run: MWFActivity[1292507,Node=Start,State=ON,AD_User_ID=101,11/5/2019 6:10:56 AM]
11:40:58.405    (INFO)     Trx.Start: **** ConnSH637085508581232433System.Random
11:40:58.405    (INFO)     Trx.Commit: **C** ConnSH637085508581232433System.Random
11:40:58.405    (INFO)     Trx.Start: **** ConnSH637085508582042306System.Random
11:40:58.405    (INFO)     Trx.Commit: **C** ConnSH637085508582042306System.Random
11:40:58.405    (INFO)     MWFProcess.CheckActivities: MWFProcess[1098040, AD_Workflow_ID=1000040, WFState=OR]
11:40:58.405    (INFO)     MWFActivity.PerformWork: MWFNode[1000166-Start,Action=Sleep:WaitTime=0] [VAdvantage.DataBase.Trx]
11:40:58.405    (INFO)     Trx.Start: **** ConnSH637085508583162233System.Random
11:40:58.405    (INFO)     Trx.Commit: **C** ConnSH637085508583162233System.Random
11:40:58.405    (INFO)     Trx.Start: **** ConnSH637085508583962187System.Random
11:40:58.405    (INFO)     Trx.Commit: **C** ConnSH637085508583962187System.Random
11:40:58.405    (INFO)     MWFProcess.CheckActivities: MWFProcess[1098040, AD_Workflow_ID=1000040, WFState=OR]
11:40:58.405    (INFO)     Trx.Start: **** ConnSH637085508585192155System.Random
11:40:58.405    (INFO)     Trx.Commit: **C** ConnSH637085508585192155System.Random
11:40:59.405    (INFO)     MTable.GetPO: Using GenericPO for Test_Version
11:40:59.405    (INFO)     Trx.Start: **** ConnSH637085508595721377System.Random
11:40:59.405    (INFO)     Trx.Commit: **C** ConnSH637085508595721377System.Random
11:40:59.405    (INFO)     Trx.Start: **** ConnSH637085508596581321System.Random
11:40:59.405    (INFO)     Trx.Commit: **C** ConnSH637085508596581321System.Random
11:40:59.405    (INFO)     Trx.Start: **** ConnSH637085508598711165System.Random
11:40:59.405    (INFO)     Trx.Commit: **C** ConnSH637085508598711165System.Random
11:40:59.405    (INFO)     Trx.Start: **** ConnSH637085508599531180System.Random
11:41:00.410    (INFO)     Trx.Commit: **C** ConnSH637085508599531180System.Random
11:41:00.410    (INFO)     MWFActivity.Run: MWFActivity[1292508,Node=Approval,State=ON,AD_User_ID=101,11/5/2019 6:10:58 AM]
11:41:00.410    (INFO)     Trx.Start: **** ConnSH637085508601811001System.Random
11:41:00.410    (INFO)     Trx.Commit: **C** ConnSH637085508601811001System.Random
11:41:00.410    (INFO)     Trx.Start: **** ConnSH637085508602700912System.Random
11:41:00.410    (INFO)     Trx.Commit: **C** ConnSH637085508602700912System.Random
11:41:00.410    (INFO)     MWFProcess.CheckActivities: MWFProcess[1098040, AD_Workflow_ID=1000040, WFState=OR]
11:41:00.410    (INFO)     MWFActivity.PerformWork: MWFNode[1000167-Approval,Action=UserChoice:AD_Column_ID=1027736] [VAdvantage.DataBase.Trx]
11:41:00.410    (INFO)     Trx.Start: **** ConnSH637085508603740896System.Random
11:41:00.410    (INFO)     Trx.Commit: **C** ConnSH637085508603740896System.Random
11:41:00.410    (INFO)     Trx.Start: **** ConnSH637085508604580842System.Random
11:41:00.410    (INFO)     Trx.Commit: **C** ConnSH637085508604580842System.Random
11:41:00.410    (INFO)     MWFProcess.CheckActivities: MWFProcess[1098040, AD_Workflow_ID=1000040, WFState=OR]
11:41:00.410    (INFO)     Trx.Start: **** ConnSH637085508605730752System.Random
11:41:00.410    (INFO)     Trx.Commit: **C** ConnSH637085508605730752System.Random
11:41:01.411    (INFO)     Trx.Start: **** ConnSH637085508610240399System.Random
11:41:01.411    (INFO)     Trx.Commit: **C** ConnSH637085508610240399System.Random
11:44:24.442    (INFO)     MTable.GetPO: Using GenericPO for Test_Version
11:44:24.442    (INFO)     Trx.Start: **** ConnSH637085510644482562System.Random
11:44:24.442    (INFO)     Trx.Commit: **C** ConnSH637085510644482562System.Random
11:44:24.442    (INFO)     Trx.Start: **** ConnSH637085510645202479System.Random
11:44:24.442    (INFO)     Trx.Commit: **C** ConnSH637085510645202479System.Random
11:44:25.442    (INFO)     MTable.GetPO: Using GenericPO for Test_Version
11:44:28.442    (INFO)     Trx.Start: **** ConnSH637085510684387731System.Random
11:44:28.442    (INFO)     Trx.Commit: **C** ConnSH637085510684387731System.Random
11:44:28.442    (INFO)     Trx.Start: **** ConnSH637085510685087993System.Random
11:44:28.442    (INFO)     Trx.Commit: **C** ConnSH637085510685087993System.Random
11:44:28.442    (INFO)     Trx.Start: **** ConnSH637085510686988084System.Random
11:44:28.442    (INFO)     Trx.Commit: **C** ConnSH637085510686988084System.Random
11:44:29.442    (INFO)     MTable.GetPO: Using GenericPO for Test_Version
11:44:29.442    (INFO)     Trx.Start: **** ConnSH637085510695968980System.Random
11:44:29.442    (INFO)     Trx.Commit: **C** ConnSH637085510695968980System.Random
11:44:29.442    (INFO)     Trx.Start: **** ConnSH637085510696728987System.Random
11:44:29.442    (INFO)     Trx.Commit: **C** ConnSH637085510696728987System.Random
11:44:29.442    (INFO)     Trx.Start: **** ConnSH637085510698788864System.Random
11:44:29.442    (INFO)     Trx.Commit: **C** ConnSH637085510698788864System.Random
11:44:29.442    (INFO)     Trx.Start: **** ConnSH637085510699569730System.Random
11:44:30.443    (INFO)     Trx.Commit: **C** ConnSH637085510699569730System.Random
11:44:30.443    (INFO)     MWFActivity.Run: MWFActivity[1292509,Node=Start,State=ON,AD_User_ID=101,11/5/2019 6:14:28 AM]
11:44:30.443    (INFO)     Trx.Start: **** ConnSH637085510701451084System.Random
11:44:30.443    (INFO)     Trx.Commit: **C** ConnSH637085510701451084System.Random
11:44:30.443    (INFO)     Trx.Start: **** ConnSH637085510702531001System.Random
11:44:30.443    (INFO)     Trx.Commit: **C** ConnSH637085510702531001System.Random
11:44:30.443    (INFO)     MWFProcess.CheckActivities: MWFProcess[1098041, AD_Workflow_ID=1000040, WFState=OR]
11:45:34.453    (INFO)     MWFActivity.PerformWork: MWFNode[1000166-Start,Action=Sleep:WaitTime=0] [VAdvantage.DataBase.Trx]
11:45:34.453    (INFO)     Trx.Start: **** ConnSH637085511340062661System.Random
11:45:34.453    (INFO)     Trx.Commit: **C** ConnSH637085511340062661System.Random
11:45:34.453    (INFO)     Trx.Start: **** ConnSH637085511340862650System.Random
11:45:34.453    (INFO)     Trx.Commit: **C** ConnSH637085511340862650System.Random
11:45:34.453    (INFO)     MWFProcess.CheckActivities: MWFProcess[1098041, AD_Workflow_ID=1000040, WFState=OR]
11:45:39.453    (INFO)     Trx.Start: **** ConnSH637085511395967414System.Random
11:45:39.453    (INFO)     Trx.Commit: **C** ConnSH637085511395967414System.Random
11:45:40.454    (INFO)     MTable.GetPO: Using GenericPO for Test_Version
11:45:40.454    (INFO)     Trx.Start: **** ConnSH637085511405707230System.Random
11:45:40.454    (INFO)     Trx.Commit: **C** ConnSH637085511405707230System.Random
11:45:40.454    (INFO)     Trx.Start: **** ConnSH637085511406377548System.Random
11:45:40.454    (INFO)     Trx.Commit: **C** ConnSH637085511406377548System.Random
11:45:40.454    (INFO)     Trx.Start: **** ConnSH637085511408362209System.Random
11:45:40.454    (INFO)     Trx.Commit: **C** ConnSH637085511408362209System.Random
11:45:40.454    (INFO)     Trx.Start: **** ConnSH637085511409042115System.Random
11:45:40.454    (INFO)     Trx.Commit: **C** ConnSH637085511409042115System.Random
11:45:41.454    (INFO)     MWFActivity.Run: MWFActivity[1292510,Node=Approval,State=ON,AD_User_ID=101,11/5/2019 6:15:39 AM]
11:45:41.454    (INFO)     Trx.Start: **** ConnSH637085511411261996System.Random
11:45:41.454    (INFO)     Trx.Commit: **C** ConnSH637085511411261996System.Random
11:45:41.454    (INFO)     Trx.Start: **** ConnSH637085511412071939System.Random
11:45:41.454    (INFO)     Trx.Commit: **C** ConnSH637085511412071939System.Random
11:45:41.454    (INFO)     MWFProcess.CheckActivities: MWFProcess[1098041, AD_Workflow_ID=1000040, WFState=OR]
11:45:51.455    (INFO)     MWFActivity.PerformWork: MWFNode[1000167-Approval,Action=UserChoice:AD_Column_ID=1027736] [VAdvantage.DataBase.Trx]
11:45:51.455    (INFO)     Trx.Start: **** ConnSH637085511514551226System.Random
11:45:51.455    (INFO)     Trx.Commit: **C** ConnSH637085511514551226System.Random
11:45:51.455    (INFO)     Trx.Start: **** ConnSH637085511515385476System.Random
11:45:51.455    (INFO)     Trx.Commit: **C** ConnSH637085511515385476System.Random
11:45:51.455    (INFO)     MWFProcess.CheckActivities: MWFProcess[1098041, AD_Workflow_ID=1000040, WFState=OR]
11:45:59.455    (INFO)     Trx.Start: **** ConnSH637085511598733496System.Random
11:45:59.455    (INFO)     Trx.Commit: **C** ConnSH637085511598733496System.Random
11:46:02.462    (INFO)     Trx.Start: **** ConnSH637085511620270249System.Random
11:46:02.462    (INFO)     Trx.Commit: **C** ConnSH637085511620270249System.Random
*** 11/5/2019 12:41:00 PM VAdvantage Log ***
