*** 12/2/2019 5:10:51 PM VAdvantage Log  ***
----------->     (WARNING)  GridTable.GetField: Not found: 'Created'
----------->     (WARNING)  GridTable.GetField: Not found: 'CreatedBy'
----------->     (WARNING)  GridTable.GetField: Not found: 'Updated'
----------->     (WARNING)  GridTable.GetField: Not found: 'UpdatedBy'
05:10:51.105    (INFO)     Trx.Start: **** ConnSH637109034518411891System.Random
05:10:51.105    (INFO)     Trx.Commit: **C** ConnSH637109034518411891System.Random
05:10:52.105    (INFO)     Trx.Start: **** ConnSH637109034527751725System.Random
05:10:52.105    (INFO)     Trx.Commit: **C** ConnSH637109034527751725System.Random
05:10:54.105    (INFO)     MSession.Logout: 06:30:20.177
===========>     (SEVERE)   LDAP.Validate: Error in LDAP for user SuperUser : The server is not operational.

===========>     (SEVERE)   LDAP.Validate: Error in LDAP for user SuperUser : The server is not operational.

05:11:41.114    (INFO)     MRole.Get: AD_Role_ID=0, AD_User_ID=100, reload=True
05:11:41.114    (INFO)     MRole.Get: MRole[0,System Administrator,UserLevel=S  ,AD_Client_ID=0,AD_Org_ID=0]
05:11:41.114    (INFO)     MRole.Get: AD_Role_ID=0, AD_User_ID=100, reload=True
05:11:41.114    (INFO)     MRole.Get: MRole[0,System Administrator,UserLevel=S  ,AD_Client_ID=0,AD_Org_ID=0]
05:11:41.114    (INFO)     MTree.Load: AD_Tree_ID=121, AD_User_ID=100, Editable=False, OnClient=True
===========>     (SEVERE)   MTree.LoadNodes: Nodes w/o parent - adding to root - System.Collections.Generic.List`1[VAdvantage.Classes.VTreeNode]
05:11:41.114    (INFO)     Trx.Start: **** ConnSH637109035019039408System.Random
05:11:41.114    (INFO)     Trx.Commit: **C** ConnSH637109035019039408System.Random
----------->     (WARNING)  AccessSqlParser.GetTableInfo: More than one FROM clause - SELECT AppointmentsInfo.Appointmentsinfo_id AS ID,AppointmentsInfo.AD_Client_ID,AppointmentsInfo.AD_Org_ID  FROM AppointmentsInfo JOIN AD_User ON AD_User.AD_User_ID =AppointmentsInfo.CreatedBy WHERE AppointmentsInfo.IsRead='N' AND AppointmentsInfo.istask ='N'  AND AppointmentsInfo.AD_User_ID  = 100  UNION SELECT AppointmentsInfo.Appointmentsinfo_id AS ID, AppointmentsInfo.AD_Client_ID,AppointmentsInfo.AD_Org_ID FROM AppointmentsInfo  JOIN AD_User ON AD_User.AD_User_ID = AppointmentsInfo.CreatedBy  WHERE (AppointmentsInfo.IsRead ='Y'   AND AppointmentsInfo.AD_User_ID = 100 )  AND AppointmentsInfo.istask ='N'  AND AppointmentsInfo.startDate BETWEEN to_date('12/01/19','mm/dd/yy') and to_date('12/09/19 23.59','mm/dd/yy HH24:MI')   OR  to_date('12/02/19','mm/dd/yy')  BETWEEN  AppointmentsInfo.startDate  AND AppointmentsInfo.endDate  AND  AppointmentsInfo.CreatedBy  !=100 AND AppointmentsInfo.AD_User_ID  = 100)
----------->     (WARNING)  AccessSqlParser.GetTableInfo: Could not remove ON AppointmentsInfo JOIN AD_User ON AD_User.AD_User_ID =AppointmentsInfo.CreatedBy
05:11:46.114    (INFO)     Trx.Start: **** ConnSH637109035063685723System.Random
05:11:46.114    (INFO)     Trx.Commit: **C** ConnSH637109035063685723System.Random
05:11:46.114    (INFO)     MChangeLog.FillChangeLog: #9
05:11:46.114    (INFO)     CacheReset.DoIt: 
05:11:46.114    (INFO)     Env.Reset: finalCall=False
05:11:46.114    (INFO)     CacheMgt.Reset: #17 (7898)
05:11:46.114    (INFO)     MRole.Get: AD_Role_ID=0, AD_User_ID=0, reload=True
05:11:46.114    (INFO)     MRole.Get: MRole[0,System Administrator,UserLevel=S  ,AD_Client_ID=0,AD_Org_ID=0]
05:11:46.114    (INFO)     MRole.Get: AD_Role_ID=0, AD_User_ID=100, reload=True
05:11:46.114    (INFO)     MRole.Get: MRole[0,System Administrator,UserLevel=S  ,AD_Client_ID=0,AD_Org_ID=0]
05:11:46.114    (INFO)     MChangeLog.FillChangeLog: #9
05:11:46.114    (INFO)     CacheMgt.Reset: AD_Process: #1 (1)
05:11:46.114    (INFO)     Trx.Start: **** ConnSH637109035068545316System.Random
05:11:46.114    (INFO)     Trx.Commit: **C** ConnSH637109035068545316System.Random
05:11:47.114    (INFO)     Msg.InitMsg: Records=5823 - en_US
05:11:47.114    (INFO)     Trx.Start: **** ConnSH637109035074918322System.Random
05:11:47.114    (INFO)     Trx.Commit: **C** ConnSH637109035074918322System.Random
----------->     (WARNING)  GridTable.GetField: Not found: 'Created'
----------->     (WARNING)  GridTable.GetField: Not found: 'CreatedBy'
----------->     (WARNING)  GridTable.GetField: Not found: 'Updated'
----------->     (WARNING)  GridTable.GetField: Not found: 'UpdatedBy'
----------->     (WARNING)  GridTable.GetField: Not found: 'Created'
----------->     (WARNING)  GridTable.GetField: Not found: 'CreatedBy'
----------->     (WARNING)  GridTable.GetField: Not found: 'Updated'
----------->     (WARNING)  GridTable.GetField: Not found: 'UpdatedBy'
----------->     (WARNING)  GridTable.GetField: Not found: 'Created'
----------->     (WARNING)  GridTable.GetField: Not found: 'CreatedBy'
----------->     (WARNING)  GridTable.GetField: Not found: 'Updated'
----------->     (WARNING)  GridTable.GetField: Not found: 'UpdatedBy'
----------->     (WARNING)  GridTable.GetField: Not found: 'Created'
----------->     (WARNING)  GridTable.GetField: Not found: 'CreatedBy'
----------->     (WARNING)  GridTable.GetField: Not found: 'Updated'
----------->     (WARNING)  GridTable.GetField: Not found: 'UpdatedBy'
----------->     (WARNING)  GridTable.GetField: Not found: 'Created'
----------->     (WARNING)  GridTable.GetField: Not found: 'CreatedBy'
----------->     (WARNING)  GridTable.GetField: Not found: 'Updated'
----------->     (WARNING)  GridTable.GetField: Not found: 'UpdatedBy'
----------->     (WARNING)  GridTable.GetField: Not found: 'Created'
----------->     (WARNING)  GridTable.GetField: Not found: 'CreatedBy'
----------->     (WARNING)  GridTable.GetField: Not found: 'Updated'
----------->     (WARNING)  GridTable.GetField: Not found: 'UpdatedBy'
----------->     (WARNING)  GridTable.GetField: Not found: 'Created'
----------->     (WARNING)  GridTable.GetField: Not found: 'CreatedBy'
----------->     (WARNING)  GridTable.GetField: Not found: 'Updated'
----------->     (WARNING)  GridTable.GetField: Not found: 'UpdatedBy'
----------->     (WARNING)  GridTable.GetField: Not found: 'Created'
----------->     (WARNING)  GridTable.GetField: Not found: 'CreatedBy'
----------->     (WARNING)  GridTable.GetField: Not found: 'Updated'
----------->     (WARNING)  GridTable.GetField: Not found: 'UpdatedBy'
05:11:53.115    (INFO)     Trx.Start: **** ConnSH637109035134804362System.Random
05:11:53.115    (INFO)     Trx.Commit: **C** ConnSH637109035134804362System.Random
05:11:53.115    (INFO)     Trx.Start: **** ConnSH637109035135879793System.Random
05:11:53.115    (INFO)     Trx.Commit: **C** ConnSH637109035135879793System.Random
05:11:54.115    (INFO)     Trx.Start: **** ConnSH637109035148037280System.Random
05:11:54.115    (INFO)     Trx.Commit: **C** ConnSH637109035148037280System.Random
05:11:54.115    (INFO)     Trx.Start: **** ConnSH637109035149057165System.Random
05:11:54.115    (INFO)     Trx.Commit: **C** ConnSH637109035149057165System.Random
05:11:58.115    (INFO)     Trx.Start: **** ConnSH637109035183331657System.Random
05:11:58.115    (INFO)     Trx.Commit: **C** ConnSH637109035183331657System.Random
05:12:03.123    (INFO)     Trx.Start: **** ConnSH637109035234447151System.Random
05:12:03.123    (INFO)     Trx.Commit: **C** ConnSH637109035234447151System.Random
05:12:07.127    (INFO)     Trx.Start: **** ConnSH637109035276595386System.Random
05:12:07.127    (INFO)     Trx.Commit: **C** ConnSH637109035276595386System.Random
05:12:07.127    (INFO)     ColumnSync.DoIt: C_Column_ID=2067
05:12:07.127    (INFO)     Trx.Start: **** SvrProcess
05:12:07.127    (INFO)     ColumnSync.AddLog: 0 - 1/1/0001 12:00:00 AM - 1 - ALTER TABLE C_TaxCategory MODIFY  AD_Client_ID  NUMBER(10) DEFAULT  NULL 
===========>     (SEVERE)   OracleHelper.ExecuteNonQuery: ORA-00936: missing expression [Query NQTrx]UPDATE C_TaxCategory SET AD_Client_ID=@#AD_Client_ID@ WHERE AD_Client_ID IS NULL
===========>     (SEVERE)   DB.ExecuteQuery: SvrProcess => ORA-00936: missing expression
----------->     (WARNING)  DB.ExecuteQuery: DBExecuteError - ORA-00936: missing expression
