*** 11/5/2019 6:38:49 PM VAdvantage Log  ***
06:38:49.384    (INFO)     Trx.Start: **** ConnSH637085759295854380System.Random
06:38:49.384    (INFO)     Trx.Commit: **C** ConnSH637085759295854380System.Random
06:39:14.391    (INFO)     Trx.Start: **** ConnSH637085759546344128System.Random
06:39:14.391    (INFO)     Trx.Commit: **C** ConnSH637085759546344128System.Random
----------->     (WARNING)  GridTable.GetField: Not found: 'Created'
----------->     (WARNING)  GridTable.GetField: Not found: 'CreatedBy'
----------->     (WARNING)  GridTable.GetField: Not found: 'Updated'
----------->     (WARNING)  GridTable.GetField: Not found: 'UpdatedBy'
----------->     (WARNING)  GridTable.GetField: Not found: 'Created'
----------->     (WARNING)  GridTable.GetField: Not found: 'CreatedBy'
----------->     (WARNING)  GridTable.GetField: Not found: 'Updated'
----------->     (WARNING)  GridTable.GetField: Not found: 'UpdatedBy'
----------->     (WARNING)  GridTable.GetField: Not found: 'Created'
----------->     (WARNING)  GridTable.GetField: Not found: 'CreatedBy'
----------->     (WARNING)  GridTable.GetField: Not found: 'Updated'
----------->     (WARNING)  GridTable.GetField: Not found: 'UpdatedBy'
----------->     (WARNING)  GridTable.GetField: Not found: 'Created'
----------->     (WARNING)  GridTable.GetField: Not found: 'CreatedBy'
----------->     (WARNING)  GridTable.GetField: Not found: 'Updated'
----------->     (WARNING)  GridTable.GetField: Not found: 'UpdatedBy'
----------->     (WARNING)  GridTable.GetField: Not found: 'Created'
----------->     (WARNING)  GridTable.GetField: Not found: 'CreatedBy'
----------->     (WARNING)  GridTable.GetField: Not found: 'Updated'
----------->     (WARNING)  GridTable.GetField: Not found: 'UpdatedBy'
----------->     (WARNING)  GridTable.GetField: Not found: 'Created'
----------->     (WARNING)  GridTable.GetField: Not found: 'CreatedBy'
----------->     (WARNING)  GridTable.GetField: Not found: 'Updated'
----------->     (WARNING)  GridTable.GetField: Not found: 'UpdatedBy'
----------->     (WARNING)  GridTable.GetField: Not found: 'Created'
----------->     (WARNING)  GridTable.GetField: Not found: 'CreatedBy'
----------->     (WARNING)  GridTable.GetField: Not found: 'Updated'
----------->     (WARNING)  GridTable.GetField: Not found: 'UpdatedBy'
----------->     (WARNING)  GridTable.GetField: Not found: 'Created'
----------->     (WARNING)  GridTable.GetField: Not found: 'CreatedBy'
----------->     (WARNING)  GridTable.GetField: Not found: 'Updated'
----------->     (WARNING)  GridTable.GetField: Not found: 'UpdatedBy'
----------->     (WARNING)  GridTable.GetField: Not found: 'Created'
----------->     (WARNING)  GridTable.GetField: Not found: 'CreatedBy'
----------->     (WARNING)  GridTable.GetField: Not found: 'Updated'
----------->     (WARNING)  GridTable.GetField: Not found: 'UpdatedBy'
----------->     (WARNING)  GridTable.GetField: Not found: 'Created'
----------->     (WARNING)  GridTable.GetField: Not found: 'CreatedBy'
----------->     (WARNING)  GridTable.GetField: Not found: 'Updated'
----------->     (WARNING)  GridTable.GetField: Not found: 'UpdatedBy'
----------->     (WARNING)  GridTable.GetField: Not found: 'Created'
----------->     (WARNING)  GridTable.GetField: Not found: 'CreatedBy'
----------->     (WARNING)  GridTable.GetField: Not found: 'Updated'
----------->     (WARNING)  GridTable.GetField: Not found: 'UpdatedBy'
----------->     (WARNING)  GridTable.GetField: Not found: 'Created'
----------->     (WARNING)  GridTable.GetField: Not found: 'CreatedBy'
----------->     (WARNING)  GridTable.GetField: Not found: 'Updated'
----------->     (WARNING)  GridTable.GetField: Not found: 'UpdatedBy'
06:39:31.393    (INFO)     Trx.Start: **** ConnSH637085759711372447System.Random
06:39:31.393    (INFO)     Trx.Commit: **C** ConnSH637085759711372447System.Random
06:39:32.393    (INFO)     Trx.Start: **** ConnSH637085759725320316System.Random
06:39:32.393    (INFO)     Trx.Commit: **C** ConnSH637085759725320316System.Random
06:40:12.401    (INFO)     MSession.Logout: 07:52:45.936
===========>     (SEVERE)   LDAP.Validate: Error in LDAP for user IdeasIncAdmin : The server is not operational.

===========>     (SEVERE)   LDAP.Validate: Error in LDAP for user IdeasIncAdmin : The server is not operational.

06:41:33.413    (INFO)     MRole.Get: AD_Role_ID=102, AD_User_ID=101, reload=True
06:41:33.413    (INFO)     MRole.Get: MRole[102,IdeasInc Admin,UserLevel= CO,AD_Client_ID IN (0,11),]
06:41:33.413    (INFO)     MTree.Load: AD_Tree_ID=121, AD_User_ID=101, Editable=False, OnClient=True
===========>     (SEVERE)   MTree.LoadNodes: Nodes w/o parent - adding to root - System.Collections.Generic.List`1[VAdvantage.Classes.VTreeNode]
06:41:33.413    (INFO)     Trx.Start: **** ConnSH637085760938935544System.Random
06:41:34.413    (INFO)     Trx.Commit: **C** ConnSH637085760938935544System.Random
----------->     (WARNING)  AccessSqlParser.GetTableInfo: More than one FROM clause - SELECT AppointmentsInfo.Appointmentsinfo_id AS ID,AppointmentsInfo.AD_Client_ID,AppointmentsInfo.AD_Org_ID  FROM AppointmentsInfo JOIN AD_User ON AD_User.AD_User_ID =AppointmentsInfo.CreatedBy WHERE AppointmentsInfo.IsRead='N' AND AppointmentsInfo.istask ='N'  AND AppointmentsInfo.AD_User_ID  = 101  UNION SELECT AppointmentsInfo.Appointmentsinfo_id AS ID, AppointmentsInfo.AD_Client_ID,AppointmentsInfo.AD_Org_ID FROM AppointmentsInfo  JOIN AD_User ON AD_User.AD_User_ID = AppointmentsInfo.CreatedBy  WHERE (AppointmentsInfo.IsRead ='Y'   AND AppointmentsInfo.AD_User_ID = 101 )  AND AppointmentsInfo.istask ='N'  AND AppointmentsInfo.startDate BETWEEN to_date('11/04/19','mm/dd/yy') and to_date('11/12/19 23.59','mm/dd/yy HH24:MI')   OR  to_date('11/05/19','mm/dd/yy')  BETWEEN  AppointmentsInfo.startDate  AND AppointmentsInfo.endDate  AND  AppointmentsInfo.CreatedBy  !=101 AND AppointmentsInfo.AD_User_ID  = 101)
----------->     (WARNING)  AccessSqlParser.GetTableInfo: Could not remove ON AppointmentsInfo JOIN AD_User ON AD_User.AD_User_ID =AppointmentsInfo.CreatedBy
06:41:45.414    (INFO)     Trx.Start: **** ConnSH637085761052422057System.Random
06:41:45.414    (INFO)     Trx.Commit: **C** ConnSH637085761052422057System.Random
06:41:45.414    (INFO)     CacheReset.DoIt: 
06:41:45.414    (INFO)     Env.Reset: finalCall=False
06:41:45.414    (INFO)     CacheMgt.Reset: #18 (8242)
06:41:45.414    (INFO)     MRole.Get: AD_Role_ID=0, AD_User_ID=0, reload=True
06:41:45.414    (INFO)     MRole.Get: MRole[0,System Administrator,UserLevel=S  ,AD_Client_ID=0,AD_Org_ID=0]
06:41:45.414    (INFO)     MRole.Get: AD_Role_ID=102, AD_User_ID=101, reload=True
06:41:45.414    (INFO)     MRole.Get: MRole[102,IdeasInc Admin,UserLevel= CO,AD_Client_ID IN (0,11),]
06:41:45.414    (INFO)     MChangeLog.FillChangeLog: #9
06:41:45.414    (INFO)     CacheMgt.Reset: AD_Process: #1 (1)
06:41:45.414    (INFO)     Trx.Start: **** ConnSH637085761058472911System.Random
06:41:45.414    (INFO)     Trx.Commit: **C** ConnSH637085761058472911System.Random
06:41:45.414    (INFO)     Trx.Start: **** ConnSH637085761059702824System.Random
06:41:46.414    (INFO)     Trx.Commit: **C** ConnSH637085761059702824System.Random
06:41:46.414    (INFO)     Msg.InitMsg: Records=5818 - en_US
06:41:46.414    (INFO)     Trx.Start: **** ConnSH637085761067256466System.Random
06:41:46.414    (INFO)     Trx.Commit: **C** ConnSH637085761067256466System.Random
06:41:46.414    (INFO)     Trx.Start: **** ConnSH637085761068195754System.Random
06:41:46.414    (INFO)     Trx.Commit: **C** ConnSH637085761068195754System.Random
----------->     (WARNING)  GridTable.GetField: Not found: 'Created'
----------->     (WARNING)  GridTable.GetField: Not found: 'CreatedBy'
----------->     (WARNING)  GridTable.GetField: Not found: 'Updated'
----------->     (WARNING)  GridTable.GetField: Not found: 'UpdatedBy'
06:41:49.414    (INFO)     Trx.Start: **** ConnSH637085761098803852System.Random
06:41:49.414    (INFO)     Trx.Commit: **C** ConnSH637085761098803852System.Random
06:41:49.414    (INFO)     Trx.Start: **** ConnSH637085761099713778System.Random
06:41:50.415    (INFO)     Trx.Commit: **C** ConnSH637085761099713778System.Random
06:41:52.415    (INFO)     Trx.Start: **** ConnSH637085761129417024System.Random
06:41:53.415    (INFO)     Trx.Commit: **C** ConnSH637085761129417024System.Random
06:41:53.415    (INFO)     Trx.Start: **** ConnSH637085761130566922System.Random
06:41:53.415    (INFO)     Trx.Commit: **C** ConnSH637085761130566922System.Random
06:42:09.429    (INFO)     Trx.Start: **** ConnSH637085761290277123System.Random
