*** 11/12/2019 1:22:33 PM VAdvantage Log  ***
01:22:33.223    (INFO)     Trx.Start: **** ConnSH637091617534226306System.Random
01:22:33.223    (INFO)     Trx.Commit: **C** ConnSH637091617534226306System.Random
01:22:33.223    (INFO)     MChangeLog.FillChangeLog: #9
01:22:33.223    (INFO)     CacheReset.DoIt: 
01:22:33.223    (INFO)     Env.Reset: finalCall=False
01:22:33.223    (INFO)     CacheMgt.Reset: #16 (7876)
01:22:33.223    (INFO)     MRole.Get: AD_Role_ID=0, AD_User_ID=0, reload=True
01:22:33.223    (INFO)     MRole.Get: MRole[0,System Administrator,UserLevel=S  ,AD_Client_ID=0,AD_Org_ID=0]
01:22:33.223    (INFO)     MRole.Get: AD_Role_ID=102, AD_User_ID=101, reload=True
01:22:33.223    (INFO)     MRole.Get: MRole[102,IdeasInc Admin,UserLevel= CO,AD_Client_ID IN (0,11),]
01:22:33.223    (INFO)     MChangeLog.FillChangeLog: #9
01:22:33.223    (INFO)     CacheMgt.Reset: AD_Process: #1 (1)
01:22:33.223    (INFO)     Trx.Start: **** ConnSH637091617539756062System.Random
01:22:34.223    (INFO)     Trx.Commit: **C** ConnSH637091617539756062System.Random
01:22:34.223    (INFO)     Trx.Start: **** ConnSH637091617540747329System.Random
01:22:34.223    (INFO)     Trx.Commit: **C** ConnSH637091617540747329System.Random
01:22:34.223    (INFO)     Msg.InitMsg: Records=5823 - en_US
01:22:34.223    (INFO)     Trx.Start: **** ConnSH637091617547773729System.Random
01:22:34.223    (INFO)     Trx.Commit: **C** ConnSH637091617547773729System.Random
01:22:34.223    (INFO)     Trx.Start: **** ConnSH637091617548444124System.Random
01:22:34.223    (INFO)     Trx.Commit: **C** ConnSH637091617548444124System.Random
----------->     (WARNING)  GridTable.GetField: Not found: 'Created'
----------->     (WARNING)  GridTable.GetField: Not found: 'CreatedBy'
----------->     (WARNING)  GridTable.GetField: Not found: 'Updated'
----------->     (WARNING)  GridTable.GetField: Not found: 'UpdatedBy'
----------->     (WARNING)  GridTable.GetField: Not found: 'Created'
----------->     (WARNING)  GridTable.GetField: Not found: 'CreatedBy'
----------->     (WARNING)  GridTable.GetField: Not found: 'Updated'
----------->     (WARNING)  GridTable.GetField: Not found: 'UpdatedBy'
----------->     (WARNING)  GridTable.GetField: Not found: 'Created'
----------->     (WARNING)  GridTable.GetField: Not found: 'CreatedBy'
----------->     (WARNING)  GridTable.GetField: Not found: 'Updated'
----------->     (WARNING)  GridTable.GetField: Not found: 'UpdatedBy'
01:22:38.223    (INFO)     Trx.Start: **** ConnSH637091617585403326System.Random
01:22:38.223    (INFO)     Trx.Commit: **C** ConnSH637091617585403326System.Random
01:22:38.223    (INFO)     Trx.Start: **** ConnSH637091617586237462System.Random
01:22:38.223    (INFO)     Trx.Commit: **C** ConnSH637091617586237462System.Random
01:22:39.223    (INFO)     Trx.Start: **** ConnSH637091617591243031System.Random
01:22:39.223    (INFO)     Trx.Commit: **C** ConnSH637091617591243031System.Random
01:22:39.223    (INFO)     Trx.Start: **** ConnSH637091617592072903System.Random
01:22:39.223    (INFO)     Trx.Commit: **C** ConnSH637091617592072903System.Random
01:22:46.224    (INFO)     MTable.GetPO: Using GenericPO for C_TaxCategory_Version
01:22:46.224    (INFO)     Trx.Start: **** ConnSH637091617668370689System.Random
01:22:46.224    (INFO)     Trx.Commit: **C** ConnSH637091617668370689System.Random
===========>     (SEVERE)   DB.ExecuteQuery:  => ORA-00942: table or view does not exist
----------->     (WARNING)  DB.ExecuteQuery: DBExecuteError - ORA-00942: table or view does not exist
