*** 10/25/2019 1:14:59 PM VAdvantage Log  ***
----------->     (WARNING)  GridTable.GetField: Not found: 'Created'
----------->     (WARNING)  GridTable.GetField: Not found: 'CreatedBy'
----------->     (WARNING)  GridTable.GetField: Not found: 'Updated'
----------->     (WARNING)  GridTable.GetField: Not found: 'UpdatedBy'
01:14:59.145    (INFO)     Trx.Start: **** ConnSH637076060998892673System.Random
01:14:59.145    (INFO)     Trx.Commit: **C** ConnSH637076060998892673System.Random
01:15:03.153    (INFO)     Trx.Start: **** ConnSH637076061033467186System.Random
01:15:03.153    (INFO)     Trx.Commit: **C** ConnSH637076061033467186System.Random
01:15:07.157    (INFO)     Trx.Start: **** ConnSH637076061076141514System.Random
01:15:07.157    (INFO)     Trx.Commit: **C** ConnSH637076061076141514System.Random
01:15:07.157    (INFO)     MChangeLog.FillChangeLog: #9
01:15:07.157    (INFO)     CacheReset.DoIt: 
01:15:07.157    (INFO)     Env.Reset: finalCall=False
01:15:07.157    (INFO)     CacheMgt.Reset: #19 (9463)
01:15:07.157    (INFO)     MRole.Get: AD_Role_ID=0, AD_User_ID=0, reload=True
01:15:07.157    (INFO)     MRole.Get: MRole[0,System Administrator,UserLevel=S  ,AD_Client_ID=0,AD_Org_ID=0]
01:15:07.157    (INFO)     MRole.Get: AD_Role_ID=102, AD_User_ID=101, reload=True
01:15:08.158    (INFO)     MRole.Get: MRole[102,IdeasInc Admin,UserLevel= CO,AD_Client_ID IN (0,11),]
01:15:08.158    (INFO)     MChangeLog.FillChangeLog: #9
01:15:08.158    (INFO)     CacheMgt.Reset: AD_Process: #1 (1)
01:15:08.158    (INFO)     Trx.Start: **** ConnSH637076061081581191System.Random
01:15:08.158    (INFO)     Trx.Commit: **C** ConnSH637076061081581191System.Random
01:15:08.158    (INFO)     Trx.Start: **** ConnSH637076061082412270System.Random
01:15:08.158    (INFO)     Trx.Commit: **C** ConnSH637076061082412270System.Random
01:15:09.159    (INFO)     Msg.InitMsg: Records=5818 - en_US
01:15:09.159    (INFO)     Trx.Start: **** ConnSH637076061090166523System.Random
01:15:09.159    (INFO)     Trx.Commit: **C** ConnSH637076061090166523System.Random
01:15:09.159    (INFO)     Trx.Start: **** ConnSH637076061090910767System.Random
01:15:09.159    (INFO)     Trx.Commit: **C** ConnSH637076061090910767System.Random
----------->     (WARNING)  GridTable.GetField: Not found: 'Created'
----------->     (WARNING)  GridTable.GetField: Not found: 'CreatedBy'
----------->     (WARNING)  GridTable.GetField: Not found: 'Updated'
----------->     (WARNING)  GridTable.GetField: Not found: 'UpdatedBy'
01:15:18.151    (INFO)     Trx.Start: **** ConnSH637076061186075705System.Random
01:15:18.151    (INFO)     Trx.Commit: **C** ConnSH637076061186075705System.Random
01:15:18.151    (INFO)     Trx.Start: **** ConnSH637076061186845587System.Random
01:15:18.151    (INFO)     Trx.Commit: **C** ConnSH637076061186845587System.Random
01:15:19.151    (INFO)     Trx.Start: **** ConnSH637076061190196447System.Random
01:15:19.151    (INFO)     Trx.Commit: **C** ConnSH637076061190196447System.Random
01:15:19.151    (INFO)     Trx.Start: **** ConnSH637076061191036302System.Random
01:15:19.151    (INFO)     Trx.Commit: **C** ConnSH637076061191036302System.Random
01:16:58.165    (INFO)     MSession.Logout: 06:32:40.816
----------->     (WARNING)  MSession.Get: Session Processed=X_AD_Session[1026748]
===========>     (SEVERE)   LDAP.Validate: Error in LDAP for user IdeasIncAdmin : The server is not operational.

01:17:19.171    (INFO)     MRole.Get: AD_Role_ID=102, AD_User_ID=101, reload=True
01:17:20.172    (INFO)     MRole.Get: MRole[102,IdeasInc Admin,UserLevel= CO,AD_Client_ID IN (0,11),]
01:17:20.172    (INFO)     MTree.Load: AD_Tree_ID=121, AD_User_ID=101, Editable=False, OnClient=True
===========>     (SEVERE)   MTree.LoadNodes: Nodes w/o parent - adding to root - System.Collections.Generic.List`1[VAdvantage.Classes.VTreeNode]
01:17:20.172    (INFO)     Trx.Start: **** ConnSH637076062406453342System.Random
01:17:20.172    (INFO)     Trx.Commit: **C** ConnSH637076062406453342System.Random
----------->     (WARNING)  AccessSqlParser.GetTableInfo: More than one FROM clause - SELECT AppointmentsInfo.Appointmentsinfo_id AS ID,AppointmentsInfo.AD_Client_ID,AppointmentsInfo.AD_Org_ID  FROM AppointmentsInfo JOIN AD_User ON AD_User.AD_User_ID =AppointmentsInfo.CreatedBy WHERE AppointmentsInfo.IsRead='N' AND AppointmentsInfo.istask ='N'  AND AppointmentsInfo.AD_User_ID  = 101  UNION SELECT AppointmentsInfo.Appointmentsinfo_id AS ID, AppointmentsInfo.AD_Client_ID,AppointmentsInfo.AD_Org_ID FROM AppointmentsInfo  JOIN AD_User ON AD_User.AD_User_ID = AppointmentsInfo.CreatedBy  WHERE (AppointmentsInfo.IsRead ='Y'   AND AppointmentsInfo.AD_User_ID = 101 )  AND AppointmentsInfo.istask ='N'  AND AppointmentsInfo.startDate BETWEEN to_date('10/24/19','mm/dd/yy') and to_date('11/01/19 23.59','mm/dd/yy HH24:MI')   OR  to_date('10/25/19','mm/dd/yy')  BETWEEN  AppointmentsInfo.startDate  AND AppointmentsInfo.endDate  AND  AppointmentsInfo.CreatedBy  !=101 AND AppointmentsInfo.AD_User_ID  = 101)
----------->     (WARNING)  AccessSqlParser.GetTableInfo: Could not remove ON AppointmentsInfo JOIN AD_User ON AD_User.AD_User_ID =AppointmentsInfo.CreatedBy
01:17:38.173    (INFO)     AEnv.GetMWindowVO: Cached=VAdvantage.Controller.GridWindowVO
----------->     (WARNING)  GridTable.GetField: Not found: 'Created'
----------->     (WARNING)  GridTable.GetField: Not found: 'CreatedBy'
----------->     (WARNING)  GridTable.GetField: Not found: 'Updated'
----------->     (WARNING)  GridTable.GetField: Not found: 'UpdatedBy'
01:17:38.173    (INFO)     Trx.Start: **** ConnSH637076062586400035System.Random
01:17:38.173    (INFO)     Trx.Commit: **C** ConnSH637076062586400035System.Random
01:17:41.174    (INFO)     Trx.Start: **** ConnSH637076062615376965System.Random
01:17:41.174    (INFO)     Trx.Commit: **C** ConnSH637076062615376965System.Random
01:17:56.175    (INFO)     Trx.Start: **** ConnSH637076062763220864System.Random
01:17:56.175    (INFO)     Trx.Commit: **C** ConnSH637076062763220864System.Random
01:18:11.181    (INFO)     Trx.Start: **** ConnSH637076062915007284System.Random
01:18:11.181    (INFO)     Trx.Commit: **C** ConnSH637076062915007284System.Random
01:18:26.182    (INFO)     Trx.Start: **** ConnSH637076063064842137System.Random
01:18:26.182    (INFO)     Trx.Commit: **C** ConnSH637076063064842137System.Random
01:18:26.182    (INFO)     CacheReset.DoIt: 
01:18:26.182    (INFO)     Env.Reset: finalCall=False
01:18:26.182    (INFO)     CacheMgt.Reset: #21 (9474)
01:18:26.182    (INFO)     MRole.Get: AD_Role_ID=0, AD_User_ID=0, reload=True
01:18:26.182    (INFO)     MRole.Get: MRole[0,System Administrator,UserLevel=S  ,AD_Client_ID=0,AD_Org_ID=0]
01:18:26.182    (INFO)     MRole.Get: AD_Role_ID=102, AD_User_ID=101, reload=True
01:18:26.182    (INFO)     MRole.Get: MRole[102,IdeasInc Admin,UserLevel= CO,AD_Client_ID IN (0,11),]
01:18:26.182    (INFO)     MChangeLog.FillChangeLog: #9
01:18:26.182    (INFO)     CacheMgt.Reset: AD_Process: #1 (1)
01:18:26.182    (INFO)     Trx.Start: **** ConnSH637076063068373771System.Random
01:18:26.182    (INFO)     Trx.Commit: **C** ConnSH637076063068373771System.Random
01:18:26.182    (INFO)     Trx.Start: **** ConnSH637076063069121366System.Random
01:18:26.182    (INFO)     Trx.Commit: **C** ConnSH637076063069121366System.Random
01:18:27.182    (INFO)     Msg.InitMsg: Records=5818 - en_US
01:18:27.182    (INFO)     Trx.Start: **** ConnSH637076063076782135System.Random
01:18:27.182    (INFO)     Trx.Commit: **C** ConnSH637076063076782135System.Random
01:18:27.182    (INFO)     Trx.Start: **** ConnSH637076063077542247System.Random
01:18:27.182    (INFO)     Trx.Commit: **C** ConnSH637076063077542247System.Random
----------->     (WARNING)  GridTable.GetField: Not found: 'Created'
----------->     (WARNING)  GridTable.GetField: Not found: 'CreatedBy'
----------->     (WARNING)  GridTable.GetField: Not found: 'Updated'
----------->     (WARNING)  GridTable.GetField: Not found: 'UpdatedBy'
01:18:32.183    (INFO)     Trx.Start: **** ConnSH637076063123555076System.Random
01:18:32.183    (INFO)     Trx.Commit: **C** ConnSH637076063123555076System.Random
01:18:32.183    (INFO)     Trx.Start: **** ConnSH637076063124484960System.Random
01:18:32.183    (INFO)     Trx.Commit: **C** ConnSH637076063124484960System.Random
01:18:32.183    (INFO)     Trx.Start: **** ConnSH637076063128324231System.Random
01:18:32.183    (INFO)     Trx.Commit: **C** ConnSH637076063128324231System.Random
01:18:32.183    (INFO)     Trx.Start: **** ConnSH637076063129104079System.Random
01:18:32.183    (INFO)     Trx.Commit: **C** ConnSH637076063129104079System.Random
*** 10/26/2019 4:25:30 PM VAdvantage Log ***
