*** 10/16/2019 4:27:35 PM VAdvantage Log  ***
----------->     (WARNING)  GridTable.GetField: Not found: 'Created'
----------->     (WARNING)  GridTable.GetField: Not found: 'CreatedBy'
----------->     (WARNING)  GridTable.GetField: Not found: 'Updated'
----------->     (WARNING)  GridTable.GetField: Not found: 'UpdatedBy'
----------->     (WARNING)  GridTable.GetField: Not found: 'Created'
----------->     (WARNING)  GridTable.GetField: Not found: 'CreatedBy'
----------->     (WARNING)  GridTable.GetField: Not found: 'Updated'
----------->     (WARNING)  GridTable.GetField: Not found: 'UpdatedBy'
----------->     (WARNING)  GridTable.GetField: Not found: 'Created'
----------->     (WARNING)  GridTable.GetField: Not found: 'CreatedBy'
----------->     (WARNING)  GridTable.GetField: Not found: 'Updated'
----------->     (WARNING)  GridTable.GetField: Not found: 'UpdatedBy'
----------->     (WARNING)  GridTable.GetField: Not found: 'Created'
----------->     (WARNING)  GridTable.GetField: Not found: 'CreatedBy'
----------->     (WARNING)  GridTable.GetField: Not found: 'Updated'
----------->     (WARNING)  GridTable.GetField: Not found: 'UpdatedBy'
----------->     (WARNING)  GridTable.GetField: Not found: 'Created'
----------->     (WARNING)  GridTable.GetField: Not found: 'CreatedBy'
----------->     (WARNING)  GridTable.GetField: Not found: 'Updated'
----------->     (WARNING)  GridTable.GetField: Not found: 'UpdatedBy'
----------->     (WARNING)  GridTable.GetField: Not found: 'Created'
----------->     (WARNING)  GridTable.GetField: Not found: 'CreatedBy'
----------->     (WARNING)  GridTable.GetField: Not found: 'Updated'
----------->     (WARNING)  GridTable.GetField: Not found: 'UpdatedBy'
----------->     (WARNING)  GridTable.GetField: Not found: 'Created'
----------->     (WARNING)  GridTable.GetField: Not found: 'CreatedBy'
----------->     (WARNING)  GridTable.GetField: Not found: 'Updated'
----------->     (WARNING)  GridTable.GetField: Not found: 'UpdatedBy'
----------->     (WARNING)  GridTable.GetField: Not found: 'Created'
----------->     (WARNING)  GridTable.GetField: Not found: 'CreatedBy'
----------->     (WARNING)  GridTable.GetField: Not found: 'Updated'
----------->     (WARNING)  GridTable.GetField: Not found: 'UpdatedBy'
04:27:35.273    (INFO)     Trx.Start: **** ConnSH637068400553344024System.Random
04:27:35.273    (INFO)     Trx.Commit: **C** ConnSH637068400553344024System.Random
04:27:37.273    (INFO)     Trx.Start: **** ConnSH637068400572232583System.Random
04:27:37.273    (INFO)     Trx.Commit: **C** ConnSH637068400572232583System.Random
04:27:39.273    (INFO)     Trx.Start: **** ConnSH637068400593336990System.Random
04:27:39.273    (INFO)     Trx.Commit: **C** ConnSH637068400593336990System.Random
04:27:41.274    (INFO)     Trx.Start: **** ConnSH637068400616846884System.Random
04:27:41.274    (INFO)     Trx.Commit: **C** ConnSH637068400616846884System.Random
04:27:53.275    (INFO)     Trx.Start: **** ConnSH637068400737673970System.Random
04:27:53.275    (INFO)     Trx.Commit: **C** ConnSH637068400737673970System.Random
04:27:53.275    (INFO)     MChangeLog.FillChangeLog: #9
04:27:57.275    (INFO)     ColumnSync.DoIt: C_Column_ID=763
04:27:57.275    (INFO)     Trx.Start: **** SvrProcess
04:28:01.281    (INFO)     ColumnSync.AddLog: 0 - 1/1/0001 12:00:00 AM - 1 - ALTER TABLE Test MODIFY  AD_Client_ID  NUMBER(10) DEFAULT  NULL 
===========>     (SEVERE)   OracleHelper.ExecuteNonQuery: ORA-00936: missing expression [Query NQTrx]UPDATE Test SET AD_Client_ID=@#AD_Client_ID@ WHERE AD_Client_ID IS NULL
===========>     (SEVERE)   DB.ExecuteQuery: SvrProcess => ORA-00936: missing expression
----------->     (WARNING)  DB.ExecuteQuery: DBExecuteError - ORA-00936: missing expression
04:28:01.281    (INFO)     ColumnSync.AddLog: 0 - 1/1/0001 12:00:00 AM - -1 - UPDATE Test SET AD_Client_ID=@#AD_Client_ID@ WHERE AD_Client_ID IS NULL
04:28:08.288    (INFO)     ColumnSync.AddLog: 0 -  - 1 - ALTER TABLE Test DROP CONSTRAINT FK135_763
04:28:08.288    (INFO)     ColumnSync.AddLog: 0 -  - 1 - ALTER TABLE Test ADD CONSTRAINT FK135_763 FOREIGN KEY (AD_Client_ID) REFERENCES AD_Client (AD_Client_ID)
04:28:14.281    (INFO)     Trx.Start: **** ConnSH637068400949068690System.Random
04:28:14.281    (INFO)     Trx.Commit: **C** ConnSH637068400949068690System.Random
04:28:35.283    (INFO)     MasterVersions.AddLog: 0 - 1/1/0001 12:00:00 AM - 1 - ALTER TABLE Test_Version MODIFY  AD_Client_ID  NUMBER(10) DEFAULT  NULL 
04:31:00.310    (INFO)     MasterVersions.InsertVersionData: Master Version Insertion QueryINSERT INTO Test_Version(AD_Client_ID,AD_FilePath,AD_Org_ID,Account_Acct,BinaryData,C_BPartner_ID,C_Currency_ID,C_GenAttributeSetInstance_ID,C_GenAttributeSet_ID,C_JOURNALTYPE_ID,C_Location_ID,C_Payment_ID,C_UOM_ID,CharacterData,Created,CreatedBy,Description,Export_ID,FileName,FormGroup,Help,IsActive,IsApproved,M_Locator_ID,M_Product_ID,Name,Processed,Processing,T_Amount,T_Date,T_DateTime,T_Integer,T_Number,T_Qty,Test_ID,Updated,UpdatedBy,ValidFrom,ValidTo,VersionNo,) SELECT AD_Client_ID,AD_FilePath,AD_Org_ID,Account_Acct,BinaryData,C_BPartner_ID,C_Currency_ID,C_GenAttributeSetInstance_ID,C_GenAttributeSet_ID,C_JOURNALTYPE_ID,C_Location_ID,C_Payment_ID,C_UOM_ID,CharacterData,Created,CreatedBy,Description,Export_ID,FileName,FormGroup,Help,IsActive,IsApproved,M_Locator_ID,M_Product_ID,Name,Processed,Processing,T_Amount,T_Date,T_DateTime,T_Integer,T_Number,T_Qty,Test_ID,Updated,UpdatedBy,ValidFrom,ValidTo,VersionNo FROM Test
04:31:48.314    (INFO)     MasterVersions.InsertVersionData: Master Version Insertion QueryINSERT INTO Test_Version(AD_Client_ID,AD_FilePath,AD_Org_ID,Account_Acct,BinaryData,C_BPartner_ID,C_Currency_ID,C_GenAttributeSetInstance_ID,C_GenAttributeSet_ID,C_JOURNALTYPE_ID,C_Location_ID,C_Payment_ID,C_UOM_ID,CharacterData,Created,CreatedBy,Description,Export_ID,FileName,FormGroup,Help,IsActive,IsApproved,M_Locator_ID,M_Product_ID,Name,Processed,Processing,T_Amount,T_Date,T_DateTime,T_Integer,T_Number,T_Qty,Test_ID,Updated,UpdatedBy,ValidFrom,ValidTo,VersionNo,) SELECT AD_Client_ID,AD_FilePath,AD_Org_ID,Account_Acct,BinaryData,C_BPartner_ID,C_Currency_ID,C_GenAttributeSetInstance_ID,C_GenAttributeSet_ID,C_JOURNALTYPE_ID,C_Location_ID,C_Payment_ID,C_UOM_ID,CharacterData,Created,CreatedBy,Description,Export_ID,FileName,FormGroup,Help,IsActive,IsApproved,M_Locator_ID,M_Product_ID,Name,Processed,Processing,T_Amount,T_Date,T_DateTime,T_Integer,T_Number,T_Qty,Test_ID,Updated,UpdatedBy,ValidFrom,ValidTo,VersionNo FROM Test
04:31:48.314    (INFO)     CacheMgt.Reset: AD_Process: #1 (1)
04:31:48.314    (INFO)     Trx.Commit: **C** SvrProcess
04:31:49.314    (INFO)     CacheMgt.Reset: AD_Process: #1 (1)
