*** 11/21/2019 3:49:02 PM VAdvantage Log  ***
03:49:02.492    (INFO)     Trx.Start: **** ConnSH637099481427207975System.Random
03:49:02.492    (INFO)     Trx.Commit: **C** ConnSH637099481427207975System.Random
03:49:02.492    (INFO)     MChangeLog.FillChangeLog: #9
03:49:03.493    (INFO)     CacheReset.DoIt: 
03:49:03.493    (INFO)     Env.Reset: finalCall=False
03:49:03.493    (INFO)     CacheMgt.Reset: #16 (7884)
03:49:03.493    (INFO)     MRole.Get: AD_Role_ID=0, AD_User_ID=0, reload=True
03:49:03.493    (INFO)     MRole.Get: MRole[0,System Administrator,UserLevel=S  ,AD_Client_ID=0,AD_Org_ID=0]
03:49:03.493    (INFO)     MRole.Get: AD_Role_ID=102, AD_User_ID=101, reload=True
03:49:03.493    (INFO)     MRole.Get: MRole[102,IdeasInc Admin,UserLevel= CO,AD_Client_ID IN (0,11),]
03:49:03.493    (INFO)     MChangeLog.FillChangeLog: #9
03:49:03.493    (INFO)     CacheMgt.Reset: AD_Process: #1 (1)
03:49:03.493    (INFO)     Trx.Start: **** ConnSH637099481437451602System.Random
03:49:03.493    (INFO)     Trx.Commit: **C** ConnSH637099481437451602System.Random
03:49:03.493    (INFO)     Trx.Start: **** ConnSH637099481438232842System.Random
03:49:03.493    (INFO)     Trx.Commit: **C** ConnSH637099481438232842System.Random
03:49:04.494    (INFO)     Msg.InitMsg: Records=5823 - en_US
03:49:04.494    (INFO)     Trx.Start: **** ConnSH637099481447081646System.Random
03:49:04.494    (INFO)     Trx.Commit: **C** ConnSH637099481447081646System.Random
03:49:04.494    (INFO)     Trx.Start: **** ConnSH637099481447770656System.Random
03:49:04.494    (INFO)     Trx.Commit: **C** ConnSH637099481447770656System.Random
----------->     (WARNING)  GridTable.GetField: Not found: 'Created'
----------->     (WARNING)  GridTable.GetField: Not found: 'CreatedBy'
----------->     (WARNING)  GridTable.GetField: Not found: 'Updated'
----------->     (WARNING)  GridTable.GetField: Not found: 'UpdatedBy'
----------->     (WARNING)  GridTable.GetField: Not found: 'Created'
----------->     (WARNING)  GridTable.GetField: Not found: 'CreatedBy'
----------->     (WARNING)  GridTable.GetField: Not found: 'Updated'
----------->     (WARNING)  GridTable.GetField: Not found: 'UpdatedBy'
----------->     (WARNING)  GridTable.GetField: Not found: 'Created'
----------->     (WARNING)  GridTable.GetField: Not found: 'CreatedBy'
----------->     (WARNING)  GridTable.GetField: Not found: 'Updated'
----------->     (WARNING)  GridTable.GetField: Not found: 'UpdatedBy'
03:49:14.491    (INFO)     Trx.Start: **** ConnSH637099481543585529System.Random
03:49:14.491    (INFO)     Trx.Commit: **C** ConnSH637099481543585529System.Random
03:49:14.491    (INFO)     Trx.Start: **** ConnSH637099481544586569System.Random
03:49:14.491    (INFO)     Trx.Commit: **C** ConnSH637099481544586569System.Random
03:49:15.491    (INFO)     Trx.Start: **** ConnSH637099481554434632System.Random
03:49:15.491    (INFO)     Trx.Commit: **C** ConnSH637099481554434632System.Random
03:49:15.491    (INFO)     Trx.Start: **** ConnSH637099481555954608System.Random
